2025-06-28 13:20:28 - gst_automation - INFO - Document is in 'complete' ready state.
2025-06-28 13:20:29 - gst_automation - INFO - Successfully clicked ('xpath', "//*[text()='Taxpayer']").
2025-06-28 13:20:29 - gst_automation - INFO - Document is in 'complete' ready state.
2025-06-28 13:20:29 - gst_automation - INFO - Successfully clicked ('xpath', "//*[text()='Delhi']").
2025-06-28 13:20:34 - gst_automation - INFO - Document is in 'complete' ready state.
2025-06-28 13:20:34 - gst_automation - INFO - Successfully clicked ('xpath', "//*[text()='South West Delhi']").
2025-06-28 13:20:34 - gst_automation - INFO - Document is in 'complete' ready state.
2025-06-28 13:20:34 - gst_automation - INFO - Successfully sent text to ('id', 'bnm').
2025-06-28 13:20:34 - gst_automation - INFO - Document is in 'complete' ready state.
2025-06-28 13:20:34 - gst_automation - INFO - Successfully sent text to ('id', 'pan_card').
2025-06-28 13:20:34 - gst_automation - INFO - Document is in 'complete' ready state.
2025-06-28 13:20:34 - gst_automation - INFO - Successfully sent text to ('id', 'email').
2025-06-28 13:20:34 - gst_automation - INFO - Document is in 'complete' ready state.
2025-06-28 13:20:34 - gst_automation - INFO - Successfully sent text to ('id', 'mobile').
2025-06-28 13:20:34 - gst_automation - INFO - Document is in 'complete' ready state.
2025-06-28 13:20:34 - gst_automation - INFO - Solving captcha via TrueCaptcha API...
2025-06-28 13:20:34 - gst_automation - INFO - Found captcha image element with ID 'imgCaptcha'.
2025-06-28 13:20:36 - gst_automation - INFO - CAPTCHA solved by API: 504452
2025-06-28 13:20:36 - gst_automation - INFO - Document is in 'complete' ready state.
2025-06-28 13:20:36 - gst_automation - INFO - Successfully sent text to ('id', 'captcha').
2025-06-28 13:20:36 - gst_automation - INFO - CAPTCHA text entered successfully.
2025-06-28 13:20:36 - gst_automation - INFO - Document is in 'complete' ready state.
2025-06-28 13:20:37 - gst_automation - INFO - Successfully clicked ('xpath', '/html/body/div[2]/div[2]/div/div[2]/div/form/div[2]/div/div[2]/div/button').
2025-06-28 13:20:37 - gst_automation - INFO - Document is in 'complete' ready state.
2025-06-28 13:20:37 - gst_automation - INFO - Polling for mobile_otp from OTP server (timeout: 120s)...
2025-06-28 13:21:01 - gst_automation - INFO - OTP '026265' received for type 'mobile_otp'!
2025-06-28 13:21:01 - gst_automation - INFO - Document is in 'complete' ready state.
2025-06-28 13:21:01 - gst_automation - INFO - Successfully sent text to ('id', 'mobile_otp').
2025-06-28 13:21:01 - gst_automation - INFO - Document is in 'complete' ready state.
2025-06-28 13:21:01 - gst_automation - INFO - Polling for email_otp from OTP server (timeout: 120s)...
2025-06-28 13:21:22 - gst_automation - INFO - OTP '909645' received for type 'email_otp'!
2025-06-28 13:21:22 - gst_automation - INFO - Document is in 'complete' ready state.
2025-06-28 13:21:22 - gst_automation - INFO - Successfully sent text to ('id', 'email-otp').
2025-06-28 13:21:22 - gst_automation - INFO - Document is in 'complete' ready state.
2025-06-28 13:21:22 - gst_automation - INFO - Successfully clicked ('xpath', '/html/body/div[2]/div[2]/div/div[2]/div/div[2]/div/form/div/div/button').
2025-06-28 13:21:27 - gst_automation - INFO - Document is in 'complete' ready state.
2025-06-28 13:21:27 - gst_automation - INFO - Successfully clicked ('xpath', '/html/body/div[2]/div[2]/div/div[2]/div/div[2]/div/div[2]/div/a').
2025-06-28 13:21:27 - gst_automation - INFO - Document is in 'complete' ready state.
2025-06-28 13:21:27 - gst_automation - INFO - Polling for trn from OTP server (timeout: 120s)...
2025-06-28 13:22:07 - gst_automation - INFO - OTP '072500181622TRN' received for type 'trn'!
2025-06-28 13:22:07 - gst_automation - INFO - Document is in 'complete' ready state.
2025-06-28 13:22:07 - gst_automation - INFO - Successfully sent text to ('id', 'trnno').
2025-06-28 13:22:07 - gst_automation - INFO - Document is in 'complete' ready state.
2025-06-28 13:22:07 - gst_automation - INFO - Solving captcha via TrueCaptcha API...
2025-06-28 13:22:07 - gst_automation - INFO - Found visible CAPTCHA image with ID 'imgCaptcha'.
2025-06-28 13:22:09 - gst_automation - INFO - CAPTCHA solved: 392392
2025-06-28 13:22:09 - gst_automation - INFO - Document is in 'complete' ready state.
2025-06-28 13:22:09 - gst_automation - INFO - Successfully sent text to ('id', 'captchatrn').
2025-06-28 13:22:09 - gst_automation - INFO - CAPTCHA entered successfully into input with ID 'captchatrn'.
2025-06-28 13:22:09 - gst_automation - INFO - Document is in 'complete' ready state.
2025-06-28 13:22:09 - gst_automation - INFO - Successfully clicked ('xpath', '/html/body/div[2]/div[2]/div/div[2]/div/form/div[2]/div/div[2]/div/button').
2025-06-28 13:22:09 - gst_automation - INFO - Document is in 'complete' ready state.
2025-06-28 13:22:09 - gst_automation - INFO - Polling for mobile_otp from OTP server (timeout: 120s)...
2025-06-28 13:22:31 - gst_automation - INFO - OTP '395614' received for type 'mobile_otp'!
2025-06-28 13:22:31 - gst_automation - INFO - Document is in 'complete' ready state.
2025-06-28 13:22:31 - gst_automation - INFO - Successfully sent text to ('id', 'mobile_otp').
2025-06-28 13:22:31 - gst_automation - INFO - Document is in 'complete' ready state.
2025-06-28 13:22:31 - gst_automation - INFO - Successfully clicked ('xpath', '/html/body/div[2]/div[2]/div/div[2]/div/div[2]/div/form/div/div/button').
2025-06-28 13:22:33 - gst_automation - INFO - Document is in 'complete' ready state.
2025-06-28 13:22:56 - gst_automation - INFO - Document is in 'complete' ready state.
2025-06-28 13:22:57 - gst_automation - INFO - Successfully clicked ('xpath', '/html/body/div[2]/div[1]/div/div[3]/div[2]/div/div/table/tbody/tr/td[6]/button').
2025-06-28 13:23:02 - gst_automation - INFO - Document is in 'complete' ready state.
2025-06-28 13:23:02 - gst_automation - INFO - Successfully sent text to ('id', 'tnm').
2025-06-28 13:23:04 - gst_automation - INFO - Document is in 'complete' ready state.
2025-06-28 13:23:04 - gst_automation - INFO - Successfully clicked ('xpath', "//*[text()='Others']").
2025-06-28 13:23:04 - gst_automation - INFO - Document is in 'complete' ready state.
2025-06-28 13:23:04 - gst_automation - INFO - Successfully sent text to ('id', 'bd_ConstBuss_oth').
2025-06-28 13:23:04 - gst_automation - INFO - Document is in 'complete' ready state.
2025-06-28 13:23:04 - gst_automation - INFO - Successfully clicked ('xpath', "//*[text()='Voluntary Basis']").
2025-06-28 13:23:04 - gst_automation - INFO - Document is in 'complete' ready state.
2025-06-28 13:23:04 - gst_automation - INFO - Successfully sent text to ('id', 'bd_cmbz').
2025-06-28 13:23:04 - gst_automation - INFO - Document is in 'complete' ready state.
2025-06-28 13:23:05 - gst_automation - INFO - Successfully clicked ('xpath', "//*[text()='Others (Please specify)']").
2025-06-28 13:23:05 - gst_automation - INFO - Document is in 'complete' ready state.
2025-06-28 13:23:05 - gst_automation - INFO - Successfully clicked ('xpath', '/html/body/div[2]/div/div/div[3]/form/fieldset/div[1]/div[8]/div/div[1]/select/option[16]').
2025-06-28 13:23:05 - gst_automation - INFO - Document is in 'complete' ready state.
2025-06-28 13:23:05 - gst_automation - INFO - Successfully sent text to ('id', 'bd_othrReg').
2025-06-28 13:23:05 - gst_automation - INFO - Document is in 'complete' ready state.
2025-06-28 13:23:05 - gst_automation - INFO - Successfully sent text to ('id', 'exno').
2025-06-28 13:23:05 - gst_automation - INFO - Document is in 'complete' ready state.
2025-06-28 13:23:05 - gst_automation - INFO - Successfully sent text to ('id', 'exdt').
2025-06-28 13:23:05 - gst_automation - INFO - Document is in 'complete' ready state.
2025-06-28 13:23:05 - gst_automation - INFO - Successfully clicked ('xpath', '/html/body/div[2]/div/div/div[3]/form/fieldset/div[1]/div[8]/div/div[5]/button[1]').
2025-06-28 13:23:05 - gst_automation - INFO - Document is in 'complete' ready state.
2025-06-28 13:23:05 - gst_automation - INFO - Successfully clicked ('xpath', "//*[text()='Registration Certificate']").
2025-06-28 13:23:07 - gst_automation - INFO - Document is in 'complete' ready state.
2025-06-28 13:23:08 - gst_automation - INFO - Successfully clicked ('xpath', '/html/body/div[2]/div/div/div[3]/form/div/div/button[2]').
2025-06-28 13:23:10 - gst_automation - INFO - Document is in 'complete' ready state.
2025-06-28 13:23:26 - gst_automation - INFO - Successfully sent text to ('id', 'fnm').
2025-06-28 13:23:26 - gst_automation - INFO - Document is in 'complete' ready state.
2025-06-28 13:23:26 - gst_automation - INFO - Successfully sent text to ('id', 'pd_mname').
2025-06-28 13:23:26 - gst_automation - INFO - Document is in 'complete' ready state.
2025-06-28 13:23:26 - gst_automation - INFO - Successfully sent text to ('id', 'pd_lname').
2025-06-28 13:23:26 - gst_automation - INFO - Document is in 'complete' ready state.
2025-06-28 13:23:26 - gst_automation - INFO - Successfully sent text to ('id', 'ffname').
2025-06-28 13:23:26 - gst_automation - INFO - Document is in 'complete' ready state.
2025-06-28 13:23:26 - gst_automation - INFO - Successfully sent text to ('id', 'pd_fmname').
2025-06-28 13:23:26 - gst_automation - INFO - Document is in 'complete' ready state.
2025-06-28 13:23:26 - gst_automation - INFO - Successfully sent text to ('id', 'pd_flname').
2025-06-28 13:23:26 - gst_automation - INFO - Document is in 'complete' ready state.
2025-06-28 13:23:26 - gst_automation - INFO - Successfully sent text to ('id', 'dob').
2025-06-28 13:23:26 - gst_automation - INFO - Document is in 'complete' ready state.
2025-06-28 13:23:26 - gst_automation - INFO - Successfully sent text to ('id', 'mbno').
2025-06-28 13:23:26 - gst_automation - INFO - Document is in 'complete' ready state.
2025-06-28 13:23:26 - gst_automation - INFO - Successfully sent text to ('id', 'pd_email').
2025-06-28 13:23:28 - gst_automation - INFO - Document is in 'complete' ready state.
2025-06-28 13:23:28 - gst_automation - INFO - Successfully clicked ('css selector', 'div.tbl-format:nth-child(2) > div:nth-child(4) > div:nth-child(1) > div:nth-child(1) > fieldset:nth-child(1) > label:nth-child(3)').
2025-06-28 13:23:28 - gst_automation - INFO - Document is in 'complete' ready state.
2025-06-28 13:23:28 - gst_automation - INFO - Successfully sent text to ('id', 'dg').
2025-06-28 13:23:28 - gst_automation - INFO - Document is in 'complete' ready state.
2025-06-28 13:23:28 - gst_automation - INFO - Successfully sent text to ('id', 'din').
2025-06-28 13:23:28 - gst_automation - INFO - Document is in 'complete' ready state.
2025-06-28 13:23:28 - gst_automation - INFO - Successfully sent text to ('id', 'pan').
2025-06-28 13:23:28 - gst_automation - INFO - Document is in 'complete' ready state.
2025-06-28 13:23:28 - gst_automation - INFO - Successfully sent text to ('id', 'onMapSerachId').
2025-06-28 13:23:28 - gst_automation - INFO - Document is in 'complete' ready state.
2025-06-28 13:23:58 - gst_automation - ERROR - Element ('xpath', "//*[text()='474001']") not clickable within 30s.
2025-06-28 13:24:09 - gst_automation - INFO - Document is in 'complete' ready state.
2025-06-28 13:24:15 - gst_automation - INFO - Successfully sent text to ('id', 'onMapSerachId').
2025-06-28 13:24:15 - gst_automation - INFO - Document is in 'complete' ready state.
2025-06-28 13:24:15 - gst_automation - INFO - Successfully clicked ('xpath', "//*[text()='474001']").
2025-06-28 13:24:19 - gst_automation - INFO - Document is in 'complete' ready state.
2025-06-28 13:24:19 - gst_automation - INFO - Successfully clicked ('id', 'confirm-mapquery-btn1').
2025-06-28 13:24:19 - gst_automation - INFO - Document is in 'complete' ready state.
2025-06-28 13:24:21 - gst_automation - INFO - Document is in 'complete' ready state.
2025-06-28 13:24:21 - gst_automation - INFO - Successfully sent text to ('id', 'pd_upload').
2025-06-28 13:24:29 - gst_automation - INFO - Document is in 'complete' ready state.
2025-06-28 13:24:29 - gst_automation - INFO - Successfully sent text to ('id', 'pd_bdnum').
2025-06-28 13:24:35 - gst_automation - INFO - Document is in 'complete' ready state.
2025-06-28 13:25:05 - gst_automation - ERROR - Element ('id', 'pd_upload') not visible within 30s.
2025-06-28 13:25:26 - gst_automation - INFO - Document is in 'complete' ready state.
2025-06-28 13:25:30 - gst_automation - INFO - Successfully sent text to ('id', 'pd_upload').
2025-06-28 13:25:50 - gst_automation - INFO - Document is in 'complete' ready state.
2025-06-28 13:25:50 - gst_automation - INFO - Successfully clicked ('xpath', '/html/body/div[2]/div/div/div[3]/form/div[2]/div[2]/div/button[3]').
2025-06-28 15:00:16 - gst_automation - INFO - Document is in 'complete' ready state.
2025-06-28 15:00:16 - gst_automation - INFO - Successfully clicked ('xpath', "//*[text()='Taxpayer']").
2025-06-28 15:00:16 - gst_automation - INFO - Document is in 'complete' ready state.
2025-06-28 15:00:17 - gst_automation - INFO - Successfully clicked ('xpath', "//*[text()='Delhi']").
2025-06-28 15:00:22 - gst_automation - INFO - Document is in 'complete' ready state.
2025-06-28 15:00:22 - gst_automation - INFO - Successfully clicked ('xpath', "//*[text()='South West Delhi']").
2025-06-28 15:00:22 - gst_automation - INFO - Document is in 'complete' ready state.
2025-06-28 15:00:22 - gst_automation - INFO - Successfully sent text to ('id', 'bnm').
2025-06-28 15:00:22 - gst_automation - INFO - Document is in 'complete' ready state.
2025-06-28 15:00:22 - gst_automation - INFO - Successfully sent text to ('id', 'pan_card').
2025-06-28 15:00:22 - gst_automation - INFO - Document is in 'complete' ready state.
2025-06-28 15:00:22 - gst_automation - INFO - Successfully sent text to ('id', 'email').
2025-06-28 15:00:22 - gst_automation - INFO - Document is in 'complete' ready state.
2025-06-28 15:00:22 - gst_automation - INFO - Successfully sent text to ('id', 'mobile').
2025-06-28 15:00:22 - gst_automation - INFO - Document is in 'complete' ready state.
2025-06-28 15:00:22 - gst_automation - INFO - Solving captcha via TrueCaptcha API...
2025-06-28 15:00:22 - gst_automation - INFO - Found captcha image element with ID 'imgCaptcha'.
2025-06-28 15:00:24 - gst_automation - INFO - CAPTCHA solved by API: 386682
2025-06-28 15:00:24 - gst_automation - INFO - Document is in 'complete' ready state.
2025-06-28 15:00:24 - gst_automation - INFO - Successfully sent text to ('id', 'captcha').
2025-06-28 15:00:24 - gst_automation - INFO - CAPTCHA text entered successfully.
2025-06-28 15:00:24 - gst_automation - INFO - Document is in 'complete' ready state.
2025-06-28 15:00:24 - gst_automation - INFO - Successfully clicked ('xpath', '/html/body/div[2]/div[2]/div/div[2]/div/form/div[2]/div/div[2]/div/button').
2025-06-28 15:00:24 - gst_automation - INFO - Document is in 'complete' ready state.
2025-06-28 15:00:24 - gst_automation - INFO - Polling for mobile_otp from OTP server (timeout: 120s)...
2025-06-28 15:01:06 - gst_automation - INFO - OTP '143870' received for type 'mobile_otp'!
2025-06-28 15:01:06 - gst_automation - INFO - Document is in 'complete' ready state.
2025-06-28 15:01:06 - gst_automation - INFO - Successfully sent text to ('id', 'mobile_otp').
2025-06-28 15:01:06 - gst_automation - INFO - Document is in 'complete' ready state.
2025-06-28 15:01:06 - gst_automation - INFO - Polling for email_otp from OTP server (timeout: 120s)...
2025-06-28 15:01:58 - gst_automation - INFO - OTP '895856' received for type 'email_otp'!
2025-06-28 15:01:58 - gst_automation - INFO - Document is in 'complete' ready state.
2025-06-28 15:01:58 - gst_automation - INFO - Successfully sent text to ('id', 'email-otp').
2025-06-28 15:01:58 - gst_automation - INFO - Document is in 'complete' ready state.
2025-06-28 15:01:58 - gst_automation - INFO - Successfully clicked ('xpath', '/html/body/div[2]/div[2]/div/div[2]/div/div[2]/div/form/div/div/button').
2025-06-28 15:02:03 - gst_automation - INFO - Document is in 'complete' ready state.
2025-06-28 15:02:03 - gst_automation - INFO - Successfully clicked ('xpath', '/html/body/div[2]/div[2]/div/div[2]/div/div[2]/div/div[2]/div/a').
2025-06-28 15:02:03 - gst_automation - INFO - Document is in 'complete' ready state.
2025-06-28 15:02:03 - gst_automation - INFO - Polling for trn from OTP server (timeout: 120s)...
2025-06-28 15:02:42 - gst_automation - INFO - OTP '072500181777TRN' received for type 'trn'!
2025-06-28 15:02:42 - gst_automation - INFO - Document is in 'complete' ready state.
2025-06-28 15:02:42 - gst_automation - INFO - Successfully sent text to ('id', 'trnno').
2025-06-28 15:02:43 - gst_automation - INFO - Document is in 'complete' ready state.
2025-06-28 15:02:43 - gst_automation - INFO - Solving captcha via TrueCaptcha API...
2025-06-28 15:02:43 - gst_automation - INFO - Found visible CAPTCHA image with ID 'imgCaptcha'.
2025-06-28 15:02:45 - gst_automation - INFO - CAPTCHA solved: 684566
2025-06-28 15:02:45 - gst_automation - INFO - Document is in 'complete' ready state.
2025-06-28 15:02:45 - gst_automation - INFO - Successfully sent text to ('id', 'captchatrn').
2025-06-28 15:02:45 - gst_automation - INFO - CAPTCHA entered successfully into input with ID 'captchatrn'.
2025-06-28 15:02:45 - gst_automation - INFO - Document is in 'complete' ready state.
2025-06-28 15:02:45 - gst_automation - INFO - Successfully clicked ('xpath', '/html/body/div[2]/div[2]/div/div[2]/div/form/div[2]/div/div[2]/div/button').
2025-06-28 15:02:45 - gst_automation - INFO - Document is in 'complete' ready state.
2025-06-28 15:02:45 - gst_automation - INFO - Polling for mobile_otp from OTP server (timeout: 120s)...
2025-06-28 15:03:03 - gst_automation - INFO - OTP '874320' received for type 'mobile_otp'!
2025-06-28 15:03:03 - gst_automation - INFO - Document is in 'complete' ready state.
2025-06-28 15:03:03 - gst_automation - INFO - Successfully sent text to ('id', 'mobile_otp').
2025-06-28 15:03:03 - gst_automation - INFO - Document is in 'complete' ready state.
2025-06-28 15:03:03 - gst_automation - INFO - Successfully clicked ('xpath', '/html/body/div[2]/div[2]/div/div[2]/div/div[2]/div/form/div/div/button').
2025-06-28 15:03:05 - gst_automation - INFO - Document is in 'complete' ready state.
2025-06-28 15:03:40 - gst_automation - INFO - Document is in 'complete' ready state.
2025-06-28 15:03:40 - gst_automation - INFO - Successfully clicked ('xpath', '/html/body/div[2]/div[1]/div/div[3]/div[2]/div/div/table/tbody/tr/td[6]/button').
2025-06-28 15:03:52 - gst_automation - INFO - Document is in 'complete' ready state.
2025-06-28 15:03:52 - gst_automation - INFO - Successfully sent text to ('id', 'tnm').
2025-06-28 15:03:54 - gst_automation - INFO - Document is in 'complete' ready state.
2025-06-28 15:03:54 - gst_automation - INFO - Successfully clicked ('xpath', "//*[text()='Others']").
2025-06-28 15:03:54 - gst_automation - INFO - Document is in 'complete' ready state.
2025-06-28 15:03:54 - gst_automation - INFO - Successfully sent text to ('id', 'bd_ConstBuss_oth').
2025-06-28 15:03:54 - gst_automation - INFO - Document is in 'complete' ready state.
2025-06-28 15:03:54 - gst_automation - INFO - Successfully clicked ('xpath', "//*[text()='Voluntary Basis']").
2025-06-28 15:03:54 - gst_automation - INFO - Document is in 'complete' ready state.
2025-06-28 15:03:54 - gst_automation - INFO - Successfully sent text to ('id', 'bd_cmbz').
2025-06-28 15:03:54 - gst_automation - INFO - Document is in 'complete' ready state.
2025-06-28 15:03:55 - gst_automation - INFO - Successfully clicked ('xpath', "//*[text()='Others (Please specify)']").
2025-06-28 15:03:55 - gst_automation - INFO - Document is in 'complete' ready state.
2025-06-28 15:03:55 - gst_automation - INFO - Successfully clicked ('xpath', '/html/body/div[2]/div/div/div[3]/form/fieldset/div[1]/div[8]/div/div[1]/select/option[16]').
2025-06-28 15:03:55 - gst_automation - INFO - Document is in 'complete' ready state.
2025-06-28 15:03:55 - gst_automation - INFO - Successfully sent text to ('id', 'bd_othrReg').
2025-06-28 15:03:55 - gst_automation - INFO - Document is in 'complete' ready state.
2025-06-28 15:03:55 - gst_automation - INFO - Successfully sent text to ('id', 'exno').
2025-06-28 15:03:55 - gst_automation - INFO - Document is in 'complete' ready state.
2025-06-28 15:03:55 - gst_automation - INFO - Successfully sent text to ('id', 'exdt').
2025-06-28 15:03:55 - gst_automation - INFO - Document is in 'complete' ready state.
2025-06-28 15:03:55 - gst_automation - INFO - Successfully clicked ('xpath', '/html/body/div[2]/div/div/div[3]/form/fieldset/div[1]/div[8]/div/div[5]/button[1]').
2025-06-28 15:03:55 - gst_automation - INFO - Document is in 'complete' ready state.
2025-06-28 15:03:56 - gst_automation - INFO - Successfully clicked ('xpath', "//*[text()='Registration Certificate']").
2025-06-28 15:03:58 - gst_automation - INFO - Document is in 'complete' ready state.
2025-06-28 15:03:58 - gst_automation - INFO - Successfully clicked ('xpath', '/html/body/div[2]/div/div/div[3]/form/div/div/button[2]').
2025-06-28 15:04:00 - gst_automation - INFO - Document is in 'complete' ready state.
2025-06-28 15:04:30 - gst_automation - ERROR - Element ('id', 'fnm') not visible within 30s.
2025-06-28 15:04:46 - gst_automation - INFO - Document is in 'complete' ready state.
2025-06-28 15:05:16 - gst_automation - ERROR - Element ('id', 'bd_othrReg') not visible within 30s.
2025-06-28 15:05:32 - gst_automation - INFO - Document is in 'complete' ready state.
2025-06-28 15:06:02 - gst_automation - ERROR - Element ('id', 'bd_othrReg') not visible within 30s.
2025-06-28 15:06:26 - gst_automation - INFO - Document is in 'complete' ready state.
2025-06-28 15:06:26 - gst_automation - INFO - Successfully clicked ('xpath', "//*[text()='Voluntary Basis']").
2025-06-28 15:06:27 - gst_automation - INFO - Document is in 'complete' ready state.
2025-06-28 15:06:27 - gst_automation - INFO - Successfully sent text to ('id', 'bd_cmbz').
2025-06-28 15:06:28 - gst_automation - INFO - Document is in 'complete' ready state.
2025-06-28 15:06:28 - gst_automation - INFO - Successfully clicked ('xpath', "//*[text()='Others (Please specify)']").
2025-06-28 15:06:37 - gst_automation - INFO - Document is in 'complete' ready state.
2025-06-28 15:06:37 - gst_automation - INFO - Successfully clicked ('xpath', '/html/body/div[2]/div/div/div[3]/form/fieldset/div[1]/div[8]/div/div[1]/select/option[16]').
2025-06-28 15:06:43 - gst_automation - INFO - Document is in 'complete' ready state.
2025-06-28 15:06:43 - gst_automation - INFO - Successfully sent text to ('id', 'bd_othrReg').
2025-06-28 15:06:46 - gst_automation - INFO - Document is in 'complete' ready state.
2025-06-28 15:06:46 - gst_automation - INFO - Successfully sent text to ('id', 'exno').
2025-06-28 15:06:48 - gst_automation - INFO - Document is in 'complete' ready state.
2025-06-28 15:06:48 - gst_automation - INFO - Successfully sent text to ('id', 'exdt').
2025-06-28 15:06:50 - gst_automation - INFO - Document is in 'complete' ready state.
2025-06-28 15:06:51 - gst_automation - INFO - Successfully clicked ('xpath', '/html/body/div[2]/div/div/div[3]/form/fieldset/div[1]/div[8]/div/div[5]/button[1]').
2025-06-28 15:06:54 - gst_automation - INFO - Document is in 'complete' ready state.
2025-06-28 15:06:54 - gst_automation - INFO - Successfully clicked ('xpath', "//*[text()='Registration Certificate']").
2025-06-28 15:07:02 - gst_automation - INFO - Document is in 'complete' ready state.
2025-06-28 15:07:02 - gst_automation - INFO - Successfully clicked ('xpath', '/html/body/div[2]/div/div/div[3]/form/div/div/button[2]').
2025-06-28 15:08:10 - gst_automation - INFO - Document is in 'complete' ready state.
2025-06-28 15:08:10 - gst_automation - INFO - Successfully clicked ('xpath', "//*[text()='Taxpayer']").
2025-06-28 15:08:10 - gst_automation - INFO - Document is in 'complete' ready state.
2025-06-28 15:08:10 - gst_automation - INFO - Successfully clicked ('xpath', "//*[text()='Delhi']").
2025-06-28 15:08:15 - gst_automation - INFO - Document is in 'complete' ready state.
2025-06-28 15:08:16 - gst_automation - INFO - Successfully clicked ('xpath', "//*[text()='South West Delhi']").
2025-06-28 15:08:27 - gst_automation - INFO - Document is in 'complete' ready state.
2025-06-28 15:08:27 - gst_automation - INFO - Successfully clicked ('xpath', "//*[text()='Taxpayer']").
2025-06-28 15:08:27 - gst_automation - INFO - Document is in 'complete' ready state.
2025-06-28 15:08:28 - gst_automation - INFO - Successfully clicked ('xpath', "//*[text()='Delhi']").
2025-06-28 15:08:36 - gst_automation - INFO - Document is in 'complete' ready state.
2025-06-28 15:08:36 - gst_automation - INFO - Successfully clicked ('xpath', "//*[text()='South West Delhi']").
2025-06-28 15:08:37 - gst_automation - INFO - Document is in 'complete' ready state.
2025-06-28 15:08:37 - gst_automation - INFO - Successfully sent text to ('id', 'bnm').
2025-06-28 15:08:38 - gst_automation - INFO - Document is in 'complete' ready state.
2025-06-28 15:08:39 - gst_automation - INFO - Successfully sent text to ('id', 'pan_card').
2025-06-28 15:08:40 - gst_automation - INFO - Document is in 'complete' ready state.
2025-06-28 15:08:40 - gst_automation - INFO - Successfully sent text to ('id', 'email').
2025-06-28 15:08:42 - gst_automation - INFO - Document is in 'complete' ready state.
2025-06-28 15:08:42 - gst_automation - INFO - Successfully sent text to ('id', 'mobile').
2025-06-28 15:08:44 - gst_automation - INFO - Document is in 'complete' ready state.
2025-06-28 15:08:44 - gst_automation - INFO - Solving captcha via TrueCaptcha API...
2025-06-28 15:08:44 - gst_automation - INFO - Found captcha image element with ID 'imgCaptcha'.
2025-06-28 15:08:45 - gst_automation - INFO - CAPTCHA solved by API: 969722
2025-06-28 15:08:45 - gst_automation - INFO - Document is in 'complete' ready state.
2025-06-28 15:08:45 - gst_automation - INFO - Successfully sent text to ('id', 'captcha').
2025-06-28 15:08:45 - gst_automation - INFO - CAPTCHA text entered successfully.
2025-06-28 15:09:12 - gst_automation - INFO - Document is in 'complete' ready state.
2025-06-28 15:09:12 - gst_automation - INFO - Successfully clicked ('xpath', '/html/body/div[2]/div[2]/div/div[2]/div/form/div[2]/div/div[2]/div/button').
2025-06-28 15:09:16 - gst_automation - INFO - Document is in 'complete' ready state.
2025-06-28 15:09:16 - gst_automation - INFO - Polling for mobile_otp from OTP server (timeout: 120s)...
2025-06-28 15:09:40 - gst_automation - INFO - OTP '189835' received for type 'mobile_otp'!
2025-06-28 15:09:40 - gst_automation - INFO - Document is in 'complete' ready state.
2025-06-28 15:09:40 - gst_automation - INFO - Successfully sent text to ('id', 'mobile_otp').
2025-06-28 15:10:22 - gst_automation - INFO - Document is in 'complete' ready state.
2025-06-28 15:10:22 - gst_automation - INFO - Polling for email_otp from OTP server (timeout: 120s)...
2025-06-28 15:10:22 - gst_automation - INFO - OTP '485126' received for type 'email_otp'!
2025-06-28 15:10:22 - gst_automation - INFO - Document is in 'complete' ready state.
2025-06-28 15:10:22 - gst_automation - INFO - Successfully sent text to ('id', 'email-otp').
2025-06-28 15:10:25 - gst_automation - INFO - Document is in 'complete' ready state.
2025-06-28 15:10:25 - gst_automation - INFO - Successfully clicked ('xpath', '/html/body/div[2]/div[2]/div/div[2]/div/div[2]/div/form/div/div/button').
2025-06-28 15:10:31 - gst_automation - INFO - Document is in 'complete' ready state.
2025-06-28 15:10:31 - gst_automation - INFO - Successfully clicked ('xpath', '/html/body/div[2]/div[2]/div/div[2]/div/div[2]/div/div[2]/div/a').
2025-06-28 15:10:33 - gst_automation - INFO - Document is in 'complete' ready state.
2025-06-28 15:10:33 - gst_automation - INFO - Polling for trn from OTP server (timeout: 120s)...
2025-06-28 15:11:09 - gst_automation - INFO - OTP '072500181791TRN' received for type 'trn'!
2025-06-28 15:11:09 - gst_automation - INFO - Document is in 'complete' ready state.
2025-06-28 15:11:09 - gst_automation - INFO - Successfully sent text to ('id', 'trnno').
2025-06-28 15:11:12 - gst_automation - INFO - Document is in 'complete' ready state.
2025-06-28 15:11:12 - gst_automation - INFO - Solving captcha via TrueCaptcha API...
2025-06-28 15:11:12 - gst_automation - INFO - Found visible CAPTCHA image with ID 'imgCaptcha'.
2025-06-28 15:11:14 - gst_automation - INFO - CAPTCHA solved: 499859
2025-06-28 15:11:14 - gst_automation - INFO - Document is in 'complete' ready state.
2025-06-28 15:11:14 - gst_automation - INFO - Successfully sent text to ('id', 'captchatrn').
2025-06-28 15:11:14 - gst_automation - INFO - CAPTCHA entered successfully into input with ID 'captchatrn'.
2025-06-28 15:11:16 - gst_automation - INFO - Document is in 'complete' ready state.
2025-06-28 15:11:16 - gst_automation - INFO - Successfully clicked ('xpath', '/html/body/div[2]/div[2]/div/div[2]/div/form/div[2]/div/div[2]/div/button').
2025-06-28 15:11:40 - gst_automation - INFO - Document is in 'complete' ready state.
2025-06-28 15:11:40 - gst_automation - INFO - Polling for mobile_otp from OTP server (timeout: 120s)...
2025-06-28 15:11:40 - gst_automation - INFO - OTP '959240' received for type 'mobile_otp'!
2025-06-28 15:11:40 - gst_automation - INFO - Document is in 'complete' ready state.
2025-06-28 15:11:40 - gst_automation - INFO - Successfully sent text to ('id', 'mobile_otp').
2025-06-28 15:11:43 - gst_automation - INFO - Document is in 'complete' ready state.
2025-06-28 15:11:43 - gst_automation - INFO - Successfully clicked ('xpath', '/html/body/div[2]/div[2]/div/div[2]/div/div[2]/div/form/div/div/button').
2025-06-28 15:12:00 - gst_automation - INFO - Document is in 'complete' ready state.
2025-06-28 15:12:00 - gst_automation - INFO - Successfully clicked ('xpath', '/html/body/div[2]/div[1]/div/div[3]/div[2]/div/div/table/tbody/tr/td[6]/button').
2025-06-28 15:12:13 - gst_automation - INFO - Document is in 'complete' ready state.
2025-06-28 15:12:35 - gst_automation - INFO - Document is in 'complete' ready state.
2025-06-28 15:12:35 - gst_automation - INFO - Successfully sent text to ('id', 'tnm').
2025-06-28 15:12:39 - gst_automation - INFO - Document is in 'complete' ready state.
2025-06-28 15:12:39 - gst_automation - INFO - Successfully clicked ('xpath', "//*[text()='Others']").
2025-06-28 15:12:40 - gst_automation - INFO - Document is in 'complete' ready state.
2025-06-28 15:12:40 - gst_automation - INFO - Successfully sent text to ('id', 'bd_ConstBuss_oth').
2025-06-28 15:12:42 - gst_automation - INFO - Document is in 'complete' ready state.
2025-06-28 15:12:42 - gst_automation - INFO - Successfully clicked ('xpath', "//*[text()='Voluntary Basis']").
2025-06-28 15:12:44 - gst_automation - INFO - Document is in 'complete' ready state.
2025-06-28 15:12:44 - gst_automation - INFO - Successfully sent text to ('id', 'bd_cmbz').
2025-06-28 15:12:45 - gst_automation - INFO - Document is in 'complete' ready state.
2025-06-28 15:12:46 - gst_automation - INFO - Successfully clicked ('xpath', "//*[text()='Others (Please specify)']").
2025-06-28 15:12:47 - gst_automation - INFO - Document is in 'complete' ready state.
2025-06-28 15:12:47 - gst_automation - INFO - Successfully clicked ('xpath', '/html/body/div[2]/div/div/div[3]/form/fieldset/div[1]/div[8]/div/div[1]/select/option[16]').
2025-06-28 15:12:47 - gst_automation - INFO - Document is in 'complete' ready state.
2025-06-28 15:12:48 - gst_automation - INFO - Successfully sent text to ('id', 'bd_othrReg').
2025-06-28 15:12:49 - gst_automation - INFO - Document is in 'complete' ready state.
2025-06-28 15:12:49 - gst_automation - INFO - Successfully sent text to ('id', 'exno').
2025-06-28 15:12:50 - gst_automation - INFO - Document is in 'complete' ready state.
2025-06-28 15:12:50 - gst_automation - INFO - Successfully sent text to ('id', 'exdt').
2025-06-28 15:12:51 - gst_automation - INFO - Document is in 'complete' ready state.
2025-06-28 15:12:51 - gst_automation - INFO - Successfully clicked ('xpath', '/html/body/div[2]/div/div/div[3]/form/fieldset/div[1]/div[8]/div/div[5]/button[1]').
2025-06-28 15:12:55 - gst_automation - INFO - Document is in 'complete' ready state.
2025-06-28 15:12:55 - gst_automation - INFO - Successfully clicked ('xpath', "//*[text()='Registration Certificate']").
2025-06-28 15:13:15 - gst_automation - INFO - Document is in 'complete' ready state.
2025-06-28 15:13:15 - gst_automation - INFO - Successfully clicked ('xpath', '/html/body/div[2]/div/div/div[3]/form/div/div/button[2]').
2025-06-28 15:13:24 - gst_automation - INFO - Document is in 'complete' ready state.
2025-06-28 15:13:24 - gst_automation - INFO - Successfully sent text to ('id', 'fnm').
2025-06-28 15:13:24 - gst_automation - INFO - Document is in 'complete' ready state.
2025-06-28 15:13:24 - gst_automation - INFO - Successfully sent text to ('id', 'pd_mname').
2025-06-28 15:13:24 - gst_automation - INFO - Document is in 'complete' ready state.
2025-06-28 15:13:24 - gst_automation - INFO - Successfully sent text to ('id', 'pd_lname').
2025-06-28 15:13:24 - gst_automation - INFO - Document is in 'complete' ready state.
2025-06-28 15:13:24 - gst_automation - INFO - Successfully sent text to ('id', 'ffname').
2025-06-28 15:13:24 - gst_automation - INFO - Document is in 'complete' ready state.
2025-06-28 15:13:24 - gst_automation - INFO - Successfully sent text to ('id', 'pd_fmname').
2025-06-28 15:13:24 - gst_automation - INFO - Document is in 'complete' ready state.
2025-06-28 15:13:24 - gst_automation - INFO - Successfully sent text to ('id', 'pd_flname').
2025-06-28 15:13:24 - gst_automation - INFO - Document is in 'complete' ready state.
2025-06-28 15:13:24 - gst_automation - INFO - Successfully sent text to ('id', 'dob').
2025-06-28 15:13:24 - gst_automation - INFO - Document is in 'complete' ready state.
2025-06-28 15:13:24 - gst_automation - INFO - Successfully sent text to ('id', 'mbno').
2025-06-28 15:13:24 - gst_automation - INFO - Document is in 'complete' ready state.
2025-06-28 15:13:24 - gst_automation - INFO - Successfully sent text to ('id', 'pd_email').
2025-06-28 15:13:26 - gst_automation - INFO - Document is in 'complete' ready state.
2025-06-28 15:13:26 - gst_automation - INFO - Successfully clicked ('css selector', 'div.tbl-format:nth-child(2) > div:nth-child(4) > div:nth-child(1) > div:nth-child(1) > fieldset:nth-child(1) > label:nth-child(3)').
2025-06-28 15:13:26 - gst_automation - INFO - Document is in 'complete' ready state.
2025-06-28 15:13:26 - gst_automation - INFO - Successfully sent text to ('id', 'dg').
2025-06-28 15:13:26 - gst_automation - INFO - Document is in 'complete' ready state.
2025-06-28 15:13:26 - gst_automation - INFO - Successfully sent text to ('id', 'din').
2025-06-28 15:13:26 - gst_automation - INFO - Document is in 'complete' ready state.
2025-06-28 15:13:26 - gst_automation - INFO - Successfully sent text to ('id', 'pan').
2025-06-28 15:13:26 - gst_automation - INFO - Document is in 'complete' ready state.
2025-06-28 15:13:26 - gst_automation - INFO - Successfully sent text to ('id', 'onMapSerachId').
2025-06-28 15:13:26 - gst_automation - INFO - Document is in 'complete' ready state.
2025-06-28 15:13:56 - gst_automation - ERROR - Element ('xpath', "//*[text()='474001']") not clickable within 30s.
2025-06-28 15:14:41 - gst_automation - INFO - Document is in 'complete' ready state.
2025-06-28 15:14:41 - gst_automation - INFO - Successfully sent text to ('id', 'fnm').
2025-06-28 15:14:41 - gst_automation - INFO - Document is in 'complete' ready state.
2025-06-28 15:14:41 - gst_automation - INFO - Successfully sent text to ('id', 'pd_mname').
2025-06-28 15:14:41 - gst_automation - INFO - Document is in 'complete' ready state.
2025-06-28 15:14:41 - gst_automation - INFO - Successfully sent text to ('id', 'pd_lname').
2025-06-28 15:14:41 - gst_automation - INFO - Document is in 'complete' ready state.
2025-06-28 15:14:41 - gst_automation - INFO - Successfully sent text to ('id', 'ffname').
2025-06-28 15:14:41 - gst_automation - INFO - Document is in 'complete' ready state.
2025-06-28 15:14:41 - gst_automation - INFO - Successfully sent text to ('id', 'pd_fmname').
2025-06-28 15:14:41 - gst_automation - INFO - Document is in 'complete' ready state.
2025-06-28 15:14:41 - gst_automation - INFO - Successfully sent text to ('id', 'pd_flname').
2025-06-28 15:14:41 - gst_automation - INFO - Document is in 'complete' ready state.
2025-06-28 15:14:41 - gst_automation - INFO - Successfully sent text to ('id', 'dob').
2025-06-28 15:14:41 - gst_automation - INFO - Document is in 'complete' ready state.
2025-06-28 15:14:41 - gst_automation - INFO - Successfully sent text to ('id', 'mbno').
2025-06-28 15:14:41 - gst_automation - INFO - Document is in 'complete' ready state.
2025-06-28 15:14:41 - gst_automation - INFO - Successfully sent text to ('id', 'pd_email').
2025-06-28 15:14:44 - gst_automation - INFO - Document is in 'complete' ready state.
2025-06-28 15:14:44 - gst_automation - INFO - Successfully clicked ('css selector', 'div.tbl-format:nth-child(2) > div:nth-child(4) > div:nth-child(1) > div:nth-child(1) > fieldset:nth-child(1) > label:nth-child(3)').
2025-06-28 15:14:44 - gst_automation - INFO - Document is in 'complete' ready state.
2025-06-28 15:14:44 - gst_automation - INFO - Successfully sent text to ('id', 'dg').
2025-06-28 15:14:44 - gst_automation - INFO - Document is in 'complete' ready state.
2025-06-28 15:14:44 - gst_automation - INFO - Successfully sent text to ('id', 'din').
2025-06-28 15:14:44 - gst_automation - INFO - Document is in 'complete' ready state.
2025-06-28 15:14:44 - gst_automation - INFO - Successfully sent text to ('id', 'pan').
2025-06-28 15:14:51 - gst_automation - INFO - Document is in 'complete' ready state.
2025-06-28 15:14:53 - gst_automation - INFO - Successfully sent text to ('id', 'onMapSerachId').
2025-06-28 15:14:53 - gst_automation - INFO - Document is in 'complete' ready state.
2025-06-28 15:14:53 - gst_automation - INFO - Successfully clicked ('xpath', "//*[text()='474001']").
2025-06-28 15:14:54 - gst_automation - INFO - Document is in 'complete' ready state.
2025-06-28 15:15:09 - gst_automation - INFO - Successfully clicked ('id', 'confirm-mapquery-btn1').
2025-06-28 15:15:09 - gst_automation - INFO - Document is in 'complete' ready state.
2025-06-28 15:15:09 - gst_automation - INFO - Successfully sent text to ('id', 'pd_bdnum').
2025-06-28 15:15:17 - gst_automation - INFO - Document is in 'complete' ready state.
2025-06-28 15:15:17 - gst_automation - INFO - Successfully sent text to ('id', 'pd_upload').
2025-06-28 15:15:19 - gst_automation - INFO - Document is in 'complete' ready state.
2025-06-28 15:15:20 - gst_automation - INFO - Successfully clicked ('xpath', '/html/body/div[2]/div/div/div[3]/form/div[2]/div[2]/div/button[3]').
2025-06-28 15:18:05 - gst_automation - INFO - Document is in 'complete' ready state.
2025-06-28 15:18:05 - gst_automation - INFO - Successfully sent text to ('id', 'fnm').
2025-06-28 15:18:05 - gst_automation - INFO - Document is in 'complete' ready state.
2025-06-28 15:18:35 - gst_automation - ERROR - Element ('id', 'pd_mname') not visible within 30s.
2025-06-28 15:18:41 - gst_automation - INFO - Document is in 'complete' ready state.
2025-06-28 15:18:41 - gst_automation - INFO - Successfully sent text to ('id', 'fnm').
2025-06-28 15:18:41 - gst_automation - INFO - Document is in 'complete' ready state.
2025-06-28 15:18:57 - gst_automation - INFO - Document is in 'complete' ready state.
2025-06-28 15:18:57 - gst_automation - INFO - Successfully sent text to ('id', 'fnm').
2025-06-28 15:18:57 - gst_automation - INFO - Document is in 'complete' ready state.
2025-06-28 15:19:27 - gst_automation - ERROR - Element ('id', 'pd_lname') not visible within 30s.
2025-06-28 15:19:39 - gst_automation - INFO - Document is in 'complete' ready state.
2025-06-28 15:19:39 - gst_automation - INFO - Successfully sent text to ('id', 'fnm').
2025-06-28 15:19:49 - gst_automation - INFO - Document is in 'complete' ready state.
2025-06-28 15:20:20 - gst_automation - ERROR - Element ('id', 'pd_mname') not visible within 30s.
2025-06-28 15:37:55 - gst_automation - INFO - Document is in 'complete' ready state.
2025-06-28 15:37:56 - gst_automation - INFO - Successfully sent text to ('id', 'onMapSerachId').
2025-06-28 15:37:56 - gst_automation - INFO - Document is in 'complete' ready state.
2025-06-28 15:37:56 - gst_automation - INFO - Successfully clicked ('xpath', "//*[text()='474001']").
2025-06-28 15:37:56 - gst_automation - INFO - Document is in 'complete' ready state.
2025-06-28 15:38:27 - gst_automation - ERROR - Element ('id', 'confirm-mapquery-btn1') not clickable within 30s.
2025-06-28 15:39:01 - gst_automation - INFO - Document is in 'complete' ready state.
2025-06-28 15:39:01 - gst_automation - INFO - Successfully sent text to ('id', 'onMapSerachId').
2025-06-28 15:39:01 - gst_automation - INFO - Document is in 'complete' ready state.
2025-06-28 15:39:02 - gst_automation - INFO - Successfully clicked ('xpath', "//*[text()='474001']").
2025-06-28 15:39:02 - gst_automation - INFO - Document is in 'complete' ready state.
2025-06-28 15:39:32 - gst_automation - ERROR - Element ('id', 'confirm-mapquery-btn1') not clickable within 30s.
2025-06-28 15:39:46 - gst_automation - INFO - Document is in 'complete' ready state.
2025-06-28 15:39:47 - gst_automation - INFO - Successfully sent text to ('id', 'onMapSerachId').
2025-06-28 15:39:47 - gst_automation - INFO - Document is in 'complete' ready state.
2025-06-28 15:39:48 - gst_automation - INFO - Successfully clicked ('xpath', "//*[text()='474001']").
2025-06-28 15:39:48 - gst_automation - INFO - Document is in 'complete' ready state.
2025-06-28 15:39:48 - gst_automation - INFO - Successfully clicked ('id', 'confirm-mapquery-btn2').
2025-06-28 15:39:48 - gst_automation - INFO - Document is in 'complete' ready state.
2025-06-28 15:40:18 - gst_automation - ERROR - Element ('id', 'pd_bdnum') not visible within 30s.
2025-06-28 15:40:40 - gst_automation - INFO - Document is in 'complete' ready state.
2025-06-28 15:40:42 - gst_automation - INFO - Successfully sent text to ('id', 'onMapSerachId').
2025-06-28 15:40:42 - gst_automation - INFO - Document is in 'complete' ready state.
2025-06-28 15:40:43 - gst_automation - INFO - Successfully clicked ('xpath', "//*[text()='474001']").
2025-06-28 15:40:43 - gst_automation - INFO - Document is in 'complete' ready state.
2025-06-28 15:40:43 - gst_automation - INFO - Successfully clicked ('id', 'confirm-mapquery-btn2').
2025-06-28 15:40:43 - gst_automation - INFO - Document is in 'complete' ready state.
2025-06-28 15:40:43 - gst_automation - INFO - Successfully sent text to ('id', 'bno').
2025-06-28 15:40:45 - gst_automation - INFO - Document is in 'complete' ready state.
2025-06-28 15:41:15 - gst_automation - ERROR - Element ('id', 'pd_upload') not visible within 30s.
2025-06-28 15:43:24 - gst_automation - INFO - Document is in 'complete' ready state.
2025-06-28 15:43:24 - gst_automation - INFO - Successfully sent text to ('id', 'fnm').
2025-06-28 15:43:24 - gst_automation - INFO - Document is in 'complete' ready state.
2025-06-28 15:43:24 - gst_automation - INFO - Successfully sent text to ('id', 'as_mname').
2025-06-28 15:43:24 - gst_automation - INFO - Document is in 'complete' ready state.
2025-06-28 15:43:24 - gst_automation - INFO - Successfully sent text to ('id', 'as_lname').
2025-06-28 15:43:24 - gst_automation - INFO - Document is in 'complete' ready state.
2025-06-28 15:43:24 - gst_automation - INFO - Successfully sent text to ('id', 'ffname').
2025-06-28 15:43:24 - gst_automation - INFO - Document is in 'complete' ready state.
2025-06-28 15:43:24 - gst_automation - INFO - Successfully sent text to ('id', 'as_fmname').
2025-06-28 15:43:24 - gst_automation - INFO - Document is in 'complete' ready state.
2025-06-28 15:43:24 - gst_automation - INFO - Successfully sent text to ('id', 'as_flname').
2025-06-28 15:43:24 - gst_automation - INFO - Document is in 'complete' ready state.
2025-06-28 15:43:24 - gst_automation - INFO - Successfully sent text to ('id', 'dob').
2025-06-28 15:43:24 - gst_automation - INFO - Document is in 'complete' ready state.
2025-06-28 15:43:25 - gst_automation - INFO - Successfully sent text to ('id', 'mbno').
2025-06-28 15:43:25 - gst_automation - INFO - Document is in 'complete' ready state.
2025-06-28 15:43:25 - gst_automation - INFO - Successfully sent text to ('id', 'em').
2025-06-28 15:43:27 - gst_automation - INFO - Document is in 'complete' ready state.
2025-06-28 15:43:27 - gst_automation - INFO - Successfully clicked ('css selector', 'div.tbl-format:nth-child(2) > div:nth-child(4) > div:nth-child(1) > div:nth-child(1) > fieldset:nth-child(1) > label:nth-child(3)').
2025-06-28 15:43:27 - gst_automation - INFO - Document is in 'complete' ready state.
2025-06-28 15:43:27 - gst_automation - INFO - Successfully sent text to ('id', 'dg').
2025-06-28 15:43:27 - gst_automation - INFO - Document is in 'complete' ready state.
2025-06-28 15:43:27 - gst_automation - INFO - Successfully sent text to ('id', 'din').
2025-06-28 15:43:27 - gst_automation - INFO - Document is in 'complete' ready state.
2025-06-28 15:43:27 - gst_automation - INFO - Successfully sent text to ('id', 'pan').
2025-06-28 15:44:10 - gst_automation - INFO - Document is in 'complete' ready state.
2025-06-28 15:44:12 - gst_automation - INFO - Successfully sent text to ('id', 'onMapSerachId').
2025-06-28 15:44:12 - gst_automation - INFO - Document is in 'complete' ready state.
2025-06-28 15:44:12 - gst_automation - INFO - Successfully clicked ('xpath', "//*[text()='474001']").
2025-06-28 15:44:12 - gst_automation - INFO - Document is in 'complete' ready state.
2025-06-28 15:44:21 - gst_automation - INFO - Successfully clicked ('id', 'confirm-mapquery-btn2').
2025-06-28 15:44:21 - gst_automation - INFO - Document is in 'complete' ready state.
2025-06-28 15:44:21 - gst_automation - INFO - Successfully sent text to ('id', 'bno').
2025-06-28 15:44:23 - gst_automation - INFO - Document is in 'complete' ready state.
2025-06-28 15:44:53 - gst_automation - ERROR - Element ('id', 'pd_upload') not visible within 30s.
2025-06-28 15:47:26 - gst_automation - INFO - Document is in 'complete' ready state.
2025-06-28 15:47:26 - gst_automation - INFO - Successfully sent text to ('id', 'onMapSerachId').
2025-06-28 15:47:26 - gst_automation - INFO - Document is in 'complete' ready state.
2025-06-28 15:47:27 - gst_automation - INFO - Successfully clicked ('xpath', "//*[text()='474001']").
2025-06-28 15:47:27 - gst_automation - INFO - Document is in 'complete' ready state.
2025-06-28 15:47:27 - gst_automation - INFO - Successfully clicked ('id', 'confirm-mapquery-btn2').
2025-06-28 15:47:27 - gst_automation - INFO - Document is in 'complete' ready state.
2025-06-28 15:47:27 - gst_automation - INFO - Successfully sent text to ('id', 'bno').
2025-06-28 15:47:29 - gst_automation - INFO - Document is in 'complete' ready state.
2025-06-28 15:47:29 - gst_automation - INFO - Successfully sent text to ('id', 'as_upload_sign').
2025-06-28 15:47:29 - gst_automation - INFO - Document is in 'complete' ready state.
2025-06-28 15:48:00 - gst_automation - ERROR - Element ('xpath', '/html/body/div[2]/div/div/div[3]/form/div[2]/div[2]/div/button[3]') not clickable within 30s.
2025-06-28 15:52:05 - gst_automation - INFO - Document is in 'complete' ready state.
2025-06-28 15:52:09 - gst_automation - INFO - Successfully sent text to ('id', 'onMapSerachId').
2025-06-28 15:52:09 - gst_automation - INFO - Document is in 'complete' ready state.
2025-06-28 15:52:36 - gst_automation - INFO - Document is in 'complete' ready state.
2025-06-28 15:52:37 - gst_automation - INFO - Successfully sent text to ('id', 'onMapSerachId').
2025-06-28 15:52:37 - gst_automation - INFO - Document is in 'complete' ready state.
2025-06-28 15:52:37 - gst_automation - INFO - Successfully clicked ('xpath', "//*[text()='474001']").
2025-06-28 15:52:37 - gst_automation - INFO - Document is in 'complete' ready state.
2025-06-28 15:52:46 - gst_automation - INFO - Successfully clicked ('id', 'confirm-mapquery-btn2').
2025-06-28 15:52:46 - gst_automation - INFO - Document is in 'complete' ready state.
2025-06-28 15:52:46 - gst_automation - INFO - Successfully sent text to ('id', 'bno').
2025-06-28 15:52:50 - gst_automation - INFO - Document is in 'complete' ready state.
2025-06-28 15:52:50 - gst_automation - INFO - Successfully clicked ('xpath', '/html/body/div[2]/div/div/div[3]/form/div[2]/fieldset[2]/div/div[2]/div/fieldset/div/select/option[2]').
2025-06-28 15:52:52 - gst_automation - INFO - Document is in 'complete' ready state.
2025-06-28 15:52:52 - gst_automation - INFO - Successfully sent text to ('id', 'as_upload_sign').
2025-06-28 15:52:52 - gst_automation - INFO - Document is in 'complete' ready state.
