2025-06-30 13:23:52 - gst_automation - INFO - Document is in 'complete' ready state.
2025-06-30 13:23:52 - gst_automation - INFO - Successfully clicked ('xpath', "//*[text()='Taxpayer']").
2025-06-30 13:23:52 - gst_automation - INFO - Document is in 'complete' ready state.
2025-06-30 13:23:53 - gst_automation - INFO - Successfully clicked ('xpath', "//*[text()='Delhi']").
2025-06-30 13:23:58 - gst_automation - INFO - Document is in 'complete' ready state.
2025-06-30 13:23:58 - gst_automation - INFO - Successfully clicked ('xpath', "//*[text()='South West Delhi']").
2025-06-30 13:23:58 - gst_automation - INFO - Document is in 'complete' ready state.
2025-06-30 13:23:58 - gst_automation - INFO - Successfully sent text to ('id', 'bnm').
2025-06-30 13:23:58 - gst_automation - INFO - Document is in 'complete' ready state.
2025-06-30 13:23:58 - gst_automation - INFO - Successfully sent text to ('id', 'pan_card').
2025-06-30 13:23:58 - gst_automation - INFO - Document is in 'complete' ready state.
2025-06-30 13:23:58 - gst_automation - INFO - Successfully sent text to ('id', 'email').
2025-06-30 13:23:58 - gst_automation - INFO - Document is in 'complete' ready state.
2025-06-30 13:23:58 - gst_automation - INFO - Successfully sent text to ('id', 'mobile').
2025-06-30 13:23:58 - gst_automation - INFO - Document is in 'complete' ready state.
2025-06-30 13:23:58 - gst_automation - INFO - Solving captcha via TrueCaptcha API...
2025-06-30 13:23:58 - gst_automation - INFO - Found captcha image element with ID 'imgCaptcha'.
2025-06-30 13:24:00 - gst_automation - INFO - CAPTCHA solved by API: 110659
2025-06-30 13:24:00 - gst_automation - INFO - Document is in 'complete' ready state.
2025-06-30 13:24:00 - gst_automation - INFO - Successfully sent text to ('id', 'captcha').
2025-06-30 13:24:00 - gst_automation - INFO - CAPTCHA text entered successfully.
2025-06-30 13:24:00 - gst_automation - INFO - Document is in 'complete' ready state.
2025-06-30 13:24:00 - gst_automation - INFO - Successfully clicked ('xpath', '/html/body/div[2]/div[2]/div/div[2]/div/form/div[2]/div/div[2]/div/button').
2025-06-30 13:24:00 - gst_automation - INFO - Document is in 'complete' ready state.
2025-06-30 13:24:00 - gst_automation - INFO - Polling for mobile_otp from OTP server (timeout: 120s)...
2025-06-30 13:24:27 - gst_automation - INFO - OTP '387293' received for type 'mobile_otp'!
2025-06-30 13:24:27 - gst_automation - INFO - Document is in 'complete' ready state.
2025-06-30 13:24:27 - gst_automation - INFO - Successfully sent text to ('id', 'mobile_otp').
2025-06-30 13:24:27 - gst_automation - INFO - Document is in 'complete' ready state.
2025-06-30 13:24:27 - gst_automation - INFO - Polling for email_otp from OTP server (timeout: 120s)...
2025-06-30 13:24:54 - gst_automation - INFO - OTP '041446' received for type 'email_otp'!
2025-06-30 13:24:54 - gst_automation - INFO - Document is in 'complete' ready state.
2025-06-30 13:24:54 - gst_automation - INFO - Successfully sent text to ('id', 'email-otp').
2025-06-30 13:24:56 - gst_automation - INFO - Document is in 'complete' ready state.
2025-06-30 13:24:57 - gst_automation - INFO - Successfully clicked ('xpath', '/html/body/div[2]/div[2]/div/div[2]/div/div[2]/div/form/div/div/button').
2025-06-30 13:25:02 - gst_automation - INFO - Document is in 'complete' ready state.
2025-06-30 13:25:02 - gst_automation - INFO - Successfully clicked ('xpath', '/html/body/div[2]/div[2]/div/div[2]/div/div[2]/div/div[2]/div/a').
2025-06-30 13:25:02 - gst_automation - INFO - Document is in 'complete' ready state.
2025-06-30 13:25:02 - gst_automation - INFO - Polling for trn from OTP server (timeout: 120s)...
2025-06-30 13:25:41 - gst_automation - INFO - OTP '072500183099TRN' received for type 'trn'!
2025-06-30 13:25:41 - gst_automation - INFO - Document is in 'complete' ready state.
2025-06-30 13:25:41 - gst_automation - INFO - Successfully sent text to ('id', 'trnno').
2025-06-30 13:25:41 - gst_automation - INFO - Document is in 'complete' ready state.
2025-06-30 13:25:41 - gst_automation - INFO - Solving captcha via TrueCaptcha API...
2025-06-30 13:25:41 - gst_automation - INFO - Found visible CAPTCHA image with ID 'imgCaptcha'.
2025-06-30 13:25:43 - gst_automation - INFO - CAPTCHA solved: 208953
2025-06-30 13:25:43 - gst_automation - INFO - Document is in 'complete' ready state.
2025-06-30 13:25:43 - gst_automation - INFO - Successfully sent text to ('id', 'captchatrn').
2025-06-30 13:25:43 - gst_automation - INFO - CAPTCHA entered successfully into input with ID 'captchatrn'.
2025-06-30 13:25:43 - gst_automation - INFO - Document is in 'complete' ready state.
2025-06-30 13:25:43 - gst_automation - INFO - Successfully clicked ('xpath', '/html/body/div[2]/div[2]/div/div[2]/div/form/div[2]/div/div[2]/div/button').
2025-06-30 13:25:43 - gst_automation - INFO - Document is in 'complete' ready state.
2025-06-30 13:25:43 - gst_automation - INFO - Polling for mobile_otp from OTP server (timeout: 120s)...
2025-06-30 13:26:01 - gst_automation - INFO - OTP '456964' received for type 'mobile_otp'!
2025-06-30 13:26:01 - gst_automation - INFO - Document is in 'complete' ready state.
2025-06-30 13:26:01 - gst_automation - INFO - Successfully sent text to ('id', 'mobile_otp').
2025-06-30 13:26:01 - gst_automation - INFO - Document is in 'complete' ready state.
2025-06-30 13:26:02 - gst_automation - INFO - Successfully clicked ('xpath', '/html/body/div[2]/div[2]/div/div[2]/div/div[2]/div/form/div/div/button').
2025-06-30 13:26:07 - gst_automation - INFO - Document is in 'complete' ready state.
2025-06-30 13:26:07 - gst_automation - INFO - Successfully clicked ('xpath', '/html/body/div[2]/div[1]/div/div[3]/div[2]/div/div/table/tbody/tr/td[6]/button').
2025-06-30 13:26:12 - gst_automation - INFO - Document is in 'complete' ready state.
2025-06-30 13:26:12 - gst_automation - INFO - Successfully sent text to ('id', 'tnm').
2025-06-30 13:26:14 - gst_automation - INFO - Document is in 'complete' ready state.
2025-06-30 13:26:14 - gst_automation - INFO - Successfully clicked ('xpath', "//*[text()='Others']").
2025-06-30 13:26:14 - gst_automation - INFO - Document is in 'complete' ready state.
2025-06-30 13:26:14 - gst_automation - INFO - Successfully sent text to ('id', 'bd_ConstBuss_oth').
2025-06-30 13:26:14 - gst_automation - INFO - Document is in 'complete' ready state.
2025-06-30 13:26:15 - gst_automation - INFO - Successfully clicked ('xpath', "//*[text()='Voluntary Basis']").
2025-06-30 13:26:15 - gst_automation - INFO - Document is in 'complete' ready state.
2025-06-30 13:26:15 - gst_automation - INFO - Successfully sent text to ('id', 'bd_cmbz').
2025-06-30 13:26:15 - gst_automation - INFO - Document is in 'complete' ready state.
2025-06-30 13:26:15 - gst_automation - INFO - Successfully clicked ('xpath', '/html/body/div[2]/div/div/div[3]/form/fieldset/div[1]/div[8]/div/div[1]/select/option[16]').
2025-06-30 13:26:15 - gst_automation - INFO - Document is in 'complete' ready state.
2025-06-30 13:26:15 - gst_automation - INFO - Successfully sent text to ('id', 'bd_othrReg').
2025-06-30 13:26:15 - gst_automation - INFO - Document is in 'complete' ready state.
2025-06-30 13:26:15 - gst_automation - INFO - Successfully sent text to ('id', 'exno').
2025-06-30 13:26:15 - gst_automation - INFO - Document is in 'complete' ready state.
2025-06-30 13:26:15 - gst_automation - INFO - Successfully sent text to ('id', 'exdt').
2025-06-30 13:26:15 - gst_automation - INFO - Document is in 'complete' ready state.
2025-06-30 13:26:15 - gst_automation - INFO - Successfully clicked ('xpath', '/html/body/div[2]/div/div/div[3]/form/fieldset/div[1]/div[8]/div/div[5]/button[1]').
2025-06-30 13:26:15 - gst_automation - INFO - Document is in 'complete' ready state.
2025-06-30 13:26:15 - gst_automation - INFO - Successfully clicked ('xpath', "//*[text()='Registration Certificate']").
2025-06-30 13:26:20 - gst_automation - INFO - Document is in 'complete' ready state.
2025-06-30 13:26:20 - gst_automation - INFO - Successfully clicked ('xpath', '/html/body/div[2]/div/div/div[3]/form/div/div/button[2]').
2025-06-30 13:26:20 - gst_automation - INFO - Filling details for promoter: Ashish Mehra
2025-06-30 13:26:20 - gst_automation - INFO - Document is in 'complete' ready state.
2025-06-30 13:26:20 - gst_automation - INFO - Successfully sent text to ('id', 'fnm').
2025-06-30 13:26:20 - gst_automation - INFO - Document is in 'complete' ready state.
2025-06-30 13:26:20 - gst_automation - INFO - Successfully sent text to ('id', 'pd_mname').
2025-06-30 13:26:20 - gst_automation - INFO - Document is in 'complete' ready state.
2025-06-30 13:26:20 - gst_automation - INFO - Successfully sent text to ('id', 'pd_lname').
2025-06-30 13:26:20 - gst_automation - INFO - Document is in 'complete' ready state.
2025-06-30 13:26:20 - gst_automation - INFO - Successfully sent text to ('id', 'ffname').
2025-06-30 13:26:20 - gst_automation - INFO - Document is in 'complete' ready state.
2025-06-30 13:26:20 - gst_automation - INFO - Successfully sent text to ('id', 'pd_fmname').
2025-06-30 13:26:20 - gst_automation - INFO - Document is in 'complete' ready state.
2025-06-30 13:26:20 - gst_automation - INFO - Successfully sent text to ('id', 'pd_flname').
2025-06-30 13:26:20 - gst_automation - INFO - Document is in 'complete' ready state.
2025-06-30 13:26:20 - gst_automation - INFO - Successfully sent text to ('id', 'dob').
2025-06-30 13:26:20 - gst_automation - INFO - Document is in 'complete' ready state.
2025-06-30 13:26:20 - gst_automation - INFO - Successfully sent text to ('id', 'mbno').
2025-06-30 13:26:20 - gst_automation - INFO - Document is in 'complete' ready state.
2025-06-30 13:26:20 - gst_automation - INFO - Successfully sent text to ('id', 'pd_email').
2025-06-30 13:26:20 - gst_automation - INFO - Document is in 'complete' ready state.
2025-06-30 13:26:20 - gst_automation - ERROR - An unexpected error occurred for Ashish: Message: Element <label> is not clickable at point (151,691) because another element <div class="dimmer-holder"> obscures it
Stacktrace:
RemoteError@chrome://remote/content/shared/RemoteError.sys.mjs:8:8
WebDriverError@chrome://remote/content/shared/webdriver/Errors.sys.mjs:199:5
ElementClickInterceptedError@chrome://remote/content/shared/webdriver/Errors.sys.mjs:351:5
webdriverClickElement@chrome://remote/content/marionette/interaction.sys.mjs:175:11
interaction.clickElement@chrome://remote/content/marionette/interaction.sys.mjs:134:11
clickElement@chrome://remote/content/marionette/actors/MarionetteCommandsChild.sys.mjs:297:29
receiveMessage@chrome://remote/content/marionette/actors/MarionetteCommandsChild.sys.mjs:180:31

2025-06-30 13:26:20 - gst_automation - INFO - All promoters processed. Clicking final Save & Continue button.
2025-06-30 13:26:41 - gst_automation - ERROR - Could not click the final 'Save & Continue' button: Message: 
Stacktrace:
RemoteError@chrome://remote/content/shared/RemoteError.sys.mjs:8:8
WebDriverError@chrome://remote/content/shared/webdriver/Errors.sys.mjs:199:5
NoSuchElementError@chrome://remote/content/shared/webdriver/Errors.sys.mjs:552:5
dom.find/</<@chrome://remote/content/shared/DOM.sys.mjs:136:16

2025-06-30 13:26:41 - gst_automation - INFO - Document is in 'complete' ready state.
2025-06-30 13:27:02 - gst_automation - INFO - Filling details for promoter: Ashish Mehra
2025-06-30 13:27:02 - gst_automation - INFO - Document is in 'complete' ready state.
2025-06-30 13:27:02 - gst_automation - INFO - Successfully sent text to ('id', 'fnm').
2025-06-30 13:27:02 - gst_automation - INFO - Document is in 'complete' ready state.
2025-06-30 13:27:02 - gst_automation - INFO - Successfully sent text to ('id', 'pd_mname').
2025-06-30 13:27:02 - gst_automation - INFO - Document is in 'complete' ready state.
2025-06-30 13:27:02 - gst_automation - INFO - Successfully sent text to ('id', 'pd_lname').
2025-06-30 13:27:02 - gst_automation - INFO - Document is in 'complete' ready state.
2025-06-30 13:27:02 - gst_automation - INFO - Successfully sent text to ('id', 'ffname').
2025-06-30 13:27:02 - gst_automation - INFO - Document is in 'complete' ready state.
2025-06-30 13:27:02 - gst_automation - INFO - Successfully sent text to ('id', 'pd_fmname').
2025-06-30 13:27:02 - gst_automation - INFO - Document is in 'complete' ready state.
2025-06-30 13:27:02 - gst_automation - INFO - Successfully sent text to ('id', 'pd_flname').
2025-06-30 13:27:02 - gst_automation - INFO - Document is in 'complete' ready state.
2025-06-30 13:27:02 - gst_automation - INFO - Successfully sent text to ('id', 'dob').
2025-06-30 13:27:02 - gst_automation - INFO - Document is in 'complete' ready state.
2025-06-30 13:27:02 - gst_automation - INFO - Successfully sent text to ('id', 'mbno').
2025-06-30 13:27:02 - gst_automation - INFO - Document is in 'complete' ready state.
2025-06-30 13:27:02 - gst_automation - INFO - Successfully sent text to ('id', 'pd_email').
2025-06-30 13:27:02 - gst_automation - INFO - Document is in 'complete' ready state.
2025-06-30 13:27:02 - gst_automation - INFO - Successfully clicked ('css selector', 'div.tbl-format:nth-child(2) > div:nth-child(4) > div:nth-child(1) > div:nth-child(1) > fieldset:nth-child(1) > label:nth-child(3)').
2025-06-30 13:27:02 - gst_automation - INFO - Document is in 'complete' ready state.
2025-06-30 13:27:02 - gst_automation - INFO - Successfully sent text to ('id', 'dg').
2025-06-30 13:27:02 - gst_automation - INFO - Document is in 'complete' ready state.
2025-06-30 13:27:02 - gst_automation - INFO - Successfully sent text to ('id', 'din').
2025-06-30 13:27:02 - gst_automation - INFO - Document is in 'complete' ready state.
2025-06-30 13:27:02 - gst_automation - INFO - Successfully sent text to ('id', 'pan').
2025-06-30 13:27:09 - gst_automation - ERROR - An error occurred while filling details for Ashish: Message: Unable to locate element: //*[text()='110071']; For documentation on this error, please visit: https://www.selenium.dev/documentation/webdriver/troubleshooting/errors#no-such-element-exception
Stacktrace:
RemoteError@chrome://remote/content/shared/RemoteError.sys.mjs:8:8
WebDriverError@chrome://remote/content/shared/webdriver/Errors.sys.mjs:199:5
NoSuchElementError@chrome://remote/content/shared/webdriver/Errors.sys.mjs:552:5
dom.find/</<@chrome://remote/content/shared/DOM.sys.mjs:136:16

2025-06-30 13:27:09 - gst_automation - INFO - All promoters processed. Clicking final Save & Continue button.
2025-06-30 13:28:40 - gst_automation - INFO - Filling details for promoter: Ashish Mehra
2025-06-30 13:28:40 - gst_automation - INFO - Document is in 'complete' ready state.
2025-06-30 13:28:40 - gst_automation - INFO - Successfully sent text to ('id', 'fnm').
2025-06-30 13:28:40 - gst_automation - INFO - Document is in 'complete' ready state.
2025-06-30 13:28:41 - gst_automation - INFO - Successfully sent text to ('id', 'pd_mname').
2025-06-30 13:28:41 - gst_automation - INFO - Document is in 'complete' ready state.
2025-06-30 13:28:41 - gst_automation - INFO - Successfully sent text to ('id', 'pd_lname').
2025-06-30 13:28:41 - gst_automation - INFO - Document is in 'complete' ready state.
2025-06-30 13:28:41 - gst_automation - INFO - Successfully sent text to ('id', 'ffname').
2025-06-30 13:28:41 - gst_automation - INFO - Document is in 'complete' ready state.
2025-06-30 13:28:41 - gst_automation - INFO - Successfully sent text to ('id', 'pd_fmname').
2025-06-30 13:28:41 - gst_automation - INFO - Document is in 'complete' ready state.
2025-06-30 13:28:41 - gst_automation - INFO - Successfully sent text to ('id', 'pd_flname').
2025-06-30 13:28:41 - gst_automation - INFO - Document is in 'complete' ready state.
2025-06-30 13:28:41 - gst_automation - INFO - Successfully sent text to ('id', 'dob').
2025-06-30 13:28:41 - gst_automation - INFO - Document is in 'complete' ready state.
2025-06-30 13:28:41 - gst_automation - INFO - Successfully sent text to ('id', 'mbno').
2025-06-30 13:28:41 - gst_automation - INFO - Document is in 'complete' ready state.
2025-06-30 13:28:41 - gst_automation - INFO - Successfully sent text to ('id', 'pd_email').
2025-06-30 13:28:41 - gst_automation - INFO - Document is in 'complete' ready state.
2025-06-30 13:28:41 - gst_automation - INFO - Successfully clicked ('css selector', 'div.tbl-format:nth-child(2) > div:nth-child(4) > div:nth-child(1) > div:nth-child(1) > fieldset:nth-child(1) > label:nth-child(3)').
2025-06-30 13:28:41 - gst_automation - INFO - Document is in 'complete' ready state.
2025-06-30 13:28:41 - gst_automation - INFO - Successfully sent text to ('id', 'dg').
2025-06-30 13:28:41 - gst_automation - INFO - Document is in 'complete' ready state.
2025-06-30 13:28:41 - gst_automation - INFO - Successfully sent text to ('id', 'din').
2025-06-30 13:28:41 - gst_automation - INFO - Document is in 'complete' ready state.
2025-06-30 13:28:41 - gst_automation - INFO - Successfully sent text to ('id', 'pan').
2025-06-30 13:28:52 - gst_automation - INFO - Document is in 'complete' ready state.
2025-06-30 13:28:52 - gst_automation - INFO - Successfully sent text to ('id', 'pd_bdnum').
2025-06-30 13:28:52 - gst_automation - INFO - Document is in 'complete' ready state.
2025-06-30 13:28:52 - gst_automation - INFO - Successfully sent text to ('id', 'pd_upload').
2025-06-30 13:28:53 - gst_automation - INFO - All promoters processed. Clicking final Save & Continue button.
2025-06-30 13:29:13 - gst_automation - ERROR - Could not click the final 'Save & Continue' button: Message: 
Stacktrace:
RemoteError@chrome://remote/content/shared/RemoteError.sys.mjs:8:8
WebDriverError@chrome://remote/content/shared/webdriver/Errors.sys.mjs:199:5
NoSuchElementError@chrome://remote/content/shared/webdriver/Errors.sys.mjs:552:5
dom.find/</<@chrome://remote/content/shared/DOM.sys.mjs:136:16

2025-06-30 14:05:55 - gst_automation - INFO - Document is in 'complete' ready state.
2025-06-30 14:05:55 - gst_automation - INFO - Successfully clicked ('xpath', "//*[text()='Taxpayer']").
2025-06-30 14:05:55 - gst_automation - INFO - Document is in 'complete' ready state.
2025-06-30 14:05:55 - gst_automation - INFO - Successfully clicked ('xpath', "//*[text()='Delhi']").
2025-06-30 14:06:00 - gst_automation - INFO - Document is in 'complete' ready state.
2025-06-30 14:06:01 - gst_automation - INFO - Successfully clicked ('xpath', "//*[text()='South West Delhi']").
2025-06-30 14:06:01 - gst_automation - INFO - Document is in 'complete' ready state.
2025-06-30 14:06:01 - gst_automation - INFO - Successfully sent text to ('id', 'bnm').
2025-06-30 14:06:01 - gst_automation - INFO - Document is in 'complete' ready state.
2025-06-30 14:06:01 - gst_automation - INFO - Successfully sent text to ('id', 'pan_card').
2025-06-30 14:06:01 - gst_automation - INFO - Document is in 'complete' ready state.
2025-06-30 14:06:01 - gst_automation - INFO - Successfully sent text to ('id', 'email').
2025-06-30 14:06:01 - gst_automation - INFO - Document is in 'complete' ready state.
2025-06-30 14:06:01 - gst_automation - INFO - Successfully sent text to ('id', 'mobile').
2025-06-30 14:06:01 - gst_automation - INFO - Document is in 'complete' ready state.
2025-06-30 14:06:01 - gst_automation - INFO - Solving captcha via TrueCaptcha API...
2025-06-30 14:06:01 - gst_automation - INFO - Found captcha image element with ID 'imgCaptcha'.
2025-06-30 14:06:02 - gst_automation - INFO - CAPTCHA solved by API: 787112
2025-06-30 14:06:02 - gst_automation - INFO - Document is in 'complete' ready state.
2025-06-30 14:06:02 - gst_automation - INFO - Successfully sent text to ('id', 'captcha').
2025-06-30 14:06:02 - gst_automation - INFO - CAPTCHA text entered successfully.
2025-06-30 14:06:02 - gst_automation - INFO - Document is in 'complete' ready state.
2025-06-30 14:06:03 - gst_automation - INFO - Successfully clicked ('xpath', '/html/body/div[2]/div[2]/div/div[2]/div/form/div[2]/div/div[2]/div/button').
2025-06-30 14:06:03 - gst_automation - INFO - Document is in 'complete' ready state.
2025-06-30 14:06:03 - gst_automation - INFO - Polling for mobile_otp from OTP server (timeout: 120s)...
2025-06-30 14:06:27 - gst_automation - INFO - OTP '724981' received for type 'mobile_otp'!
2025-06-30 14:06:27 - gst_automation - INFO - Document is in 'complete' ready state.
2025-06-30 14:06:27 - gst_automation - INFO - Successfully sent text to ('id', 'mobile_otp').
2025-06-30 14:06:27 - gst_automation - INFO - Document is in 'complete' ready state.
2025-06-30 14:06:27 - gst_automation - INFO - Polling for email_otp from OTP server (timeout: 120s)...
2025-06-30 14:06:42 - gst_automation - INFO - OTP '517572' received for type 'email_otp'!
2025-06-30 14:06:42 - gst_automation - INFO - Document is in 'complete' ready state.
2025-06-30 14:06:42 - gst_automation - INFO - Successfully sent text to ('id', 'email-otp').
2025-06-30 14:06:44 - gst_automation - INFO - Document is in 'complete' ready state.
2025-06-30 14:06:44 - gst_automation - INFO - Successfully clicked ('xpath', '/html/body/div[2]/div[2]/div/div[2]/div/div[2]/div/form/div/div/button').
2025-06-30 14:06:49 - gst_automation - INFO - Document is in 'complete' ready state.
2025-06-30 14:06:49 - gst_automation - INFO - Successfully clicked ('xpath', '/html/body/div[2]/div[2]/div/div[2]/div/div[2]/div/div[2]/div/a').
2025-06-30 14:06:49 - gst_automation - INFO - Document is in 'complete' ready state.
2025-06-30 14:06:49 - gst_automation - INFO - Polling for trn from OTP server (timeout: 120s)...
2025-06-30 14:07:11 - gst_automation - INFO - OTP '072500183165TRN' received for type 'trn'!
2025-06-30 14:07:11 - gst_automation - INFO - Document is in 'complete' ready state.
2025-06-30 14:07:11 - gst_automation - INFO - Successfully sent text to ('id', 'trnno').
2025-06-30 14:07:11 - gst_automation - INFO - Document is in 'complete' ready state.
2025-06-30 14:07:11 - gst_automation - INFO - Solving captcha via TrueCaptcha API...
2025-06-30 14:07:11 - gst_automation - INFO - Found visible CAPTCHA image with ID 'imgCaptcha'.
2025-06-30 14:07:12 - gst_automation - INFO - CAPTCHA solved: 573820
2025-06-30 14:07:12 - gst_automation - INFO - Document is in 'complete' ready state.
2025-06-30 14:07:12 - gst_automation - INFO - Successfully sent text to ('id', 'captchatrn').
2025-06-30 14:07:12 - gst_automation - INFO - CAPTCHA entered successfully into input with ID 'captchatrn'.
2025-06-30 14:07:12 - gst_automation - INFO - Document is in 'complete' ready state.
2025-06-30 14:07:13 - gst_automation - INFO - Successfully clicked ('xpath', '/html/body/div[2]/div[2]/div/div[2]/div/form/div[2]/div/div[2]/div/button').
2025-06-30 14:07:13 - gst_automation - INFO - Document is in 'complete' ready state.
2025-06-30 14:07:13 - gst_automation - INFO - Polling for mobile_otp from OTP server (timeout: 120s)...
2025-06-30 14:07:34 - gst_automation - INFO - OTP '039537' received for type 'mobile_otp'!
2025-06-30 14:07:34 - gst_automation - INFO - Document is in 'complete' ready state.
2025-06-30 14:07:34 - gst_automation - INFO - Successfully sent text to ('id', 'mobile_otp').
2025-06-30 14:07:34 - gst_automation - INFO - Document is in 'complete' ready state.
2025-06-30 14:07:34 - gst_automation - INFO - Successfully clicked ('xpath', '/html/body/div[2]/div[2]/div/div[2]/div/div[2]/div/form/div/div/button').
2025-06-30 14:07:39 - gst_automation - INFO - Document is in 'complete' ready state.
2025-06-30 14:07:39 - gst_automation - INFO - Successfully clicked ('xpath', '/html/body/div[2]/div[1]/div/div[3]/div[2]/div/div/table/tbody/tr/td[6]/button').
2025-06-30 14:07:44 - gst_automation - INFO - Document is in 'complete' ready state.
2025-06-30 14:07:44 - gst_automation - INFO - Successfully sent text to ('id', 'tnm').
2025-06-30 14:07:46 - gst_automation - INFO - Document is in 'complete' ready state.
2025-06-30 14:07:47 - gst_automation - INFO - Successfully clicked ('xpath', "//*[text()='Others']").
2025-06-30 14:07:47 - gst_automation - INFO - Document is in 'complete' ready state.
2025-06-30 14:07:47 - gst_automation - INFO - Successfully sent text to ('id', 'bd_ConstBuss_oth').
2025-06-30 14:07:47 - gst_automation - INFO - Document is in 'complete' ready state.
2025-06-30 14:07:47 - gst_automation - INFO - Successfully clicked ('xpath', "//*[text()='Voluntary Basis']").
2025-06-30 14:07:47 - gst_automation - INFO - Document is in 'complete' ready state.
2025-06-30 14:07:47 - gst_automation - INFO - Successfully sent text to ('id', 'bd_cmbz').
2025-06-30 14:07:47 - gst_automation - INFO - Document is in 'complete' ready state.
2025-06-30 14:07:47 - gst_automation - INFO - Successfully clicked ('xpath', '/html/body/div[2]/div/div/div[3]/form/fieldset/div[1]/div[8]/div/div[1]/select/option[16]').
2025-06-30 14:07:47 - gst_automation - INFO - Document is in 'complete' ready state.
2025-06-30 14:07:47 - gst_automation - INFO - Successfully sent text to ('id', 'bd_othrReg').
2025-06-30 14:07:47 - gst_automation - INFO - Document is in 'complete' ready state.
2025-06-30 14:07:47 - gst_automation - INFO - Successfully sent text to ('id', 'exno').
2025-06-30 14:07:47 - gst_automation - INFO - Document is in 'complete' ready state.
2025-06-30 14:07:47 - gst_automation - INFO - Successfully sent text to ('id', 'exdt').
2025-06-30 14:07:47 - gst_automation - INFO - Document is in 'complete' ready state.
2025-06-30 14:07:48 - gst_automation - INFO - Successfully clicked ('xpath', '/html/body/div[2]/div/div/div[3]/form/fieldset/div[1]/div[8]/div/div[5]/button[1]').
2025-06-30 14:07:48 - gst_automation - INFO - Document is in 'complete' ready state.
2025-06-30 14:07:48 - gst_automation - INFO - Successfully clicked ('xpath', "//*[text()='Registration Certificate']").
2025-06-30 14:07:52 - gst_automation - INFO - Document is in 'complete' ready state.
2025-06-30 14:07:52 - gst_automation - INFO - Successfully clicked ('xpath', '/html/body/div[2]/div/div/div[3]/form/div/div/button[2]').
2025-06-30 14:07:52 - gst_automation - INFO - Filling details for promoter: Ashish Mehra
2025-06-30 14:07:52 - gst_automation - INFO - Document is in 'complete' ready state.
2025-06-30 14:07:52 - gst_automation - INFO - Successfully sent text to ('id', 'fnm').
2025-06-30 14:07:52 - gst_automation - INFO - Document is in 'complete' ready state.
2025-06-30 14:07:52 - gst_automation - INFO - Successfully sent text to ('id', 'pd_mname').
2025-06-30 14:07:52 - gst_automation - INFO - Document is in 'complete' ready state.
2025-06-30 14:07:52 - gst_automation - INFO - Successfully sent text to ('id', 'pd_lname').
2025-06-30 14:07:52 - gst_automation - INFO - Document is in 'complete' ready state.
2025-06-30 14:07:52 - gst_automation - INFO - Successfully sent text to ('id', 'ffname').
2025-06-30 14:07:52 - gst_automation - INFO - Document is in 'complete' ready state.
2025-06-30 14:07:52 - gst_automation - INFO - Successfully sent text to ('id', 'pd_fmname').
2025-06-30 14:07:52 - gst_automation - INFO - Document is in 'complete' ready state.
2025-06-30 14:07:52 - gst_automation - INFO - Successfully sent text to ('id', 'pd_flname').
2025-06-30 14:07:52 - gst_automation - INFO - Document is in 'complete' ready state.
2025-06-30 14:07:52 - gst_automation - INFO - Successfully sent text to ('id', 'dob').
2025-06-30 14:07:52 - gst_automation - INFO - Document is in 'complete' ready state.
2025-06-30 14:07:52 - gst_automation - INFO - Successfully sent text to ('id', 'mbno').
2025-06-30 14:07:52 - gst_automation - INFO - Document is in 'complete' ready state.
2025-06-30 14:07:52 - gst_automation - INFO - Successfully sent text to ('id', 'pd_email').
2025-06-30 14:07:52 - gst_automation - INFO - Document is in 'complete' ready state.
2025-06-30 14:07:52 - gst_automation - ERROR - An unexpected error occurred for Ashish: Message: Element <label> is not clickable at point (151,691) because another element <div class="dimmer-holder"> obscures it
Stacktrace:
RemoteError@chrome://remote/content/shared/RemoteError.sys.mjs:8:8
WebDriverError@chrome://remote/content/shared/webdriver/Errors.sys.mjs:199:5
ElementClickInterceptedError@chrome://remote/content/shared/webdriver/Errors.sys.mjs:351:5
webdriverClickElement@chrome://remote/content/marionette/interaction.sys.mjs:175:11
interaction.clickElement@chrome://remote/content/marionette/interaction.sys.mjs:134:11
clickElement@chrome://remote/content/marionette/actors/MarionetteCommandsChild.sys.mjs:297:29
receiveMessage@chrome://remote/content/marionette/actors/MarionetteCommandsChild.sys.mjs:180:31

2025-06-30 14:07:52 - gst_automation - INFO - All promoters processed. Clicking final Save & Continue button.
2025-06-30 14:08:13 - gst_automation - ERROR - Could not click the final 'Save & Continue' button: Message: 
Stacktrace:
RemoteError@chrome://remote/content/shared/RemoteError.sys.mjs:8:8
WebDriverError@chrome://remote/content/shared/webdriver/Errors.sys.mjs:199:5
NoSuchElementError@chrome://remote/content/shared/webdriver/Errors.sys.mjs:552:5
dom.find/</<@chrome://remote/content/shared/DOM.sys.mjs:136:16

2025-06-30 14:08:13 - gst_automation - INFO - Document is in 'complete' ready state.
2025-06-30 14:10:06 - gst_automation - INFO - Filling details for promoter: Ashish Mehra
2025-06-30 14:10:06 - gst_automation - INFO - Document is in 'complete' ready state.
2025-06-30 14:10:06 - gst_automation - INFO - Successfully sent text to ('id', 'fnm').
2025-06-30 14:10:06 - gst_automation - INFO - Document is in 'complete' ready state.
2025-06-30 14:10:06 - gst_automation - INFO - Successfully sent text to ('id', 'pd_mname').
2025-06-30 14:10:06 - gst_automation - INFO - Document is in 'complete' ready state.
2025-06-30 14:10:06 - gst_automation - INFO - Successfully sent text to ('id', 'pd_lname').
2025-06-30 14:10:06 - gst_automation - INFO - Document is in 'complete' ready state.
2025-06-30 14:10:06 - gst_automation - INFO - Successfully sent text to ('id', 'ffname').
2025-06-30 14:10:06 - gst_automation - INFO - Document is in 'complete' ready state.
2025-06-30 14:10:06 - gst_automation - INFO - Successfully sent text to ('id', 'pd_fmname').
2025-06-30 14:10:06 - gst_automation - INFO - Document is in 'complete' ready state.
2025-06-30 14:10:06 - gst_automation - INFO - Successfully sent text to ('id', 'pd_flname').
2025-06-30 14:10:06 - gst_automation - INFO - Document is in 'complete' ready state.
2025-06-30 14:10:06 - gst_automation - INFO - Successfully sent text to ('id', 'dob').
2025-06-30 14:10:06 - gst_automation - INFO - Document is in 'complete' ready state.
2025-06-30 14:10:06 - gst_automation - INFO - Successfully sent text to ('id', 'mbno').
2025-06-30 14:10:06 - gst_automation - INFO - Document is in 'complete' ready state.
2025-06-30 14:10:06 - gst_automation - INFO - Successfully sent text to ('id', 'pd_email').
2025-06-30 14:10:06 - gst_automation - INFO - Document is in 'complete' ready state.
2025-06-30 14:10:07 - gst_automation - INFO - Successfully clicked ('css selector', 'div.tbl-format:nth-child(2) > div:nth-child(4) > div:nth-child(1) > div:nth-child(1) > fieldset:nth-child(1) > label:nth-child(3)').
2025-06-30 14:10:07 - gst_automation - INFO - Document is in 'complete' ready state.
2025-06-30 14:10:07 - gst_automation - INFO - Successfully sent text to ('id', 'dg').
2025-06-30 14:10:07 - gst_automation - INFO - Document is in 'complete' ready state.
2025-06-30 14:10:07 - gst_automation - INFO - Successfully sent text to ('id', 'din').
2025-06-30 14:10:07 - gst_automation - INFO - Document is in 'complete' ready state.
2025-06-30 14:10:07 - gst_automation - INFO - Successfully sent text to ('id', 'pan').
2025-06-30 14:10:14 - gst_automation - ERROR - An error occurred while filling details for Ashish: Message: Unable to locate element: //*[text()='110071']; For documentation on this error, please visit: https://www.selenium.dev/documentation/webdriver/troubleshooting/errors#no-such-element-exception
Stacktrace:
RemoteError@chrome://remote/content/shared/RemoteError.sys.mjs:8:8
WebDriverError@chrome://remote/content/shared/webdriver/Errors.sys.mjs:199:5
NoSuchElementError@chrome://remote/content/shared/webdriver/Errors.sys.mjs:552:5
dom.find/</<@chrome://remote/content/shared/DOM.sys.mjs:136:16

2025-06-30 14:10:14 - gst_automation - INFO - All promoters processed. Clicking final Save & Continue button.
2025-06-30 14:10:34 - gst_automation - ERROR - Could not click the final 'Save & Continue' button: Message: 
Stacktrace:
RemoteError@chrome://remote/content/shared/RemoteError.sys.mjs:8:8
WebDriverError@chrome://remote/content/shared/webdriver/Errors.sys.mjs:199:5
NoSuchElementError@chrome://remote/content/shared/webdriver/Errors.sys.mjs:552:5
dom.find/</<@chrome://remote/content/shared/DOM.sys.mjs:136:16

2025-06-30 14:11:49 - gst_automation - INFO - Filling details for promoter: Ashish Mehra
2025-06-30 14:11:49 - gst_automation - INFO - Document is in 'complete' ready state.
2025-06-30 14:11:50 - gst_automation - INFO - Successfully sent text to ('id', 'fnm').
2025-06-30 14:11:50 - gst_automation - INFO - Document is in 'complete' ready state.
2025-06-30 14:11:50 - gst_automation - INFO - Successfully sent text to ('id', 'pd_mname').
2025-06-30 14:11:50 - gst_automation - INFO - Document is in 'complete' ready state.
2025-06-30 14:11:50 - gst_automation - INFO - Successfully sent text to ('id', 'pd_lname').
2025-06-30 14:11:50 - gst_automation - INFO - Document is in 'complete' ready state.
2025-06-30 14:11:50 - gst_automation - INFO - Successfully sent text to ('id', 'ffname').
2025-06-30 14:11:50 - gst_automation - INFO - Document is in 'complete' ready state.
2025-06-30 14:11:50 - gst_automation - INFO - Successfully sent text to ('id', 'pd_fmname').
2025-06-30 14:11:50 - gst_automation - INFO - Document is in 'complete' ready state.
2025-06-30 14:11:50 - gst_automation - INFO - Successfully sent text to ('id', 'pd_flname').
2025-06-30 14:11:50 - gst_automation - INFO - Document is in 'complete' ready state.
2025-06-30 14:11:50 - gst_automation - INFO - Successfully sent text to ('id', 'dob').
2025-06-30 14:11:50 - gst_automation - INFO - Document is in 'complete' ready state.
2025-06-30 14:11:50 - gst_automation - INFO - Successfully sent text to ('id', 'mbno').
2025-06-30 14:11:50 - gst_automation - INFO - Document is in 'complete' ready state.
2025-06-30 14:11:50 - gst_automation - INFO - Successfully sent text to ('id', 'pd_email').
2025-06-30 14:11:50 - gst_automation - INFO - Document is in 'complete' ready state.
2025-06-30 14:11:50 - gst_automation - INFO - Successfully clicked ('css selector', 'div.tbl-format:nth-child(2) > div:nth-child(4) > div:nth-child(1) > div:nth-child(1) > fieldset:nth-child(1) > label:nth-child(3)').
2025-06-30 14:11:50 - gst_automation - INFO - Document is in 'complete' ready state.
2025-06-30 14:11:50 - gst_automation - INFO - Successfully sent text to ('id', 'dg').
2025-06-30 14:11:50 - gst_automation - INFO - Document is in 'complete' ready state.
2025-06-30 14:11:50 - gst_automation - INFO - Successfully sent text to ('id', 'din').
2025-06-30 14:11:50 - gst_automation - INFO - Document is in 'complete' ready state.
2025-06-30 14:11:50 - gst_automation - INFO - Successfully sent text to ('id', 'pan').
2025-06-30 14:12:02 - gst_automation - ERROR - An error occurred while filling details for Ashish: Message: Unable to locate element: [id="confirm-mapquery-btn1"]; For documentation on this error, please visit: https://www.selenium.dev/documentation/webdriver/troubleshooting/errors#no-such-element-exception
Stacktrace:
RemoteError@chrome://remote/content/shared/RemoteError.sys.mjs:8:8
WebDriverError@chrome://remote/content/shared/webdriver/Errors.sys.mjs:199:5
NoSuchElementError@chrome://remote/content/shared/webdriver/Errors.sys.mjs:552:5
dom.find/</<@chrome://remote/content/shared/DOM.sys.mjs:136:16

2025-06-30 14:12:02 - gst_automation - INFO - All promoters processed. Clicking final Save & Continue button.
2025-06-30 14:12:22 - gst_automation - ERROR - Could not click the final 'Save & Continue' button: Message: 
Stacktrace:
RemoteError@chrome://remote/content/shared/RemoteError.sys.mjs:8:8
WebDriverError@chrome://remote/content/shared/webdriver/Errors.sys.mjs:199:5
NoSuchElementError@chrome://remote/content/shared/webdriver/Errors.sys.mjs:552:5
dom.find/</<@chrome://remote/content/shared/DOM.sys.mjs:136:16

2025-06-30 14:15:20 - gst_automation - INFO - Filling details for promoter: Ashish Mehra
2025-06-30 14:15:20 - gst_automation - INFO - Document is in 'complete' ready state.
2025-06-30 14:15:20 - gst_automation - INFO - Successfully sent text to ('id', 'fnm').
2025-06-30 14:15:20 - gst_automation - INFO - Document is in 'complete' ready state.
2025-06-30 14:15:20 - gst_automation - INFO - Successfully sent text to ('id', 'pd_mname').
2025-06-30 14:15:20 - gst_automation - INFO - Document is in 'complete' ready state.
2025-06-30 14:15:20 - gst_automation - INFO - Successfully sent text to ('id', 'pd_lname').
2025-06-30 14:15:20 - gst_automation - INFO - Document is in 'complete' ready state.
2025-06-30 14:15:20 - gst_automation - INFO - Successfully sent text to ('id', 'ffname').
2025-06-30 14:15:20 - gst_automation - INFO - Document is in 'complete' ready state.
2025-06-30 14:15:20 - gst_automation - INFO - Successfully sent text to ('id', 'pd_fmname').
2025-06-30 14:15:20 - gst_automation - INFO - Document is in 'complete' ready state.
2025-06-30 14:15:20 - gst_automation - INFO - Successfully sent text to ('id', 'pd_flname').
2025-06-30 14:15:20 - gst_automation - INFO - Document is in 'complete' ready state.
2025-06-30 14:15:20 - gst_automation - INFO - Successfully sent text to ('id', 'dob').
2025-06-30 14:15:20 - gst_automation - INFO - Document is in 'complete' ready state.
2025-06-30 14:15:20 - gst_automation - INFO - Successfully sent text to ('id', 'mbno').
2025-06-30 14:15:20 - gst_automation - INFO - Document is in 'complete' ready state.
2025-06-30 14:15:20 - gst_automation - INFO - Successfully sent text to ('id', 'pd_email').
2025-06-30 14:15:20 - gst_automation - INFO - Document is in 'complete' ready state.
2025-06-30 14:15:20 - gst_automation - INFO - Successfully clicked ('css selector', 'div.tbl-format:nth-child(2) > div:nth-child(4) > div:nth-child(1) > div:nth-child(1) > fieldset:nth-child(1) > label:nth-child(3)').
2025-06-30 14:15:20 - gst_automation - INFO - Document is in 'complete' ready state.
2025-06-30 14:15:20 - gst_automation - INFO - Successfully sent text to ('id', 'dg').
2025-06-30 14:15:20 - gst_automation - INFO - Document is in 'complete' ready state.
2025-06-30 14:15:20 - gst_automation - INFO - Successfully sent text to ('id', 'din').
2025-06-30 14:15:20 - gst_automation - INFO - Document is in 'complete' ready state.
2025-06-30 14:15:20 - gst_automation - INFO - Successfully sent text to ('id', 'pan').
2025-06-30 14:15:33 - gst_automation - ERROR - An unexpected error occurred for Ashish: Message: Element <button id="confirm-mapquery-btn1" type="button"> could not be scrolled into view
Stacktrace:
RemoteError@chrome://remote/content/shared/RemoteError.sys.mjs:8:8
WebDriverError@chrome://remote/content/shared/webdriver/Errors.sys.mjs:199:5
ElementNotInteractableError@chrome://remote/content/shared/webdriver/Errors.sys.mjs:368:5
webdriverClickElement@chrome://remote/content/marionette/interaction.sys.mjs:165:11
interaction.clickElement@chrome://remote/content/marionette/interaction.sys.mjs:134:11
clickElement@chrome://remote/content/marionette/actors/MarionetteCommandsChild.sys.mjs:297:29
receiveMessage@chrome://remote/content/marionette/actors/MarionetteCommandsChild.sys.mjs:180:31

2025-06-30 14:15:33 - gst_automation - INFO - All promoters processed. Clicking final Save & Continue button.
2025-06-30 14:15:54 - gst_automation - ERROR - Could not click the final 'Save & Continue' button: Message: 
Stacktrace:
RemoteError@chrome://remote/content/shared/RemoteError.sys.mjs:8:8
WebDriverError@chrome://remote/content/shared/webdriver/Errors.sys.mjs:199:5
NoSuchElementError@chrome://remote/content/shared/webdriver/Errors.sys.mjs:552:5
dom.find/</<@chrome://remote/content/shared/DOM.sys.mjs:136:16

2025-06-30 14:17:36 - gst_automation - INFO - Filling details for promoter: Ashish Mehra
2025-06-30 14:17:36 - gst_automation - INFO - Document is in 'complete' ready state.
2025-06-30 14:17:36 - gst_automation - INFO - Successfully sent text to ('id', 'fnm').
2025-06-30 14:17:36 - gst_automation - INFO - Document is in 'complete' ready state.
2025-06-30 14:17:36 - gst_automation - INFO - Successfully sent text to ('id', 'pd_mname').
2025-06-30 14:17:36 - gst_automation - INFO - Document is in 'complete' ready state.
2025-06-30 14:17:36 - gst_automation - INFO - Successfully sent text to ('id', 'pd_lname').
2025-06-30 14:17:36 - gst_automation - INFO - Document is in 'complete' ready state.
2025-06-30 14:17:36 - gst_automation - INFO - Successfully sent text to ('id', 'ffname').
2025-06-30 14:17:36 - gst_automation - INFO - Document is in 'complete' ready state.
2025-06-30 14:17:36 - gst_automation - INFO - Successfully sent text to ('id', 'pd_fmname').
2025-06-30 14:17:36 - gst_automation - INFO - Document is in 'complete' ready state.
2025-06-30 14:17:36 - gst_automation - INFO - Successfully sent text to ('id', 'pd_flname').
2025-06-30 14:17:36 - gst_automation - INFO - Document is in 'complete' ready state.
2025-06-30 14:17:36 - gst_automation - INFO - Successfully sent text to ('id', 'dob').
2025-06-30 14:17:36 - gst_automation - INFO - Document is in 'complete' ready state.
2025-06-30 14:17:36 - gst_automation - INFO - Successfully sent text to ('id', 'mbno').
2025-06-30 14:17:36 - gst_automation - INFO - Document is in 'complete' ready state.
2025-06-30 14:17:36 - gst_automation - INFO - Successfully sent text to ('id', 'pd_email').
2025-06-30 14:17:36 - gst_automation - INFO - Document is in 'complete' ready state.
2025-06-30 14:17:36 - gst_automation - INFO - Successfully clicked ('css selector', 'div.tbl-format:nth-child(2) > div:nth-child(4) > div:nth-child(1) > div:nth-child(1) > fieldset:nth-child(1) > label:nth-child(3)').
2025-06-30 14:17:36 - gst_automation - INFO - Document is in 'complete' ready state.
2025-06-30 14:17:36 - gst_automation - INFO - Successfully sent text to ('id', 'dg').
2025-06-30 14:17:36 - gst_automation - INFO - Document is in 'complete' ready state.
2025-06-30 14:17:36 - gst_automation - INFO - Successfully sent text to ('id', 'din').
2025-06-30 14:17:36 - gst_automation - INFO - Document is in 'complete' ready state.
2025-06-30 14:17:36 - gst_automation - INFO - Successfully sent text to ('id', 'pan').
2025-06-30 14:17:48 - gst_automation - ERROR - An error occurred while filling details for Ashish: Message: Unable to locate element: [id="confirm-mapquery-btn1"]; For documentation on this error, please visit: https://www.selenium.dev/documentation/webdriver/troubleshooting/errors#no-such-element-exception
Stacktrace:
RemoteError@chrome://remote/content/shared/RemoteError.sys.mjs:8:8
WebDriverError@chrome://remote/content/shared/webdriver/Errors.sys.mjs:199:5
NoSuchElementError@chrome://remote/content/shared/webdriver/Errors.sys.mjs:552:5
dom.find/</<@chrome://remote/content/shared/DOM.sys.mjs:136:16

2025-06-30 14:17:48 - gst_automation - INFO - All promoters processed. Clicking final Save & Continue button.
2025-06-30 14:18:08 - gst_automation - ERROR - Could not click the final 'Save & Continue' button: Message: 
Stacktrace:
RemoteError@chrome://remote/content/shared/RemoteError.sys.mjs:8:8
WebDriverError@chrome://remote/content/shared/webdriver/Errors.sys.mjs:199:5
NoSuchElementError@chrome://remote/content/shared/webdriver/Errors.sys.mjs:552:5
dom.find/</<@chrome://remote/content/shared/DOM.sys.mjs:136:16

