2025-06-30 11:15:17 - gst_automation - INFO - Document is in 'complete' ready state.
2025-06-30 11:15:17 - gst_automation - INFO - Successfully clicked ('xpath', "//*[text()='Taxpayer']").
2025-06-30 11:15:17 - gst_automation - INFO - Document is in 'complete' ready state.
2025-06-30 11:15:18 - gst_automation - INFO - Successfully clicked ('xpath', "//*[text()='Delhi']").
2025-06-30 11:15:23 - gst_automation - INFO - Document is in 'complete' ready state.
2025-06-30 11:15:23 - gst_automation - INFO - Successfully clicked ('xpath', "//*[text()='South West Delhi']").
2025-06-30 11:15:23 - gst_automation - INFO - Document is in 'complete' ready state.
2025-06-30 11:15:23 - gst_automation - INFO - Successfully sent text to ('id', 'bnm').
2025-06-30 11:15:23 - gst_automation - INFO - Document is in 'complete' ready state.
2025-06-30 11:15:23 - gst_automation - INFO - Successfully sent text to ('id', 'pan_card').
2025-06-30 11:15:23 - gst_automation - INFO - Document is in 'complete' ready state.
2025-06-30 11:15:23 - gst_automation - INFO - Successfully sent text to ('id', 'email').
2025-06-30 11:15:23 - gst_automation - INFO - Document is in 'complete' ready state.
2025-06-30 11:15:23 - gst_automation - INFO - Successfully sent text to ('id', 'mobile').
2025-06-30 11:15:23 - gst_automation - INFO - Document is in 'complete' ready state.
2025-06-30 11:15:23 - gst_automation - INFO - Solving captcha via TrueCaptcha API...
2025-06-30 11:15:23 - gst_automation - INFO - Found captcha image element with ID 'imgCaptcha'.
2025-06-30 11:15:26 - gst_automation - INFO - CAPTCHA solved by API: 605896
2025-06-30 11:15:26 - gst_automation - INFO - Document is in 'complete' ready state.
2025-06-30 11:15:26 - gst_automation - INFO - Successfully sent text to ('id', 'captcha').
2025-06-30 11:15:26 - gst_automation - INFO - CAPTCHA text entered successfully.
2025-06-30 11:15:26 - gst_automation - INFO - Document is in 'complete' ready state.
2025-06-30 11:15:26 - gst_automation - INFO - Successfully clicked ('xpath', '/html/body/div[2]/div[2]/div/div[2]/div/form/div[2]/div/div[2]/div/button').
2025-06-30 11:15:26 - gst_automation - INFO - Document is in 'complete' ready state.
2025-06-30 11:15:26 - gst_automation - INFO - Polling for mobile_otp from OTP server (timeout: 120s)...
2025-06-30 11:15:32 - gst_automation - INFO - OTP '876832' received for type 'mobile_otp'!
2025-06-30 11:15:32 - gst_automation - INFO - Document is in 'complete' ready state.
2025-06-30 11:15:32 - gst_automation - INFO - Successfully sent text to ('id', 'mobile_otp').
2025-06-30 11:15:32 - gst_automation - INFO - Document is in 'complete' ready state.
2025-06-30 11:15:32 - gst_automation - INFO - Polling for email_otp from OTP server (timeout: 120s)...
2025-06-30 11:16:06 - gst_automation - INFO - OTP '876832' received for type 'email_otp'!
2025-06-30 11:16:06 - gst_automation - INFO - Document is in 'complete' ready state.
2025-06-30 11:16:06 - gst_automation - INFO - Successfully sent text to ('id', 'email-otp').
2025-06-30 11:16:08 - gst_automation - INFO - Document is in 'complete' ready state.
2025-06-30 11:16:08 - gst_automation - INFO - Successfully clicked ('xpath', '/html/body/div[2]/div[2]/div/div[2]/div/div[2]/div/form/div/div/button').
2025-06-30 11:16:13 - gst_automation - INFO - Document is in 'complete' ready state.
