2025-06-27 13:26:09 - gst_automation - INFO - Document is in 'complete' ready state.
2025-06-27 13:26:09 - gst_automation - INFO - Successfully clicked ('xpath', "//*[text()='Taxpayer']").
2025-06-27 13:26:09 - gst_automation - INFO - Document is in 'complete' ready state.
2025-06-27 13:26:10 - gst_automation - INFO - Successfully clicked ('xpath', "//*[text()='Delhi']").
2025-06-27 13:26:12 - gst_automation - INFO - Document is in 'complete' ready state.
2025-06-27 13:26:12 - gst_automation - INFO - Successfully clicked ('xpath', "//*[text()='South West Delhi']").
2025-06-27 13:26:12 - gst_automation - INFO - Document is in 'complete' ready state.
2025-06-27 13:26:12 - gst_automation - INFO - Successfully sent text to ('id', 'bnm').
2025-06-27 13:26:12 - gst_automation - INFO - Document is in 'complete' ready state.
2025-06-27 13:26:12 - gst_automation - INFO - Successfully sent text to ('id', 'pan_card').
2025-06-27 13:26:12 - gst_automation - INFO - Document is in 'complete' ready state.
2025-06-27 13:26:12 - gst_automation - INFO - Successfully sent text to ('id', 'email').
2025-06-27 13:26:12 - gst_automation - INFO - Document is in 'complete' ready state.
2025-06-27 13:26:12 - gst_automation - INFO - Successfully sent text to ('id', 'mobile').
2025-06-27 13:26:12 - gst_automation - INFO - Document is in 'complete' ready state.
2025-06-27 13:26:12 - gst_automation - INFO - Solving captcha via TrueCaptcha API...
2025-06-27 13:26:12 - gst_automation - INFO - Found captcha image element with ID 'imgCaptcha'.
2025-06-27 13:26:14 - gst_automation - INFO - CAPTCHA solved by API: 591626
2025-06-27 13:26:14 - gst_automation - INFO - Document is in 'complete' ready state.
2025-06-27 13:26:14 - gst_automation - INFO - Successfully sent text to ('id', 'captcha').
2025-06-27 13:26:14 - gst_automation - INFO - CAPTCHA text entered successfully.
2025-06-27 13:27:48 - gst_automation - INFO - Document is in 'complete' ready state.
2025-06-27 13:27:48 - gst_automation - INFO - Successfully clicked ('xpath', '/html/body/div[2]/div[2]/div/div[2]/div/form/div[2]/div/div[2]/div/button').
2025-06-27 14:33:43 - gst_automation - INFO - Document is in 'complete' ready state.
2025-06-27 14:33:43 - gst_automation - INFO - Polling for mobile from OTP server (timeout: 120s)...
2025-06-27 14:36:55 - gst_automation - INFO - Document is in 'complete' ready state.
2025-06-27 14:36:55 - gst_automation - INFO - Polling for mobile from OTP server (timeout: 120s)...
2025-06-27 14:39:03 - gst_automation - INFO - Document is in 'complete' ready state.
2025-06-27 14:39:03 - gst_automation - INFO - Polling for mobile from OTP server (timeout: 120s)...
2025-06-27 14:41:52 - gst_automation - INFO - Document is in 'complete' ready state.
2025-06-27 14:41:52 - gst_automation - INFO - Polling for mobile from OTP server (timeout: 120s)...
2025-06-27 14:42:32 - gst_automation - INFO - Document is in 'complete' ready state.
2025-06-27 14:42:32 - gst_automation - INFO - Polling for mobile from OTP server (timeout: 120s)...
2025-06-27 14:42:47 - gst_automation - WARNING - Could not connect to OTP server. Retrying...
2025-06-27 14:42:50 - gst_automation - WARNING - Could not connect to OTP server. Retrying...
