2025-06-28 19:59:29 - gst_automation - INFO - Document is in 'complete' ready state.
2025-06-28 19:59:30 - gst_automation - INFO - Successfully clicked ('xpath', "//*[text()='Taxpayer']").
2025-06-28 19:59:30 - gst_automation - INFO - Document is in 'complete' ready state.
2025-06-28 19:59:30 - gst_automation - INFO - Successfully clicked ('xpath', "//*[text()='Delhi']").
2025-06-28 19:59:35 - gst_automation - INFO - Document is in 'complete' ready state.
2025-06-28 19:59:35 - gst_automation - INFO - Successfully clicked ('xpath', "//*[text()='South West Delhi']").
2025-06-28 19:59:35 - gst_automation - INFO - Document is in 'complete' ready state.
2025-06-28 19:59:35 - gst_automation - INFO - Successfully sent text to ('id', 'bnm').
2025-06-28 19:59:35 - gst_automation - INFO - Document is in 'complete' ready state.
2025-06-28 19:59:35 - gst_automation - INFO - Successfully sent text to ('id', 'pan_card').
2025-06-28 19:59:35 - gst_automation - INFO - Document is in 'complete' ready state.
2025-06-28 19:59:35 - gst_automation - INFO - Successfully sent text to ('id', 'email').
2025-06-28 19:59:35 - gst_automation - INFO - Document is in 'complete' ready state.
2025-06-28 19:59:35 - gst_automation - INFO - Successfully sent text to ('id', 'mobile').
2025-06-28 19:59:35 - gst_automation - INFO - Document is in 'complete' ready state.
2025-06-28 19:59:35 - gst_automation - INFO - Solving captcha via TrueCaptcha API...
2025-06-28 19:59:35 - gst_automation - INFO - Found captcha image element with ID 'imgCaptcha'.
2025-06-28 19:59:37 - gst_automation - INFO - CAPTCHA solved by API: 338372
2025-06-28 19:59:37 - gst_automation - INFO - Document is in 'complete' ready state.
2025-06-28 19:59:37 - gst_automation - INFO - Successfully sent text to ('id', 'captcha').
2025-06-28 19:59:37 - gst_automation - INFO - CAPTCHA text entered successfully.
2025-06-28 19:59:37 - gst_automation - INFO - Document is in 'complete' ready state.
2025-06-28 19:59:37 - gst_automation - INFO - Successfully clicked ('xpath', '/html/body/div[2]/div[2]/div/div[2]/div/form/div[2]/div/div[2]/div/button').
2025-06-28 19:59:37 - gst_automation - INFO - Document is in 'complete' ready state.
2025-06-28 19:59:37 - gst_automation - INFO - Polling for mobile_otp from OTP server (timeout: 120s)...
2025-06-28 20:00:01 - gst_automation - INFO - OTP '409027' received for type 'mobile_otp'!
2025-06-28 20:00:01 - gst_automation - INFO - Document is in 'complete' ready state.
2025-06-28 20:00:01 - gst_automation - INFO - Successfully sent text to ('id', 'mobile_otp').
2025-06-28 20:00:01 - gst_automation - INFO - Document is in 'complete' ready state.
2025-06-28 20:00:01 - gst_automation - INFO - Polling for email_otp from OTP server (timeout: 120s)...
2025-06-28 20:00:26 - gst_automation - INFO - OTP '260457' received for type 'email_otp'!
2025-06-28 20:00:26 - gst_automation - INFO - Document is in 'complete' ready state.
2025-06-28 20:00:26 - gst_automation - INFO - Successfully sent text to ('id', 'email-otp').
2025-06-28 20:00:28 - gst_automation - INFO - Document is in 'complete' ready state.
2025-06-28 20:00:28 - gst_automation - INFO - Successfully clicked ('xpath', '/html/body/div[2]/div[2]/div/div[2]/div/div[2]/div/form/div/div/button').
2025-06-28 20:00:33 - gst_automation - INFO - Document is in 'complete' ready state.
2025-06-28 20:00:33 - gst_automation - INFO - Successfully clicked ('xpath', '/html/body/div[2]/div[2]/div/div[2]/div/div[2]/div/div[2]/div/a').
2025-06-28 20:00:33 - gst_automation - INFO - Document is in 'complete' ready state.
2025-06-28 20:00:33 - gst_automation - INFO - Polling for trn from OTP server (timeout: 120s)...
2025-06-28 20:00:51 - gst_automation - INFO - OTP '072500182154TRN' received for type 'trn'!
2025-06-28 20:00:51 - gst_automation - INFO - Document is in 'complete' ready state.
2025-06-28 20:00:51 - gst_automation - INFO - Successfully sent text to ('id', 'trnno').
2025-06-28 20:00:51 - gst_automation - INFO - Document is in 'complete' ready state.
2025-06-28 20:00:51 - gst_automation - INFO - Solving captcha via TrueCaptcha API...
2025-06-28 20:00:51 - gst_automation - INFO - Found visible CAPTCHA image with ID 'imgCaptcha'.
2025-06-28 20:00:53 - gst_automation - INFO - CAPTCHA solved: 405867
2025-06-28 20:00:53 - gst_automation - INFO - Document is in 'complete' ready state.
2025-06-28 20:00:53 - gst_automation - INFO - Successfully sent text to ('id', 'captchatrn').
2025-06-28 20:00:53 - gst_automation - INFO - CAPTCHA entered successfully into input with ID 'captchatrn'.
2025-06-28 20:00:53 - gst_automation - INFO - Document is in 'complete' ready state.
2025-06-28 20:00:53 - gst_automation - INFO - Successfully clicked ('xpath', '/html/body/div[2]/div[2]/div/div[2]/div/form/div[2]/div/div[2]/div/button').
2025-06-28 20:00:53 - gst_automation - INFO - Document is in 'complete' ready state.
2025-06-28 20:00:53 - gst_automation - INFO - Polling for mobile_otp from OTP server (timeout: 120s)...
2025-06-28 20:01:53 - gst_automation - INFO - OTP '824865' received for type 'mobile_otp'!
2025-06-28 20:01:53 - gst_automation - INFO - Document is in 'complete' ready state.
2025-06-28 20:01:53 - gst_automation - INFO - Successfully sent text to ('id', 'mobile_otp').
2025-06-28 20:01:53 - gst_automation - INFO - Document is in 'complete' ready state.
2025-06-28 20:01:54 - gst_automation - INFO - Successfully clicked ('xpath', '/html/body/div[2]/div[2]/div/div[2]/div/div[2]/div/form/div/div/button').
2025-06-28 20:01:59 - gst_automation - INFO - Document is in 'complete' ready state.
2025-06-28 20:01:59 - gst_automation - INFO - Successfully clicked ('xpath', '/html/body/div[2]/div[1]/div/div[3]/div[2]/div/div/table/tbody/tr/td[6]/button').
2025-06-28 20:02:04 - gst_automation - INFO - Document is in 'complete' ready state.
2025-06-28 20:02:04 - gst_automation - INFO - Successfully sent text to ('id', 'tnm').
2025-06-28 20:02:06 - gst_automation - INFO - Document is in 'complete' ready state.
2025-06-28 20:02:06 - gst_automation - INFO - Successfully clicked ('xpath', "//*[text()='Others']").
2025-06-28 20:02:06 - gst_automation - INFO - Document is in 'complete' ready state.
2025-06-28 20:02:06 - gst_automation - INFO - Successfully sent text to ('id', 'bd_ConstBuss_oth').
2025-06-28 20:02:06 - gst_automation - INFO - Document is in 'complete' ready state.
2025-06-28 20:02:06 - gst_automation - INFO - Successfully clicked ('xpath', "//*[text()='Voluntary Basis']").
2025-06-28 20:02:06 - gst_automation - INFO - Document is in 'complete' ready state.
2025-06-28 20:02:07 - gst_automation - INFO - Successfully sent text to ('id', 'bd_cmbz').
2025-06-28 20:02:07 - gst_automation - INFO - Document is in 'complete' ready state.
2025-06-28 20:02:07 - gst_automation - INFO - Successfully clicked ('xpath', '/html/body/div[2]/div/div/div[3]/form/fieldset/div[1]/div[8]/div/div[1]/select/option[16]').
2025-06-28 20:02:07 - gst_automation - INFO - Document is in 'complete' ready state.
2025-06-28 20:02:07 - gst_automation - INFO - Successfully sent text to ('id', 'bd_othrReg').
2025-06-28 20:02:07 - gst_automation - INFO - Document is in 'complete' ready state.
2025-06-28 20:02:07 - gst_automation - INFO - Successfully sent text to ('id', 'exno').
2025-06-28 20:02:07 - gst_automation - INFO - Document is in 'complete' ready state.
2025-06-28 20:02:07 - gst_automation - INFO - Successfully sent text to ('id', 'exdt').
2025-06-28 20:02:07 - gst_automation - INFO - Document is in 'complete' ready state.
2025-06-28 20:02:07 - gst_automation - INFO - Successfully clicked ('xpath', '/html/body/div[2]/div/div/div[3]/form/fieldset/div[1]/div[8]/div/div[5]/button[1]').
2025-06-28 20:02:07 - gst_automation - INFO - Document is in 'complete' ready state.
2025-06-28 20:02:07 - gst_automation - INFO - Successfully clicked ('xpath', "//*[text()='Registration Certificate']").
2025-06-28 20:02:09 - gst_automation - INFO - Document is in 'complete' ready state.
2025-06-28 20:02:10 - gst_automation - INFO - Successfully clicked ('xpath', '/html/body/div[2]/div/div/div[3]/form/div/div/button[2]').
2025-06-28 20:02:12 - gst_automation - INFO - Document is in 'complete' ready state.
2025-06-28 20:02:42 - gst_automation - ERROR - Element ('id', 'fnm') not visible within 30s.
2025-06-28 20:02:45 - gst_automation - INFO - Document is in 'complete' ready state.
2025-06-28 20:03:43 - gst_automation - INFO - Document is in 'complete' ready state.
2025-06-28 20:03:43 - gst_automation - INFO - Successfully sent text to ('id', 'tnm').
2025-06-28 20:03:45 - gst_automation - INFO - Document is in 'complete' ready state.
2025-06-28 20:03:45 - gst_automation - INFO - Successfully clicked ('xpath', "//*[text()='Others']").
2025-06-28 20:03:45 - gst_automation - INFO - Document is in 'complete' ready state.
2025-06-28 20:03:45 - gst_automation - INFO - Successfully sent text to ('id', 'bd_ConstBuss_oth').
2025-06-28 20:03:45 - gst_automation - INFO - Document is in 'complete' ready state.
2025-06-28 20:03:46 - gst_automation - INFO - Successfully clicked ('xpath', "//*[text()='Voluntary Basis']").
2025-06-28 20:03:46 - gst_automation - INFO - Document is in 'complete' ready state.
2025-06-28 20:03:46 - gst_automation - INFO - Successfully sent text to ('id', 'bd_cmbz').
2025-06-28 20:03:46 - gst_automation - INFO - Document is in 'complete' ready state.
2025-06-28 20:03:46 - gst_automation - INFO - Successfully clicked ('xpath', '/html/body/div[2]/div/div/div[3]/form/fieldset/div[1]/div[8]/div/div[1]/select/option[16]').
2025-06-28 20:03:46 - gst_automation - INFO - Document is in 'complete' ready state.
2025-06-28 20:03:46 - gst_automation - INFO - Successfully sent text to ('id', 'bd_othrReg').
2025-06-28 20:03:46 - gst_automation - INFO - Document is in 'complete' ready state.
2025-06-28 20:03:46 - gst_automation - INFO - Successfully sent text to ('id', 'exno').
2025-06-28 20:03:46 - gst_automation - INFO - Document is in 'complete' ready state.
2025-06-28 20:03:46 - gst_automation - INFO - Successfully sent text to ('id', 'exdt').
2025-06-28 20:03:46 - gst_automation - INFO - Document is in 'complete' ready state.
2025-06-28 20:03:46 - gst_automation - INFO - Successfully clicked ('xpath', '/html/body/div[2]/div/div/div[3]/form/fieldset/div[1]/div[8]/div/div[5]/button[1]').
2025-06-28 20:03:46 - gst_automation - INFO - Document is in 'complete' ready state.
2025-06-28 20:03:47 - gst_automation - INFO - Successfully clicked ('xpath', "//*[text()='Registration Certificate']").
2025-06-28 20:03:49 - gst_automation - INFO - Document is in 'complete' ready state.
2025-06-28 20:03:49 - gst_automation - INFO - Successfully clicked ('xpath', '/html/body/div[2]/div/div/div[3]/form/div/div/button[2]').
2025-06-28 20:03:51 - gst_automation - INFO - Document is in 'complete' ready state.
2025-06-28 20:04:21 - gst_automation - ERROR - Element ('id', 'fnm') not visible within 30s.
2025-06-28 20:04:47 - gst_automation - INFO - Document is in 'complete' ready state.
2025-06-28 20:04:48 - gst_automation - INFO - Successfully sent text to ('id', 'tnm').
2025-06-28 20:04:50 - gst_automation - INFO - Document is in 'complete' ready state.
2025-06-28 20:04:50 - gst_automation - INFO - Successfully clicked ('xpath', "//*[text()='Others']").
2025-06-28 20:04:50 - gst_automation - INFO - Document is in 'complete' ready state.
2025-06-28 20:04:50 - gst_automation - INFO - Successfully sent text to ('id', 'bd_ConstBuss_oth').
2025-06-28 20:04:50 - gst_automation - INFO - Document is in 'complete' ready state.
2025-06-28 20:04:55 - gst_automation - INFO - Successfully clicked ('xpath', "//*[text()='Voluntary Basis']").
2025-06-28 20:04:55 - gst_automation - INFO - Document is in 'complete' ready state.
2025-06-28 20:04:55 - gst_automation - INFO - Successfully sent text to ('id', 'bd_cmbz').
2025-06-28 20:04:55 - gst_automation - INFO - Document is in 'complete' ready state.
2025-06-28 20:04:56 - gst_automation - INFO - Successfully clicked ('xpath', '/html/body/div[2]/div/div/div[3]/form/fieldset/div[1]/div[8]/div/div[1]/select/option[16]').
2025-06-28 20:04:56 - gst_automation - INFO - Document is in 'complete' ready state.
2025-06-28 20:04:56 - gst_automation - INFO - Successfully sent text to ('id', 'bd_othrReg').
2025-06-28 20:04:56 - gst_automation - INFO - Document is in 'complete' ready state.
2025-06-28 20:04:56 - gst_automation - INFO - Successfully sent text to ('id', 'exno').
2025-06-28 20:04:56 - gst_automation - INFO - Document is in 'complete' ready state.
2025-06-28 20:04:56 - gst_automation - INFO - Successfully sent text to ('id', 'exdt').
2025-06-28 20:04:56 - gst_automation - INFO - Document is in 'complete' ready state.
2025-06-28 20:04:56 - gst_automation - INFO - Successfully clicked ('xpath', '/html/body/div[2]/div/div/div[3]/form/fieldset/div[1]/div[8]/div/div[5]/button[1]').
2025-06-28 20:04:56 - gst_automation - INFO - Document is in 'complete' ready state.
2025-06-28 20:04:59 - gst_automation - INFO - Successfully clicked ('xpath', "//*[text()='Registration Certificate']").
2025-06-28 20:05:15 - gst_automation - INFO - Document is in 'complete' ready state.
2025-06-28 20:05:15 - gst_automation - INFO - Successfully sent text to ('id', 'tnm').
2025-06-28 20:05:17 - gst_automation - INFO - Document is in 'complete' ready state.
2025-06-28 20:05:18 - gst_automation - INFO - Successfully clicked ('xpath', "//*[text()='Others']").
2025-06-28 20:05:18 - gst_automation - INFO - Document is in 'complete' ready state.
2025-06-28 20:05:18 - gst_automation - INFO - Successfully sent text to ('id', 'bd_ConstBuss_oth').
2025-06-28 20:05:18 - gst_automation - INFO - Document is in 'complete' ready state.
2025-06-28 20:05:18 - gst_automation - INFO - Successfully clicked ('xpath', "//*[text()='Voluntary Basis']").
2025-06-28 20:05:18 - gst_automation - INFO - Document is in 'complete' ready state.
2025-06-28 20:05:18 - gst_automation - INFO - Successfully sent text to ('id', 'bd_cmbz').
2025-06-28 20:05:18 - gst_automation - INFO - Document is in 'complete' ready state.
2025-06-28 20:05:18 - gst_automation - INFO - Successfully clicked ('xpath', '/html/body/div[2]/div/div/div[3]/form/fieldset/div[1]/div[8]/div/div[1]/select/option[16]').
2025-06-28 20:05:18 - gst_automation - INFO - Document is in 'complete' ready state.
2025-06-28 20:05:18 - gst_automation - INFO - Successfully sent text to ('id', 'bd_othrReg').
2025-06-28 20:05:18 - gst_automation - INFO - Document is in 'complete' ready state.
2025-06-28 20:05:18 - gst_automation - INFO - Successfully sent text to ('id', 'exno').
2025-06-28 20:05:18 - gst_automation - INFO - Document is in 'complete' ready state.
2025-06-28 20:05:18 - gst_automation - INFO - Successfully sent text to ('id', 'exdt').
2025-06-28 20:05:18 - gst_automation - INFO - Document is in 'complete' ready state.
2025-06-28 20:05:18 - gst_automation - INFO - Successfully clicked ('xpath', '/html/body/div[2]/div/div/div[3]/form/fieldset/div[1]/div[8]/div/div[5]/button[1]').
2025-06-28 20:05:18 - gst_automation - INFO - Document is in 'complete' ready state.
2025-06-28 20:05:19 - gst_automation - INFO - Successfully clicked ('xpath', "//*[text()='Registration Certificate']").
2025-06-28 20:05:23 - gst_automation - INFO - Document is in 'complete' ready state.
2025-06-28 20:05:23 - gst_automation - INFO - Successfully clicked ('xpath', '/html/body/div[2]/div/div/div[3]/form/div/div/button[2]').
2025-06-28 20:05:25 - gst_automation - INFO - Document is in 'complete' ready state.
2025-06-28 20:05:25 - gst_automation - INFO - Successfully sent text to ('id', 'fnm').
2025-06-28 20:05:25 - gst_automation - INFO - Document is in 'complete' ready state.
2025-06-28 20:05:25 - gst_automation - INFO - Successfully sent text to ('id', 'pd_mname').
2025-06-28 20:05:25 - gst_automation - INFO - Document is in 'complete' ready state.
2025-06-28 20:05:25 - gst_automation - INFO - Successfully sent text to ('id', 'pd_lname').
2025-06-28 20:05:25 - gst_automation - INFO - Document is in 'complete' ready state.
2025-06-28 20:05:25 - gst_automation - INFO - Successfully sent text to ('id', 'ffname').
2025-06-28 20:05:25 - gst_automation - INFO - Document is in 'complete' ready state.
2025-06-28 20:05:25 - gst_automation - INFO - Successfully sent text to ('id', 'pd_fmname').
2025-06-28 20:05:25 - gst_automation - INFO - Document is in 'complete' ready state.
2025-06-28 20:05:25 - gst_automation - INFO - Successfully sent text to ('id', 'pd_flname').
2025-06-28 20:05:25 - gst_automation - INFO - Document is in 'complete' ready state.
2025-06-28 20:05:25 - gst_automation - INFO - Successfully sent text to ('id', 'dob').
2025-06-28 20:05:25 - gst_automation - INFO - Document is in 'complete' ready state.
2025-06-28 20:05:25 - gst_automation - INFO - Successfully sent text to ('id', 'mbno').
2025-06-28 20:05:25 - gst_automation - INFO - Document is in 'complete' ready state.
2025-06-28 20:05:25 - gst_automation - INFO - Successfully sent text to ('id', 'pd_email').
2025-06-28 20:05:27 - gst_automation - INFO - Document is in 'complete' ready state.
2025-06-28 20:05:27 - gst_automation - INFO - Successfully clicked ('css selector', 'div.tbl-format:nth-child(2) > div:nth-child(4) > div:nth-child(1) > div:nth-child(1) > fieldset:nth-child(1) > label:nth-child(3)').
2025-06-28 20:05:27 - gst_automation - INFO - Document is in 'complete' ready state.
2025-06-28 20:05:28 - gst_automation - INFO - Successfully sent text to ('id', 'dg').
2025-06-28 20:05:28 - gst_automation - INFO - Document is in 'complete' ready state.
2025-06-28 20:05:28 - gst_automation - INFO - Successfully sent text to ('id', 'din').
2025-06-28 20:05:28 - gst_automation - INFO - Document is in 'complete' ready state.
2025-06-28 20:05:28 - gst_automation - INFO - Successfully sent text to ('id', 'pan').
2025-06-28 20:05:30 - gst_automation - INFO - Document is in 'complete' ready state.
2025-06-28 20:05:30 - gst_automation - INFO - Successfully sent text to ('id', 'onMapSerachId').
2025-06-28 20:05:32 - gst_automation - INFO - Document is in 'complete' ready state.
2025-06-28 20:06:02 - gst_automation - ERROR - Element ('xpath', "//*[text()='474001']") not clickable within 30s.
2025-06-28 20:06:23 - gst_automation - INFO - Document is in 'complete' ready state.
2025-06-28 20:06:48 - gst_automation - INFO - Document is in 'complete' ready state.
2025-06-28 20:06:49 - gst_automation - INFO - Successfully sent text to ('id', 'onMapSerachId').
2025-06-28 20:06:51 - gst_automation - INFO - Document is in 'complete' ready state.
2025-06-28 20:06:51 - gst_automation - INFO - Successfully clicked ('xpath', "//*[text()='474001']").
2025-06-28 20:06:53 - gst_automation - INFO - Document is in 'complete' ready state.
2025-06-28 20:06:57 - gst_automation - INFO - Successfully clicked ('id', 'confirm-mapquery-btn1').
2025-06-28 20:06:57 - gst_automation - INFO - Document is in 'complete' ready state.
2025-06-28 20:06:57 - gst_automation - INFO - Successfully sent text to ('id', 'pd_bdnum').
2025-06-28 20:06:59 - gst_automation - INFO - Document is in 'complete' ready state.
2025-06-28 20:06:59 - gst_automation - INFO - Successfully sent text to ('id', 'pd_upload').
2025-06-28 20:06:59 - gst_automation - INFO - Document is in 'complete' ready state.
2025-06-28 20:07:00 - gst_automation - INFO - Successfully clicked ('xpath', '/html/body/div[2]/div/div/div[3]/form/div[2]/div[2]/div/button[3]').
2025-06-28 20:07:04 - gst_automation - INFO - Document is in 'complete' ready state.
2025-06-28 20:07:04 - gst_automation - INFO - Successfully clicked ('xpath', '/html/body/div[2]/div/div/div[3]/form/div[2]/fieldset[2]/div/div[2]/div/fieldset/div/select/option[2]').
2025-06-28 20:07:04 - gst_automation - INFO - Document is in 'complete' ready state.
2025-06-28 20:07:04 - gst_automation - INFO - Successfully clicked ('xpath', '/html/body/div[2]/div/div/div[3]/form/div[2]/div[3]/div/button[3]').
2025-06-28 20:07:04 - gst_automation - INFO - Document is in 'complete' ready state.
2025-06-28 20:07:27 - gst_automation - INFO - Document is in 'complete' ready state.
2025-06-28 20:08:20 - gst_automation - INFO - Document is in 'complete' ready state.
2025-06-28 20:14:39 - gst_automation - INFO - Document is in 'complete' ready state.
2025-06-28 20:14:39 - gst_automation - INFO - Successfully clicked ('xpath', "//*[text()='Taxpayer']").
2025-06-28 20:14:39 - gst_automation - INFO - Document is in 'complete' ready state.
2025-06-28 20:14:39 - gst_automation - INFO - Successfully clicked ('xpath', "//*[text()='Delhi']").
2025-06-28 20:14:44 - gst_automation - INFO - Document is in 'complete' ready state.
2025-06-28 20:14:44 - gst_automation - INFO - Successfully clicked ('xpath', "//*[text()='South West Delhi']").
2025-06-28 20:14:44 - gst_automation - INFO - Document is in 'complete' ready state.
2025-06-28 20:14:44 - gst_automation - INFO - Successfully sent text to ('id', 'bnm').
2025-06-28 20:14:44 - gst_automation - INFO - Document is in 'complete' ready state.
2025-06-28 20:14:44 - gst_automation - INFO - Successfully sent text to ('id', 'pan_card').
2025-06-28 20:14:44 - gst_automation - INFO - Document is in 'complete' ready state.
2025-06-28 20:14:45 - gst_automation - INFO - Successfully sent text to ('id', 'email').
2025-06-28 20:14:45 - gst_automation - INFO - Document is in 'complete' ready state.
2025-06-28 20:14:45 - gst_automation - INFO - Successfully sent text to ('id', 'mobile').
2025-06-28 20:14:45 - gst_automation - INFO - Document is in 'complete' ready state.
2025-06-28 20:14:45 - gst_automation - INFO - Solving captcha via TrueCaptcha API...
2025-06-28 20:14:45 - gst_automation - INFO - Found captcha image element with ID 'imgCaptcha'.
2025-06-28 20:14:46 - gst_automation - INFO - CAPTCHA solved by API: 849541
2025-06-28 20:14:46 - gst_automation - INFO - Document is in 'complete' ready state.
2025-06-28 20:14:46 - gst_automation - INFO - Successfully sent text to ('id', 'captcha').
2025-06-28 20:14:46 - gst_automation - INFO - CAPTCHA text entered successfully.
2025-06-28 20:14:46 - gst_automation - INFO - Document is in 'complete' ready state.
2025-06-28 20:14:46 - gst_automation - INFO - Successfully clicked ('xpath', '/html/body/div[2]/div[2]/div/div[2]/div/form/div[2]/div/div[2]/div/button').
2025-06-28 20:14:46 - gst_automation - INFO - Document is in 'complete' ready state.
2025-06-28 20:14:46 - gst_automation - INFO - Polling for mobile_otp from OTP server (timeout: 120s)...
2025-06-28 20:15:05 - gst_automation - INFO - OTP '369630' received for type 'mobile_otp'!
2025-06-28 20:15:05 - gst_automation - INFO - Document is in 'complete' ready state.
2025-06-28 20:15:05 - gst_automation - INFO - Successfully sent text to ('id', 'mobile_otp').
2025-06-28 20:15:05 - gst_automation - INFO - Document is in 'complete' ready state.
2025-06-28 20:15:05 - gst_automation - INFO - Polling for email_otp from OTP server (timeout: 120s)...
2025-06-28 20:15:26 - gst_automation - INFO - OTP '824865' received for type 'email_otp'!
2025-06-28 20:15:26 - gst_automation - INFO - Document is in 'complete' ready state.
2025-06-28 20:15:26 - gst_automation - INFO - Successfully sent text to ('id', 'email-otp').
2025-06-28 20:15:28 - gst_automation - INFO - Document is in 'complete' ready state.
2025-06-28 20:15:28 - gst_automation - INFO - Successfully clicked ('xpath', '/html/body/div[2]/div[2]/div/div[2]/div/div[2]/div/form/div/div/button').
2025-06-28 20:15:33 - gst_automation - INFO - Document is in 'complete' ready state.
