2025-06-27 17:18:39 - gst_automation - INFO - Document is in 'complete' ready state.
2025-06-27 17:18:39 - gst_automation - INFO - Successfully clicked ('xpath', "//*[text()='Taxpayer']").
2025-06-27 17:18:39 - gst_automation - INFO - Document is in 'complete' ready state.
2025-06-27 17:18:39 - gst_automation - INFO - Successfully clicked ('xpath', "//*[text()='Delhi']").
2025-06-27 17:18:42 - gst_automation - INFO - Document is in 'complete' ready state.
2025-06-27 17:18:42 - gst_automation - INFO - Successfully clicked ('xpath', "//*[text()='South West Delhi']").
2025-06-27 17:18:42 - gst_automation - INFO - Document is in 'complete' ready state.
2025-06-27 17:18:42 - gst_automation - INFO - Successfully sent text to ('id', 'bnm').
2025-06-27 17:18:42 - gst_automation - INFO - Document is in 'complete' ready state.
2025-06-27 17:18:42 - gst_automation - INFO - Successfully sent text to ('id', 'pan_card').
2025-06-27 17:18:42 - gst_automation - INFO - Document is in 'complete' ready state.
2025-06-27 17:18:42 - gst_automation - INFO - Successfully sent text to ('id', 'email').
2025-06-27 17:18:42 - gst_automation - INFO - Document is in 'complete' ready state.
2025-06-27 17:18:42 - gst_automation - INFO - Successfully sent text to ('id', 'mobile').
2025-06-27 17:18:42 - gst_automation - INFO - Document is in 'complete' ready state.
2025-06-27 17:18:42 - gst_automation - INFO - Solving captcha via TrueCaptcha API...
2025-06-27 17:18:42 - gst_automation - INFO - Found captcha image element with ID 'imgCaptcha'.
2025-06-27 17:18:44 - gst_automation - INFO - CAPTCHA solved by API: 411934
2025-06-27 17:18:44 - gst_automation - INFO - Document is in 'complete' ready state.
2025-06-27 17:18:44 - gst_automation - INFO - Successfully sent text to ('id', 'captcha').
2025-06-27 17:18:44 - gst_automation - INFO - CAPTCHA text entered successfully.
2025-06-27 17:18:44 - gst_automation - INFO - Document is in 'complete' ready state.
2025-06-27 17:18:44 - gst_automation - INFO - Successfully clicked ('xpath', '/html/body/div[2]/div[2]/div/div[2]/div/form/div[2]/div/div[2]/div/button').
2025-06-27 17:18:44 - gst_automation - INFO - Document is in 'complete' ready state.
2025-06-27 17:18:44 - gst_automation - INFO - Polling for mobile_otp from OTP server (timeout: 120s)...
2025-06-27 17:19:02 - gst_automation - INFO - OTP '129315' received for type 'mobile_otp'!
2025-06-27 17:23:44 - gst_automation - INFO - Document is in 'complete' ready state.
2025-06-27 17:23:44 - gst_automation - INFO - Successfully clicked ('xpath', "//*[text()='Taxpayer']").
2025-06-27 17:23:44 - gst_automation - INFO - Document is in 'complete' ready state.
2025-06-27 17:23:44 - gst_automation - INFO - Successfully clicked ('xpath', "//*[text()='Delhi']").
2025-06-27 17:23:46 - gst_automation - INFO - Document is in 'complete' ready state.
2025-06-27 17:23:46 - gst_automation - INFO - Successfully clicked ('xpath', "//*[text()='South West Delhi']").
2025-06-27 17:23:46 - gst_automation - INFO - Document is in 'complete' ready state.
2025-06-27 17:23:46 - gst_automation - INFO - Successfully sent text to ('id', 'bnm').
2025-06-27 17:23:46 - gst_automation - INFO - Document is in 'complete' ready state.
2025-06-27 17:23:46 - gst_automation - INFO - Successfully sent text to ('id', 'pan_card').
2025-06-27 17:23:46 - gst_automation - INFO - Document is in 'complete' ready state.
2025-06-27 17:23:46 - gst_automation - INFO - Successfully sent text to ('id', 'email').
2025-06-27 17:23:46 - gst_automation - INFO - Document is in 'complete' ready state.
2025-06-27 17:23:46 - gst_automation - INFO - Successfully sent text to ('id', 'mobile').
2025-06-27 17:23:46 - gst_automation - INFO - Document is in 'complete' ready state.
2025-06-27 17:23:46 - gst_automation - INFO - Solving captcha via TrueCaptcha API...
2025-06-27 17:23:46 - gst_automation - INFO - Found captcha image element with ID 'imgCaptcha'.
2025-06-27 17:23:49 - gst_automation - INFO - CAPTCHA solved by API: 708308
2025-06-27 17:23:49 - gst_automation - INFO - Document is in 'complete' ready state.
2025-06-27 17:23:49 - gst_automation - INFO - Successfully sent text to ('id', 'captcha').
2025-06-27 17:23:49 - gst_automation - INFO - CAPTCHA text entered successfully.
2025-06-27 17:23:49 - gst_automation - INFO - Document is in 'complete' ready state.
2025-06-27 17:23:49 - gst_automation - INFO - Successfully clicked ('xpath', '/html/body/div[2]/div[2]/div/div[2]/div/form/div[2]/div/div[2]/div/button').
2025-06-27 17:23:49 - gst_automation - INFO - Document is in 'complete' ready state.
2025-06-27 17:23:49 - gst_automation - INFO - Polling for mobile_otp from OTP server (timeout: 120s)...
2025-06-27 17:24:25 - gst_automation - INFO - OTP '922565' received for type 'mobile_otp'!
2025-06-27 17:24:25 - gst_automation - INFO - Document is in 'complete' ready state.
2025-06-27 17:24:25 - gst_automation - INFO - Successfully sent text to ('id', 'mobile_otp').
2025-06-27 17:27:36 - gst_automation - INFO - Document is in 'complete' ready state.
2025-06-27 17:27:36 - gst_automation - INFO - Successfully clicked ('xpath', "//*[text()='Taxpayer']").
2025-06-27 17:27:36 - gst_automation - INFO - Document is in 'complete' ready state.
2025-06-27 17:27:36 - gst_automation - INFO - Successfully clicked ('xpath', "//*[text()='Delhi']").
2025-06-27 17:27:38 - gst_automation - INFO - Document is in 'complete' ready state.
2025-06-27 17:27:39 - gst_automation - INFO - Successfully clicked ('xpath', "//*[text()='South West Delhi']").
2025-06-27 17:27:39 - gst_automation - INFO - Document is in 'complete' ready state.
2025-06-27 17:27:39 - gst_automation - INFO - Successfully sent text to ('id', 'bnm').
2025-06-27 17:27:39 - gst_automation - INFO - Document is in 'complete' ready state.
2025-06-27 17:27:39 - gst_automation - INFO - Successfully sent text to ('id', 'pan_card').
2025-06-27 17:27:39 - gst_automation - INFO - Document is in 'complete' ready state.
2025-06-27 17:27:39 - gst_automation - INFO - Successfully sent text to ('id', 'email').
2025-06-27 17:27:39 - gst_automation - INFO - Document is in 'complete' ready state.
2025-06-27 17:27:39 - gst_automation - INFO - Successfully sent text to ('id', 'mobile').
2025-06-27 17:27:39 - gst_automation - INFO - Document is in 'complete' ready state.
2025-06-27 17:27:39 - gst_automation - INFO - Solving captcha via TrueCaptcha API...
2025-06-27 17:27:39 - gst_automation - INFO - Found captcha image element with ID 'imgCaptcha'.
2025-06-27 17:27:41 - gst_automation - INFO - CAPTCHA solved by API: 535522
2025-06-27 17:27:41 - gst_automation - INFO - Document is in 'complete' ready state.
2025-06-27 17:27:41 - gst_automation - INFO - Successfully sent text to ('id', 'captcha').
2025-06-27 17:27:41 - gst_automation - INFO - CAPTCHA text entered successfully.
2025-06-27 17:27:41 - gst_automation - INFO - Document is in 'complete' ready state.
2025-06-27 17:27:41 - gst_automation - INFO - Successfully clicked ('xpath', '/html/body/div[2]/div[2]/div/div[2]/div/form/div[2]/div/div[2]/div/button').
2025-06-27 17:27:41 - gst_automation - INFO - Document is in 'complete' ready state.
2025-06-27 17:27:41 - gst_automation - INFO - Polling for mobile_otp from OTP server (timeout: 120s)...
2025-06-27 17:28:35 - gst_automation - WARNING - Could not connect to OTP server. Retrying...
2025-06-27 17:28:38 - gst_automation - WARNING - Could not connect to OTP server. Retrying...
2025-06-27 17:29:07 - gst_automation - INFO - Document is in 'complete' ready state.
2025-06-27 17:29:08 - gst_automation - INFO - Successfully clicked ('xpath', "//*[text()='Taxpayer']").
2025-06-27 17:29:08 - gst_automation - INFO - Document is in 'complete' ready state.
2025-06-27 17:29:08 - gst_automation - INFO - Successfully clicked ('xpath', "//*[text()='Delhi']").
2025-06-27 17:29:10 - gst_automation - INFO - Document is in 'complete' ready state.
2025-06-27 17:29:10 - gst_automation - INFO - Successfully clicked ('xpath', "//*[text()='South West Delhi']").
2025-06-27 17:29:10 - gst_automation - INFO - Document is in 'complete' ready state.
2025-06-27 17:29:10 - gst_automation - INFO - Successfully sent text to ('id', 'bnm').
2025-06-27 17:29:10 - gst_automation - INFO - Document is in 'complete' ready state.
2025-06-27 17:29:10 - gst_automation - INFO - Successfully sent text to ('id', 'pan_card').
2025-06-27 17:29:10 - gst_automation - INFO - Document is in 'complete' ready state.
2025-06-27 17:29:10 - gst_automation - INFO - Successfully sent text to ('id', 'email').
2025-06-27 17:29:10 - gst_automation - INFO - Document is in 'complete' ready state.
2025-06-27 17:29:10 - gst_automation - INFO - Successfully sent text to ('id', 'mobile').
2025-06-27 17:29:11 - gst_automation - INFO - Document is in 'complete' ready state.
2025-06-27 17:29:11 - gst_automation - INFO - Solving captcha via TrueCaptcha API...
2025-06-27 17:29:11 - gst_automation - INFO - Found captcha image element with ID 'imgCaptcha'.
2025-06-27 17:29:12 - gst_automation - INFO - CAPTCHA solved by API: 871861
2025-06-27 17:29:12 - gst_automation - INFO - Document is in 'complete' ready state.
2025-06-27 17:29:12 - gst_automation - INFO - Successfully sent text to ('id', 'captcha').
2025-06-27 17:29:12 - gst_automation - INFO - CAPTCHA text entered successfully.
2025-06-27 17:29:12 - gst_automation - INFO - Document is in 'complete' ready state.
2025-06-27 17:29:13 - gst_automation - INFO - Successfully clicked ('xpath', '/html/body/div[2]/div[2]/div/div[2]/div/form/div[2]/div/div[2]/div/button').
2025-06-27 17:29:13 - gst_automation - INFO - Document is in 'complete' ready state.
2025-06-27 17:29:13 - gst_automation - INFO - Polling for mobile_otp from OTP server (timeout: 120s)...
2025-06-27 17:29:34 - gst_automation - INFO - OTP '552141' received for type 'mobile_otp'!
2025-06-27 17:29:34 - gst_automation - INFO - Document is in 'complete' ready state.
2025-06-27 17:29:34 - gst_automation - INFO - Successfully sent text to ('id', 'mobile_otp').
2025-06-27 17:29:34 - gst_automation - INFO - Document is in 'complete' ready state.
2025-06-27 17:29:34 - gst_automation - INFO - Polling for email_otp from OTP server (timeout: 120s)...
2025-06-27 17:31:31 - gst_automation - WARNING - Could not connect to OTP server. Retrying...
2025-06-27 17:31:59 - gst_automation - INFO - Document is in 'complete' ready state.
2025-06-27 17:31:59 - gst_automation - INFO - Successfully clicked ('xpath', "//*[text()='Taxpayer']").
2025-06-27 17:31:59 - gst_automation - INFO - Document is in 'complete' ready state.
2025-06-27 17:31:59 - gst_automation - INFO - Successfully clicked ('xpath', "//*[text()='Delhi']").
2025-06-27 17:32:01 - gst_automation - INFO - Document is in 'complete' ready state.
2025-06-27 17:32:01 - gst_automation - INFO - Successfully clicked ('xpath', "//*[text()='South West Delhi']").
2025-06-27 17:32:02 - gst_automation - INFO - Document is in 'complete' ready state.
2025-06-27 17:32:02 - gst_automation - INFO - Successfully sent text to ('id', 'bnm').
2025-06-27 17:32:02 - gst_automation - INFO - Document is in 'complete' ready state.
2025-06-27 17:32:02 - gst_automation - INFO - Successfully sent text to ('id', 'pan_card').
2025-06-27 17:32:02 - gst_automation - INFO - Document is in 'complete' ready state.
2025-06-27 17:32:02 - gst_automation - INFO - Successfully sent text to ('id', 'email').
2025-06-27 17:32:02 - gst_automation - INFO - Document is in 'complete' ready state.
2025-06-27 17:32:02 - gst_automation - INFO - Successfully sent text to ('id', 'mobile').
2025-06-27 17:32:02 - gst_automation - INFO - Document is in 'complete' ready state.
2025-06-27 17:32:02 - gst_automation - INFO - Solving captcha via TrueCaptcha API...
2025-06-27 17:32:02 - gst_automation - INFO - Found captcha image element with ID 'imgCaptcha'.
2025-06-27 17:32:04 - gst_automation - INFO - CAPTCHA solved by API: 910605
2025-06-27 17:32:04 - gst_automation - INFO - Document is in 'complete' ready state.
2025-06-27 17:32:04 - gst_automation - INFO - Successfully sent text to ('id', 'captcha').
2025-06-27 17:32:04 - gst_automation - INFO - CAPTCHA text entered successfully.
2025-06-27 17:32:04 - gst_automation - INFO - Document is in 'complete' ready state.
2025-06-27 17:32:04 - gst_automation - INFO - Successfully clicked ('xpath', '/html/body/div[2]/div[2]/div/div[2]/div/form/div[2]/div/div[2]/div/button').
2025-06-27 17:32:04 - gst_automation - INFO - Document is in 'complete' ready state.
2025-06-27 17:32:04 - gst_automation - INFO - Polling for mobile_otp from OTP server (timeout: 120s)...
2025-06-27 17:32:22 - gst_automation - INFO - OTP '464069' received for type 'mobile_otp'!
2025-06-27 17:32:22 - gst_automation - INFO - Document is in 'complete' ready state.
2025-06-27 17:32:22 - gst_automation - INFO - Successfully sent text to ('id', 'mobile_otp').
2025-06-27 17:32:22 - gst_automation - INFO - Document is in 'complete' ready state.
2025-06-27 17:32:22 - gst_automation - INFO - Polling for email_otp from OTP server (timeout: 120s)...
2025-06-27 17:32:55 - gst_automation - INFO - OTP '639615' received for type 'email_otp'!
2025-06-27 17:32:55 - gst_automation - INFO - Document is in 'complete' ready state.
2025-06-27 17:33:25 - gst_automation - ERROR - Element ('id', 'email_otp') not visible within 30s.
2025-06-27 17:37:41 - gst_automation - INFO - Document is in 'complete' ready state.
2025-06-27 17:37:41 - gst_automation - INFO - Successfully clicked ('xpath', "//*[text()='Taxpayer']").
2025-06-27 17:37:41 - gst_automation - INFO - Document is in 'complete' ready state.
2025-06-27 17:37:42 - gst_automation - INFO - Successfully clicked ('xpath', "//*[text()='Delhi']").
2025-06-27 17:37:44 - gst_automation - INFO - Document is in 'complete' ready state.
2025-06-27 17:37:44 - gst_automation - INFO - Successfully clicked ('xpath', "//*[text()='South West Delhi']").
2025-06-27 17:37:44 - gst_automation - INFO - Document is in 'complete' ready state.
2025-06-27 17:37:44 - gst_automation - INFO - Successfully sent text to ('id', 'bnm').
2025-06-27 17:37:44 - gst_automation - INFO - Document is in 'complete' ready state.
2025-06-27 17:37:44 - gst_automation - INFO - Successfully sent text to ('id', 'pan_card').
2025-06-27 17:37:44 - gst_automation - INFO - Document is in 'complete' ready state.
2025-06-27 17:37:44 - gst_automation - INFO - Successfully sent text to ('id', 'email').
2025-06-27 17:37:44 - gst_automation - INFO - Document is in 'complete' ready state.
2025-06-27 17:37:44 - gst_automation - INFO - Successfully sent text to ('id', 'mobile').
2025-06-27 17:37:44 - gst_automation - INFO - Document is in 'complete' ready state.
2025-06-27 17:37:44 - gst_automation - INFO - Solving captcha via TrueCaptcha API...
2025-06-27 17:37:44 - gst_automation - INFO - Found captcha image element with ID 'imgCaptcha'.
2025-06-27 17:37:46 - gst_automation - INFO - CAPTCHA solved by API: 297648
2025-06-27 17:37:46 - gst_automation - INFO - Document is in 'complete' ready state.
2025-06-27 17:37:46 - gst_automation - INFO - Successfully sent text to ('id', 'captcha').
2025-06-27 17:37:46 - gst_automation - INFO - CAPTCHA text entered successfully.
2025-06-27 17:37:46 - gst_automation - INFO - Document is in 'complete' ready state.
2025-06-27 17:37:46 - gst_automation - INFO - Successfully clicked ('xpath', '/html/body/div[2]/div[2]/div/div[2]/div/form/div[2]/div/div[2]/div/button').
2025-06-27 17:37:46 - gst_automation - INFO - Document is in 'complete' ready state.
2025-06-27 17:37:46 - gst_automation - INFO - Polling for mobile_otp from OTP server (timeout: 120s)...
