2025-06-27 10:17:27 - gst_automation - INFO - Document is in 'complete' ready state.
2025-06-27 10:17:49 - gst_automation - INFO - Document is in 'complete' ready state.
2025-06-27 10:22:19 - gst_automation - INFO - Document is in 'complete' ready state.
2025-06-27 10:22:20 - gst_automation - INFO - Successfully clicked ('xpath', "//*[@id='applnType']").
2025-06-27 10:23:50 - gst_automation - INFO - Document is in 'complete' ready state.
2025-06-27 10:23:51 - gst_automation - INFO - Successfully clicked ('xpath', "//*[text()='Taxpayer']").
2025-06-27 10:24:06 - gst_automation - INFO - Document is in 'complete' ready state.
2025-06-27 10:24:06 - gst_automation - INFO - Successfully clicked ('xpath', "//*[@id='applnType']").
2025-06-27 10:24:11 - gst_automation - INFO - Document is in 'complete' ready state.
2025-06-27 10:24:11 - gst_automation - INFO - Successfully clicked ('xpath', "//*[@id='applnType']").
2025-06-27 10:25:01 - gst_automation - INFO - Document is in 'complete' ready state.
2025-06-27 10:25:01 - gst_automation - INFO - Successfully clicked ('xpath', "//*[@id='applnType']").
2025-06-27 10:25:01 - gst_automation - INFO - Document is in 'complete' ready state.
2025-06-27 10:26:29 - gst_automation - INFO - Document is in 'complete' ready state.
2025-06-27 10:26:29 - gst_automation - INFO - Successfully clicked ('xpath', "//*[text()='Taxpayer']").
2025-06-27 10:28:54 - gst_automation - INFO - Document is in 'complete' ready state.
2025-06-27 10:29:17 - gst_automation - INFO - Document is in 'complete' ready state.
2025-06-27 10:29:18 - gst_automation - INFO - Successfully clicked ('xpath', "//*[text()='Taxpayer']").
2025-06-27 10:29:18 - gst_automation - INFO - Document is in 'complete' ready state.
2025-06-27 10:29:18 - gst_automation - INFO - Successfully clicked ('xpath', "//*[text()='Assam']").
2025-06-27 10:29:26 - gst_automation - INFO - Document is in 'complete' ready state.
2025-06-27 10:29:27 - gst_automation - INFO - Successfully clicked ('xpath', "//*[text()='Taxpayer']").
2025-06-27 10:29:27 - gst_automation - INFO - Document is in 'complete' ready state.
2025-06-27 10:29:27 - gst_automation - INFO - Successfully clicked ('xpath', "//*[text()='Assam']").
2025-06-27 10:33:51 - gst_automation - INFO - Document is in 'complete' ready state.
2025-06-27 10:33:51 - gst_automation - INFO - Successfully clicked ('xpath', "//*[text()='Taxpayer']").
2025-06-27 10:33:51 - gst_automation - INFO - Document is in 'complete' ready state.
2025-06-27 10:33:51 - gst_automation - INFO - Successfully clicked ('xpath', "//*[text()='Delhi']").
2025-06-27 10:33:51 - gst_automation - INFO - Document is in 'complete' ready state.
2025-06-27 10:34:06 - gst_automation - ERROR - Element ('xpath', "//*[text()='']") not clickable within 15s.
2025-06-27 10:34:20 - gst_automation - INFO - Document is in 'complete' ready state.
2025-06-27 10:34:20 - gst_automation - INFO - Successfully clicked ('xpath', "//*[text()='Taxpayer']").
2025-06-27 10:34:20 - gst_automation - INFO - Document is in 'complete' ready state.
2025-06-27 10:34:20 - gst_automation - INFO - Successfully clicked ('xpath', "//*[text()='Delhi']").
2025-06-27 10:34:20 - gst_automation - INFO - Document is in 'complete' ready state.
2025-06-27 10:34:21 - gst_automation - INFO - Successfully clicked ('xpath', "//*[text()='South West Delhi']").
2025-06-27 10:35:24 - gst_automation - INFO - Document is in 'complete' ready state.
2025-06-27 10:35:24 - gst_automation - INFO - Successfully sent text to ('id', 'pan_card').
2025-06-27 10:35:36 - gst_automation - INFO - Document is in 'complete' ready state.
2025-06-27 10:35:36 - gst_automation - INFO - Successfully sent text to ('id', 'pan_card').
2025-06-27 10:40:48 - gst_automation - INFO - Document is in 'complete' ready state.
2025-06-27 10:40:48 - gst_automation - INFO - Successfully sent text to ('id', 'pan_card').
2025-06-27 10:40:57 - gst_automation - INFO - Document is in 'complete' ready state.
2025-06-27 10:40:57 - gst_automation - INFO - Successfully sent text to ('id', 'pan_card').
2025-06-27 10:45:32 - gst_automation - INFO - Document is in 'complete' ready state.
2025-06-27 10:45:32 - gst_automation - INFO - Successfully sent text to ('id', 'bnm').
2025-06-27 10:45:32 - gst_automation - INFO - Document is in 'complete' ready state.
2025-06-27 10:45:32 - gst_automation - INFO - Successfully sent text to ('id', 'pan_card').
2025-06-27 10:46:17 - gst_automation - INFO - Document is in 'complete' ready state.
2025-06-27 10:46:17 - gst_automation - INFO - Successfully sent text to ('id', 'bnm').
2025-06-27 10:46:17 - gst_automation - INFO - Document is in 'complete' ready state.
2025-06-27 10:46:17 - gst_automation - INFO - Successfully sent text to ('id', 'pan_card').
2025-06-27 10:47:25 - gst_automation - INFO - Document is in 'complete' ready state.
2025-06-27 10:47:25 - gst_automation - INFO - Successfully sent text to ('id', 'email').
2025-06-27 10:48:26 - gst_automation - INFO - Document is in 'complete' ready state.
2025-06-27 10:48:26 - gst_automation - INFO - Successfully sent text to ('id', 'mobile').
2025-06-27 10:59:01 - gst_automation - INFO - Document is in 'complete' ready state.
2025-06-27 10:59:01 - gst_automation - INFO - Solving captcha via TrueCaptcha API...
2025-06-27 11:05:21 - gst_automation - INFO - --- Starting Initial Login CAPTCHA: Attempt 1/3 ---
2025-06-27 11:05:21 - gst_automation - INFO - Document is in 'complete' ready state.
2025-06-27 11:05:21 - gst_automation - INFO - Solving captcha via TrueCaptcha API...
2025-06-27 11:06:12 - gst_automation - INFO - --- Starting Initial Login CAPTCHA: Attempt 1/3 ---
2025-06-27 11:06:12 - gst_automation - INFO - Document is in 'complete' ready state.
2025-06-27 11:06:12 - gst_automation - INFO - Solving captcha via TrueCaptcha API...
2025-06-27 11:06:31 - gst_automation - INFO - --- Starting Initial Login CAPTCHA: Attempt 1/3 ---
2025-06-27 11:06:31 - gst_automation - INFO - Document is in 'complete' ready state.
2025-06-27 11:06:31 - gst_automation - INFO - Solving captcha via TrueCaptcha API...
2025-06-27 11:06:47 - gst_automation - WARNING - Caught exception during Initial Login CAPTCHA attempt 1: TimeoutException. Retrying...
2025-06-27 11:06:49 - gst_automation - INFO - --- Starting Initial Login CAPTCHA: Attempt 2/3 ---
2025-06-27 11:06:49 - gst_automation - INFO - Document is in 'complete' ready state.
2025-06-27 11:06:49 - gst_automation - INFO - Solving captcha via TrueCaptcha API...
2025-06-27 11:07:04 - gst_automation - WARNING - Caught exception during Initial Login CAPTCHA attempt 2: TimeoutException. Retrying...
2025-06-27 11:07:06 - gst_automation - INFO - --- Starting Initial Login CAPTCHA: Attempt 3/3 ---
2025-06-27 11:07:06 - gst_automation - INFO - Document is in 'complete' ready state.
2025-06-27 11:07:06 - gst_automation - INFO - Solving captcha via TrueCaptcha API...
2025-06-27 11:07:21 - gst_automation - WARNING - Caught exception during Initial Login CAPTCHA attempt 3: TimeoutException. Retrying...
2025-06-27 11:07:23 - gst_automation - CRITICAL - FINAL FAILURE: Initial Login CAPTCHA failed after 3 attempts.
2025-06-27 11:07:23 - gst_automation - INFO - Saved error screenshot to: error_Initial Login CAPTCHA_20250627-110723.png
2025-06-27 11:35:28 - gst_automation - INFO - Document is in 'complete' ready state.
2025-06-27 11:35:28 - gst_automation - INFO - Successfully clicked ('xpath', "//*[text()='Taxpayer']").
2025-06-27 11:35:31 - gst_automation - INFO - Document is in 'complete' ready state.
2025-06-27 11:35:31 - gst_automation - INFO - Successfully clicked ('xpath', "//*[text()='Taxpayer']").
2025-06-27 11:35:31 - gst_automation - INFO - Document is in 'complete' ready state.
2025-06-27 11:35:31 - gst_automation - INFO - Successfully clicked ('xpath', "//*[text()='Delhi']").
2025-06-27 11:35:31 - gst_automation - INFO - Document is in 'complete' ready state.
2025-06-27 11:36:12 - gst_automation - INFO - Document is in 'complete' ready state.
2025-06-27 11:36:12 - gst_automation - INFO - Successfully clicked ('xpath', "//*[text()='Taxpayer']").
2025-06-27 11:36:12 - gst_automation - INFO - Document is in 'complete' ready state.
2025-06-27 11:36:12 - gst_automation - INFO - Successfully clicked ('xpath', "//*[text()='Delhi']").
2025-06-27 11:36:12 - gst_automation - INFO - Document is in 'complete' ready state.
2025-06-27 11:36:12 - gst_automation - INFO - Successfully clicked ('xpath', "//*[text()='South West Delhi']").
2025-06-27 11:36:18 - gst_automation - INFO - Document is in 'complete' ready state.
2025-06-27 11:36:18 - gst_automation - INFO - Successfully sent text to ('id', 'bnm').
2025-06-27 11:36:18 - gst_automation - INFO - Document is in 'complete' ready state.
2025-06-27 11:36:18 - gst_automation - INFO - Successfully sent text to ('id', 'pan_card').
2025-06-27 11:36:21 - gst_automation - INFO - Document is in 'complete' ready state.
2025-06-27 11:36:21 - gst_automation - INFO - Successfully sent text to ('id', 'email').
2025-06-27 11:36:26 - gst_automation - INFO - Document is in 'complete' ready state.
2025-06-27 11:36:26 - gst_automation - INFO - Successfully sent text to ('id', 'mobile').
2025-06-27 11:36:28 - gst_automation - INFO - --- Starting Initial Login CAPTCHA: Attempt 1/3 ---
2025-06-27 11:36:28 - gst_automation - INFO - Document is in 'complete' ready state.
2025-06-27 11:36:28 - gst_automation - INFO - Solving captcha via TrueCaptcha API...
2025-06-27 11:36:44 - gst_automation - WARNING - Caught exception during Initial Login CAPTCHA attempt 1: TimeoutException. Retrying...
2025-06-27 11:36:46 - gst_automation - INFO - --- Starting Initial Login CAPTCHA: Attempt 2/3 ---
2025-06-27 11:36:46 - gst_automation - INFO - Document is in 'complete' ready state.
2025-06-27 11:36:46 - gst_automation - INFO - Solving captcha via TrueCaptcha API...
2025-06-27 11:37:01 - gst_automation - WARNING - Caught exception during Initial Login CAPTCHA attempt 2: TimeoutException. Retrying...
2025-06-27 11:37:03 - gst_automation - INFO - --- Starting Initial Login CAPTCHA: Attempt 3/3 ---
2025-06-27 11:37:03 - gst_automation - INFO - Document is in 'complete' ready state.
2025-06-27 11:37:03 - gst_automation - INFO - Solving captcha via TrueCaptcha API...
2025-06-27 12:04:36 - gst_automation - INFO - Document is in 'complete' ready state.
2025-06-27 12:04:36 - gst_automation - INFO - Successfully clicked ('xpath', "//*[text()='Taxpayer']").
2025-06-27 12:04:36 - gst_automation - INFO - Document is in 'complete' ready state.
2025-06-27 12:04:36 - gst_automation - INFO - Successfully clicked ('xpath', "//*[text()='Taxpayer']").
2025-06-27 12:04:36 - gst_automation - INFO - Document is in 'complete' ready state.
2025-06-27 12:04:36 - gst_automation - INFO - Successfully clicked ('xpath', "//*[text()='Delhi']").
2025-06-27 12:04:36 - gst_automation - INFO - Document is in 'complete' ready state.
2025-06-27 12:06:15 - gst_automation - INFO - Document is in 'complete' ready state.
2025-06-27 12:06:15 - gst_automation - INFO - Successfully clicked ('xpath', "//*[text()='Taxpayer']").
2025-06-27 12:06:16 - gst_automation - INFO - Document is in 'complete' ready state.
2025-06-27 12:06:16 - gst_automation - INFO - Successfully clicked ('xpath', "//*[text()='Taxpayer']").
2025-06-27 12:06:17 - gst_automation - INFO - Document is in 'complete' ready state.
2025-06-27 12:06:17 - gst_automation - INFO - Successfully clicked ('xpath', "//*[text()='Delhi']").
2025-06-27 12:06:18 - gst_automation - INFO - Document is in 'complete' ready state.
2025-06-27 12:06:19 - gst_automation - INFO - Successfully clicked ('xpath', "//*[text()='South West Delhi']").
2025-06-27 12:06:19 - gst_automation - INFO - Document is in 'complete' ready state.
2025-06-27 12:06:19 - gst_automation - INFO - Successfully sent text to ('id', 'bnm').
2025-06-27 12:06:19 - gst_automation - INFO - Document is in 'complete' ready state.
2025-06-27 12:06:19 - gst_automation - INFO - Successfully sent text to ('id', 'pan_card').
2025-06-27 12:06:19 - gst_automation - INFO - Document is in 'complete' ready state.
2025-06-27 12:06:19 - gst_automation - INFO - Successfully sent text to ('id', 'email').
2025-06-27 12:06:19 - gst_automation - INFO - Document is in 'complete' ready state.
2025-06-27 12:06:19 - gst_automation - INFO - Successfully sent text to ('id', 'mobile').
2025-06-27 12:06:19 - gst_automation - INFO - --- Starting Initial Login CAPTCHA: Attempt 1/3 ---
2025-06-27 12:06:19 - gst_automation - INFO - Document is in 'complete' ready state.
2025-06-27 12:06:19 - gst_automation - INFO - Solving captcha via TrueCaptcha API...
2025-06-27 12:07:47 - gst_automation - INFO - --- Starting Initial Login CAPTCHA: Attempt 1/3 ---
2025-06-27 12:07:47 - gst_automation - WARNING - Caught exception during Initial Login CAPTCHA attempt 1: WebDriverException. Retrying...
2025-06-27 12:07:49 - gst_automation - INFO - --- Starting Initial Login CAPTCHA: Attempt 2/3 ---
2025-06-27 12:07:49 - gst_automation - WARNING - Caught exception during Initial Login CAPTCHA attempt 2: InvalidSessionIdException. Retrying...
2025-06-27 12:07:51 - gst_automation - INFO - --- Starting Initial Login CAPTCHA: Attempt 3/3 ---
2025-06-27 12:07:51 - gst_automation - WARNING - Caught exception during Initial Login CAPTCHA attempt 3: InvalidSessionIdException. Retrying...
2025-06-27 12:07:53 - gst_automation - CRITICAL - FINAL FAILURE: Initial Login CAPTCHA failed after 3 attempts.
2025-06-27 12:07:53 - gst_automation - ERROR - Failed to save screenshot: Message: Tried to run command without establishing a connection

2025-06-27 12:13:02 - gst_automation - INFO - Document is in 'complete' ready state.
2025-06-27 12:13:02 - gst_automation - INFO - Successfully clicked ('xpath', "//*[text()='Taxpayer']").
2025-06-27 12:13:03 - gst_automation - INFO - Document is in 'complete' ready state.
2025-06-27 12:13:03 - gst_automation - INFO - Successfully clicked ('xpath', "//*[text()='Taxpayer']").
2025-06-27 12:13:05 - gst_automation - INFO - Document is in 'complete' ready state.
2025-06-27 12:13:05 - gst_automation - INFO - Successfully clicked ('xpath', "//*[text()='Delhi']").
2025-06-27 12:13:06 - gst_automation - INFO - Document is in 'complete' ready state.
2025-06-27 12:13:06 - gst_automation - INFO - Successfully clicked ('xpath', "//*[text()='South West Delhi']").
2025-06-27 12:13:06 - gst_automation - INFO - Document is in 'complete' ready state.
2025-06-27 12:13:06 - gst_automation - INFO - Successfully sent text to ('id', 'bnm').
2025-06-27 12:13:06 - gst_automation - INFO - Document is in 'complete' ready state.
2025-06-27 12:13:06 - gst_automation - INFO - Successfully sent text to ('id', 'pan_card').
2025-06-27 12:13:06 - gst_automation - INFO - Document is in 'complete' ready state.
2025-06-27 12:13:06 - gst_automation - INFO - Successfully sent text to ('id', 'email').
2025-06-27 12:13:06 - gst_automation - INFO - Document is in 'complete' ready state.
2025-06-27 12:13:06 - gst_automation - INFO - Successfully sent text to ('id', 'mobile').
2025-06-27 12:13:06 - gst_automation - INFO - --- Starting Initial Login CAPTCHA: Attempt 1/3 ---
2025-06-27 12:13:06 - gst_automation - INFO - Document is in 'complete' ready state.
2025-06-27 12:13:06 - gst_automation - INFO - Solving captcha via TrueCaptcha API...
2025-06-27 12:13:21 - gst_automation - WARNING - Caught exception during Initial Login CAPTCHA attempt 1: TimeoutException. Retrying...
2025-06-27 12:13:23 - gst_automation - INFO - --- Starting Initial Login CAPTCHA: Attempt 2/3 ---
2025-06-27 12:13:23 - gst_automation - INFO - Document is in 'complete' ready state.
2025-06-27 12:13:23 - gst_automation - INFO - Solving captcha via TrueCaptcha API...
2025-06-27 12:13:39 - gst_automation - WARNING - Caught exception during Initial Login CAPTCHA attempt 2: TimeoutException. Retrying...
2025-06-27 12:13:41 - gst_automation - INFO - --- Starting Initial Login CAPTCHA: Attempt 3/3 ---
2025-06-27 12:13:41 - gst_automation - INFO - Document is in 'complete' ready state.
2025-06-27 12:13:41 - gst_automation - INFO - Solving captcha via TrueCaptcha API...
2025-06-27 12:13:56 - gst_automation - WARNING - Caught exception during Initial Login CAPTCHA attempt 3: TimeoutException. Retrying...
2025-06-27 12:13:58 - gst_automation - CRITICAL - FINAL FAILURE: Initial Login CAPTCHA failed after 3 attempts.
2025-06-27 12:13:58 - gst_automation - INFO - Saved error screenshot to: error_Initial Login CAPTCHA_20250627-121358.png
