2025-06-27 14:54:52 - gst_automation - INFO - Document is in 'complete' ready state.
2025-06-27 14:54:52 - gst_automation - INFO - Successfully clicked ('xpath', "//*[text()='Taxpayer']").
2025-06-27 14:54:52 - gst_automation - INFO - Document is in 'complete' ready state.
2025-06-27 14:54:52 - gst_automation - INFO - Successfully clicked ('xpath', "//*[text()='Delhi']").
2025-06-27 14:54:55 - gst_automation - INFO - Document is in 'complete' ready state.
2025-06-27 14:54:55 - gst_automation - INFO - Successfully clicked ('xpath', "//*[text()='South West Delhi']").
2025-06-27 14:54:55 - gst_automation - INFO - Document is in 'complete' ready state.
2025-06-27 14:54:55 - gst_automation - INFO - Successfully sent text to ('id', 'bnm').
2025-06-27 14:54:55 - gst_automation - INFO - Document is in 'complete' ready state.
2025-06-27 14:54:55 - gst_automation - INFO - Successfully sent text to ('id', 'pan_card').
2025-06-27 14:54:55 - gst_automation - INFO - Document is in 'complete' ready state.
2025-06-27 14:54:55 - gst_automation - INFO - Successfully sent text to ('id', 'email').
2025-06-27 14:54:55 - gst_automation - INFO - Document is in 'complete' ready state.
2025-06-27 14:54:55 - gst_automation - INFO - Successfully sent text to ('id', 'mobile').
2025-06-27 14:54:55 - gst_automation - INFO - Document is in 'complete' ready state.
2025-06-27 14:54:55 - gst_automation - INFO - Solving captcha via TrueCaptcha API...
2025-06-27 14:54:55 - gst_automation - INFO - Found captcha image element with ID 'imgCaptcha'.
2025-06-27 14:54:57 - gst_automation - INFO - CAPTCHA solved by API: 870607
2025-06-27 14:54:57 - gst_automation - INFO - Document is in 'complete' ready state.
2025-06-27 14:54:57 - gst_automation - INFO - Successfully sent text to ('id', 'captcha').
2025-06-27 14:54:57 - gst_automation - INFO - CAPTCHA text entered successfully.
2025-06-27 14:54:57 - gst_automation - INFO - Document is in 'complete' ready state.
2025-06-27 14:54:57 - gst_automation - INFO - Successfully clicked ('xpath', '/html/body/div[2]/div[2]/div/div[2]/div/form/div[2]/div/div[2]/div/button').
2025-06-27 14:54:57 - gst_automation - INFO - Document is in 'complete' ready state.
2025-06-27 14:54:57 - gst_automation - INFO - Polling for mobile from OTP server (timeout: 120s)...
2025-06-27 15:01:24 - gst_automation - INFO - Document is in 'complete' ready state.
2025-06-27 15:01:48 - gst_automation - INFO - Document is in 'complete' ready state.
2025-06-27 15:01:48 - gst_automation - INFO - Successfully clicked ('xpath', "//*[text()='Taxpayer']").
2025-06-27 15:01:48 - gst_automation - INFO - Document is in 'complete' ready state.
2025-06-27 15:01:48 - gst_automation - INFO - Successfully clicked ('xpath', "//*[text()='Delhi']").
2025-06-27 15:01:50 - gst_automation - INFO - Document is in 'complete' ready state.
2025-06-27 15:01:51 - gst_automation - INFO - Successfully clicked ('xpath', "//*[text()='South West Delhi']").
2025-06-27 15:01:51 - gst_automation - INFO - Document is in 'complete' ready state.
2025-06-27 15:01:51 - gst_automation - INFO - Successfully sent text to ('id', 'bnm').
2025-06-27 15:01:51 - gst_automation - INFO - Document is in 'complete' ready state.
2025-06-27 15:01:51 - gst_automation - INFO - Successfully sent text to ('id', 'pan_card').
2025-06-27 15:01:51 - gst_automation - INFO - Document is in 'complete' ready state.
2025-06-27 15:01:51 - gst_automation - INFO - Successfully sent text to ('id', 'email').
2025-06-27 15:01:51 - gst_automation - INFO - Document is in 'complete' ready state.
2025-06-27 15:01:51 - gst_automation - INFO - Successfully sent text to ('id', 'mobile').
2025-06-27 15:01:51 - gst_automation - INFO - Document is in 'complete' ready state.
2025-06-27 15:01:51 - gst_automation - INFO - Solving captcha via TrueCaptcha API...
2025-06-27 15:01:51 - gst_automation - INFO - Found captcha image element with ID 'imgCaptcha'.
2025-06-27 15:01:53 - gst_automation - INFO - CAPTCHA solved by API: 423776
2025-06-27 15:01:53 - gst_automation - INFO - Document is in 'complete' ready state.
2025-06-27 15:01:53 - gst_automation - INFO - Successfully sent text to ('id', 'captcha').
2025-06-27 15:01:53 - gst_automation - INFO - CAPTCHA text entered successfully.
2025-06-27 15:01:53 - gst_automation - INFO - Document is in 'complete' ready state.
2025-06-27 15:01:53 - gst_automation - INFO - Successfully clicked ('xpath', '/html/body/div[2]/div[2]/div/div[2]/div/form/div[2]/div/div[2]/div/button').
2025-06-27 15:01:53 - gst_automation - INFO - Document is in 'complete' ready state.
2025-06-27 15:01:53 - gst_automation - INFO - Polling for mobile from OTP server (timeout: 120s)...
2025-06-27 15:12:11 - gst_automation - INFO - Document is in 'complete' ready state.
2025-06-27 15:12:21 - gst_automation - INFO - Document is in 'complete' ready state.
2025-06-27 15:12:21 - gst_automation - INFO - Successfully clicked ('xpath', "//*[text()='Taxpayer']").
2025-06-27 15:12:21 - gst_automation - INFO - Document is in 'complete' ready state.
2025-06-27 15:12:21 - gst_automation - INFO - Successfully clicked ('xpath', "//*[text()='Delhi']").
2025-06-27 15:12:24 - gst_automation - INFO - Document is in 'complete' ready state.
2025-06-27 15:12:25 - gst_automation - INFO - Successfully clicked ('xpath', "//*[text()='South West Delhi']").
2025-06-27 15:12:25 - gst_automation - INFO - Document is in 'complete' ready state.
2025-06-27 15:12:25 - gst_automation - INFO - Successfully sent text to ('id', 'bnm').
2025-06-27 15:12:25 - gst_automation - INFO - Document is in 'complete' ready state.
2025-06-27 15:12:25 - gst_automation - INFO - Successfully sent text to ('id', 'pan_card').
2025-06-27 15:12:25 - gst_automation - INFO - Document is in 'complete' ready state.
2025-06-27 15:12:25 - gst_automation - INFO - Successfully sent text to ('id', 'email').
2025-06-27 15:12:25 - gst_automation - INFO - Document is in 'complete' ready state.
2025-06-27 15:12:25 - gst_automation - INFO - Successfully sent text to ('id', 'mobile').
2025-06-27 15:12:25 - gst_automation - INFO - Document is in 'complete' ready state.
2025-06-27 15:12:25 - gst_automation - INFO - Solving captcha via TrueCaptcha API...
2025-06-27 15:12:25 - gst_automation - INFO - Found captcha image element with ID 'imgCaptcha'.
2025-06-27 15:12:27 - gst_automation - INFO - CAPTCHA solved by API: 840855
2025-06-27 15:12:27 - gst_automation - INFO - Document is in 'complete' ready state.
2025-06-27 15:12:27 - gst_automation - INFO - Successfully sent text to ('id', 'captcha').
2025-06-27 15:12:27 - gst_automation - INFO - CAPTCHA text entered successfully.
2025-06-27 15:12:27 - gst_automation - INFO - Document is in 'complete' ready state.
2025-06-27 15:12:27 - gst_automation - INFO - Successfully clicked ('xpath', '/html/body/div[2]/div[2]/div/div[2]/div/form/div[2]/div/div[2]/div/button').
2025-06-27 15:12:27 - gst_automation - INFO - Document is in 'complete' ready state.
2025-06-27 15:12:27 - gst_automation - INFO - Polling for mobile from OTP server (timeout: 120s)...
