2025-06-27 15:47:01 - gst_automation - INFO - Document is in 'complete' ready state.
2025-06-27 15:47:01 - gst_automation - INFO - Successfully clicked ('xpath', "//*[text()='Taxpayer']").
2025-06-27 15:47:01 - gst_automation - INFO - Document is in 'complete' ready state.
2025-06-27 15:47:02 - gst_automation - INFO - Successfully clicked ('xpath', "//*[text()='Delhi']").
2025-06-27 15:47:04 - gst_automation - INFO - Document is in 'complete' ready state.
2025-06-27 15:47:04 - gst_automation - INFO - Successfully clicked ('xpath', "//*[text()='South West Delhi']").
2025-06-27 15:47:04 - gst_automation - INFO - Document is in 'complete' ready state.
2025-06-27 15:47:04 - gst_automation - INFO - Successfully sent text to ('id', 'bnm').
2025-06-27 15:47:04 - gst_automation - INFO - Document is in 'complete' ready state.
2025-06-27 15:47:04 - gst_automation - INFO - Successfully sent text to ('id', 'pan_card').
2025-06-27 15:47:04 - gst_automation - INFO - Document is in 'complete' ready state.
2025-06-27 15:47:04 - gst_automation - INFO - Successfully sent text to ('id', 'email').
2025-06-27 15:47:04 - gst_automation - INFO - Document is in 'complete' ready state.
2025-06-27 15:47:04 - gst_automation - INFO - Successfully sent text to ('id', 'mobile').
2025-06-27 15:47:04 - gst_automation - INFO - Document is in 'complete' ready state.
2025-06-27 15:47:04 - gst_automation - INFO - Solving captcha via TrueCaptcha API...
2025-06-27 15:47:04 - gst_automation - INFO - Found captcha image element with ID 'imgCaptcha'.
2025-06-27 15:47:06 - gst_automation - INFO - CAPTCHA solved by API: 569386
2025-06-27 15:47:06 - gst_automation - INFO - Document is in 'complete' ready state.
2025-06-27 15:47:06 - gst_automation - INFO - Successfully sent text to ('id', 'captcha').
2025-06-27 15:47:06 - gst_automation - INFO - CAPTCHA text entered successfully.
2025-06-27 15:47:06 - gst_automation - INFO - Document is in 'complete' ready state.
2025-06-27 15:47:06 - gst_automation - INFO - Successfully clicked ('xpath', '/html/body/div[2]/div[2]/div/div[2]/div/form/div[2]/div/div[2]/div/button').
2025-06-27 15:47:06 - gst_automation - INFO - Document is in 'complete' ready state.
2025-06-27 15:47:06 - gst_automation - INFO - Polling for mobile from OTP server (timeout: 120s)...
2025-06-27 15:48:12 - gst_automation - WARNING - Could not connect to OTP server. Retrying...
