2025-06-30 10:15:25 - gst_automation - INFO - Document is in 'complete' ready state.
2025-06-30 10:15:25 - gst_automation - INFO - Successfully clicked ('xpath', "//*[text()='Taxpayer']").
2025-06-30 10:15:25 - gst_automation - INFO - Document is in 'complete' ready state.
2025-06-30 10:15:26 - gst_automation - INFO - Successfully clicked ('xpath', "//*[text()='Delhi']").
2025-06-30 10:15:31 - gst_automation - INFO - Document is in 'complete' ready state.
2025-06-30 10:15:31 - gst_automation - INFO - Successfully clicked ('xpath', "//*[text()='South West Delhi']").
2025-06-30 10:15:31 - gst_automation - INFO - Document is in 'complete' ready state.
2025-06-30 10:15:31 - gst_automation - INFO - Successfully sent text to ('id', 'bnm').
2025-06-30 10:15:31 - gst_automation - INFO - Document is in 'complete' ready state.
2025-06-30 10:15:31 - gst_automation - INFO - Successfully sent text to ('id', 'pan_card').
2025-06-30 10:15:31 - gst_automation - INFO - Document is in 'complete' ready state.
2025-06-30 10:15:31 - gst_automation - INFO - Successfully sent text to ('id', 'email').
2025-06-30 10:15:31 - gst_automation - INFO - Document is in 'complete' ready state.
2025-06-30 10:15:31 - gst_automation - INFO - Successfully sent text to ('id', 'mobile').
2025-06-30 10:15:31 - gst_automation - INFO - Document is in 'complete' ready state.
2025-06-30 10:15:31 - gst_automation - INFO - Solving captcha via TrueCaptcha API...
2025-06-30 10:15:31 - gst_automation - INFO - Found captcha image element with ID 'imgCaptcha'.
2025-06-30 10:15:33 - gst_automation - INFO - CAPTCHA solved by API: 482642
2025-06-30 10:15:33 - gst_automation - INFO - Document is in 'complete' ready state.
2025-06-30 10:15:33 - gst_automation - INFO - Successfully sent text to ('id', 'captcha').
2025-06-30 10:15:33 - gst_automation - INFO - CAPTCHA text entered successfully.
2025-06-30 10:15:33 - gst_automation - INFO - Document is in 'complete' ready state.
2025-06-30 10:15:33 - gst_automation - INFO - Successfully clicked ('xpath', '/html/body/div[2]/div[2]/div/div[2]/div/form/div[2]/div/div[2]/div/button').
2025-06-30 10:15:33 - gst_automation - INFO - Document is in 'complete' ready state.
2025-06-30 10:15:33 - gst_automation - INFO - Polling for mobile_otp from OTP server (timeout: 120s)...
2025-06-30 10:15:51 - gst_automation - INFO - OTP '821344' received for type 'mobile_otp'!
2025-06-30 10:15:51 - gst_automation - INFO - Document is in 'complete' ready state.
2025-06-30 10:15:51 - gst_automation - INFO - Successfully sent text to ('id', 'mobile_otp').
2025-06-30 10:15:51 - gst_automation - INFO - Document is in 'complete' ready state.
2025-06-30 10:15:51 - gst_automation - INFO - Polling for email_otp from OTP server (timeout: 120s)...
2025-06-30 10:16:21 - gst_automation - INFO - OTP '189374' received for type 'email_otp'!
2025-06-30 10:16:21 - gst_automation - INFO - Document is in 'complete' ready state.
2025-06-30 10:16:21 - gst_automation - INFO - Successfully sent text to ('id', 'email-otp').
2025-06-30 10:16:23 - gst_automation - INFO - Document is in 'complete' ready state.
2025-06-30 10:16:23 - gst_automation - INFO - Successfully clicked ('xpath', '/html/body/div[2]/div[2]/div/div[2]/div/div[2]/div/form/div/div/button').
2025-06-30 10:16:29 - gst_automation - INFO - Document is in 'complete' ready state.
2025-06-30 10:16:29 - gst_automation - INFO - Successfully clicked ('xpath', '/html/body/div[2]/div[2]/div/div[2]/div/div[2]/div/div[2]/div/a').
2025-06-30 10:16:29 - gst_automation - INFO - Document is in 'complete' ready state.
2025-06-30 10:16:29 - gst_automation - INFO - Polling for trn from OTP server (timeout: 120s)...
2025-06-30 10:16:53 - gst_automation - INFO - OTP '072500182863TRN' received for type 'trn'!
2025-06-30 10:16:53 - gst_automation - INFO - Document is in 'complete' ready state.
2025-06-30 10:16:53 - gst_automation - INFO - Successfully sent text to ('id', 'trnno').
2025-06-30 10:16:53 - gst_automation - INFO - Document is in 'complete' ready state.
2025-06-30 10:16:53 - gst_automation - INFO - Solving captcha via TrueCaptcha API...
2025-06-30 10:16:53 - gst_automation - INFO - Found visible CAPTCHA image with ID 'imgCaptcha'.
2025-06-30 10:16:55 - gst_automation - INFO - CAPTCHA solved: 102343
2025-06-30 10:16:55 - gst_automation - INFO - Document is in 'complete' ready state.
2025-06-30 10:16:55 - gst_automation - INFO - Successfully sent text to ('id', 'captchatrn').
2025-06-30 10:16:55 - gst_automation - INFO - CAPTCHA entered successfully into input with ID 'captchatrn'.
2025-06-30 10:16:55 - gst_automation - INFO - Document is in 'complete' ready state.
2025-06-30 10:16:55 - gst_automation - INFO - Successfully clicked ('xpath', '/html/body/div[2]/div[2]/div/div[2]/div/form/div[2]/div/div[2]/div/button').
2025-06-30 10:16:55 - gst_automation - INFO - Document is in 'complete' ready state.
2025-06-30 10:16:55 - gst_automation - INFO - Polling for mobile_otp from OTP server (timeout: 120s)...
2025-06-30 10:17:13 - gst_automation - INFO - OTP '234597' received for type 'mobile_otp'!
2025-06-30 10:17:13 - gst_automation - INFO - Document is in 'complete' ready state.
2025-06-30 10:17:13 - gst_automation - INFO - Successfully sent text to ('id', 'mobile_otp').
2025-06-30 10:17:13 - gst_automation - INFO - Document is in 'complete' ready state.
2025-06-30 10:17:14 - gst_automation - INFO - Successfully clicked ('xpath', '/html/body/div[2]/div[2]/div/div[2]/div/div[2]/div/form/div/div/button').
2025-06-30 10:17:19 - gst_automation - INFO - Document is in 'complete' ready state.
2025-06-30 10:17:19 - gst_automation - INFO - Successfully clicked ('xpath', '/html/body/div[2]/div[1]/div/div[3]/div[2]/div/div/table/tbody/tr/td[6]/button').
2025-06-30 10:17:24 - gst_automation - INFO - Document is in 'complete' ready state.
2025-06-30 10:17:24 - gst_automation - INFO - Successfully sent text to ('id', 'tnm').
2025-06-30 10:17:26 - gst_automation - INFO - Document is in 'complete' ready state.
2025-06-30 10:17:26 - gst_automation - INFO - Successfully clicked ('xpath', "//*[text()='Others']").
2025-06-30 10:17:26 - gst_automation - INFO - Document is in 'complete' ready state.
2025-06-30 10:17:26 - gst_automation - INFO - Successfully sent text to ('id', 'bd_ConstBuss_oth').
2025-06-30 10:17:26 - gst_automation - INFO - Document is in 'complete' ready state.
2025-06-30 10:17:27 - gst_automation - INFO - Successfully clicked ('xpath', "//*[text()='Voluntary Basis']").
2025-06-30 10:17:27 - gst_automation - INFO - Document is in 'complete' ready state.
2025-06-30 10:17:27 - gst_automation - INFO - Successfully sent text to ('id', 'bd_cmbz').
2025-06-30 10:17:27 - gst_automation - INFO - Document is in 'complete' ready state.
2025-06-30 10:17:27 - gst_automation - INFO - Successfully clicked ('xpath', '/html/body/div[2]/div/div/div[3]/form/fieldset/div[1]/div[8]/div/div[1]/select/option[16]').
2025-06-30 10:17:27 - gst_automation - INFO - Document is in 'complete' ready state.
2025-06-30 10:17:27 - gst_automation - INFO - Successfully sent text to ('id', 'bd_othrReg').
2025-06-30 10:17:27 - gst_automation - INFO - Document is in 'complete' ready state.
2025-06-30 10:17:27 - gst_automation - INFO - Successfully sent text to ('id', 'exno').
2025-06-30 10:17:27 - gst_automation - INFO - Document is in 'complete' ready state.
2025-06-30 10:17:27 - gst_automation - INFO - Successfully sent text to ('id', 'exdt').
2025-06-30 10:17:27 - gst_automation - INFO - Document is in 'complete' ready state.
2025-06-30 10:17:27 - gst_automation - INFO - Successfully clicked ('xpath', '/html/body/div[2]/div/div/div[3]/form/fieldset/div[1]/div[8]/div/div[5]/button[1]').
2025-06-30 10:17:27 - gst_automation - INFO - Document is in 'complete' ready state.
2025-06-30 10:17:27 - gst_automation - INFO - Successfully clicked ('xpath', "//*[text()='Registration Certificate']").
2025-06-30 10:17:32 - gst_automation - INFO - Document is in 'complete' ready state.
2025-06-30 10:17:32 - gst_automation - INFO - Successfully clicked ('xpath', '/html/body/div[2]/div/div/div[3]/form/div/div/button[2]').
2025-06-30 10:17:32 - gst_automation - INFO - Filling details for promoter: Ashish Mehra
2025-06-30 10:17:32 - gst_automation - INFO - Document is in 'complete' ready state.
2025-06-30 10:17:32 - gst_automation - INFO - Successfully sent text to ('id', 'fnm').
2025-06-30 10:17:32 - gst_automation - INFO - Document is in 'complete' ready state.
2025-06-30 10:17:32 - gst_automation - INFO - Successfully sent text to ('id', 'pd_mname').
2025-06-30 10:17:32 - gst_automation - INFO - Document is in 'complete' ready state.
2025-06-30 10:17:32 - gst_automation - INFO - Successfully sent text to ('id', 'pd_lname').
2025-06-30 10:17:32 - gst_automation - INFO - Document is in 'complete' ready state.
2025-06-30 10:17:32 - gst_automation - INFO - Successfully sent text to ('id', 'ffname').
2025-06-30 10:17:32 - gst_automation - INFO - Document is in 'complete' ready state.
2025-06-30 10:17:32 - gst_automation - INFO - Successfully sent text to ('id', 'pd_fmname').
2025-06-30 10:17:32 - gst_automation - INFO - Document is in 'complete' ready state.
2025-06-30 10:17:32 - gst_automation - INFO - Successfully sent text to ('id', 'pd_flname').
2025-06-30 10:17:32 - gst_automation - INFO - Document is in 'complete' ready state.
2025-06-30 10:17:32 - gst_automation - INFO - Successfully sent text to ('id', 'dob').
2025-06-30 10:17:32 - gst_automation - INFO - Document is in 'complete' ready state.
2025-06-30 10:17:32 - gst_automation - INFO - Successfully sent text to ('id', 'mbno').
2025-06-30 10:17:32 - gst_automation - INFO - Document is in 'complete' ready state.
2025-06-30 10:17:32 - gst_automation - INFO - Successfully sent text to ('id', 'pd_email').
2025-06-30 10:17:32 - gst_automation - INFO - Document is in 'complete' ready state.
2025-06-30 10:17:32 - gst_automation - ERROR - An unexpected error occurred for Ashish: Message: Element <label> is not clickable at point (151,691) because another element <div class="dimmer-holder"> obscures it
Stacktrace:
RemoteError@chrome://remote/content/shared/RemoteError.sys.mjs:8:8
WebDriverError@chrome://remote/content/shared/webdriver/Errors.sys.mjs:199:5
ElementClickInterceptedError@chrome://remote/content/shared/webdriver/Errors.sys.mjs:351:5
webdriverClickElement@chrome://remote/content/marionette/interaction.sys.mjs:175:11
interaction.clickElement@chrome://remote/content/marionette/interaction.sys.mjs:134:11
clickElement@chrome://remote/content/marionette/actors/MarionetteCommandsChild.sys.mjs:297:29
receiveMessage@chrome://remote/content/marionette/actors/MarionetteCommandsChild.sys.mjs:180:31

2025-06-30 10:17:32 - gst_automation - INFO - All promoters processed. Clicking final Save & Continue button.
2025-06-30 10:17:52 - gst_automation - ERROR - Could not click the final 'Save & Continue' button on promoter page: Message: 
Stacktrace:
RemoteError@chrome://remote/content/shared/RemoteError.sys.mjs:8:8
WebDriverError@chrome://remote/content/shared/webdriver/Errors.sys.mjs:199:5
NoSuchElementError@chrome://remote/content/shared/webdriver/Errors.sys.mjs:552:5
dom.find/</<@chrome://remote/content/shared/DOM.sys.mjs:136:16

2025-06-30 10:17:52 - gst_automation - INFO - Document is in 'complete' ready state.
2025-06-30 10:25:04 - gst_automation - INFO - Filling details for promoter: Ashish Mehra
2025-06-30 10:25:04 - gst_automation - INFO - Document is in 'complete' ready state.
2025-06-30 10:25:04 - gst_automation - INFO - Successfully sent text to ('id', 'fnm').
2025-06-30 10:25:04 - gst_automation - INFO - Document is in 'complete' ready state.
2025-06-30 10:25:04 - gst_automation - INFO - Successfully sent text to ('id', 'pd_mname').
2025-06-30 10:25:04 - gst_automation - INFO - Document is in 'complete' ready state.
2025-06-30 10:25:04 - gst_automation - INFO - Successfully sent text to ('id', 'pd_lname').
2025-06-30 10:25:04 - gst_automation - INFO - Document is in 'complete' ready state.
2025-06-30 10:25:04 - gst_automation - INFO - Successfully sent text to ('id', 'ffname').
2025-06-30 10:25:04 - gst_automation - INFO - Document is in 'complete' ready state.
2025-06-30 10:25:04 - gst_automation - INFO - Successfully sent text to ('id', 'pd_fmname').
2025-06-30 10:25:04 - gst_automation - INFO - Document is in 'complete' ready state.
2025-06-30 10:25:04 - gst_automation - INFO - Successfully sent text to ('id', 'pd_flname').
2025-06-30 10:25:04 - gst_automation - INFO - Document is in 'complete' ready state.
2025-06-30 10:25:04 - gst_automation - INFO - Successfully sent text to ('id', 'dob').
2025-06-30 10:25:04 - gst_automation - INFO - Document is in 'complete' ready state.
2025-06-30 10:25:04 - gst_automation - INFO - Successfully sent text to ('id', 'mbno').
2025-06-30 10:25:04 - gst_automation - INFO - Document is in 'complete' ready state.
2025-06-30 10:25:04 - gst_automation - INFO - Successfully sent text to ('id', 'pd_email').
2025-06-30 10:25:04 - gst_automation - INFO - Document is in 'complete' ready state.
2025-06-30 10:25:04 - gst_automation - INFO - Successfully clicked ('css selector', 'div.tbl-format:nth-child(2) > div:nth-child(4) > div:nth-child(1) > div:nth-child(1) > fieldset:nth-child(1) > label:nth-child(3)').
2025-06-30 10:25:04 - gst_automation - INFO - Document is in 'complete' ready state.
2025-06-30 10:25:04 - gst_automation - INFO - Successfully sent text to ('id', 'dg').
2025-06-30 10:25:04 - gst_automation - INFO - Document is in 'complete' ready state.
2025-06-30 10:25:04 - gst_automation - INFO - Successfully sent text to ('id', 'din').
2025-06-30 10:25:04 - gst_automation - INFO - Document is in 'complete' ready state.
2025-06-30 10:25:04 - gst_automation - INFO - Successfully sent text to ('id', 'pan').
2025-06-30 10:25:04 - gst_automation - INFO - Document is in 'complete' ready state.
2025-06-30 10:25:04 - gst_automation - INFO - Successfully sent text to ('id', 'onMapSerachId').
2025-06-30 10:25:05 - gst_automation - INFO - Document is in 'complete' ready state.
2025-06-30 10:25:36 - gst_automation - ERROR - Element ('xpath', "//*[text()='474001']") not clickable within 30s.
2025-06-30 10:25:36 - gst_automation - ERROR - An unexpected error occurred for Ashish: Message: Failed to click ('xpath', "//*[text()='474001']") after 5 retries.

2025-06-30 10:25:36 - gst_automation - INFO - All promoters processed. Clicking final Save & Continue button.
2025-06-30 10:25:56 - gst_automation - ERROR - Could not click the final 'Save & Continue' button on promoter page: Message: 
Stacktrace:
RemoteError@chrome://remote/content/shared/RemoteError.sys.mjs:8:8
WebDriverError@chrome://remote/content/shared/webdriver/Errors.sys.mjs:199:5
NoSuchElementError@chrome://remote/content/shared/webdriver/Errors.sys.mjs:552:5
dom.find/</<@chrome://remote/content/shared/DOM.sys.mjs:136:16

