2025-06-28 17:26:10 - gst_automation - INFO - Document is in 'complete' ready state.
2025-06-28 17:26:19 - gst_automation - INFO - Document is in 'complete' ready state.
2025-06-28 17:26:19 - gst_automation - INFO - Successfully clicked ('xpath', "//*[text()='Taxpayer']").
2025-06-28 17:26:19 - gst_automation - INFO - Document is in 'complete' ready state.
2025-06-28 17:26:19 - gst_automation - INFO - Successfully clicked ('xpath', "//*[text()='Delhi']").
2025-06-28 17:26:28 - gst_automation - INFO - Document is in 'complete' ready state.
2025-06-28 17:26:29 - gst_automation - INFO - Successfully clicked ('xpath', "//*[text()='South West Delhi']").
2025-06-28 17:26:29 - gst_automation - INFO - Document is in 'complete' ready state.
2025-06-28 17:26:29 - gst_automation - INFO - Successfully sent text to ('id', 'bnm').
2025-06-28 17:26:33 - gst_automation - INFO - Document is in 'complete' ready state.
2025-06-28 17:26:33 - gst_automation - INFO - Successfully sent text to ('id', 'pan_card').
2025-06-28 17:26:34 - gst_automation - INFO - Document is in 'complete' ready state.
2025-06-28 17:26:34 - gst_automation - INFO - Successfully sent text to ('id', 'email').
2025-06-28 17:26:36 - gst_automation - INFO - Document is in 'complete' ready state.
2025-06-28 17:26:36 - gst_automation - INFO - Successfully sent text to ('id', 'mobile').
2025-06-28 17:26:39 - gst_automation - INFO - Document is in 'complete' ready state.
2025-06-28 17:26:39 - gst_automation - INFO - Solving captcha via TrueCaptcha API...
2025-06-28 17:26:39 - gst_automation - INFO - Found captcha image element with ID 'imgCaptcha'.
2025-06-28 17:26:40 - gst_automation - INFO - CAPTCHA solved by API: 896019
2025-06-28 17:26:40 - gst_automation - INFO - Document is in 'complete' ready state.
2025-06-28 17:26:40 - gst_automation - INFO - Successfully sent text to ('id', 'captcha').
2025-06-28 17:26:40 - gst_automation - INFO - CAPTCHA text entered successfully.
2025-06-28 17:26:42 - gst_automation - INFO - Document is in 'complete' ready state.
2025-06-28 17:26:42 - gst_automation - INFO - Successfully clicked ('xpath', '/html/body/div[2]/div[2]/div/div[2]/div/form/div[2]/div/div[2]/div/button').
2025-06-28 17:27:43 - gst_automation - INFO - Document is in 'complete' ready state.
2025-06-28 17:27:43 - gst_automation - INFO - Polling for mobile_otp from OTP server (timeout: 120s)...
2025-06-28 17:27:43 - gst_automation - INFO - OTP '162702' received for type 'mobile_otp'!
2025-06-28 17:27:43 - gst_automation - INFO - Document is in 'complete' ready state.
2025-06-28 17:27:43 - gst_automation - INFO - Successfully sent text to ('id', 'mobile_otp').
2025-06-28 17:28:46 - gst_automation - INFO - Document is in 'complete' ready state.
2025-06-28 17:28:46 - gst_automation - INFO - Polling for email_otp from OTP server (timeout: 120s)...
2025-06-28 17:28:46 - gst_automation - INFO - OTP '247115' received for type 'email_otp'!
2025-06-28 17:28:46 - gst_automation - INFO - Document is in 'complete' ready state.
2025-06-28 17:28:46 - gst_automation - INFO - Successfully sent text to ('id', 'email-otp').
2025-06-28 17:29:12 - gst_automation - INFO - Document is in 'complete' ready state.
2025-06-28 17:29:12 - gst_automation - INFO - Successfully clicked ('xpath', '/html/body/div[2]/div[2]/div/div[2]/div/div[2]/div/form/div/div/button').
2025-06-28 17:29:22 - gst_automation - INFO - Document is in 'complete' ready state.
2025-06-28 17:29:22 - gst_automation - INFO - Successfully clicked ('xpath', '/html/body/div[2]/div[2]/div/div[2]/div/div[2]/div/div[2]/div/a').
2025-06-28 17:29:57 - gst_automation - INFO - Document is in 'complete' ready state.
2025-06-28 17:29:57 - gst_automation - INFO - Polling for trn from OTP server (timeout: 120s)...
2025-06-28 17:29:57 - gst_automation - INFO - OTP '072500182024TRN' received for type 'trn'!
2025-06-28 17:29:57 - gst_automation - INFO - Document is in 'complete' ready state.
2025-06-28 17:29:57 - gst_automation - INFO - Successfully sent text to ('id', 'trnno').
2025-06-28 17:30:00 - gst_automation - INFO - Document is in 'complete' ready state.
2025-06-28 17:30:00 - gst_automation - INFO - Solving captcha via TrueCaptcha API...
2025-06-28 17:30:00 - gst_automation - INFO - Found visible CAPTCHA image with ID 'imgCaptcha'.
2025-06-28 17:30:03 - gst_automation - INFO - CAPTCHA solved: 852478
2025-06-28 17:30:03 - gst_automation - INFO - Document is in 'complete' ready state.
2025-06-28 17:30:03 - gst_automation - INFO - Successfully sent text to ('id', 'captchatrn').
2025-06-28 17:30:03 - gst_automation - INFO - CAPTCHA entered successfully into input with ID 'captchatrn'.
2025-06-28 17:30:03 - gst_automation - INFO - Document is in 'complete' ready state.
2025-06-28 17:30:03 - gst_automation - INFO - Successfully clicked ('xpath', '/html/body/div[2]/div[2]/div/div[2]/div/form/div[2]/div/div[2]/div/button').
2025-06-28 17:30:46 - gst_automation - INFO - Document is in 'complete' ready state.
2025-06-28 17:30:46 - gst_automation - INFO - Polling for mobile_otp from OTP server (timeout: 120s)...
2025-06-28 17:30:46 - gst_automation - INFO - OTP '121883' received for type 'mobile_otp'!
2025-06-28 17:30:46 - gst_automation - INFO - Document is in 'complete' ready state.
2025-06-28 17:30:46 - gst_automation - INFO - Successfully sent text to ('id', 'mobile_otp').
2025-06-28 17:30:48 - gst_automation - INFO - Document is in 'complete' ready state.
2025-06-28 17:30:49 - gst_automation - INFO - Successfully clicked ('xpath', '/html/body/div[2]/div[2]/div/div[2]/div/div[2]/div/form/div/div/button').
2025-06-28 17:30:58 - gst_automation - INFO - Document is in 'complete' ready state.
2025-06-28 17:30:58 - gst_automation - INFO - Successfully clicked ('xpath', '/html/body/div[2]/div[1]/div/div[3]/div[2]/div/div/table/tbody/tr/td[6]/button').
2025-06-28 17:31:23 - gst_automation - INFO - Document is in 'complete' ready state.
2025-06-28 17:31:23 - gst_automation - INFO - Successfully sent text to ('id', 'tnm').
2025-06-28 17:31:25 - gst_automation - INFO - Document is in 'complete' ready state.
2025-06-28 17:31:26 - gst_automation - INFO - Successfully clicked ('xpath', "//*[text()='Others']").
2025-06-28 17:31:29 - gst_automation - INFO - Document is in 'complete' ready state.
2025-06-28 17:31:29 - gst_automation - INFO - Successfully sent text to ('id', 'bd_ConstBuss_oth').
2025-06-28 17:31:29 - gst_automation - INFO - Document is in 'complete' ready state.
2025-06-28 17:31:29 - gst_automation - INFO - Successfully clicked ('xpath', "//*[text()='Voluntary Basis']").
2025-06-28 17:31:31 - gst_automation - INFO - Document is in 'complete' ready state.
2025-06-28 17:31:31 - gst_automation - INFO - Successfully sent text to ('id', 'bd_cmbz').
2025-06-28 17:31:32 - gst_automation - INFO - Document is in 'complete' ready state.
2025-06-28 17:31:32 - gst_automation - INFO - Successfully clicked ('xpath', '/html/body/div[2]/div/div/div[3]/form/fieldset/div[1]/div[8]/div/div[1]/select/option[16]').
2025-06-28 17:31:34 - gst_automation - INFO - Document is in 'complete' ready state.
2025-06-28 17:31:34 - gst_automation - INFO - Successfully sent text to ('id', 'bd_othrReg').
2025-06-28 17:31:35 - gst_automation - INFO - Document is in 'complete' ready state.
2025-06-28 17:31:35 - gst_automation - INFO - Successfully sent text to ('id', 'exno').
2025-06-28 17:31:35 - gst_automation - INFO - Document is in 'complete' ready state.
2025-06-28 17:31:35 - gst_automation - INFO - Successfully sent text to ('id', 'exdt').
2025-06-28 17:31:38 - gst_automation - INFO - Document is in 'complete' ready state.
2025-06-28 17:31:38 - gst_automation - INFO - Successfully clicked ('xpath', '/html/body/div[2]/div/div/div[3]/form/fieldset/div[1]/div[8]/div/div[5]/button[1]').
2025-06-28 17:31:41 - gst_automation - INFO - Document is in 'complete' ready state.
2025-06-28 17:31:41 - gst_automation - INFO - Successfully clicked ('xpath', "//*[text()='Registration Certificate']").
2025-06-28 17:31:50 - gst_automation - INFO - Document is in 'complete' ready state.
2025-06-28 17:31:50 - gst_automation - INFO - Successfully clicked ('xpath', '/html/body/div[2]/div/div/div[3]/form/div/div/button[2]').
2025-06-28 17:31:57 - gst_automation - INFO - Document is in 'complete' ready state.
2025-06-28 17:31:57 - gst_automation - INFO - Successfully sent text to ('id', 'fnm').
2025-06-28 17:31:57 - gst_automation - INFO - Document is in 'complete' ready state.
2025-06-28 17:31:57 - gst_automation - INFO - Successfully sent text to ('id', 'pd_mname').
2025-06-28 17:31:57 - gst_automation - INFO - Document is in 'complete' ready state.
2025-06-28 17:31:57 - gst_automation - INFO - Successfully sent text to ('id', 'pd_lname').
2025-06-28 17:31:57 - gst_automation - INFO - Document is in 'complete' ready state.
2025-06-28 17:31:57 - gst_automation - INFO - Successfully sent text to ('id', 'ffname').
2025-06-28 17:31:57 - gst_automation - INFO - Document is in 'complete' ready state.
2025-06-28 17:31:57 - gst_automation - INFO - Successfully sent text to ('id', 'pd_fmname').
2025-06-28 17:31:57 - gst_automation - INFO - Document is in 'complete' ready state.
2025-06-28 17:31:57 - gst_automation - INFO - Successfully sent text to ('id', 'pd_flname').
2025-06-28 17:31:57 - gst_automation - INFO - Document is in 'complete' ready state.
2025-06-28 17:31:57 - gst_automation - INFO - Successfully sent text to ('id', 'dob').
2025-06-28 17:31:57 - gst_automation - INFO - Document is in 'complete' ready state.
2025-06-28 17:31:57 - gst_automation - INFO - Successfully sent text to ('id', 'mbno').
2025-06-28 17:31:57 - gst_automation - INFO - Document is in 'complete' ready state.
2025-06-28 17:31:57 - gst_automation - INFO - Successfully sent text to ('id', 'pd_email').
2025-06-28 17:31:59 - gst_automation - INFO - Document is in 'complete' ready state.
2025-06-28 17:31:59 - gst_automation - INFO - Successfully clicked ('css selector', 'div.tbl-format:nth-child(2) > div:nth-child(4) > div:nth-child(1) > div:nth-child(1) > fieldset:nth-child(1) > label:nth-child(3)').
2025-06-28 17:31:59 - gst_automation - INFO - Document is in 'complete' ready state.
2025-06-28 17:31:59 - gst_automation - INFO - Successfully sent text to ('id', 'dg').
2025-06-28 17:31:59 - gst_automation - INFO - Document is in 'complete' ready state.
2025-06-28 17:31:59 - gst_automation - INFO - Successfully sent text to ('id', 'din').
2025-06-28 17:31:59 - gst_automation - INFO - Document is in 'complete' ready state.
2025-06-28 17:31:59 - gst_automation - INFO - Successfully sent text to ('id', 'pan').
2025-06-28 17:32:29 - gst_automation - INFO - Document is in 'complete' ready state.
2025-06-28 17:32:29 - gst_automation - INFO - Successfully sent text to ('id', 'onMapSerachId').
2025-06-28 17:32:29 - gst_automation - INFO - Document is in 'complete' ready state.
2025-06-28 17:32:51 - gst_automation - INFO - Document is in 'complete' ready state.
2025-06-28 17:32:52 - gst_automation - INFO - Successfully sent text to ('id', 'onMapSerachId').
2025-06-28 17:32:52 - gst_automation - INFO - Document is in 'complete' ready state.
2025-06-28 17:32:52 - gst_automation - INFO - Successfully clicked ('xpath', "//*[text()='474001']").
2025-06-28 17:32:57 - gst_automation - INFO - Document is in 'complete' ready state.
2025-06-28 17:32:57 - gst_automation - INFO - Successfully clicked ('id', 'confirm-mapquery-btn1').
2025-06-28 17:32:59 - gst_automation - INFO - Document is in 'complete' ready state.
2025-06-28 17:32:59 - gst_automation - INFO - Successfully sent text to ('id', 'pd_bdnum').
2025-06-28 17:33:04 - gst_automation - INFO - Document is in 'complete' ready state.
2025-06-28 17:33:04 - gst_automation - INFO - Successfully sent text to ('id', 'pd_upload').
2025-06-28 17:33:07 - gst_automation - INFO - Document is in 'complete' ready state.
2025-06-28 17:33:08 - gst_automation - INFO - Successfully clicked ('xpath', '/html/body/div[2]/div/div/div[3]/form/div[2]/div[2]/div/button[3]').
2025-06-28 17:33:17 - gst_automation - INFO - Document is in 'complete' ready state.
2025-06-28 17:33:17 - gst_automation - INFO - Successfully sent text to ('id', 'fnm').
2025-06-28 17:33:17 - gst_automation - INFO - Document is in 'complete' ready state.
2025-06-28 17:33:17 - gst_automation - INFO - Successfully sent text to ('id', 'as_mname').
2025-06-28 17:33:17 - gst_automation - INFO - Document is in 'complete' ready state.
2025-06-28 17:33:17 - gst_automation - INFO - Successfully sent text to ('id', 'as_lname').
2025-06-28 17:33:17 - gst_automation - INFO - Document is in 'complete' ready state.
2025-06-28 17:33:17 - gst_automation - INFO - Successfully sent text to ('id', 'ffname').
2025-06-28 17:33:17 - gst_automation - INFO - Document is in 'complete' ready state.
2025-06-28 17:33:17 - gst_automation - INFO - Successfully sent text to ('id', 'as_fmname').
2025-06-28 17:33:17 - gst_automation - INFO - Document is in 'complete' ready state.
2025-06-28 17:33:17 - gst_automation - INFO - Successfully sent text to ('id', 'as_flname').
2025-06-28 17:33:17 - gst_automation - INFO - Document is in 'complete' ready state.
2025-06-28 17:33:17 - gst_automation - INFO - Successfully sent text to ('id', 'dob').
2025-06-28 17:33:17 - gst_automation - INFO - Document is in 'complete' ready state.
2025-06-28 17:33:17 - gst_automation - INFO - Successfully sent text to ('id', 'mbno').
2025-06-28 17:33:17 - gst_automation - INFO - Document is in 'complete' ready state.
2025-06-28 17:33:17 - gst_automation - INFO - Successfully sent text to ('id', 'em').
2025-06-28 17:33:19 - gst_automation - INFO - Document is in 'complete' ready state.
2025-06-28 17:33:19 - gst_automation - INFO - Successfully clicked ('css selector', 'div.tbl-format:nth-child(2) > div:nth-child(4) > div:nth-child(1) > div:nth-child(1) > fieldset:nth-child(1) > label:nth-child(3)').
2025-06-28 17:33:19 - gst_automation - INFO - Document is in 'complete' ready state.
2025-06-28 17:33:19 - gst_automation - INFO - Successfully sent text to ('id', 'dg').
2025-06-28 17:33:19 - gst_automation - INFO - Document is in 'complete' ready state.
2025-06-28 17:33:19 - gst_automation - INFO - Successfully sent text to ('id', 'din').
2025-06-28 17:33:19 - gst_automation - INFO - Document is in 'complete' ready state.
2025-06-28 17:33:19 - gst_automation - INFO - Successfully sent text to ('id', 'pan').
2025-06-28 17:33:25 - gst_automation - INFO - Document is in 'complete' ready state.
2025-06-28 17:33:27 - gst_automation - INFO - Successfully sent text to ('id', 'onMapSerachId').
2025-06-28 17:33:27 - gst_automation - INFO - Document is in 'complete' ready state.
2025-06-28 17:33:27 - gst_automation - INFO - Successfully clicked ('xpath', "//*[text()='474001']").
2025-06-28 17:33:27 - gst_automation - INFO - Document is in 'complete' ready state.
2025-06-28 17:33:33 - gst_automation - INFO - Successfully clicked ('id', 'confirm-mapquery-btn2').
2025-06-28 17:33:33 - gst_automation - INFO - Document is in 'complete' ready state.
2025-06-28 17:33:52 - gst_automation - INFO - Document is in 'complete' ready state.
2025-06-28 17:33:54 - gst_automation - INFO - Successfully sent text to ('id', 'onMapSerachId').
2025-06-28 17:33:54 - gst_automation - INFO - Document is in 'complete' ready state.
2025-06-28 17:33:54 - gst_automation - INFO - Successfully clicked ('xpath', "//*[text()='474001']").
2025-06-28 17:33:54 - gst_automation - INFO - Document is in 'complete' ready state.
2025-06-28 17:34:04 - gst_automation - INFO - Successfully clicked ('id', 'confirm-mapquery-btn2').
2025-06-28 17:34:04 - gst_automation - INFO - Document is in 'complete' ready state.
2025-06-28 17:34:04 - gst_automation - INFO - Successfully sent text to ('id', 'bno').
2025-06-28 17:34:27 - gst_automation - INFO - Document is in 'complete' ready state.
2025-06-28 17:34:28 - gst_automation - INFO - Successfully clicked ('xpath', '/html/body/div[2]/div/div/div[3]/form/div[2]/div[3]/div/button[3]').
2025-06-28 17:34:35 - gst_automation - INFO - Document is in 'complete' ready state.
2025-06-28 17:34:36 - gst_automation - INFO - Successfully sent text to ('id', 'onMapSerachId').
2025-06-28 17:34:38 - gst_automation - INFO - Document is in 'complete' ready state.
2025-06-28 17:34:39 - gst_automation - INFO - Successfully clicked ('xpath', "//*[text()='474001']").
2025-06-28 17:34:43 - gst_automation - INFO - Document is in 'complete' ready state.
2025-06-28 17:34:55 - gst_automation - INFO - Document is in 'complete' ready state.
2025-06-28 17:35:36 - gst_automation - INFO - Document is in 'complete' ready state.
2025-06-28 17:35:36 - gst_automation - INFO - Successfully sent text to ('id', 'pncd').
2025-06-28 17:35:42 - gst_automation - INFO - Document is in 'complete' ready state.
2025-06-28 17:35:44 - gst_automation - INFO - Successfully sent text to ('id', 'dst').
2025-06-28 17:35:46 - gst_automation - INFO - Document is in 'complete' ready state.
2025-06-28 17:37:25 - gst_automation - INFO - Document is in 'complete' ready state.
2025-06-28 17:37:26 - gst_automation - INFO - Successfully sent text to ('id', 'onMapSerachId').
2025-06-28 17:37:28 - gst_automation - INFO - Document is in 'complete' ready state.
2025-06-28 17:37:28 - gst_automation - INFO - Successfully clicked ('xpath', "//*[text()='474001']").
2025-06-28 17:37:33 - gst_automation - INFO - Document is in 'complete' ready state.
2025-06-28 17:37:34 - gst_automation - INFO - Successfully clicked ('id', 'confirm-mapquery-btn3').
2025-06-28 17:37:36 - gst_automation - INFO - Document is in 'complete' ready state.
2025-06-28 17:37:36 - gst_automation - INFO - Successfully sent text to ('id', 'pncd').
2025-06-28 17:37:42 - gst_automation - INFO - Document is in 'complete' ready state.
2025-06-28 17:37:44 - gst_automation - INFO - Successfully sent text to ('id', 'dst').
2025-06-28 17:37:46 - gst_automation - INFO - Document is in 'complete' ready state.
2025-06-28 17:38:34 - gst_automation - INFO - Document is in 'complete' ready state.
2025-06-28 17:38:35 - gst_automation - INFO - Successfully sent text to ('id', 'dst').
2025-06-28 17:38:38 - gst_automation - INFO - Document is in 'complete' ready state.
2025-06-28 17:39:18 - gst_automation - INFO - Document is in 'complete' ready state.
2025-06-28 17:39:19 - gst_automation - INFO - Successfully sent text to ('id', 'onMapSerachId').
2025-06-28 17:39:21 - gst_automation - INFO - Document is in 'complete' ready state.
2025-06-28 17:39:21 - gst_automation - INFO - Successfully clicked ('xpath', "//*[text()='474001']").
2025-06-28 17:39:31 - gst_automation - INFO - Document is in 'complete' ready state.
2025-06-28 17:39:31 - gst_automation - INFO - Successfully clicked ('id', 'confirm-mapquery-btn3').
2025-06-28 17:39:41 - gst_automation - INFO - Document is in 'complete' ready state.
2025-06-28 17:39:43 - gst_automation - INFO - Successfully sent text to ('id', 'pncd').
2025-06-28 17:40:00 - gst_automation - INFO - Document is in 'complete' ready state.
2025-06-28 17:40:01 - gst_automation - INFO - Successfully sent text to ('id', 'onMapSerachId').
2025-06-28 17:40:03 - gst_automation - INFO - Document is in 'complete' ready state.
2025-06-28 17:40:03 - gst_automation - INFO - Successfully clicked ('xpath', "//*[text()='110071']").
2025-06-28 17:40:06 - gst_automation - INFO - Document is in 'complete' ready state.
2025-06-28 17:40:23 - gst_automation - INFO - Successfully clicked ('id', 'confirm-mapquery-btn3').
2025-06-28 17:40:28 - gst_automation - INFO - Document is in 'complete' ready state.
2025-06-28 17:40:28 - gst_automation - INFO - Successfully sent text to ('id', 'onMapSerachId').
2025-06-28 17:40:31 - gst_automation - INFO - Document is in 'complete' ready state.
2025-06-28 17:40:31 - gst_automation - INFO - Successfully clicked ('xpath', "//*[text()='110071']").
2025-06-28 17:40:34 - gst_automation - INFO - Document is in 'complete' ready state.
2025-06-28 17:40:35 - gst_automation - INFO - Successfully clicked ('id', 'confirm-mapquery-btn3').
2025-06-28 17:40:39 - gst_automation - INFO - Document is in 'complete' ready state.
2025-06-28 17:40:40 - gst_automation - INFO - Successfully sent text to ('id', 'pncd').
2025-06-28 17:40:43 - gst_automation - INFO - Document is in 'complete' ready state.
2025-06-28 17:40:46 - gst_automation - INFO - Successfully sent text to ('id', 'dst').
2025-06-28 17:40:48 - gst_automation - INFO - Document is in 'complete' ready state.
2025-06-28 17:40:49 - gst_automation - INFO - Successfully sent text to ('id', 'loc').
2025-06-28 17:40:51 - gst_automation - INFO - Document is in 'complete' ready state.
2025-06-28 17:40:51 - gst_automation - INFO - Successfully sent text to ('id', 'st').
2025-06-28 17:40:53 - gst_automation - INFO - Document is in 'complete' ready state.
2025-06-28 17:40:53 - gst_automation - INFO - Successfully sent text to ('id', 'bno').
2025-06-28 17:41:02 - gst_automation - INFO - Document is in 'complete' ready state.
2025-06-28 17:41:02 - gst_automation - INFO - Successfully clicked ('xpath', "//*[text()='Ward 1']").
2025-06-28 17:41:05 - gst_automation - INFO - Document is in 'complete' ready state.
2025-06-28 17:41:06 - gst_automation - INFO - Successfully clicked ('xpath', "//*[text()='DELHI SOUTH']").
2025-06-28 17:41:10 - gst_automation - INFO - Document is in 'complete' ready state.
2025-06-28 17:41:10 - gst_automation - INFO - Successfully clicked ('xpath', "//*[text()='DWARKA']").
2025-06-28 17:41:13 - gst_automation - INFO - Document is in 'complete' ready state.
2025-06-28 17:41:14 - gst_automation - INFO - Successfully clicked ('xpath', "//*[text()='RANGE - 81']").
2025-06-28 17:41:16 - gst_automation - INFO - Document is in 'complete' ready state.
2025-06-28 17:41:16 - gst_automation - INFO - Successfully clicked ('xpath', "//*[text()='Others']").
2025-06-28 17:41:21 - gst_automation - INFO - Document is in 'complete' ready state.
2025-06-28 17:41:21 - gst_automation - INFO - Successfully clicked ('xpath', "//*[text()='Legal ownership document']").
2025-06-28 17:49:05 - gst_automation - INFO - Document is in 'complete' ready state.
2025-06-28 17:49:40 - gst_automation - INFO - Document is in 'complete' ready state.
2025-06-28 17:51:21 - gst_automation - INFO - Document is in 'complete' ready state.
2025-06-28 17:51:21 - gst_automation - INFO - Successfully clicked ('xpath', '/html/body/div[2]/div/div/div[3]/form/fieldset/div[6]/div[1]/div/ul/li[6]').
2025-06-28 17:51:32 - gst_automation - INFO - Document is in 'complete' ready state.
2025-06-28 17:51:32 - gst_automation - INFO - Successfully clicked ('xpath', '/html/body/div[2]/div/div/div[3]/form/fieldset/div[6]/div[1]/div/ul/li[6]').
2025-06-28 17:52:29 - gst_automation - INFO - Document is in 'complete' ready state.
2025-06-28 17:54:01 - gst_automation - INFO - Document is in 'complete' ready state.
2025-06-28 17:54:03 - gst_automation - INFO - Successfully clicked ('xpath', '/html/body/div[2]/div/div/div[3]/form/div/div/button[2]').
2025-06-28 17:56:28 - gst_automation - INFO - Document is in 'complete' ready state.
2025-06-28 17:56:28 - gst_automation - INFO - Successfully clicked ('xpath', "//*[text()='Taxpayer']").
2025-06-28 17:56:28 - gst_automation - INFO - Document is in 'complete' ready state.
2025-06-28 17:56:29 - gst_automation - INFO - Successfully clicked ('xpath', "//*[text()='Delhi']").
2025-06-28 17:56:34 - gst_automation - INFO - Document is in 'complete' ready state.
2025-06-28 17:56:34 - gst_automation - INFO - Successfully clicked ('xpath', "//*[text()='South West Delhi']").
2025-06-28 17:56:34 - gst_automation - INFO - Document is in 'complete' ready state.
2025-06-28 17:56:34 - gst_automation - INFO - Successfully sent text to ('id', 'bnm').
2025-06-28 17:56:34 - gst_automation - INFO - Document is in 'complete' ready state.
2025-06-28 17:56:34 - gst_automation - INFO - Successfully sent text to ('id', 'pan_card').
2025-06-28 17:56:34 - gst_automation - INFO - Document is in 'complete' ready state.
2025-06-28 17:56:34 - gst_automation - INFO - Successfully sent text to ('id', 'email').
2025-06-28 17:56:34 - gst_automation - INFO - Document is in 'complete' ready state.
2025-06-28 17:56:34 - gst_automation - INFO - Successfully sent text to ('id', 'mobile').
2025-06-28 17:56:34 - gst_automation - INFO - Document is in 'complete' ready state.
2025-06-28 17:56:34 - gst_automation - INFO - Solving captcha via TrueCaptcha API...
2025-06-28 17:56:34 - gst_automation - INFO - Found captcha image element with ID 'imgCaptcha'.
2025-06-28 17:56:36 - gst_automation - INFO - CAPTCHA solved by API: 745650
2025-06-28 17:56:36 - gst_automation - INFO - Document is in 'complete' ready state.
2025-06-28 17:56:36 - gst_automation - INFO - Successfully sent text to ('id', 'captcha').
2025-06-28 17:56:36 - gst_automation - INFO - CAPTCHA text entered successfully.
2025-06-28 17:56:36 - gst_automation - INFO - Document is in 'complete' ready state.
2025-06-28 17:56:36 - gst_automation - INFO - Successfully clicked ('xpath', '/html/body/div[2]/div[2]/div/div[2]/div/form/div[2]/div/div[2]/div/button').
2025-06-28 17:56:36 - gst_automation - INFO - Document is in 'complete' ready state.
2025-06-28 17:56:36 - gst_automation - INFO - Polling for mobile_otp from OTP server (timeout: 120s)...
2025-06-28 17:57:00 - gst_automation - INFO - OTP '286138' received for type 'mobile_otp'!
2025-06-28 17:57:00 - gst_automation - INFO - Document is in 'complete' ready state.
2025-06-28 17:57:00 - gst_automation - INFO - Successfully sent text to ('id', 'mobile_otp').
2025-06-28 17:57:00 - gst_automation - INFO - Document is in 'complete' ready state.
2025-06-28 17:57:00 - gst_automation - INFO - Polling for email_otp from OTP server (timeout: 120s)...
2025-06-28 17:57:37 - gst_automation - INFO - OTP '377618' received for type 'email_otp'!
2025-06-28 17:57:37 - gst_automation - INFO - Document is in 'complete' ready state.
2025-06-28 17:57:37 - gst_automation - INFO - Successfully sent text to ('id', 'email-otp').
2025-06-28 17:57:37 - gst_automation - INFO - Document is in 'complete' ready state.
2025-06-28 17:57:37 - gst_automation - INFO - Successfully clicked ('xpath', '/html/body/div[2]/div[2]/div/div[2]/div/div[2]/div/form/div/div/button').
2025-06-28 17:57:42 - gst_automation - INFO - Document is in 'complete' ready state.
2025-06-28 17:57:42 - gst_automation - INFO - Successfully clicked ('xpath', '/html/body/div[2]/div[2]/div/div[2]/div/div[2]/div/div[2]/div/a').
2025-06-28 17:57:42 - gst_automation - INFO - Document is in 'complete' ready state.
2025-06-28 17:57:42 - gst_automation - INFO - Polling for trn from OTP server (timeout: 120s)...
2025-06-28 17:58:12 - gst_automation - INFO - OTP '072500182064TRN' received for type 'trn'!
2025-06-28 17:58:12 - gst_automation - INFO - Document is in 'complete' ready state.
2025-06-28 17:58:12 - gst_automation - INFO - Successfully sent text to ('id', 'trnno').
2025-06-28 17:58:12 - gst_automation - INFO - Document is in 'complete' ready state.
2025-06-28 17:58:12 - gst_automation - INFO - Solving captcha via TrueCaptcha API...
2025-06-28 17:58:12 - gst_automation - INFO - Found visible CAPTCHA image with ID 'imgCaptcha'.
2025-06-28 17:58:15 - gst_automation - INFO - CAPTCHA solved: 476752
2025-06-28 17:58:15 - gst_automation - INFO - Document is in 'complete' ready state.
2025-06-28 17:58:15 - gst_automation - INFO - Successfully sent text to ('id', 'captchatrn').
2025-06-28 17:58:15 - gst_automation - INFO - CAPTCHA entered successfully into input with ID 'captchatrn'.
2025-06-28 17:58:15 - gst_automation - INFO - Document is in 'complete' ready state.
2025-06-28 17:58:15 - gst_automation - INFO - Successfully clicked ('xpath', '/html/body/div[2]/div[2]/div/div[2]/div/form/div[2]/div/div[2]/div/button').
2025-06-28 17:58:15 - gst_automation - INFO - Document is in 'complete' ready state.
2025-06-28 17:58:15 - gst_automation - INFO - Polling for mobile_otp from OTP server (timeout: 120s)...
2025-06-28 17:58:30 - gst_automation - INFO - OTP '171925' received for type 'mobile_otp'!
2025-06-28 17:58:30 - gst_automation - INFO - Document is in 'complete' ready state.
2025-06-28 17:58:30 - gst_automation - INFO - Successfully sent text to ('id', 'mobile_otp').
2025-06-28 17:58:30 - gst_automation - INFO - Document is in 'complete' ready state.
2025-06-28 17:58:30 - gst_automation - INFO - Successfully clicked ('xpath', '/html/body/div[2]/div[2]/div/div[2]/div/div[2]/div/form/div/div/button').
2025-06-28 17:58:35 - gst_automation - INFO - Document is in 'complete' ready state.
2025-06-28 17:58:36 - gst_automation - INFO - Successfully clicked ('xpath', '/html/body/div[2]/div[1]/div/div[3]/div[2]/div/div/table/tbody/tr/td[6]/button').
2025-06-28 17:58:41 - gst_automation - INFO - Document is in 'complete' ready state.
2025-06-28 17:58:41 - gst_automation - INFO - Successfully sent text to ('id', 'tnm').
2025-06-28 17:58:43 - gst_automation - INFO - Document is in 'complete' ready state.
2025-06-28 17:58:43 - gst_automation - INFO - Successfully clicked ('xpath', "//*[text()='Others']").
2025-06-28 17:58:43 - gst_automation - INFO - Document is in 'complete' ready state.
2025-06-28 17:58:43 - gst_automation - INFO - Successfully sent text to ('id', 'bd_ConstBuss_oth').
2025-06-28 17:58:43 - gst_automation - INFO - Document is in 'complete' ready state.
2025-06-28 17:58:43 - gst_automation - INFO - Successfully clicked ('xpath', "//*[text()='Voluntary Basis']").
2025-06-28 17:58:43 - gst_automation - INFO - Document is in 'complete' ready state.
2025-06-28 17:58:43 - gst_automation - INFO - Successfully sent text to ('id', 'bd_cmbz').
2025-06-28 17:58:43 - gst_automation - INFO - Document is in 'complete' ready state.
2025-06-28 17:58:44 - gst_automation - INFO - Successfully clicked ('xpath', '/html/body/div[2]/div/div/div[3]/form/fieldset/div[1]/div[8]/div/div[1]/select/option[16]').
2025-06-28 17:58:44 - gst_automation - INFO - Document is in 'complete' ready state.
2025-06-28 17:58:44 - gst_automation - INFO - Successfully sent text to ('id', 'bd_othrReg').
2025-06-28 17:58:44 - gst_automation - INFO - Document is in 'complete' ready state.
2025-06-28 17:58:44 - gst_automation - INFO - Successfully sent text to ('id', 'exno').
2025-06-28 17:58:44 - gst_automation - INFO - Document is in 'complete' ready state.
2025-06-28 17:58:44 - gst_automation - INFO - Successfully sent text to ('id', 'exdt').
2025-06-28 17:58:44 - gst_automation - INFO - Document is in 'complete' ready state.
2025-06-28 17:58:44 - gst_automation - INFO - Successfully clicked ('xpath', '/html/body/div[2]/div/div/div[3]/form/fieldset/div[1]/div[8]/div/div[5]/button[1]').
2025-06-28 17:58:44 - gst_automation - INFO - Document is in 'complete' ready state.
2025-06-28 17:58:44 - gst_automation - INFO - Successfully clicked ('xpath', "//*[text()='Registration Certificate']").
2025-06-28 17:58:46 - gst_automation - INFO - Document is in 'complete' ready state.
2025-06-28 17:58:46 - gst_automation - INFO - Successfully clicked ('xpath', '/html/body/div[2]/div/div/div[3]/form/div/div/button[2]').
2025-06-28 17:58:48 - gst_automation - INFO - Document is in 'complete' ready state.
2025-06-28 17:58:52 - gst_automation - INFO - Successfully sent text to ('id', 'fnm').
2025-06-28 17:58:52 - gst_automation - INFO - Document is in 'complete' ready state.
2025-06-28 17:58:52 - gst_automation - INFO - Successfully sent text to ('id', 'pd_mname').
2025-06-28 17:58:52 - gst_automation - INFO - Document is in 'complete' ready state.
2025-06-28 17:58:52 - gst_automation - INFO - Successfully sent text to ('id', 'pd_lname').
2025-06-28 17:58:52 - gst_automation - INFO - Document is in 'complete' ready state.
2025-06-28 17:58:52 - gst_automation - INFO - Successfully sent text to ('id', 'ffname').
2025-06-28 17:58:52 - gst_automation - INFO - Document is in 'complete' ready state.
2025-06-28 17:58:52 - gst_automation - INFO - Successfully sent text to ('id', 'pd_fmname').
2025-06-28 17:58:52 - gst_automation - INFO - Document is in 'complete' ready state.
2025-06-28 17:58:52 - gst_automation - INFO - Successfully sent text to ('id', 'pd_flname').
2025-06-28 17:58:52 - gst_automation - INFO - Document is in 'complete' ready state.
2025-06-28 17:58:52 - gst_automation - INFO - Successfully sent text to ('id', 'dob').
2025-06-28 17:58:52 - gst_automation - INFO - Document is in 'complete' ready state.
2025-06-28 17:58:52 - gst_automation - INFO - Successfully sent text to ('id', 'mbno').
2025-06-28 17:58:52 - gst_automation - INFO - Document is in 'complete' ready state.
2025-06-28 17:58:52 - gst_automation - INFO - Successfully sent text to ('id', 'pd_email').
2025-06-28 17:58:54 - gst_automation - INFO - Document is in 'complete' ready state.
2025-06-28 17:58:55 - gst_automation - INFO - Successfully clicked ('css selector', 'div.tbl-format:nth-child(2) > div:nth-child(4) > div:nth-child(1) > div:nth-child(1) > fieldset:nth-child(1) > label:nth-child(3)').
2025-06-28 17:58:55 - gst_automation - INFO - Document is in 'complete' ready state.
2025-06-28 17:58:55 - gst_automation - INFO - Successfully sent text to ('id', 'dg').
2025-06-28 17:58:55 - gst_automation - INFO - Document is in 'complete' ready state.
2025-06-28 17:58:55 - gst_automation - INFO - Successfully sent text to ('id', 'din').
2025-06-28 17:58:55 - gst_automation - INFO - Document is in 'complete' ready state.
2025-06-28 17:58:55 - gst_automation - INFO - Successfully sent text to ('id', 'pan').
2025-06-28 17:58:55 - gst_automation - INFO - Document is in 'complete' ready state.
2025-06-28 17:58:55 - gst_automation - INFO - Successfully sent text to ('id', 'onMapSerachId').
2025-06-28 17:58:55 - gst_automation - INFO - Document is in 'complete' ready state.
2025-06-28 17:59:25 - gst_automation - ERROR - Element ('xpath', "//*[text()='474001']") not clickable within 30s.
2025-06-28 17:59:27 - gst_automation - INFO - Document is in 'complete' ready state.
2025-06-28 17:59:30 - gst_automation - INFO - Successfully sent text to ('id', 'onMapSerachId').
2025-06-28 17:59:30 - gst_automation - INFO - Document is in 'complete' ready state.
2025-06-28 17:59:30 - gst_automation - INFO - Successfully clicked ('xpath', "//*[text()='474001']").
2025-06-28 17:59:36 - gst_automation - INFO - Document is in 'complete' ready state.
2025-06-28 17:59:36 - gst_automation - INFO - Successfully clicked ('id', 'confirm-mapquery-btn1').
2025-06-28 17:59:36 - gst_automation - INFO - Document is in 'complete' ready state.
2025-06-28 17:59:36 - gst_automation - INFO - Successfully sent text to ('id', 'pd_bdnum').
2025-06-28 17:59:38 - gst_automation - INFO - Document is in 'complete' ready state.
2025-06-28 17:59:38 - gst_automation - INFO - Successfully sent text to ('id', 'pd_upload').
2025-06-28 17:59:38 - gst_automation - INFO - Document is in 'complete' ready state.
2025-06-28 17:59:39 - gst_automation - INFO - Successfully clicked ('xpath', '/html/body/div[2]/div/div/div[3]/form/div[2]/div[2]/div/button[3]').
2025-06-28 17:59:39 - gst_automation - INFO - Document is in 'complete' ready state.
2025-06-28 17:59:42 - gst_automation - INFO - Successfully sent text to ('id', 'onMapSerachId').
2025-06-28 17:59:44 - gst_automation - INFO - Document is in 'complete' ready state.
2025-06-28 17:59:45 - gst_automation - INFO - Successfully clicked ('xpath', "//*[text()='110071']").
2025-06-28 17:59:46 - gst_automation - INFO - Document is in 'complete' ready state.
2025-06-28 18:00:16 - gst_automation - ERROR - Element ('id', 'confirm-mapquery-btn3') not clickable within 30s.
2025-06-28 18:00:33 - gst_automation - INFO - Document is in 'complete' ready state.
2025-06-28 18:00:34 - gst_automation - INFO - Successfully sent text to ('id', 'onMapSerachId').
2025-06-28 18:00:36 - gst_automation - INFO - Document is in 'complete' ready state.
2025-06-28 18:00:36 - gst_automation - INFO - Successfully clicked ('xpath', "//*[text()='110071']").
2025-06-28 18:00:37 - gst_automation - INFO - Document is in 'complete' ready state.
2025-06-28 18:00:38 - gst_automation - INFO - Successfully clicked ('id', 'confirm-mapquery-btn3').
2025-06-28 18:00:38 - gst_automation - INFO - Document is in 'complete' ready state.
2025-06-28 18:00:42 - gst_automation - INFO - Successfully sent text to ('id', 'pncd').
2025-06-28 18:00:44 - gst_automation - INFO - Document is in 'complete' ready state.
2025-06-28 18:00:58 - gst_automation - INFO - Successfully sent text to ('id', 'dst').
2025-06-28 18:01:00 - gst_automation - INFO - Document is in 'complete' ready state.
2025-06-28 18:01:02 - gst_automation - INFO - Successfully sent text to ('id', 'loc').
2025-06-28 18:01:04 - gst_automation - INFO - Document is in 'complete' ready state.
2025-06-28 18:01:04 - gst_automation - INFO - Successfully sent text to ('id', 'st').
2025-06-28 18:01:06 - gst_automation - INFO - Document is in 'complete' ready state.
2025-06-28 18:01:06 - gst_automation - INFO - Successfully sent text to ('id', 'bno').
2025-06-28 18:01:08 - gst_automation - INFO - Document is in 'complete' ready state.
2025-06-28 18:01:35 - gst_automation - INFO - Document is in 'complete' ready state.
2025-06-28 18:01:35 - gst_automation - INFO - Successfully clicked ('xpath', "//*[text()='Ward 1']").
2025-06-28 18:01:35 - gst_automation - INFO - Document is in 'complete' ready state.
2025-06-28 18:01:36 - gst_automation - INFO - Successfully clicked ('xpath', "//*[text()='DELHI SOUTH']").
2025-06-28 18:01:38 - gst_automation - INFO - Document is in 'complete' ready state.
2025-06-28 18:01:38 - gst_automation - INFO - Successfully clicked ('xpath', "//*[text()='DWARKA']").
2025-06-28 18:01:40 - gst_automation - INFO - Document is in 'complete' ready state.
2025-06-28 18:01:40 - gst_automation - INFO - Successfully clicked ('xpath', "//*[text()='RANGE - 81']").
2025-06-28 18:01:42 - gst_automation - INFO - Document is in 'complete' ready state.
2025-06-28 18:01:42 - gst_automation - INFO - Successfully clicked ('xpath', "//*[text()='Others']").
2025-06-28 18:01:44 - gst_automation - INFO - Document is in 'complete' ready state.
2025-06-28 18:01:45 - gst_automation - INFO - Successfully clicked ('xpath', "//*[text()='Legal ownership document']").
2025-06-28 18:02:04 - gst_automation - INFO - Document is in 'complete' ready state.
2025-06-28 18:02:04 - gst_automation - INFO - Successfully clicked ('xpath', '/html/body/div[2]/div/div/div[3]/form/div/div/button[2]').
2025-06-28 18:02:42 - gst_automation - INFO - Document is in 'complete' ready state.
2025-06-28 18:02:42 - gst_automation - INFO - Successfully clicked ('xpath', '/html/body/div[2]/div/div/div[3]/form/div/div[2]/div/button[2]').
2025-06-28 18:03:31 - gst_automation - INFO - Document is in 'complete' ready state.
2025-06-28 18:03:32 - gst_automation - INFO - Successfully clicked ('xpath', '/html/body/div[2]/div/div/div[3]/form/div/div[2]/div/button[2]').
2025-06-28 18:04:16 - gst_automation - INFO - Document is in 'complete' ready state.
2025-06-28 18:04:16 - gst_automation - INFO - Successfully clicked ('xpath', '/html/body/div[2]/div/div/div[3]/form/div/div[2]/div/button[2]').
2025-06-28 18:04:43 - gst_automation - INFO - Document is in 'complete' ready state.
2025-06-28 18:04:43 - gst_automation - INFO - Successfully clicked ('xpath', '/html/body/div[2]/div/div/div[3]/form/div[2]/div/button').
2025-06-28 18:15:58 - gst_automation - INFO - Document is in 'complete' ready state.
2025-06-28 18:15:58 - gst_automation - INFO - Successfully clicked ('xpath', '/html/body/div[2]/div/div/div[3]/form/div[2]/div/div/button').
2025-06-28 18:17:25 - gst_automation - INFO - Document is in 'complete' ready state.
2025-06-28 18:17:25 - gst_automation - INFO - Successfully clicked ('xpath', '/html/body/div[2]/div/div/div[3]/form/div/div/button').
2025-06-28 18:18:33 - gst_automation - INFO - Document is in 'complete' ready state.
2025-06-28 18:18:33 - gst_automation - INFO - Successfully clicked ('xpath', '/html/body/div[2]/div/div/div[3]/div[2]/div/div/div[2]/button').
2025-06-28 18:21:53 - gst_automation - INFO - Document is in 'complete' ready state.
2025-06-28 18:21:53 - gst_automation - INFO - Successfully sent text to ('id', 'fnm').
2025-06-28 18:21:53 - gst_automation - INFO - Document is in 'complete' ready state.
2025-06-28 18:21:53 - gst_automation - INFO - Successfully sent text to ('id', 'as_mname').
2025-06-28 18:21:53 - gst_automation - INFO - Document is in 'complete' ready state.
2025-06-28 18:21:53 - gst_automation - INFO - Successfully sent text to ('id', 'as_lname').
2025-06-28 18:21:53 - gst_automation - INFO - Document is in 'complete' ready state.
2025-06-28 18:21:53 - gst_automation - INFO - Successfully sent text to ('id', 'ffname').
2025-06-28 18:21:53 - gst_automation - INFO - Document is in 'complete' ready state.
2025-06-28 18:21:53 - gst_automation - INFO - Successfully sent text to ('id', 'as_fmname').
2025-06-28 18:21:53 - gst_automation - INFO - Document is in 'complete' ready state.
2025-06-28 18:21:53 - gst_automation - INFO - Successfully sent text to ('id', 'as_flname').
2025-06-28 18:21:53 - gst_automation - INFO - Document is in 'complete' ready state.
2025-06-28 18:21:53 - gst_automation - INFO - Successfully sent text to ('id', 'dob').
2025-06-28 18:21:53 - gst_automation - INFO - Document is in 'complete' ready state.
2025-06-28 18:21:53 - gst_automation - INFO - Successfully sent text to ('id', 'mbno').
2025-06-28 18:21:53 - gst_automation - INFO - Document is in 'complete' ready state.
2025-06-28 18:21:53 - gst_automation - INFO - Successfully sent text to ('id', 'em').
2025-06-28 18:21:55 - gst_automation - INFO - Document is in 'complete' ready state.
2025-06-28 18:21:56 - gst_automation - INFO - Successfully clicked ('css selector', 'div.tbl-format:nth-child(2) > div:nth-child(4) > div:nth-child(1) > div:nth-child(1) > fieldset:nth-child(1) > label:nth-child(3)').
2025-06-28 18:21:56 - gst_automation - INFO - Document is in 'complete' ready state.
2025-06-28 18:21:56 - gst_automation - INFO - Successfully sent text to ('id', 'dg').
2025-06-28 18:21:56 - gst_automation - INFO - Document is in 'complete' ready state.
2025-06-28 18:21:56 - gst_automation - INFO - Successfully sent text to ('id', 'din').
2025-06-28 18:21:56 - gst_automation - INFO - Document is in 'complete' ready state.
2025-06-28 18:21:56 - gst_automation - INFO - Successfully sent text to ('id', 'pan').
2025-06-28 18:22:22 - gst_automation - INFO - Document is in 'complete' ready state.
2025-06-28 18:22:22 - gst_automation - INFO - Successfully sent text to ('id', 'fnm').
2025-06-28 18:22:22 - gst_automation - INFO - Document is in 'complete' ready state.
2025-06-28 18:22:22 - gst_automation - INFO - Successfully sent text to ('id', 'as_mname').
2025-06-28 18:22:22 - gst_automation - INFO - Document is in 'complete' ready state.
2025-06-28 18:22:22 - gst_automation - INFO - Successfully sent text to ('id', 'as_lname').
2025-06-28 18:22:22 - gst_automation - INFO - Document is in 'complete' ready state.
2025-06-28 18:22:22 - gst_automation - INFO - Successfully sent text to ('id', 'ffname').
2025-06-28 18:22:22 - gst_automation - INFO - Document is in 'complete' ready state.
2025-06-28 18:22:22 - gst_automation - INFO - Successfully sent text to ('id', 'as_fmname').
2025-06-28 18:22:22 - gst_automation - INFO - Document is in 'complete' ready state.
2025-06-28 18:22:22 - gst_automation - INFO - Successfully sent text to ('id', 'as_flname').
2025-06-28 18:22:22 - gst_automation - INFO - Document is in 'complete' ready state.
2025-06-28 18:22:22 - gst_automation - INFO - Successfully sent text to ('id', 'dob').
2025-06-28 18:22:24 - gst_automation - INFO - Document is in 'complete' ready state.
2025-06-28 18:22:25 - gst_automation - INFO - Successfully clicked ('css selector', 'div.tbl-format:nth-child(2) > div:nth-child(4) > div:nth-child(1) > div:nth-child(1) > fieldset:nth-child(1) > label:nth-child(3)').
2025-06-28 18:22:25 - gst_automation - INFO - Document is in 'complete' ready state.
2025-06-28 18:22:25 - gst_automation - INFO - Successfully sent text to ('id', 'dg').
2025-06-28 18:22:25 - gst_automation - INFO - Document is in 'complete' ready state.
2025-06-28 18:22:25 - gst_automation - INFO - Successfully sent text to ('id', 'din').
2025-06-28 18:22:25 - gst_automation - INFO - Document is in 'complete' ready state.
2025-06-28 18:22:25 - gst_automation - INFO - Successfully sent text to ('id', 'pan').
2025-06-28 18:22:41 - gst_automation - INFO - Document is in 'complete' ready state.
2025-06-28 18:22:43 - gst_automation - INFO - Successfully sent text to ('id', 'onMapSerachId').
2025-06-28 18:22:43 - gst_automation - INFO - Document is in 'complete' ready state.
2025-06-28 18:22:43 - gst_automation - INFO - Successfully clicked ('xpath', "//*[text()='474001']").
2025-06-28 18:22:43 - gst_automation - INFO - Document is in 'complete' ready state.
2025-06-28 18:22:45 - gst_automation - INFO - Successfully clicked ('id', 'confirm-mapquery-btn2').
2025-06-28 18:22:45 - gst_automation - INFO - Document is in 'complete' ready state.
2025-06-28 18:22:46 - gst_automation - INFO - Successfully sent text to ('id', 'bno').
2025-06-28 18:30:01 - gst_automation - INFO - Document is in 'complete' ready state.
2025-06-28 18:30:02 - gst_automation - INFO - Successfully clicked ('xpath', '/html/body/div[2]/div/div/div[3]/form/div[2]/fieldset[2]/div/div[2]/div/fieldset/div/select/option[2]').
2025-06-28 18:30:35 - gst_automation - INFO - Document is in 'complete' ready state.
2025-06-28 18:30:36 - gst_automation - INFO - Successfully clicked ('xpath', '/html/body/div[2]/div/div/div[3]/form/div[2]/div[3]/div/button[3]').
2025-06-28 18:38:49 - gst_automation - INFO - Document is in 'complete' ready state.
2025-06-28 18:38:49 - gst_automation - INFO - Successfully clicked ('xpath', "//*[text()='Taxpayer']").
2025-06-28 18:38:49 - gst_automation - INFO - Document is in 'complete' ready state.
2025-06-28 18:38:49 - gst_automation - INFO - Successfully clicked ('xpath', "//*[text()='Delhi']").
2025-06-28 18:38:54 - gst_automation - INFO - Document is in 'complete' ready state.
2025-06-28 18:38:55 - gst_automation - INFO - Successfully clicked ('xpath', "//*[text()='South West Delhi']").
2025-06-28 18:38:55 - gst_automation - INFO - Document is in 'complete' ready state.
2025-06-28 18:38:55 - gst_automation - INFO - Successfully sent text to ('id', 'bnm').
2025-06-28 18:38:55 - gst_automation - INFO - Document is in 'complete' ready state.
2025-06-28 18:38:55 - gst_automation - INFO - Successfully sent text to ('id', 'pan_card').
2025-06-28 18:38:55 - gst_automation - INFO - Document is in 'complete' ready state.
2025-06-28 18:38:55 - gst_automation - INFO - Successfully sent text to ('id', 'email').
2025-06-28 18:38:55 - gst_automation - INFO - Document is in 'complete' ready state.
2025-06-28 18:38:55 - gst_automation - INFO - Successfully sent text to ('id', 'mobile').
2025-06-28 18:38:55 - gst_automation - INFO - Document is in 'complete' ready state.
2025-06-28 18:38:55 - gst_automation - INFO - Solving captcha via TrueCaptcha API...
2025-06-28 18:38:55 - gst_automation - INFO - Found captcha image element with ID 'imgCaptcha'.
2025-06-28 18:38:57 - gst_automation - INFO - CAPTCHA solved by API: 806436
2025-06-28 18:38:57 - gst_automation - INFO - Document is in 'complete' ready state.
2025-06-28 18:38:57 - gst_automation - INFO - Successfully sent text to ('id', 'captcha').
2025-06-28 18:38:57 - gst_automation - INFO - CAPTCHA text entered successfully.
2025-06-28 18:38:57 - gst_automation - INFO - Document is in 'complete' ready state.
2025-06-28 18:38:57 - gst_automation - INFO - Successfully clicked ('xpath', '/html/body/div[2]/div[2]/div/div[2]/div/form/div[2]/div/div[2]/div/button').
2025-06-28 18:38:57 - gst_automation - INFO - Document is in 'complete' ready state.
2025-06-28 18:38:57 - gst_automation - INFO - Polling for mobile_otp from OTP server (timeout: 120s)...
2025-06-28 18:39:15 - gst_automation - INFO - OTP '418130' received for type 'mobile_otp'!
2025-06-28 18:39:15 - gst_automation - INFO - Document is in 'complete' ready state.
2025-06-28 18:39:15 - gst_automation - INFO - Successfully sent text to ('id', 'mobile_otp').
2025-06-28 18:39:15 - gst_automation - INFO - Document is in 'complete' ready state.
2025-06-28 18:39:15 - gst_automation - INFO - Polling for email_otp from OTP server (timeout: 120s)...
2025-06-28 18:39:37 - gst_automation - INFO - OTP '262485' received for type 'email_otp'!
2025-06-28 18:39:37 - gst_automation - INFO - Document is in 'complete' ready state.
2025-06-28 18:39:37 - gst_automation - INFO - Successfully sent text to ('id', 'email-otp').
2025-06-28 18:39:37 - gst_automation - INFO - Document is in 'complete' ready state.
2025-06-28 18:39:37 - gst_automation - INFO - Successfully clicked ('xpath', '/html/body/div[2]/div[2]/div/div[2]/div/div[2]/div/form/div/div/button').
2025-06-28 18:39:42 - gst_automation - INFO - Document is in 'complete' ready state.
2025-06-28 18:39:42 - gst_automation - INFO - Successfully clicked ('xpath', '/html/body/div[2]/div[2]/div/div[2]/div/div[2]/div/div[2]/div/a').
2025-06-28 18:39:42 - gst_automation - INFO - Document is in 'complete' ready state.
2025-06-28 18:39:42 - gst_automation - INFO - Polling for trn from OTP server (timeout: 120s)...
2025-06-28 18:40:09 - gst_automation - INFO - OTP '072500182107TRN' received for type 'trn'!
2025-06-28 18:40:09 - gst_automation - INFO - Document is in 'complete' ready state.
2025-06-28 18:40:09 - gst_automation - INFO - Successfully sent text to ('id', 'trnno').
2025-06-28 18:40:09 - gst_automation - INFO - Document is in 'complete' ready state.
2025-06-28 18:40:09 - gst_automation - INFO - Solving captcha via TrueCaptcha API...
2025-06-28 18:40:09 - gst_automation - INFO - Found visible CAPTCHA image with ID 'imgCaptcha'.
2025-06-28 18:40:11 - gst_automation - INFO - CAPTCHA solved: 454758
2025-06-28 18:40:11 - gst_automation - INFO - Document is in 'complete' ready state.
2025-06-28 18:40:11 - gst_automation - INFO - Successfully sent text to ('id', 'captchatrn').
2025-06-28 18:40:11 - gst_automation - INFO - CAPTCHA entered successfully into input with ID 'captchatrn'.
2025-06-28 18:40:11 - gst_automation - INFO - Document is in 'complete' ready state.
2025-06-28 18:40:11 - gst_automation - INFO - Successfully clicked ('xpath', '/html/body/div[2]/div[2]/div/div[2]/div/form/div[2]/div/div[2]/div/button').
2025-06-28 18:40:11 - gst_automation - INFO - Document is in 'complete' ready state.
2025-06-28 18:40:11 - gst_automation - INFO - Polling for mobile_otp from OTP server (timeout: 120s)...
2025-06-28 18:40:26 - gst_automation - INFO - OTP '725046' received for type 'mobile_otp'!
2025-06-28 18:40:26 - gst_automation - INFO - Document is in 'complete' ready state.
2025-06-28 18:40:26 - gst_automation - INFO - Successfully sent text to ('id', 'mobile_otp').
2025-06-28 18:40:26 - gst_automation - INFO - Document is in 'complete' ready state.
2025-06-28 18:40:27 - gst_automation - INFO - Successfully clicked ('xpath', '/html/body/div[2]/div[2]/div/div[2]/div/div[2]/div/form/div/div/button').
2025-06-28 18:40:32 - gst_automation - INFO - Document is in 'complete' ready state.
2025-06-28 18:40:32 - gst_automation - INFO - Successfully clicked ('xpath', '/html/body/div[2]/div[1]/div/div[3]/div[2]/div/div/table/tbody/tr/td[6]/button').
2025-06-28 18:40:37 - gst_automation - INFO - Document is in 'complete' ready state.
2025-06-28 18:40:37 - gst_automation - INFO - Successfully sent text to ('id', 'tnm').
2025-06-28 18:40:39 - gst_automation - INFO - Document is in 'complete' ready state.
2025-06-28 18:40:39 - gst_automation - INFO - Successfully clicked ('xpath', "//*[text()='Others']").
2025-06-28 18:40:39 - gst_automation - INFO - Document is in 'complete' ready state.
2025-06-28 18:40:39 - gst_automation - INFO - Successfully sent text to ('id', 'bd_ConstBuss_oth').
2025-06-28 18:40:39 - gst_automation - INFO - Document is in 'complete' ready state.
2025-06-28 18:40:39 - gst_automation - INFO - Successfully clicked ('xpath', "//*[text()='Voluntary Basis']").
2025-06-28 18:40:39 - gst_automation - INFO - Document is in 'complete' ready state.
2025-06-28 18:40:39 - gst_automation - INFO - Successfully sent text to ('id', 'bd_cmbz').
2025-06-28 18:40:39 - gst_automation - INFO - Document is in 'complete' ready state.
2025-06-28 18:40:40 - gst_automation - INFO - Successfully clicked ('xpath', '/html/body/div[2]/div/div/div[3]/form/fieldset/div[1]/div[8]/div/div[1]/select/option[16]').
2025-06-28 18:40:40 - gst_automation - INFO - Document is in 'complete' ready state.
2025-06-28 18:40:40 - gst_automation - INFO - Successfully sent text to ('id', 'bd_othrReg').
2025-06-28 18:40:40 - gst_automation - INFO - Document is in 'complete' ready state.
2025-06-28 18:40:40 - gst_automation - INFO - Successfully sent text to ('id', 'exno').
2025-06-28 18:40:40 - gst_automation - INFO - Document is in 'complete' ready state.
2025-06-28 18:40:40 - gst_automation - INFO - Successfully sent text to ('id', 'exdt').
2025-06-28 18:40:40 - gst_automation - INFO - Document is in 'complete' ready state.
2025-06-28 18:40:40 - gst_automation - INFO - Successfully clicked ('xpath', '/html/body/div[2]/div/div/div[3]/form/fieldset/div[1]/div[8]/div/div[5]/button[1]').
2025-06-28 18:40:40 - gst_automation - INFO - Document is in 'complete' ready state.
2025-06-28 18:40:40 - gst_automation - INFO - Successfully clicked ('xpath', "//*[text()='Registration Certificate']").
2025-06-28 18:40:42 - gst_automation - INFO - Document is in 'complete' ready state.
2025-06-28 18:40:43 - gst_automation - INFO - Successfully clicked ('xpath', '/html/body/div[2]/div/div/div[3]/form/div/div/button[2]').
2025-06-28 18:40:45 - gst_automation - INFO - Document is in 'complete' ready state.
2025-06-28 18:40:48 - gst_automation - INFO - Successfully sent text to ('id', 'fnm').
2025-06-28 18:40:48 - gst_automation - INFO - Document is in 'complete' ready state.
2025-06-28 18:40:48 - gst_automation - INFO - Successfully sent text to ('id', 'pd_mname').
2025-06-28 18:40:48 - gst_automation - INFO - Document is in 'complete' ready state.
2025-06-28 18:40:48 - gst_automation - INFO - Successfully sent text to ('id', 'pd_lname').
2025-06-28 18:40:48 - gst_automation - INFO - Document is in 'complete' ready state.
2025-06-28 18:40:48 - gst_automation - INFO - Successfully sent text to ('id', 'ffname').
2025-06-28 18:40:48 - gst_automation - INFO - Document is in 'complete' ready state.
2025-06-28 18:40:48 - gst_automation - INFO - Successfully sent text to ('id', 'pd_fmname').
2025-06-28 18:40:48 - gst_automation - INFO - Document is in 'complete' ready state.
2025-06-28 18:40:48 - gst_automation - INFO - Successfully sent text to ('id', 'pd_flname').
2025-06-28 18:40:48 - gst_automation - INFO - Document is in 'complete' ready state.
2025-06-28 18:40:48 - gst_automation - INFO - Successfully sent text to ('id', 'dob').
2025-06-28 18:40:48 - gst_automation - INFO - Document is in 'complete' ready state.
2025-06-28 18:40:48 - gst_automation - INFO - Successfully sent text to ('id', 'mbno').
2025-06-28 18:40:48 - gst_automation - INFO - Document is in 'complete' ready state.
2025-06-28 18:40:48 - gst_automation - INFO - Successfully sent text to ('id', 'pd_email').
2025-06-28 18:40:50 - gst_automation - INFO - Document is in 'complete' ready state.
2025-06-28 18:40:50 - gst_automation - INFO - Successfully clicked ('css selector', 'div.tbl-format:nth-child(2) > div:nth-child(4) > div:nth-child(1) > div:nth-child(1) > fieldset:nth-child(1) > label:nth-child(3)').
2025-06-28 18:40:50 - gst_automation - INFO - Document is in 'complete' ready state.
2025-06-28 18:40:50 - gst_automation - INFO - Successfully sent text to ('id', 'dg').
2025-06-28 18:40:50 - gst_automation - INFO - Document is in 'complete' ready state.
2025-06-28 18:40:50 - gst_automation - INFO - Successfully sent text to ('id', 'din').
2025-06-28 18:40:50 - gst_automation - INFO - Document is in 'complete' ready state.
2025-06-28 18:40:50 - gst_automation - INFO - Successfully sent text to ('id', 'pan').
2025-06-28 18:40:50 - gst_automation - INFO - Document is in 'complete' ready state.
2025-06-28 18:40:50 - gst_automation - INFO - Successfully sent text to ('id', 'onMapSerachId').
2025-06-28 18:40:50 - gst_automation - INFO - Document is in 'complete' ready state.
2025-06-28 18:41:21 - gst_automation - ERROR - Element ('xpath', "//*[text()='474001']") not clickable within 30s.
2025-06-28 18:41:32 - gst_automation - INFO - Document is in 'complete' ready state.
2025-06-28 18:41:33 - gst_automation - INFO - Successfully sent text to ('id', 'onMapSerachId').
2025-06-28 18:41:33 - gst_automation - INFO - Document is in 'complete' ready state.
2025-06-28 18:41:33 - gst_automation - INFO - Successfully clicked ('xpath', "//*[text()='474001']").
2025-06-28 18:41:43 - gst_automation - INFO - Document is in 'complete' ready state.
2025-06-28 18:41:43 - gst_automation - INFO - Successfully clicked ('id', 'confirm-mapquery-btn1').
2025-06-28 18:41:43 - gst_automation - INFO - Document is in 'complete' ready state.
2025-06-28 18:41:43 - gst_automation - INFO - Successfully sent text to ('id', 'pd_bdnum').
2025-06-28 18:41:45 - gst_automation - INFO - Document is in 'complete' ready state.
2025-06-28 18:41:45 - gst_automation - INFO - Successfully sent text to ('id', 'pd_upload').
2025-06-28 18:41:45 - gst_automation - INFO - Document is in 'complete' ready state.
2025-06-28 18:41:45 - gst_automation - INFO - Successfully clicked ('xpath', '/html/body/div[2]/div/div/div[3]/form/div[2]/div[2]/div/button[3]').
2025-06-28 18:41:47 - gst_automation - INFO - Document is in 'complete' ready state.
2025-06-28 18:41:48 - gst_automation - INFO - Successfully sent text to ('id', 'fnm').
2025-06-28 18:41:48 - gst_automation - INFO - Document is in 'complete' ready state.
2025-06-28 18:41:56 - gst_automation - INFO - Successfully sent text to ('id', 'as_mname').
2025-06-28 18:41:56 - gst_automation - INFO - Document is in 'complete' ready state.
2025-06-28 18:41:56 - gst_automation - INFO - Successfully sent text to ('id', 'as_lname').
2025-06-28 18:41:56 - gst_automation - INFO - Document is in 'complete' ready state.
2025-06-28 18:41:56 - gst_automation - INFO - Successfully sent text to ('id', 'ffname').
2025-06-28 18:41:56 - gst_automation - INFO - Document is in 'complete' ready state.
2025-06-28 18:41:56 - gst_automation - INFO - Successfully sent text to ('id', 'as_fmname').
2025-06-28 18:41:56 - gst_automation - INFO - Document is in 'complete' ready state.
2025-06-28 18:41:56 - gst_automation - INFO - Successfully sent text to ('id', 'as_flname').
2025-06-28 18:41:56 - gst_automation - INFO - Document is in 'complete' ready state.
2025-06-28 18:41:56 - gst_automation - INFO - Successfully sent text to ('id', 'dob').
2025-06-28 18:41:56 - gst_automation - INFO - Document is in 'complete' ready state.
2025-06-28 18:41:56 - gst_automation - INFO - Successfully sent text to ('id', 'mbno').
2025-06-28 18:41:56 - gst_automation - INFO - Document is in 'complete' ready state.
2025-06-28 18:41:56 - gst_automation - INFO - Successfully sent text to ('id', 'em').
2025-06-28 18:41:58 - gst_automation - INFO - Document is in 'complete' ready state.
2025-06-28 18:44:26 - gst_automation - INFO - Document is in 'complete' ready state.
2025-06-28 18:44:26 - gst_automation - INFO - Successfully sent text to ('id', 'fnm').
2025-06-28 18:44:26 - gst_automation - INFO - Document is in 'complete' ready state.
2025-06-28 18:44:26 - gst_automation - INFO - Successfully sent text to ('id', 'as_mname').
2025-06-28 18:44:26 - gst_automation - INFO - Document is in 'complete' ready state.
2025-06-28 18:44:26 - gst_automation - INFO - Successfully sent text to ('id', 'as_lname').
2025-06-28 18:44:26 - gst_automation - INFO - Document is in 'complete' ready state.
2025-06-28 18:44:27 - gst_automation - INFO - Successfully sent text to ('id', 'ffname').
2025-06-28 18:44:27 - gst_automation - INFO - Document is in 'complete' ready state.
2025-06-28 18:44:27 - gst_automation - INFO - Successfully sent text to ('id', 'as_fmname').
2025-06-28 18:44:27 - gst_automation - INFO - Document is in 'complete' ready state.
2025-06-28 18:44:27 - gst_automation - INFO - Successfully sent text to ('id', 'as_flname').
2025-06-28 18:44:27 - gst_automation - INFO - Document is in 'complete' ready state.
2025-06-28 18:44:27 - gst_automation - INFO - Successfully sent text to ('id', 'dob').
2025-06-28 18:44:27 - gst_automation - INFO - Document is in 'complete' ready state.
2025-06-28 18:44:27 - gst_automation - INFO - Successfully sent text to ('id', 'mbno').
2025-06-28 18:44:27 - gst_automation - INFO - Document is in 'complete' ready state.
2025-06-28 18:44:27 - gst_automation - INFO - Successfully sent text to ('id', 'em').
2025-06-28 18:44:29 - gst_automation - INFO - Document is in 'complete' ready state.
2025-06-28 18:44:29 - gst_automation - INFO - Successfully clicked ('css selector', 'div.tbl-format:nth-child(2) > div:nth-child(4) > div:nth-child(1) > div:nth-child(1) > fieldset:nth-child(1) > label:nth-child(3)').
2025-06-28 18:44:29 - gst_automation - INFO - Document is in 'complete' ready state.
2025-06-28 18:44:29 - gst_automation - INFO - Successfully sent text to ('id', 'dg').
2025-06-28 18:44:29 - gst_automation - INFO - Document is in 'complete' ready state.
2025-06-28 18:44:29 - gst_automation - INFO - Successfully sent text to ('id', 'din').
2025-06-28 18:44:29 - gst_automation - INFO - Document is in 'complete' ready state.
2025-06-28 18:44:29 - gst_automation - INFO - Successfully sent text to ('id', 'pan').
2025-06-28 18:44:34 - gst_automation - INFO - Document is in 'complete' ready state.
2025-06-28 18:44:35 - gst_automation - INFO - Successfully sent text to ('id', 'onMapSerachId').
2025-06-28 18:44:35 - gst_automation - INFO - Document is in 'complete' ready state.
2025-06-28 18:44:35 - gst_automation - INFO - Successfully clicked ('xpath', "//*[text()='474001']").
2025-06-28 18:44:35 - gst_automation - INFO - Document is in 'complete' ready state.
2025-06-28 18:44:37 - gst_automation - INFO - Successfully clicked ('id', 'confirm-mapquery-btn2').
2025-06-28 18:44:37 - gst_automation - INFO - Document is in 'complete' ready state.
2025-06-28 18:44:37 - gst_automation - INFO - Successfully sent text to ('id', 'bno').
2025-06-28 18:44:53 - gst_automation - INFO - Document is in 'complete' ready state.
2025-06-28 18:44:54 - gst_automation - INFO - Successfully clicked ('xpath', '/html/body/div[2]/div/div/div[3]/form/div[2]/fieldset[2]/div/div[2]/div/fieldset/div/select/option[2]').
2025-06-28 18:44:57 - gst_automation - INFO - Document is in 'complete' ready state.
2025-06-28 18:44:58 - gst_automation - INFO - Successfully clicked ('xpath', '/html/body/div[2]/div/div/div[3]/form/div[2]/div[3]/div/button[3]').
2025-06-28 18:52:29 - gst_automation - INFO - Document is in 'complete' ready state.
2025-06-28 18:52:30 - gst_automation - INFO - Successfully clicked ('xpath', '/html/body/div[2]/div/div/div[3]/form/div[2]/div[2]/div/button[3]').
2025-06-28 18:52:51 - gst_automation - INFO - Document is in 'complete' ready state.
2025-06-28 18:52:51 - gst_automation - INFO - Successfully sent text to ('id', 'fnm').
2025-06-28 18:52:51 - gst_automation - INFO - Document is in 'complete' ready state.
2025-06-28 18:52:51 - gst_automation - INFO - Successfully sent text to ('id', 'as_mname').
2025-06-28 18:52:51 - gst_automation - INFO - Document is in 'complete' ready state.
2025-06-28 18:52:51 - gst_automation - INFO - Successfully sent text to ('id', 'as_lname').
2025-06-28 18:52:51 - gst_automation - INFO - Document is in 'complete' ready state.
2025-06-28 18:52:51 - gst_automation - INFO - Successfully sent text to ('id', 'ffname').
2025-06-28 18:52:51 - gst_automation - INFO - Document is in 'complete' ready state.
2025-06-28 18:52:51 - gst_automation - INFO - Successfully sent text to ('id', 'as_fmname').
2025-06-28 18:52:51 - gst_automation - INFO - Document is in 'complete' ready state.
2025-06-28 18:52:51 - gst_automation - INFO - Successfully sent text to ('id', 'as_flname').
2025-06-28 18:52:51 - gst_automation - INFO - Document is in 'complete' ready state.
2025-06-28 18:52:51 - gst_automation - INFO - Successfully sent text to ('id', 'dob').
2025-06-28 18:52:51 - gst_automation - INFO - Document is in 'complete' ready state.
2025-06-28 18:52:51 - gst_automation - INFO - Successfully sent text to ('id', 'mbno').
2025-06-28 18:52:51 - gst_automation - INFO - Document is in 'complete' ready state.
2025-06-28 18:52:51 - gst_automation - INFO - Successfully sent text to ('id', 'em').
2025-06-28 18:52:53 - gst_automation - INFO - Document is in 'complete' ready state.
2025-06-28 18:52:53 - gst_automation - INFO - Successfully clicked ('css selector', 'div.tbl-format:nth-child(2) > div:nth-child(4) > div:nth-child(1) > div:nth-child(1) > fieldset:nth-child(1) > label:nth-child(3)').
2025-06-28 18:52:53 - gst_automation - INFO - Document is in 'complete' ready state.
2025-06-28 18:52:53 - gst_automation - INFO - Successfully sent text to ('id', 'dg').
2025-06-28 18:52:53 - gst_automation - INFO - Document is in 'complete' ready state.
2025-06-28 18:52:53 - gst_automation - INFO - Successfully sent text to ('id', 'din').
2025-06-28 18:52:53 - gst_automation - INFO - Document is in 'complete' ready state.
2025-06-28 18:52:53 - gst_automation - INFO - Successfully sent text to ('id', 'pan').
2025-06-28 18:53:15 - gst_automation - INFO - Document is in 'complete' ready state.
2025-06-28 18:53:16 - gst_automation - INFO - Successfully sent text to ('id', 'onMapSerachId').
2025-06-28 18:53:16 - gst_automation - INFO - Document is in 'complete' ready state.
2025-06-28 18:53:16 - gst_automation - INFO - Successfully clicked ('xpath', "//*[text()='474001']").
2025-06-28 18:53:16 - gst_automation - INFO - Document is in 'complete' ready state.
2025-06-28 18:53:16 - gst_automation - INFO - Successfully clicked ('id', 'confirm-mapquery-btn2').
2025-06-28 18:53:16 - gst_automation - INFO - Document is in 'complete' ready state.
2025-06-28 18:53:16 - gst_automation - INFO - Successfully sent text to ('id', 'bno').
2025-06-28 18:54:02 - gst_automation - INFO - Document is in 'complete' ready state.
2025-06-28 18:54:03 - gst_automation - INFO - Successfully clicked ('xpath', '/html/body/div[2]/div/div/div[3]/form/div[2]/fieldset[2]/div/div[2]/div/fieldset/div/select/option[2]').
2025-06-28 18:54:08 - gst_automation - INFO - Document is in 'complete' ready state.
2025-06-28 18:54:08 - gst_automation - INFO - Successfully clicked ('xpath', '/html/body/div[2]/div/div/div[3]/form/div[2]/div[3]/div/button[3]').
2025-06-28 18:54:58 - gst_automation - INFO - Document is in 'complete' ready state.
2025-06-28 18:54:59 - gst_automation - INFO - Successfully sent text to ('id', 'onMapSerachId').
2025-06-28 18:55:01 - gst_automation - INFO - Document is in 'complete' ready state.
2025-06-28 18:55:01 - gst_automation - INFO - Successfully clicked ('xpath', "//*[text()='110071']").
2025-06-28 18:55:43 - gst_automation - INFO - Document is in 'complete' ready state.
2025-06-28 18:55:43 - gst_automation - INFO - Successfully sent text to ('id', 'fnm').
2025-06-28 18:55:43 - gst_automation - INFO - Document is in 'complete' ready state.
2025-06-28 18:55:43 - gst_automation - INFO - Successfully sent text to ('id', 'as_mname').
2025-06-28 18:55:43 - gst_automation - INFO - Document is in 'complete' ready state.
2025-06-28 18:55:43 - gst_automation - INFO - Successfully sent text to ('id', 'as_lname').
2025-06-28 18:55:43 - gst_automation - INFO - Document is in 'complete' ready state.
2025-06-28 18:55:43 - gst_automation - INFO - Successfully sent text to ('id', 'ffname').
2025-06-28 18:55:43 - gst_automation - INFO - Document is in 'complete' ready state.
2025-06-28 18:55:43 - gst_automation - INFO - Successfully sent text to ('id', 'as_fmname').
2025-06-28 18:55:43 - gst_automation - INFO - Document is in 'complete' ready state.
2025-06-28 18:55:43 - gst_automation - INFO - Successfully sent text to ('id', 'as_flname').
2025-06-28 18:55:43 - gst_automation - INFO - Document is in 'complete' ready state.
2025-06-28 18:55:43 - gst_automation - INFO - Successfully sent text to ('id', 'dob').
2025-06-28 18:55:43 - gst_automation - INFO - Document is in 'complete' ready state.
2025-06-28 18:55:43 - gst_automation - INFO - Successfully sent text to ('id', 'mbno').
2025-06-28 18:55:43 - gst_automation - INFO - Document is in 'complete' ready state.
2025-06-28 18:55:43 - gst_automation - INFO - Successfully sent text to ('id', 'em').
2025-06-28 18:55:45 - gst_automation - INFO - Document is in 'complete' ready state.
2025-06-28 18:55:46 - gst_automation - INFO - Successfully clicked ('css selector', 'div.tbl-format:nth-child(2) > div:nth-child(4) > div:nth-child(1) > div:nth-child(1) > fieldset:nth-child(1) > label:nth-child(3)').
2025-06-28 18:55:46 - gst_automation - INFO - Document is in 'complete' ready state.
2025-06-28 18:55:46 - gst_automation - INFO - Successfully sent text to ('id', 'dg').
2025-06-28 18:55:46 - gst_automation - INFO - Document is in 'complete' ready state.
2025-06-28 18:55:46 - gst_automation - INFO - Successfully sent text to ('id', 'din').
2025-06-28 18:55:46 - gst_automation - INFO - Document is in 'complete' ready state.
2025-06-28 18:55:46 - gst_automation - INFO - Successfully sent text to ('id', 'pan').
2025-06-28 18:55:49 - gst_automation - INFO - Document is in 'complete' ready state.
2025-06-28 18:55:52 - gst_automation - INFO - Successfully sent text to ('id', 'onMapSerachId').
2025-06-28 18:55:52 - gst_automation - INFO - Document is in 'complete' ready state.
2025-06-28 18:55:52 - gst_automation - INFO - Successfully clicked ('xpath', "//*[text()='474001']").
2025-06-28 18:55:52 - gst_automation - INFO - Document is in 'complete' ready state.
2025-06-28 18:55:52 - gst_automation - INFO - Successfully clicked ('id', 'confirm-mapquery-btn2').
2025-06-28 18:55:52 - gst_automation - INFO - Document is in 'complete' ready state.
2025-06-28 18:55:52 - gst_automation - INFO - Successfully sent text to ('id', 'bno').
2025-06-28 18:56:31 - gst_automation - INFO - Document is in 'complete' ready state.
2025-06-28 18:56:31 - gst_automation - INFO - Successfully clicked ('xpath', '/html/body/div[2]/div/div/div[3]/form/div[2]/fieldset[2]/div/div[2]/div/fieldset/div/select/option[2]').
2025-06-28 18:56:37 - gst_automation - INFO - Document is in 'complete' ready state.
2025-06-28 18:56:37 - gst_automation - INFO - Successfully clicked ('xpath', '/html/body/div[2]/div/div/div[3]/form/div[2]/div[3]/div/button[3]').
2025-06-28 18:58:58 - gst_automation - INFO - Document is in 'complete' ready state.
2025-06-28 18:58:58 - gst_automation - INFO - Successfully sent text to ('id', 'fnm').
2025-06-28 18:58:58 - gst_automation - INFO - Document is in 'complete' ready state.
2025-06-28 18:58:58 - gst_automation - INFO - Successfully sent text to ('id', 'as_mname').
2025-06-28 18:58:58 - gst_automation - INFO - Document is in 'complete' ready state.
2025-06-28 18:58:58 - gst_automation - INFO - Successfully sent text to ('id', 'as_lname').
2025-06-28 18:58:58 - gst_automation - INFO - Document is in 'complete' ready state.
2025-06-28 18:58:59 - gst_automation - INFO - Successfully sent text to ('id', 'ffname').
2025-06-28 18:58:59 - gst_automation - INFO - Document is in 'complete' ready state.
2025-06-28 18:58:59 - gst_automation - INFO - Successfully sent text to ('id', 'as_fmname').
2025-06-28 18:58:59 - gst_automation - INFO - Document is in 'complete' ready state.
2025-06-28 18:58:59 - gst_automation - INFO - Successfully sent text to ('id', 'as_flname').
2025-06-28 18:58:59 - gst_automation - INFO - Document is in 'complete' ready state.
2025-06-28 18:58:59 - gst_automation - INFO - Successfully sent text to ('id', 'dob').
2025-06-28 18:58:59 - gst_automation - INFO - Document is in 'complete' ready state.
2025-06-28 18:58:59 - gst_automation - INFO - Successfully sent text to ('id', 'mbno').
2025-06-28 18:58:59 - gst_automation - INFO - Document is in 'complete' ready state.
2025-06-28 18:58:59 - gst_automation - INFO - Successfully sent text to ('id', 'em').
2025-06-28 18:59:01 - gst_automation - INFO - Document is in 'complete' ready state.
2025-06-28 18:59:01 - gst_automation - INFO - Successfully clicked ('css selector', 'div.tbl-format:nth-child(2) > div:nth-child(4) > div:nth-child(1) > div:nth-child(1) > fieldset:nth-child(1) > label:nth-child(3)').
2025-06-28 18:59:01 - gst_automation - INFO - Document is in 'complete' ready state.
2025-06-28 18:59:01 - gst_automation - INFO - Successfully sent text to ('id', 'dg').
2025-06-28 18:59:01 - gst_automation - INFO - Document is in 'complete' ready state.
2025-06-28 18:59:01 - gst_automation - INFO - Successfully sent text to ('id', 'din').
2025-06-28 18:59:01 - gst_automation - INFO - Document is in 'complete' ready state.
2025-06-28 18:59:01 - gst_automation - INFO - Successfully sent text to ('id', 'pan').
2025-06-28 18:59:08 - gst_automation - INFO - Document is in 'complete' ready state.
2025-06-28 18:59:09 - gst_automation - INFO - Successfully sent text to ('id', 'onMapSerachId').
2025-06-28 18:59:09 - gst_automation - INFO - Document is in 'complete' ready state.
2025-06-28 18:59:10 - gst_automation - INFO - Successfully clicked ('xpath', "//*[text()='474001']").
2025-06-28 18:59:10 - gst_automation - INFO - Document is in 'complete' ready state.
2025-06-28 18:59:10 - gst_automation - INFO - Successfully clicked ('id', 'confirm-mapquery-btn2').
2025-06-28 18:59:10 - gst_automation - INFO - Document is in 'complete' ready state.
2025-06-28 18:59:10 - gst_automation - INFO - Successfully sent text to ('id', 'bno').
2025-06-28 18:59:31 - gst_automation - INFO - Document is in 'complete' ready state.
2025-06-28 18:59:31 - gst_automation - INFO - Successfully clicked ('xpath', '/html/body/div[2]/div/div/div[3]/form/div[2]/fieldset[2]/div/div[2]/div/fieldset/div/select/option[2]').
2025-06-28 18:59:38 - gst_automation - INFO - Document is in 'complete' ready state.
2025-06-28 18:59:38 - gst_automation - INFO - Successfully clicked ('xpath', '/html/body/div[2]/div/div/div[3]/form/div[2]/div[3]/div/button[3]').
2025-06-28 19:01:28 - gst_automation - INFO - Document is in 'complete' ready state.
2025-06-28 19:01:28 - gst_automation - INFO - Successfully clicked ('xpath', '/html/body/div[2]/div/div/div[3]/form/div/div/button[2]').
2025-06-28 19:03:06 - gst_automation - INFO - Document is in 'complete' ready state.
2025-06-28 19:03:06 - gst_automation - INFO - Successfully clicked ('xpath', "//*[text()='Taxpayer']").
2025-06-28 19:03:06 - gst_automation - INFO - Document is in 'complete' ready state.
2025-06-28 19:03:06 - gst_automation - INFO - Successfully clicked ('xpath', "//*[text()='Delhi']").
2025-06-28 19:03:11 - gst_automation - INFO - Document is in 'complete' ready state.
2025-06-28 19:03:11 - gst_automation - INFO - Successfully clicked ('xpath', "//*[text()='South West Delhi']").
2025-06-28 19:03:11 - gst_automation - INFO - Document is in 'complete' ready state.
2025-06-28 19:03:11 - gst_automation - INFO - Successfully sent text to ('id', 'bnm').
2025-06-28 19:03:11 - gst_automation - INFO - Document is in 'complete' ready state.
2025-06-28 19:03:11 - gst_automation - INFO - Successfully sent text to ('id', 'pan_card').
2025-06-28 19:03:11 - gst_automation - INFO - Document is in 'complete' ready state.
2025-06-28 19:03:11 - gst_automation - INFO - Successfully sent text to ('id', 'email').
2025-06-28 19:03:11 - gst_automation - INFO - Document is in 'complete' ready state.
2025-06-28 19:03:11 - gst_automation - INFO - Successfully sent text to ('id', 'mobile').
2025-06-28 19:03:11 - gst_automation - INFO - Document is in 'complete' ready state.
2025-06-28 19:03:11 - gst_automation - INFO - Solving captcha via TrueCaptcha API...
2025-06-28 19:03:11 - gst_automation - INFO - Found captcha image element with ID 'imgCaptcha'.
2025-06-28 19:03:13 - gst_automation - INFO - CAPTCHA solved by API: 550583
2025-06-28 19:03:13 - gst_automation - INFO - Document is in 'complete' ready state.
2025-06-28 19:03:13 - gst_automation - INFO - Successfully sent text to ('id', 'captcha').
2025-06-28 19:03:13 - gst_automation - INFO - CAPTCHA text entered successfully.
2025-06-28 19:03:13 - gst_automation - INFO - Document is in 'complete' ready state.
2025-06-28 19:03:14 - gst_automation - INFO - Successfully clicked ('xpath', '/html/body/div[2]/div[2]/div/div[2]/div/form/div[2]/div/div[2]/div/button').
2025-06-28 19:03:14 - gst_automation - INFO - Document is in 'complete' ready state.
2025-06-28 19:03:14 - gst_automation - INFO - Polling for mobile_otp from OTP server (timeout: 120s)...
2025-06-28 19:03:32 - gst_automation - INFO - OTP '010256' received for type 'mobile_otp'!
2025-06-28 19:03:32 - gst_automation - INFO - Document is in 'complete' ready state.
2025-06-28 19:03:32 - gst_automation - INFO - Successfully sent text to ('id', 'mobile_otp').
2025-06-28 19:03:32 - gst_automation - INFO - Document is in 'complete' ready state.
2025-06-28 19:03:32 - gst_automation - INFO - Polling for email_otp from OTP server (timeout: 120s)...
2025-06-28 19:04:08 - gst_automation - INFO - OTP '725046' received for type 'email_otp'!
2025-06-28 19:04:08 - gst_automation - INFO - Document is in 'complete' ready state.
2025-06-28 19:04:08 - gst_automation - INFO - Successfully sent text to ('id', 'email-otp').
2025-06-28 19:04:08 - gst_automation - INFO - Document is in 'complete' ready state.
2025-06-28 19:04:08 - gst_automation - INFO - Successfully clicked ('xpath', '/html/body/div[2]/div[2]/div/div[2]/div/div[2]/div/form/div/div/button').
2025-06-28 19:04:13 - gst_automation - INFO - Document is in 'complete' ready state.
2025-06-28 19:04:43 - gst_automation - ERROR - Element ('xpath', '/html/body/div[2]/div[2]/div/div[2]/div/div[2]/div/div[2]/div/a') not clickable within 30s.
2025-06-28 19:05:29 - gst_automation - INFO - Document is in 'complete' ready state.
2025-06-28 19:05:30 - gst_automation - INFO - Successfully clicked ('xpath', "//*[text()='Taxpayer']").
2025-06-28 19:05:30 - gst_automation - INFO - Document is in 'complete' ready state.
2025-06-28 19:05:30 - gst_automation - INFO - Successfully clicked ('xpath', "//*[text()='Delhi']").
2025-06-28 19:05:35 - gst_automation - INFO - Document is in 'complete' ready state.
2025-06-28 19:05:35 - gst_automation - INFO - Successfully clicked ('xpath', "//*[text()='South West Delhi']").
2025-06-28 19:05:35 - gst_automation - INFO - Document is in 'complete' ready state.
2025-06-28 19:05:35 - gst_automation - INFO - Successfully sent text to ('id', 'bnm').
2025-06-28 19:05:35 - gst_automation - INFO - Document is in 'complete' ready state.
2025-06-28 19:05:35 - gst_automation - INFO - Successfully sent text to ('id', 'pan_card').
2025-06-28 19:05:35 - gst_automation - INFO - Document is in 'complete' ready state.
2025-06-28 19:05:35 - gst_automation - INFO - Successfully sent text to ('id', 'email').
2025-06-28 19:05:35 - gst_automation - INFO - Document is in 'complete' ready state.
2025-06-28 19:05:35 - gst_automation - INFO - Successfully sent text to ('id', 'mobile').
2025-06-28 19:05:35 - gst_automation - INFO - Document is in 'complete' ready state.
2025-06-28 19:05:35 - gst_automation - INFO - Solving captcha via TrueCaptcha API...
2025-06-28 19:05:35 - gst_automation - INFO - Found captcha image element with ID 'imgCaptcha'.
2025-06-28 19:05:37 - gst_automation - INFO - CAPTCHA solved by API: 481050
2025-06-28 19:05:37 - gst_automation - INFO - Document is in 'complete' ready state.
2025-06-28 19:05:37 - gst_automation - INFO - Successfully sent text to ('id', 'captcha').
2025-06-28 19:05:37 - gst_automation - INFO - CAPTCHA text entered successfully.
2025-06-28 19:05:37 - gst_automation - INFO - Document is in 'complete' ready state.
2025-06-28 19:05:37 - gst_automation - INFO - Successfully clicked ('xpath', '/html/body/div[2]/div[2]/div/div[2]/div/form/div[2]/div/div[2]/div/button').
2025-06-28 19:05:37 - gst_automation - INFO - Document is in 'complete' ready state.
2025-06-28 19:05:37 - gst_automation - INFO - Polling for mobile_otp from OTP server (timeout: 120s)...
2025-06-28 19:06:19 - gst_automation - INFO - OTP '871045' received for type 'mobile_otp'!
2025-06-28 19:06:19 - gst_automation - INFO - Document is in 'complete' ready state.
2025-06-28 19:06:19 - gst_automation - INFO - Successfully sent text to ('id', 'mobile_otp').
2025-06-28 19:06:19 - gst_automation - INFO - Document is in 'complete' ready state.
2025-06-28 19:06:19 - gst_automation - INFO - Polling for email_otp from OTP server (timeout: 120s)...
2025-06-28 19:06:40 - gst_automation - INFO - OTP '599650' received for type 'email_otp'!
2025-06-28 19:06:40 - gst_automation - INFO - Document is in 'complete' ready state.
2025-06-28 19:06:40 - gst_automation - INFO - Successfully sent text to ('id', 'email-otp').
2025-06-28 19:06:40 - gst_automation - INFO - Document is in 'complete' ready state.
2025-06-28 19:06:41 - gst_automation - INFO - Successfully clicked ('xpath', '/html/body/div[2]/div[2]/div/div[2]/div/div[2]/div/form/div/div/button').
2025-06-28 19:06:46 - gst_automation - INFO - Document is in 'complete' ready state.
2025-06-28 19:06:46 - gst_automation - INFO - Successfully clicked ('xpath', '/html/body/div[2]/div[2]/div/div[2]/div/div[2]/div/div[2]/div/a').
2025-06-28 19:06:46 - gst_automation - INFO - Document is in 'complete' ready state.
2025-06-28 19:06:46 - gst_automation - INFO - Polling for trn from OTP server (timeout: 120s)...
2025-06-28 19:07:07 - gst_automation - INFO - OTP '072500182128TRN' received for type 'trn'!
2025-06-28 19:07:07 - gst_automation - INFO - Document is in 'complete' ready state.
2025-06-28 19:07:07 - gst_automation - INFO - Successfully sent text to ('id', 'trnno').
2025-06-28 19:07:07 - gst_automation - INFO - Document is in 'complete' ready state.
2025-06-28 19:07:07 - gst_automation - INFO - Solving captcha via TrueCaptcha API...
2025-06-28 19:07:07 - gst_automation - INFO - Found visible CAPTCHA image with ID 'imgCaptcha'.
2025-06-28 19:07:09 - gst_automation - INFO - CAPTCHA solved: 135300
2025-06-28 19:07:09 - gst_automation - INFO - Document is in 'complete' ready state.
2025-06-28 19:07:09 - gst_automation - INFO - Successfully sent text to ('id', 'captchatrn').
2025-06-28 19:07:09 - gst_automation - INFO - CAPTCHA entered successfully into input with ID 'captchatrn'.
2025-06-28 19:07:09 - gst_automation - INFO - Document is in 'complete' ready state.
2025-06-28 19:07:09 - gst_automation - INFO - Successfully clicked ('xpath', '/html/body/div[2]/div[2]/div/div[2]/div/form/div[2]/div/div[2]/div/button').
2025-06-28 19:07:09 - gst_automation - INFO - Document is in 'complete' ready state.
2025-06-28 19:07:09 - gst_automation - INFO - Polling for mobile_otp from OTP server (timeout: 120s)...
2025-06-28 19:07:30 - gst_automation - INFO - OTP '046982' received for type 'mobile_otp'!
2025-06-28 19:07:30 - gst_automation - INFO - Document is in 'complete' ready state.
2025-06-28 19:07:30 - gst_automation - INFO - Successfully sent text to ('id', 'mobile_otp').
2025-06-28 19:07:30 - gst_automation - INFO - Document is in 'complete' ready state.
2025-06-28 19:07:30 - gst_automation - INFO - Successfully clicked ('xpath', '/html/body/div[2]/div[2]/div/div[2]/div/div[2]/div/form/div/div/button').
2025-06-28 19:07:35 - gst_automation - INFO - Document is in 'complete' ready state.
2025-06-28 19:07:36 - gst_automation - INFO - Successfully clicked ('xpath', '/html/body/div[2]/div[1]/div/div[3]/div[2]/div/div/table/tbody/tr/td[6]/button').
2025-06-28 19:07:41 - gst_automation - INFO - Document is in 'complete' ready state.
2025-06-28 19:07:41 - gst_automation - INFO - Successfully sent text to ('id', 'tnm').
2025-06-28 19:07:43 - gst_automation - INFO - Document is in 'complete' ready state.
2025-06-28 19:07:43 - gst_automation - INFO - Successfully clicked ('xpath', "//*[text()='Others']").
2025-06-28 19:07:43 - gst_automation - INFO - Document is in 'complete' ready state.
2025-06-28 19:07:43 - gst_automation - INFO - Successfully sent text to ('id', 'bd_ConstBuss_oth').
2025-06-28 19:07:43 - gst_automation - INFO - Document is in 'complete' ready state.
2025-06-28 19:07:43 - gst_automation - INFO - Successfully clicked ('xpath', "//*[text()='Voluntary Basis']").
2025-06-28 19:07:43 - gst_automation - INFO - Document is in 'complete' ready state.
2025-06-28 19:07:43 - gst_automation - INFO - Successfully sent text to ('id', 'bd_cmbz').
2025-06-28 19:07:43 - gst_automation - INFO - Document is in 'complete' ready state.
2025-06-28 19:07:44 - gst_automation - INFO - Successfully clicked ('xpath', '/html/body/div[2]/div/div/div[3]/form/fieldset/div[1]/div[8]/div/div[1]/select/option[16]').
2025-06-28 19:07:44 - gst_automation - INFO - Document is in 'complete' ready state.
2025-06-28 19:07:44 - gst_automation - INFO - Successfully sent text to ('id', 'bd_othrReg').
2025-06-28 19:07:44 - gst_automation - INFO - Document is in 'complete' ready state.
2025-06-28 19:07:44 - gst_automation - INFO - Successfully sent text to ('id', 'exno').
2025-06-28 19:07:44 - gst_automation - INFO - Document is in 'complete' ready state.
2025-06-28 19:07:44 - gst_automation - INFO - Successfully sent text to ('id', 'exdt').
2025-06-28 19:07:44 - gst_automation - INFO - Document is in 'complete' ready state.
2025-06-28 19:07:44 - gst_automation - INFO - Successfully clicked ('xpath', '/html/body/div[2]/div/div/div[3]/form/fieldset/div[1]/div[8]/div/div[5]/button[1]').
2025-06-28 19:07:44 - gst_automation - INFO - Document is in 'complete' ready state.
2025-06-28 19:07:44 - gst_automation - INFO - Successfully clicked ('xpath', "//*[text()='Registration Certificate']").
2025-06-28 19:07:46 - gst_automation - INFO - Document is in 'complete' ready state.
2025-06-28 19:07:46 - gst_automation - INFO - Successfully clicked ('xpath', '/html/body/div[2]/div/div/div[3]/form/div/div/button[2]').
2025-06-28 19:07:48 - gst_automation - INFO - Document is in 'complete' ready state.
2025-06-28 19:07:56 - gst_automation - INFO - Successfully sent text to ('id', 'fnm').
2025-06-28 19:07:56 - gst_automation - INFO - Document is in 'complete' ready state.
2025-06-28 19:07:56 - gst_automation - INFO - Successfully sent text to ('id', 'pd_mname').
2025-06-28 19:07:56 - gst_automation - INFO - Document is in 'complete' ready state.
2025-06-28 19:07:56 - gst_automation - INFO - Successfully sent text to ('id', 'pd_lname').
2025-06-28 19:07:56 - gst_automation - INFO - Document is in 'complete' ready state.
2025-06-28 19:07:56 - gst_automation - INFO - Successfully sent text to ('id', 'ffname').
2025-06-28 19:07:56 - gst_automation - INFO - Document is in 'complete' ready state.
2025-06-28 19:07:56 - gst_automation - INFO - Successfully sent text to ('id', 'pd_fmname').
2025-06-28 19:07:56 - gst_automation - INFO - Document is in 'complete' ready state.
2025-06-28 19:07:56 - gst_automation - INFO - Successfully sent text to ('id', 'pd_flname').
2025-06-28 19:07:56 - gst_automation - INFO - Document is in 'complete' ready state.
2025-06-28 19:07:56 - gst_automation - INFO - Successfully sent text to ('id', 'dob').
2025-06-28 19:07:56 - gst_automation - INFO - Document is in 'complete' ready state.
2025-06-28 19:07:56 - gst_automation - INFO - Successfully sent text to ('id', 'mbno').
2025-06-28 19:07:56 - gst_automation - INFO - Document is in 'complete' ready state.
2025-06-28 19:07:56 - gst_automation - INFO - Successfully sent text to ('id', 'pd_email').
2025-06-28 19:07:58 - gst_automation - INFO - Document is in 'complete' ready state.
2025-06-28 19:07:59 - gst_automation - INFO - Successfully clicked ('css selector', 'div.tbl-format:nth-child(2) > div:nth-child(4) > div:nth-child(1) > div:nth-child(1) > fieldset:nth-child(1) > label:nth-child(3)').
2025-06-28 19:07:59 - gst_automation - INFO - Document is in 'complete' ready state.
2025-06-28 19:07:59 - gst_automation - INFO - Successfully sent text to ('id', 'dg').
2025-06-28 19:07:59 - gst_automation - INFO - Document is in 'complete' ready state.
2025-06-28 19:07:59 - gst_automation - INFO - Successfully sent text to ('id', 'din').
2025-06-28 19:07:59 - gst_automation - INFO - Document is in 'complete' ready state.
2025-06-28 19:07:59 - gst_automation - INFO - Successfully sent text to ('id', 'pan').
2025-06-28 19:07:59 - gst_automation - INFO - Document is in 'complete' ready state.
2025-06-28 19:07:59 - gst_automation - INFO - Successfully sent text to ('id', 'onMapSerachId').
2025-06-28 19:07:59 - gst_automation - INFO - Document is in 'complete' ready state.
2025-06-28 19:08:29 - gst_automation - ERROR - Element ('xpath', "//*[text()='474001']") not clickable within 30s.
2025-06-28 19:08:43 - gst_automation - INFO - Document is in 'complete' ready state.
2025-06-28 19:08:44 - gst_automation - INFO - Successfully sent text to ('id', 'onMapSerachId').
2025-06-28 19:08:46 - gst_automation - INFO - Document is in 'complete' ready state.
2025-06-28 19:08:46 - gst_automation - INFO - Successfully clicked ('xpath', "//*[text()='474001']").
2025-06-28 19:08:53 - gst_automation - INFO - Document is in 'complete' ready state.
2025-06-28 19:08:53 - gst_automation - INFO - Successfully clicked ('id', 'confirm-mapquery-btn1').
2025-06-28 19:08:53 - gst_automation - INFO - Document is in 'complete' ready state.
2025-06-28 19:08:53 - gst_automation - INFO - Successfully sent text to ('id', 'pd_bdnum').
2025-06-28 19:08:55 - gst_automation - INFO - Document is in 'complete' ready state.
2025-06-28 19:08:55 - gst_automation - INFO - Successfully sent text to ('id', 'pd_upload').
2025-06-28 19:08:56 - gst_automation - INFO - Document is in 'complete' ready state.
2025-06-28 19:08:56 - gst_automation - INFO - Successfully clicked ('xpath', '/html/body/div[2]/div/div/div[3]/form/div[2]/div[2]/div/button[3]').
2025-06-28 19:08:58 - gst_automation - INFO - Document is in 'complete' ready state.
2025-06-28 19:09:28 - gst_automation - INFO - Document is in 'complete' ready state.
2025-06-28 19:10:11 - gst_automation - INFO - Document is in 'complete' ready state.
2025-06-28 19:10:11 - gst_automation - INFO - Successfully clicked ('xpath', '/html/body/div[2]/div/div/div[3]/form/div[2]/fieldset[2]/div/div[2]/div/fieldset/div/select/option[2]').
2025-06-28 19:10:11 - gst_automation - INFO - Document is in 'complete' ready state.
2025-06-28 19:10:11 - gst_automation - INFO - Successfully clicked ('xpath', '/html/body/div[2]/div/div/div[3]/form/div[2]/div[3]/div/button[3]').
2025-06-28 19:10:12 - gst_automation - INFO - Document is in 'complete' ready state.
2025-06-28 19:10:24 - gst_automation - INFO - Document is in 'complete' ready state.
2025-06-28 19:10:24 - gst_automation - INFO - Successfully clicked ('xpath', '/html/body/div[2]/div/div/div[3]/form/div/div/button[2]').
2025-06-28 19:10:41 - gst_automation - INFO - Document is in 'complete' ready state.
2025-06-28 19:10:41 - gst_automation - INFO - Successfully sent text to ('id', 'onMapSerachId').
2025-06-28 19:10:43 - gst_automation - INFO - Document is in 'complete' ready state.
2025-06-28 19:11:00 - gst_automation - INFO - Document is in 'complete' ready state.
2025-06-28 19:11:00 - gst_automation - INFO - Successfully sent text to ('id', 'onMapSerachId').
2025-06-28 19:11:02 - gst_automation - INFO - Document is in 'complete' ready state.
2025-06-28 19:13:00 - gst_automation - INFO - Document is in 'complete' ready state.
2025-06-28 19:13:00 - gst_automation - INFO - Successfully sent text to ('id', 'onMapSerachId').
2025-06-28 19:13:02 - gst_automation - INFO - Document is in 'complete' ready state.
2025-06-28 19:13:32 - gst_automation - INFO - Document is in 'complete' ready state.
2025-06-28 19:13:32 - gst_automation - INFO - Successfully sent text to ('id', 'onMapSerachId').
2025-06-28 19:13:34 - gst_automation - INFO - Document is in 'complete' ready state.
2025-06-28 19:14:09 - gst_automation - INFO - Document is in 'complete' ready state.
2025-06-28 19:14:23 - gst_automation - INFO - Document is in 'complete' ready state.
2025-06-28 19:14:23 - gst_automation - INFO - Successfully sent text to ('id', 'pncd').
2025-06-28 19:14:25 - gst_automation - INFO - Document is in 'complete' ready state.
2025-06-28 19:14:25 - gst_automation - INFO - Successfully sent text to ('id', 'dst').
2025-06-28 19:14:27 - gst_automation - INFO - Document is in 'complete' ready state.
2025-06-28 19:14:30 - gst_automation - INFO - Document is in 'complete' ready state.
2025-06-28 19:14:30 - gst_automation - INFO - Successfully sent text to ('id', 'pncd').
2025-06-28 19:14:32 - gst_automation - INFO - Document is in 'complete' ready state.
2025-06-28 19:14:32 - gst_automation - INFO - Successfully sent text to ('id', 'dst').
2025-06-28 19:14:34 - gst_automation - INFO - Document is in 'complete' ready state.
2025-06-28 19:15:05 - gst_automation - INFO - Document is in 'complete' ready state.
2025-06-28 19:15:05 - gst_automation - INFO - Successfully sent text to ('id', 'onMapSerachId').
2025-06-28 19:15:07 - gst_automation - INFO - Document is in 'complete' ready state.
2025-06-28 19:15:37 - gst_automation - ERROR - Element ('xpath', "//*[text()='110071']") not clickable within 30s.
2025-06-28 19:15:47 - gst_automation - INFO - Document is in 'complete' ready state.
2025-06-28 19:15:47 - gst_automation - INFO - Successfully sent text to ('id', 'onMapSerachId').
2025-06-28 19:15:47 - gst_automation - INFO - Document is in 'complete' ready state.
2025-06-28 19:16:18 - gst_automation - ERROR - Element ('xpath', "//*[text()='110071']") not clickable within 30s.
2025-06-28 19:16:48 - gst_automation - INFO - Document is in 'complete' ready state.
2025-06-28 19:16:48 - gst_automation - INFO - Successfully sent text to ('id', 'onMapSerachId').
2025-06-28 19:16:48 - gst_automation - INFO - Document is in 'complete' ready state.
2025-06-28 19:17:18 - gst_automation - ERROR - Element ('xpath', "//*[text()='110071']") not clickable within 30s.
2025-06-28 19:19:07 - gst_automation - INFO - Document is in 'complete' ready state.
2025-06-28 19:19:07 - gst_automation - INFO - Successfully sent text to ('id', 'dst').
2025-06-28 19:19:09 - gst_automation - INFO - Document is in 'complete' ready state.
2025-06-28 19:19:15 - gst_automation - INFO - Document is in 'complete' ready state.
2025-06-28 19:19:45 - gst_automation - ERROR - Element ('xpath', "//*[text()='Ward 1']") not clickable within 30s.
2025-06-28 19:24:46 - gst_automation - INFO - Document is in 'complete' ready state.
2025-06-28 19:24:46 - gst_automation - INFO - Successfully clicked ('xpath', "//*[text()='Taxpayer']").
2025-06-28 19:24:46 - gst_automation - INFO - Document is in 'complete' ready state.
2025-06-28 19:24:46 - gst_automation - INFO - Successfully clicked ('xpath', "//*[text()='Delhi']").
2025-06-28 19:24:51 - gst_automation - INFO - Document is in 'complete' ready state.
2025-06-28 19:24:51 - gst_automation - INFO - Successfully clicked ('xpath', "//*[text()='South West Delhi']").
2025-06-28 19:24:51 - gst_automation - INFO - Document is in 'complete' ready state.
2025-06-28 19:24:52 - gst_automation - INFO - Successfully sent text to ('id', 'bnm').
2025-06-28 19:24:52 - gst_automation - INFO - Document is in 'complete' ready state.
2025-06-28 19:24:52 - gst_automation - INFO - Successfully sent text to ('id', 'pan_card').
2025-06-28 19:24:52 - gst_automation - INFO - Document is in 'complete' ready state.
2025-06-28 19:24:52 - gst_automation - INFO - Successfully sent text to ('id', 'email').
2025-06-28 19:24:52 - gst_automation - INFO - Document is in 'complete' ready state.
2025-06-28 19:24:52 - gst_automation - INFO - Successfully sent text to ('id', 'mobile').
2025-06-28 19:24:52 - gst_automation - INFO - Document is in 'complete' ready state.
2025-06-28 19:24:52 - gst_automation - INFO - Solving captcha via TrueCaptcha API...
2025-06-28 19:24:52 - gst_automation - INFO - Found captcha image element with ID 'imgCaptcha'.
2025-06-28 19:24:53 - gst_automation - INFO - CAPTCHA solved by API: 428377
2025-06-28 19:24:53 - gst_automation - INFO - Document is in 'complete' ready state.
2025-06-28 19:24:53 - gst_automation - INFO - Successfully sent text to ('id', 'captcha').
2025-06-28 19:24:53 - gst_automation - INFO - CAPTCHA text entered successfully.
2025-06-28 19:24:53 - gst_automation - INFO - Document is in 'complete' ready state.
2025-06-28 19:24:54 - gst_automation - INFO - Successfully clicked ('xpath', '/html/body/div[2]/div[2]/div/div[2]/div/form/div[2]/div/div[2]/div/button').
2025-06-28 19:24:54 - gst_automation - INFO - Document is in 'complete' ready state.
2025-06-28 19:24:54 - gst_automation - INFO - Polling for mobile_otp from OTP server (timeout: 120s)...
2025-06-28 19:25:27 - gst_automation - INFO - OTP '900879' received for type 'mobile_otp'!
2025-06-28 19:25:27 - gst_automation - INFO - Document is in 'complete' ready state.
2025-06-28 19:25:27 - gst_automation - INFO - Successfully sent text to ('id', 'mobile_otp').
2025-06-28 19:25:27 - gst_automation - INFO - Document is in 'complete' ready state.
2025-06-28 19:25:27 - gst_automation - INFO - Polling for email_otp from OTP server (timeout: 120s)...
2025-06-28 19:26:03 - gst_automation - INFO - OTP '599650' received for type 'email_otp'!
2025-06-28 19:26:03 - gst_automation - INFO - Document is in 'complete' ready state.
2025-06-28 19:26:03 - gst_automation - INFO - Successfully sent text to ('id', 'email-otp').
2025-06-28 19:26:03 - gst_automation - INFO - Document is in 'complete' ready state.
2025-06-28 19:26:03 - gst_automation - INFO - Successfully clicked ('xpath', '/html/body/div[2]/div[2]/div/div[2]/div/div[2]/div/form/div/div/button').
2025-06-28 19:26:08 - gst_automation - INFO - Document is in 'complete' ready state.
