2025-06-27 16:51:16 - gst_automation - INFO - Document is in 'complete' ready state.
2025-06-27 16:51:16 - gst_automation - INFO - Successfully clicked ('xpath', "//*[text()='Taxpayer']").
2025-06-27 16:51:16 - gst_automation - INFO - Document is in 'complete' ready state.
2025-06-27 16:51:16 - gst_automation - INFO - Successfully clicked ('xpath', "//*[text()='Delhi']").
2025-06-27 16:51:18 - gst_automation - INFO - Document is in 'complete' ready state.
2025-06-27 16:51:19 - gst_automation - INFO - Successfully clicked ('xpath', "//*[text()='South West Delhi']").
2025-06-27 16:51:19 - gst_automation - INFO - Document is in 'complete' ready state.
2025-06-27 16:51:19 - gst_automation - INFO - Successfully sent text to ('id', 'bnm').
2025-06-27 16:51:19 - gst_automation - INFO - Document is in 'complete' ready state.
2025-06-27 16:51:19 - gst_automation - INFO - Successfully sent text to ('id', 'pan_card').
2025-06-27 16:51:19 - gst_automation - INFO - Document is in 'complete' ready state.
2025-06-27 16:51:19 - gst_automation - INFO - Successfully sent text to ('id', 'email').
2025-06-27 16:51:19 - gst_automation - INFO - Document is in 'complete' ready state.
2025-06-27 16:51:19 - gst_automation - INFO - Successfully sent text to ('id', 'mobile').
2025-06-27 16:51:19 - gst_automation - INFO - Document is in 'complete' ready state.
2025-06-27 16:51:19 - gst_automation - INFO - Solving captcha via TrueCaptcha API...
2025-06-27 16:51:19 - gst_automation - INFO - Found captcha image element with ID 'imgCaptcha'.
2025-06-27 16:51:21 - gst_automation - INFO - CAPTCHA solved by API: 313728
2025-06-27 16:51:21 - gst_automation - INFO - Document is in 'complete' ready state.
2025-06-27 16:51:21 - gst_automation - INFO - Successfully sent text to ('id', 'captcha').
2025-06-27 16:51:21 - gst_automation - INFO - CAPTCHA text entered successfully.
2025-06-27 16:51:21 - gst_automation - INFO - Document is in 'complete' ready state.
2025-06-27 16:51:22 - gst_automation - INFO - Successfully clicked ('xpath', '/html/body/div[2]/div[2]/div/div[2]/div/form/div[2]/div/div[2]/div/button').
2025-06-27 16:51:22 - gst_automation - INFO - Document is in 'complete' ready state.
2025-06-27 16:51:22 - gst_automation - INFO - Polling for mobile_otp from OTP server (timeout: 120s)...
2025-06-27 16:52:07 - gst_automation - WARNING - Could not connect to OTP server. Retrying...
2025-06-27 16:52:10 - gst_automation - WARNING - Could not connect to OTP server. Retrying...
2025-06-27 17:05:31 - gst_automation - INFO - Document is in 'complete' ready state.
2025-06-27 17:05:31 - gst_automation - INFO - Successfully clicked ('xpath', "//*[text()='Taxpayer']").
2025-06-27 17:05:31 - gst_automation - INFO - Document is in 'complete' ready state.
2025-06-27 17:05:31 - gst_automation - INFO - Successfully clicked ('xpath', "//*[text()='Delhi']").
2025-06-27 17:05:33 - gst_automation - INFO - Document is in 'complete' ready state.
2025-06-27 17:05:34 - gst_automation - INFO - Successfully clicked ('xpath', "//*[text()='South West Delhi']").
2025-06-27 17:05:34 - gst_automation - INFO - Document is in 'complete' ready state.
2025-06-27 17:05:34 - gst_automation - INFO - Successfully sent text to ('id', 'bnm').
2025-06-27 17:05:34 - gst_automation - INFO - Document is in 'complete' ready state.
2025-06-27 17:05:34 - gst_automation - INFO - Successfully sent text to ('id', 'pan_card').
2025-06-27 17:05:34 - gst_automation - INFO - Document is in 'complete' ready state.
2025-06-27 17:05:34 - gst_automation - INFO - Successfully sent text to ('id', 'email').
2025-06-27 17:05:34 - gst_automation - INFO - Document is in 'complete' ready state.
2025-06-27 17:05:34 - gst_automation - INFO - Successfully sent text to ('id', 'mobile').
2025-06-27 17:05:34 - gst_automation - INFO - Document is in 'complete' ready state.
2025-06-27 17:05:34 - gst_automation - INFO - Solving captcha via TrueCaptcha API...
2025-06-27 17:05:34 - gst_automation - INFO - Found captcha image element with ID 'imgCaptcha'.
2025-06-27 17:05:36 - gst_automation - INFO - CAPTCHA solved by API: 140853
2025-06-27 17:05:36 - gst_automation - INFO - Document is in 'complete' ready state.
2025-06-27 17:05:36 - gst_automation - INFO - Successfully sent text to ('id', 'captcha').
2025-06-27 17:05:36 - gst_automation - INFO - CAPTCHA text entered successfully.
2025-06-27 17:05:36 - gst_automation - INFO - Document is in 'complete' ready state.
2025-06-27 17:05:36 - gst_automation - INFO - Successfully clicked ('xpath', '/html/body/div[2]/div[2]/div/div[2]/div/form/div[2]/div/div[2]/div/button').
2025-06-27 17:05:36 - gst_automation - INFO - Document is in 'complete' ready state.
2025-06-27 17:05:36 - gst_automation - INFO - Polling for mobile_otp from OTP server (timeout: 120s)...
2025-06-27 17:14:24 - gst_automation - INFO - Document is in 'complete' ready state.
2025-06-27 17:14:24 - gst_automation - INFO - Polling for mobile_otp from OTP server (timeout: 120s)...
