2025-06-28 10:12:48 - gst_automation - INFO - Document is in 'complete' ready state.
2025-06-28 10:12:48 - gst_automation - INFO - Successfully clicked ('xpath', "//*[text()='Taxpayer']").
2025-06-28 10:12:48 - gst_automation - INFO - Document is in 'complete' ready state.
2025-06-28 10:12:48 - gst_automation - INFO - Successfully clicked ('xpath', "//*[text()='Delhi']").
2025-06-28 10:12:53 - gst_automation - INFO - Document is in 'complete' ready state.
2025-06-28 10:12:53 - gst_automation - INFO - Successfully clicked ('xpath', "//*[text()='South West Delhi']").
2025-06-28 10:12:53 - gst_automation - INFO - Document is in 'complete' ready state.
2025-06-28 10:12:53 - gst_automation - INFO - Successfully sent text to ('id', 'bnm').
2025-06-28 10:12:53 - gst_automation - INFO - Document is in 'complete' ready state.
2025-06-28 10:12:53 - gst_automation - INFO - Successfully sent text to ('id', 'pan_card').
2025-06-28 10:12:53 - gst_automation - INFO - Document is in 'complete' ready state.
2025-06-28 10:12:53 - gst_automation - INFO - Successfully sent text to ('id', 'email').
2025-06-28 10:12:53 - gst_automation - INFO - Document is in 'complete' ready state.
2025-06-28 10:12:53 - gst_automation - INFO - Successfully sent text to ('id', 'mobile').
2025-06-28 10:12:53 - gst_automation - INFO - Document is in 'complete' ready state.
2025-06-28 10:12:53 - gst_automation - INFO - Solving captcha via TrueCaptcha API...
2025-06-28 10:12:53 - gst_automation - INFO - Found captcha image element with ID 'imgCaptcha'.
2025-06-28 10:12:55 - gst_automation - INFO - CAPTCHA solved by API: 517186
2025-06-28 10:12:55 - gst_automation - INFO - Document is in 'complete' ready state.
2025-06-28 10:12:55 - gst_automation - INFO - Successfully sent text to ('id', 'captcha').
2025-06-28 10:12:55 - gst_automation - INFO - CAPTCHA text entered successfully.
2025-06-28 10:12:55 - gst_automation - INFO - Document is in 'complete' ready state.
2025-06-28 10:12:56 - gst_automation - INFO - Successfully clicked ('xpath', '/html/body/div[2]/div[2]/div/div[2]/div/form/div[2]/div/div[2]/div/button').
2025-06-28 10:13:25 - gst_automation - INFO - Document is in 'complete' ready state.
2025-06-28 10:13:25 - gst_automation - INFO - Polling for mobile_otp from OTP server (timeout: 120s)...
2025-06-28 10:13:25 - gst_automation - INFO - OTP '002316' received for type 'mobile_otp'!
2025-06-28 10:13:25 - gst_automation - INFO - Document is in 'complete' ready state.
2025-06-28 10:13:25 - gst_automation - INFO - Successfully sent text to ('id', 'mobile_otp').
2025-06-28 10:13:32 - gst_automation - INFO - Document is in 'complete' ready state.
2025-06-28 10:13:32 - gst_automation - INFO - Polling for email_otp from OTP server (timeout: 120s)...
2025-06-28 10:13:59 - gst_automation - INFO - OTP '127713' received for type 'email_otp'!
2025-06-28 10:13:59 - gst_automation - INFO - Document is in 'complete' ready state.
2025-06-28 10:13:59 - gst_automation - INFO - Successfully sent text to ('id', 'email-otp').
2025-06-28 10:14:06 - gst_automation - INFO - Document is in 'complete' ready state.
2025-06-28 10:14:06 - gst_automation - INFO - Successfully clicked ('xpath', '/html/body/div[2]/div[2]/div/div[2]/div/div[2]/div/form/div/div/button').
2025-06-28 10:14:12 - gst_automation - INFO - Document is in 'complete' ready state.
2025-06-28 10:14:12 - gst_automation - INFO - Successfully clicked ('xpath', '/html/body/div[2]/div[2]/div/div[2]/div/div[2]/div/div[2]/div/a').
2025-06-28 10:22:01 - gst_automation - INFO - Document is in 'complete' ready state.
2025-06-28 10:22:01 - gst_automation - INFO - Polling for trn from OTP server (timeout: 120s)...
2025-06-28 10:22:01 - gst_automation - INFO - OTP '072500181310TRN' received for type 'trn'!
2025-06-28 10:22:01 - gst_automation - INFO - Document is in 'complete' ready state.
2025-06-28 10:22:01 - gst_automation - INFO - Successfully sent text to ('id', 'trnno').
2025-06-28 10:22:14 - gst_automation - INFO - Document is in 'complete' ready state.
2025-06-28 10:22:14 - gst_automation - INFO - Solving captcha via TrueCaptcha API...
2025-06-28 10:22:14 - gst_automation - INFO - Found visible CAPTCHA image with ID 'imgCaptcha'.
2025-06-28 10:22:16 - gst_automation - INFO - CAPTCHA solved: 780776
2025-06-28 10:22:16 - gst_automation - INFO - Document is in 'complete' ready state.
2025-06-28 10:22:16 - gst_automation - INFO - Successfully sent text to ('id', 'captchatrn').
2025-06-28 10:22:16 - gst_automation - INFO - CAPTCHA entered successfully into input with ID 'captchatrn'.
2025-06-28 10:22:17 - gst_automation - INFO - Document is in 'complete' ready state.
2025-06-28 10:22:18 - gst_automation - INFO - Successfully clicked ('xpath', '/html/body/div[2]/div[2]/div/div[2]/div/form/div[2]/div/div[2]/div/button').
2025-06-28 10:22:30 - gst_automation - INFO - Document is in 'complete' ready state.
2025-06-28 10:22:30 - gst_automation - INFO - Solving captcha via TrueCaptcha API...
2025-06-28 10:22:30 - gst_automation - INFO - Found visible CAPTCHA image with ID 'imgCaptcha'.
2025-06-28 10:22:32 - gst_automation - INFO - CAPTCHA solved: 644758
2025-06-28 10:22:32 - gst_automation - INFO - Document is in 'complete' ready state.
2025-06-28 10:22:32 - gst_automation - INFO - Successfully sent text to ('id', 'captchatrn').
2025-06-28 10:22:32 - gst_automation - INFO - CAPTCHA entered successfully into input with ID 'captchatrn'.
2025-06-28 10:22:35 - gst_automation - INFO - Document is in 'complete' ready state.
2025-06-28 10:22:35 - gst_automation - INFO - Successfully clicked ('xpath', '/html/body/div[2]/div[2]/div/div[2]/div/form/div[2]/div/div[2]/div/button').
2025-06-28 10:23:01 - gst_automation - INFO - Document is in 'complete' ready state.
2025-06-28 10:23:01 - gst_automation - INFO - Polling for mobile_otp from OTP server (timeout: 120s)...
2025-06-28 10:23:01 - gst_automation - INFO - OTP '646039' received for type 'mobile_otp'!
2025-06-28 10:23:01 - gst_automation - INFO - Document is in 'complete' ready state.
2025-06-28 10:23:01 - gst_automation - INFO - Successfully sent text to ('id', 'mobile_otp').
2025-06-28 10:23:04 - gst_automation - INFO - Document is in 'complete' ready state.
2025-06-28 10:23:04 - gst_automation - INFO - Successfully clicked ('xpath', '/html/body/div[2]/div[2]/div/div[2]/div/div[2]/div/form/div/div/button').
2025-06-28 10:23:09 - gst_automation - INFO - Document is in 'complete' ready state.
2025-06-28 10:23:09 - gst_automation - INFO - Successfully clicked ('xpath', '/html/body/div[2]/div[1]/div/div[3]/div[2]/div/div/table/tbody/tr/td[6]/button').
2025-06-28 10:23:10 - gst_automation - INFO - Document is in 'complete' ready state.
2025-06-28 10:23:10 - gst_automation - INFO - Successfully sent text to ('id', 'tnm').
2025-06-28 10:23:11 - gst_automation - INFO - Document is in 'complete' ready state.
2025-06-28 10:23:32 - gst_automation - INFO - Document is in 'complete' ready state.
2025-06-28 10:23:32 - gst_automation - INFO - Successfully clicked ('xpath', "//*[text()='Others']").
2025-06-28 10:23:34 - gst_automation - INFO - Document is in 'complete' ready state.
2025-06-28 10:23:34 - gst_automation - INFO - Successfully sent text to ('id', 'bd_ConstBuss_oth').
2025-06-28 10:23:35 - gst_automation - INFO - Document is in 'complete' ready state.
2025-06-28 10:23:35 - gst_automation - INFO - Successfully clicked ('xpath', "//*[text()='Voluntary Basis']").
2025-06-28 10:23:36 - gst_automation - INFO - Document is in 'complete' ready state.
2025-06-28 10:23:36 - gst_automation - INFO - Successfully sent text to ('id', 'bd_cmbz').
2025-06-28 10:23:37 - gst_automation - INFO - Document is in 'complete' ready state.
2025-06-28 10:23:37 - gst_automation - INFO - Successfully clicked ('xpath', "//*[text()='Others (Please specify)']").
2025-06-28 10:23:38 - gst_automation - INFO - Document is in 'complete' ready state.
2025-06-28 10:23:38 - gst_automation - INFO - Successfully clicked ('xpath', '/html/body/div[2]/div/div/div[3]/form/fieldset/div[1]/div[8]/div/div[1]/select/option[16]').
2025-06-28 10:23:40 - gst_automation - INFO - Document is in 'complete' ready state.
2025-06-28 10:23:40 - gst_automation - INFO - Successfully sent text to ('id', 'bd_othrReg').
2025-06-28 10:23:41 - gst_automation - INFO - Document is in 'complete' ready state.
2025-06-28 10:23:41 - gst_automation - INFO - Successfully sent text to ('id', 'exno').
2025-06-28 10:23:53 - gst_automation - INFO - Document is in 'complete' ready state.
2025-06-28 10:23:53 - gst_automation - INFO - Successfully sent text to ('id', 'exdt').
2025-06-28 10:23:56 - gst_automation - INFO - Document is in 'complete' ready state.
2025-06-28 10:23:56 - gst_automation - INFO - Successfully clicked ('xpath', '/html/body/div[2]/div/div/div[3]/form/fieldset/div[1]/div[8]/div/div[5]/button[1]').
2025-06-28 10:23:59 - gst_automation - INFO - Document is in 'complete' ready state.
2025-06-28 10:23:59 - gst_automation - INFO - Successfully clicked ('xpath', "//*[text()='Registration Certificate']").
2025-06-28 10:36:18 - gst_automation - INFO - Document is in 'complete' ready state.
2025-06-28 10:36:18 - gst_automation - INFO - Successfully clicked ('id', 'bd_upload').
2025-06-28 10:37:30 - gst_automation - INFO - Document is in 'complete' ready state.
2025-06-28 10:37:30 - gst_automation - INFO - Successfully clicked ('xpath', "//*[@id='bd_upload']").
2025-06-28 10:38:02 - gst_automation - INFO - Document is in 'complete' ready state.
2025-06-28 10:38:03 - gst_automation - INFO - Successfully clicked ('xpath', "//*[@id='bd_upload']").
2025-06-28 10:44:08 - gst_automation - INFO - Document is in 'complete' ready state.
2025-06-28 10:44:08 - gst_automation - INFO - Successfully clicked ('xpath', '/html/body/div[2]/div/div/div[3]/form/div/div/button[2]').
2025-06-28 10:55:48 - gst_automation - INFO - Document is in 'complete' ready state.
2025-06-28 10:55:48 - gst_automation - INFO - Successfully sent text to ('id', 'fnm').
2025-06-28 10:55:48 - gst_automation - INFO - Document is in 'complete' ready state.
2025-06-28 10:55:48 - gst_automation - INFO - Successfully sent text to ('id', 'pd_mname').
2025-06-28 10:55:48 - gst_automation - INFO - Document is in 'complete' ready state.
2025-06-28 10:55:48 - gst_automation - INFO - Successfully sent text to ('id', 'pd_lname').
2025-06-28 10:55:48 - gst_automation - INFO - Document is in 'complete' ready state.
2025-06-28 10:55:48 - gst_automation - INFO - Successfully sent text to ('id', 'ffname').
2025-06-28 10:55:48 - gst_automation - INFO - Document is in 'complete' ready state.
2025-06-28 10:55:48 - gst_automation - INFO - Successfully sent text to ('id', 'pd_fmname').
2025-06-28 10:55:48 - gst_automation - INFO - Document is in 'complete' ready state.
2025-06-28 10:55:48 - gst_automation - INFO - Successfully sent text to ('id', 'pd_flname').
2025-06-28 10:55:48 - gst_automation - INFO - Document is in 'complete' ready state.
2025-06-28 10:55:48 - gst_automation - INFO - Successfully sent text to ('id', 'dob').
2025-06-28 10:55:48 - gst_automation - INFO - Document is in 'complete' ready state.
2025-06-28 10:55:48 - gst_automation - INFO - Successfully sent text to ('id', 'mbno').
2025-06-28 10:55:48 - gst_automation - INFO - Document is in 'complete' ready state.
2025-06-28 10:55:48 - gst_automation - INFO - Successfully sent text to ('id', 'pd_email').
2025-06-28 10:55:48 - gst_automation - INFO - Document is in 'complete' ready state.
2025-06-28 10:56:18 - gst_automation - ERROR - Element ('id', 'address') not visible within 30s.
2025-06-28 10:58:07 - gst_automation - INFO - Document is in 'complete' ready state.
2025-06-28 10:58:07 - gst_automation - INFO - Successfully sent text to ('id', 'fnm').
2025-06-28 10:58:07 - gst_automation - INFO - Document is in 'complete' ready state.
2025-06-28 10:58:07 - gst_automation - INFO - Successfully sent text to ('id', 'pd_mname').
2025-06-28 10:58:07 - gst_automation - INFO - Document is in 'complete' ready state.
2025-06-28 10:58:07 - gst_automation - INFO - Successfully sent text to ('id', 'pd_lname').
2025-06-28 10:58:07 - gst_automation - INFO - Document is in 'complete' ready state.
2025-06-28 10:58:07 - gst_automation - INFO - Successfully sent text to ('id', 'ffname').
2025-06-28 10:58:07 - gst_automation - INFO - Document is in 'complete' ready state.
2025-06-28 10:58:07 - gst_automation - INFO - Successfully sent text to ('id', 'pd_fmname').
2025-06-28 10:58:07 - gst_automation - INFO - Document is in 'complete' ready state.
2025-06-28 10:58:07 - gst_automation - INFO - Successfully sent text to ('id', 'pd_flname').
2025-06-28 10:58:07 - gst_automation - INFO - Document is in 'complete' ready state.
2025-06-28 10:58:07 - gst_automation - INFO - Successfully sent text to ('id', 'dob').
2025-06-28 10:58:07 - gst_automation - INFO - Document is in 'complete' ready state.
2025-06-28 10:58:07 - gst_automation - INFO - Successfully sent text to ('id', 'mbno').
2025-06-28 10:58:07 - gst_automation - INFO - Document is in 'complete' ready state.
2025-06-28 10:58:07 - gst_automation - INFO - Successfully sent text to ('id', 'pd_email').
2025-06-28 10:58:07 - gst_automation - INFO - Document is in 'complete' ready state.
2025-06-28 10:58:38 - gst_automation - ERROR - Element ('xpath', '//*[@id="radiomale"]') not clickable within 30s.
2025-06-28 11:00:10 - gst_automation - INFO - Document is in 'complete' ready state.
2025-06-28 11:00:10 - gst_automation - INFO - Successfully sent text to ('id', 'fnm').
2025-06-28 11:00:10 - gst_automation - INFO - Document is in 'complete' ready state.
2025-06-28 11:00:10 - gst_automation - INFO - Successfully sent text to ('id', 'pd_mname').
2025-06-28 11:00:10 - gst_automation - INFO - Document is in 'complete' ready state.
2025-06-28 11:00:10 - gst_automation - INFO - Successfully sent text to ('id', 'pd_lname').
2025-06-28 11:00:10 - gst_automation - INFO - Document is in 'complete' ready state.
2025-06-28 11:00:10 - gst_automation - INFO - Successfully sent text to ('id', 'ffname').
2025-06-28 11:00:10 - gst_automation - INFO - Document is in 'complete' ready state.
2025-06-28 11:00:10 - gst_automation - INFO - Successfully sent text to ('id', 'pd_fmname').
2025-06-28 11:00:10 - gst_automation - INFO - Document is in 'complete' ready state.
2025-06-28 11:00:10 - gst_automation - INFO - Successfully sent text to ('id', 'pd_flname').
2025-06-28 11:00:10 - gst_automation - INFO - Document is in 'complete' ready state.
2025-06-28 11:00:10 - gst_automation - INFO - Successfully sent text to ('id', 'dob').
2025-06-28 11:00:10 - gst_automation - INFO - Document is in 'complete' ready state.
2025-06-28 11:00:10 - gst_automation - INFO - Successfully sent text to ('id', 'mbno').
2025-06-28 11:00:10 - gst_automation - INFO - Document is in 'complete' ready state.
2025-06-28 11:00:10 - gst_automation - INFO - Successfully sent text to ('id', 'pd_email').
2025-06-28 11:00:10 - gst_automation - INFO - Document is in 'complete' ready state.
2025-06-28 11:00:40 - gst_automation - ERROR - Element ('id', 'radiomale') not clickable within 30s.
2025-06-28 11:01:29 - gst_automation - INFO - Document is in 'complete' ready state.
2025-06-28 11:01:47 - gst_automation - INFO - Document is in 'complete' ready state.
2025-06-28 11:05:08 - gst_automation - INFO - Document is in 'complete' ready state.
2025-06-28 11:05:38 - gst_automation - ERROR - Element ('id', 'radiomale') not clickable within 30s.
2025-06-28 11:06:17 - gst_automation - INFO - Document is in 'complete' ready state.
2025-06-28 11:06:17 - gst_automation - INFO - Successfully sent text to ('id', 'fnm').
2025-06-28 11:06:17 - gst_automation - INFO - Document is in 'complete' ready state.
2025-06-28 11:06:17 - gst_automation - INFO - Successfully sent text to ('id', 'pd_mname').
2025-06-28 11:06:17 - gst_automation - INFO - Document is in 'complete' ready state.
2025-06-28 11:06:17 - gst_automation - INFO - Successfully sent text to ('id', 'pd_lname').
2025-06-28 11:06:17 - gst_automation - INFO - Document is in 'complete' ready state.
2025-06-28 11:06:17 - gst_automation - INFO - Successfully sent text to ('id', 'ffname').
2025-06-28 11:06:17 - gst_automation - INFO - Document is in 'complete' ready state.
2025-06-28 11:06:17 - gst_automation - INFO - Successfully sent text to ('id', 'pd_fmname').
2025-06-28 11:06:17 - gst_automation - INFO - Document is in 'complete' ready state.
2025-06-28 11:06:17 - gst_automation - INFO - Successfully sent text to ('id', 'pd_flname').
2025-06-28 11:06:17 - gst_automation - INFO - Document is in 'complete' ready state.
2025-06-28 11:06:17 - gst_automation - INFO - Successfully sent text to ('id', 'dob').
2025-06-28 11:06:17 - gst_automation - INFO - Document is in 'complete' ready state.
2025-06-28 11:06:17 - gst_automation - INFO - Successfully sent text to ('id', 'mbno').
2025-06-28 11:06:17 - gst_automation - INFO - Document is in 'complete' ready state.
2025-06-28 11:06:17 - gst_automation - INFO - Successfully sent text to ('id', 'pd_email').
2025-06-28 11:06:51 - gst_automation - INFO - Document is in 'complete' ready state.
