2025-06-27 16:29:26 - gst_automation - INFO - Document is in 'complete' ready state.
2025-06-27 16:29:27 - gst_automation - INFO - Successfully clicked ('xpath', "//*[text()='Taxpayer']").
2025-06-27 16:29:27 - gst_automation - INFO - Document is in 'complete' ready state.
2025-06-27 16:29:27 - gst_automation - INFO - Successfully clicked ('xpath', "//*[text()='Delhi']").
2025-06-27 16:29:29 - gst_automation - INFO - Document is in 'complete' ready state.
2025-06-27 16:29:29 - gst_automation - INFO - Successfully clicked ('xpath', "//*[text()='South West Delhi']").
2025-06-27 16:29:29 - gst_automation - INFO - Document is in 'complete' ready state.
2025-06-27 16:29:29 - gst_automation - INFO - Successfully sent text to ('id', 'bnm').
2025-06-27 16:29:29 - gst_automation - INFO - Document is in 'complete' ready state.
2025-06-27 16:29:29 - gst_automation - INFO - Successfully sent text to ('id', 'pan_card').
2025-06-27 16:29:29 - gst_automation - INFO - Document is in 'complete' ready state.
2025-06-27 16:29:29 - gst_automation - INFO - Successfully sent text to ('id', 'email').
2025-06-27 16:29:29 - gst_automation - INFO - Document is in 'complete' ready state.
2025-06-27 16:29:29 - gst_automation - INFO - Successfully sent text to ('id', 'mobile').
2025-06-27 16:29:29 - gst_automation - INFO - Document is in 'complete' ready state.
2025-06-27 16:29:29 - gst_automation - INFO - Solving captcha via TrueCaptcha API...
2025-06-27 16:29:29 - gst_automation - INFO - Found captcha image element with ID 'imgCaptcha'.
2025-06-27 16:29:31 - gst_automation - INFO - CAPTCHA solved by API: 651067
2025-06-27 16:29:31 - gst_automation - INFO - Document is in 'complete' ready state.
2025-06-27 16:29:31 - gst_automation - INFO - Successfully sent text to ('id', 'captcha').
2025-06-27 16:29:31 - gst_automation - INFO - CAPTCHA text entered successfully.
2025-06-27 16:29:31 - gst_automation - INFO - Document is in 'complete' ready state.
2025-06-27 16:29:31 - gst_automation - INFO - Successfully clicked ('xpath', '/html/body/div[2]/div[2]/div/div[2]/div/form/div[2]/div/div[2]/div/button').
2025-06-27 16:29:31 - gst_automation - INFO - Document is in 'complete' ready state.
2025-06-27 16:29:31 - gst_automation - INFO - Polling for mobile_otp from OTP server (timeout: 120s)...
2025-06-27 16:30:26 - gst_automation - WARNING - Could not connect to OTP server. Retrying...
2025-06-27 16:30:29 - gst_automation - WARNING - Could not connect to OTP server. Retrying...
2025-06-27 16:30:32 - gst_automation - WARNING - Could not connect to OTP server. Retrying...
2025-06-27 16:30:35 - gst_automation - WARNING - Could not connect to OTP server. Retrying...
2025-06-27 16:30:38 - gst_automation - WARNING - Could not connect to OTP server. Retrying...
2025-06-27 16:30:41 - gst_automation - WARNING - Could not connect to OTP server. Retrying...
2025-06-27 16:30:44 - gst_automation - WARNING - Could not connect to OTP server. Retrying...
2025-06-27 16:30:47 - gst_automation - WARNING - Could not connect to OTP server. Retrying...
2025-06-27 16:30:50 - gst_automation - WARNING - Could not connect to OTP server. Retrying...
2025-06-27 16:30:53 - gst_automation - WARNING - Could not connect to OTP server. Retrying...
2025-06-27 16:30:56 - gst_automation - WARNING - Could not connect to OTP server. Retrying...
2025-06-27 16:30:59 - gst_automation - WARNING - Could not connect to OTP server. Retrying...
2025-06-27 16:31:02 - gst_automation - WARNING - Could not connect to OTP server. Retrying...
2025-06-27 16:31:05 - gst_automation - WARNING - Could not connect to OTP server. Retrying...
2025-06-27 16:31:08 - gst_automation - WARNING - Could not connect to OTP server. Retrying...
2025-06-27 16:31:11 - gst_automation - WARNING - Could not connect to OTP server. Retrying...
2025-06-27 16:31:14 - gst_automation - WARNING - Could not connect to OTP server. Retrying...
2025-06-27 16:31:17 - gst_automation - WARNING - Could not connect to OTP server. Retrying...
2025-06-27 16:31:20 - gst_automation - WARNING - Could not connect to OTP server. Retrying...
2025-06-27 16:31:23 - gst_automation - WARNING - Could not connect to OTP server. Retrying...
2025-06-27 16:31:26 - gst_automation - WARNING - Could not connect to OTP server. Retrying...
2025-06-27 16:31:29 - gst_automation - WARNING - Could not connect to OTP server. Retrying...
