2025-06-28 11:11:27 - gst_automation - INFO - Document is in 'complete' ready state.
2025-06-28 11:11:27 - gst_automation - INFO - Successfully clicked ('xpath', "//*[text()='Taxpayer']").
2025-06-28 11:11:27 - gst_automation - INFO - Document is in 'complete' ready state.
2025-06-28 11:11:28 - gst_automation - INFO - Successfully clicked ('xpath', "//*[text()='Delhi']").
2025-06-28 11:11:33 - gst_automation - INFO - Document is in 'complete' ready state.
2025-06-28 11:11:33 - gst_automation - INFO - Successfully clicked ('xpath', "//*[text()='South West Delhi']").
2025-06-28 11:11:33 - gst_automation - INFO - Document is in 'complete' ready state.
2025-06-28 11:11:33 - gst_automation - INFO - Successfully sent text to ('id', 'bnm').
2025-06-28 11:11:33 - gst_automation - INFO - Document is in 'complete' ready state.
2025-06-28 11:11:33 - gst_automation - INFO - Successfully sent text to ('id', 'pan_card').
2025-06-28 11:11:33 - gst_automation - INFO - Document is in 'complete' ready state.
2025-06-28 11:11:33 - gst_automation - INFO - Successfully sent text to ('id', 'email').
2025-06-28 11:11:33 - gst_automation - INFO - Document is in 'complete' ready state.
2025-06-28 11:11:33 - gst_automation - INFO - Successfully sent text to ('id', 'mobile').
2025-06-28 11:11:33 - gst_automation - INFO - Document is in 'complete' ready state.
2025-06-28 11:11:33 - gst_automation - INFO - Solving captcha via TrueCaptcha API...
2025-06-28 11:11:33 - gst_automation - INFO - Found captcha image element with ID 'imgCaptcha'.
2025-06-28 11:11:35 - gst_automation - INFO - CAPTCHA solved by API: 537539
2025-06-28 11:11:35 - gst_automation - INFO - Document is in 'complete' ready state.
2025-06-28 11:11:35 - gst_automation - INFO - Successfully sent text to ('id', 'captcha').
2025-06-28 11:11:35 - gst_automation - INFO - CAPTCHA text entered successfully.
2025-06-28 11:11:38 - gst_automation - INFO - Document is in 'complete' ready state.
2025-06-28 11:11:38 - gst_automation - INFO - Successfully clicked ('xpath', '/html/body/div[2]/div[2]/div/div[2]/div/form/div[2]/div/div[2]/div/button').
2025-06-28 11:11:38 - gst_automation - INFO - Document is in 'complete' ready state.
2025-06-28 11:11:38 - gst_automation - INFO - Polling for mobile_otp from OTP server (timeout: 120s)...
2025-06-28 11:11:56 - gst_automation - INFO - OTP '300307' received for type 'mobile_otp'!
2025-06-28 11:11:56 - gst_automation - INFO - Document is in 'complete' ready state.
2025-06-28 11:11:56 - gst_automation - INFO - Successfully sent text to ('id', 'mobile_otp').
2025-06-28 11:11:56 - gst_automation - INFO - Document is in 'complete' ready state.
2025-06-28 11:11:56 - gst_automation - INFO - Polling for email_otp from OTP server (timeout: 120s)...
2025-06-28 11:12:26 - gst_automation - INFO - OTP '751831' received for type 'email_otp'!
2025-06-28 11:12:26 - gst_automation - INFO - Document is in 'complete' ready state.
2025-06-28 11:12:26 - gst_automation - INFO - Successfully sent text to ('id', 'email-otp').
2025-06-28 11:12:32 - gst_automation - INFO - Document is in 'complete' ready state.
2025-06-28 11:12:32 - gst_automation - INFO - Successfully clicked ('xpath', '/html/body/div[2]/div[2]/div/div[2]/div/div[2]/div/form/div/div/button').
2025-06-28 11:12:40 - gst_automation - INFO - Document is in 'complete' ready state.
2025-06-28 11:12:40 - gst_automation - INFO - Successfully clicked ('xpath', '/html/body/div[2]/div[2]/div/div[2]/div/div[2]/div/div[2]/div/a').
2025-06-28 11:12:42 - gst_automation - INFO - Document is in 'complete' ready state.
2025-06-28 11:12:42 - gst_automation - INFO - Polling for trn from OTP server (timeout: 120s)...
2025-06-28 11:13:10 - gst_automation - INFO - OTP '072500181364TRN' received for type 'trn'!
2025-06-28 11:13:10 - gst_automation - INFO - Document is in 'complete' ready state.
2025-06-28 11:13:10 - gst_automation - INFO - Successfully sent text to ('id', 'trnno').
2025-06-28 11:13:15 - gst_automation - INFO - Document is in 'complete' ready state.
2025-06-28 11:13:15 - gst_automation - INFO - Solving captcha via TrueCaptcha API...
2025-06-28 11:13:15 - gst_automation - INFO - Found visible CAPTCHA image with ID 'imgCaptcha'.
2025-06-28 11:13:17 - gst_automation - INFO - CAPTCHA solved: 942231
2025-06-28 11:13:17 - gst_automation - INFO - Document is in 'complete' ready state.
2025-06-28 11:13:17 - gst_automation - INFO - Successfully sent text to ('id', 'captchatrn').
2025-06-28 11:13:17 - gst_automation - INFO - CAPTCHA entered successfully into input with ID 'captchatrn'.
2025-06-28 11:13:19 - gst_automation - INFO - Document is in 'complete' ready state.
2025-06-28 11:13:19 - gst_automation - INFO - Successfully clicked ('xpath', '/html/body/div[2]/div[2]/div/div[2]/div/form/div[2]/div/div[2]/div/button').
2025-06-28 11:14:23 - gst_automation - INFO - Document is in 'complete' ready state.
2025-06-28 11:14:23 - gst_automation - INFO - Polling for mobile_otp from OTP server (timeout: 120s)...
2025-06-28 11:14:23 - gst_automation - INFO - OTP '391356' received for type 'mobile_otp'!
2025-06-28 11:14:23 - gst_automation - INFO - Document is in 'complete' ready state.
2025-06-28 11:14:23 - gst_automation - INFO - Successfully sent text to ('id', 'mobile_otp').
2025-06-28 11:14:27 - gst_automation - INFO - Document is in 'complete' ready state.
2025-06-28 11:14:27 - gst_automation - INFO - Successfully clicked ('xpath', '/html/body/div[2]/div[2]/div/div[2]/div/div[2]/div/form/div/div/button').
2025-06-28 11:14:29 - gst_automation - INFO - Document is in 'complete' ready state.
2025-06-28 11:14:35 - gst_automation - INFO - Document is in 'complete' ready state.
2025-06-28 11:14:35 - gst_automation - INFO - Successfully clicked ('xpath', '/html/body/div[2]/div[1]/div/div[3]/div[2]/div/div/table/tbody/tr/td[6]/button').
2025-06-28 11:14:39 - gst_automation - INFO - Document is in 'complete' ready state.
2025-06-28 11:14:39 - gst_automation - INFO - Successfully sent text to ('id', 'tnm').
2025-06-28 11:14:41 - gst_automation - INFO - Document is in 'complete' ready state.
2025-06-28 11:14:49 - gst_automation - INFO - Document is in 'complete' ready state.
2025-06-28 11:14:49 - gst_automation - INFO - Successfully clicked ('xpath', "//*[text()='Others']").
2025-06-28 11:14:51 - gst_automation - INFO - Document is in 'complete' ready state.
2025-06-28 11:14:51 - gst_automation - INFO - Successfully sent text to ('id', 'bd_ConstBuss_oth').
2025-06-28 11:14:52 - gst_automation - INFO - Document is in 'complete' ready state.
2025-06-28 11:14:52 - gst_automation - INFO - Successfully clicked ('xpath', "//*[text()='Voluntary Basis']").
2025-06-28 11:14:55 - gst_automation - INFO - Document is in 'complete' ready state.
2025-06-28 11:14:55 - gst_automation - INFO - Successfully sent text to ('id', 'bd_cmbz').
2025-06-28 11:14:56 - gst_automation - INFO - Document is in 'complete' ready state.
2025-06-28 11:14:56 - gst_automation - INFO - Successfully clicked ('xpath', "//*[text()='Others (Please specify)']").
2025-06-28 11:14:57 - gst_automation - INFO - Document is in 'complete' ready state.
2025-06-28 11:14:57 - gst_automation - INFO - Successfully clicked ('xpath', '/html/body/div[2]/div/div/div[3]/form/fieldset/div[1]/div[8]/div/div[1]/select/option[16]').
2025-06-28 11:14:58 - gst_automation - INFO - Document is in 'complete' ready state.
2025-06-28 11:14:58 - gst_automation - INFO - Successfully sent text to ('id', 'bd_othrReg').
2025-06-28 11:14:59 - gst_automation - INFO - Document is in 'complete' ready state.
2025-06-28 11:14:59 - gst_automation - INFO - Successfully sent text to ('id', 'exno').
2025-06-28 11:15:00 - gst_automation - INFO - Document is in 'complete' ready state.
2025-06-28 11:15:00 - gst_automation - INFO - Successfully sent text to ('id', 'exdt').
2025-06-28 11:15:07 - gst_automation - INFO - Document is in 'complete' ready state.
2025-06-28 11:15:07 - gst_automation - INFO - Successfully clicked ('xpath', '/html/body/div[2]/div/div/div[3]/form/fieldset/div[1]/div[8]/div/div[5]/button[1]').
2025-06-28 11:15:08 - gst_automation - INFO - Document is in 'complete' ready state.
2025-06-28 11:15:09 - gst_automation - INFO - Successfully clicked ('xpath', "//*[text()='Registration Certificate']").
2025-06-28 11:15:39 - gst_automation - INFO - Document is in 'complete' ready state.
2025-06-28 11:15:40 - gst_automation - INFO - Successfully clicked ('xpath', '/html/body/div[2]/div/div/div[3]/form/div/div/button[2]').
2025-06-28 11:15:43 - gst_automation - INFO - Document is in 'complete' ready state.
2025-06-28 11:15:43 - gst_automation - INFO - Successfully sent text to ('id', 'fnm').
2025-06-28 11:15:43 - gst_automation - INFO - Document is in 'complete' ready state.
2025-06-28 11:15:43 - gst_automation - INFO - Successfully sent text to ('id', 'pd_mname').
2025-06-28 11:15:43 - gst_automation - INFO - Document is in 'complete' ready state.
2025-06-28 11:15:43 - gst_automation - INFO - Successfully sent text to ('id', 'pd_lname').
2025-06-28 11:15:43 - gst_automation - INFO - Document is in 'complete' ready state.
2025-06-28 11:15:43 - gst_automation - INFO - Successfully sent text to ('id', 'ffname').
2025-06-28 11:15:43 - gst_automation - INFO - Document is in 'complete' ready state.
2025-06-28 11:15:43 - gst_automation - INFO - Successfully sent text to ('id', 'pd_fmname').
2025-06-28 11:15:43 - gst_automation - INFO - Document is in 'complete' ready state.
2025-06-28 11:15:43 - gst_automation - INFO - Successfully sent text to ('id', 'pd_flname').
2025-06-28 11:15:43 - gst_automation - INFO - Document is in 'complete' ready state.
2025-06-28 11:15:43 - gst_automation - INFO - Successfully sent text to ('id', 'dob').
2025-06-28 11:15:43 - gst_automation - INFO - Document is in 'complete' ready state.
2025-06-28 11:15:43 - gst_automation - INFO - Successfully sent text to ('id', 'mbno').
2025-06-28 11:15:43 - gst_automation - INFO - Document is in 'complete' ready state.
2025-06-28 11:15:44 - gst_automation - INFO - Successfully sent text to ('id', 'pd_email').
2025-06-28 11:15:50 - gst_automation - INFO - Document is in 'complete' ready state.
2025-06-28 11:17:47 - gst_automation - INFO - Document is in 'complete' ready state.
2025-06-28 11:18:17 - gst_automation - ERROR - Element ('id', 'radiomale') not clickable within 30s.
2025-06-28 11:47:40 - gst_automation - INFO - Document is in 'complete' ready state.
2025-06-28 11:48:01 - gst_automation - INFO - Document is in 'complete' ready state.
2025-06-28 11:48:36 - gst_automation - INFO - Document is in 'complete' ready state.
2025-06-28 11:48:36 - gst_automation - INFO - Successfully clicked ('css selector', 'div.tbl-format:nth-child(2) > div:nth-child(4) > div:nth-child(1) > div:nth-child(1) > fieldset:nth-child(1) > label:nth-child(3)').
2025-06-28 11:48:46 - gst_automation - INFO - Document is in 'complete' ready state.
2025-06-28 11:48:46 - gst_automation - INFO - Successfully clicked ('css selector', 'div.tbl-format:nth-child(2) > div:nth-child(4) > div:nth-child(1) > div:nth-child(1) > fieldset:nth-child(1) > label:nth-child(3)').
2025-06-28 11:49:37 - gst_automation - INFO - Document is in 'complete' ready state.
2025-06-28 11:50:06 - gst_automation - INFO - Document is in 'complete' ready state.
2025-06-28 11:50:06 - gst_automation - INFO - Successfully clicked ('xpath', '/html/body/div[2]/div/div/div[3]/form/div[2]/fieldset/div[2]/div[1]/div/div[3]/label').
2025-06-28 11:50:10 - gst_automation - INFO - Document is in 'complete' ready state.
2025-06-28 11:50:10 - gst_automation - INFO - Successfully clicked ('xpath', '/html/body/div[2]/div/div/div[3]/form/div[2]/fieldset/div[2]/div[1]/div/div[3]/label').
2025-06-28 11:54:45 - gst_automation - INFO - Document is in 'complete' ready state.
2025-06-28 11:54:45 - gst_automation - INFO - Successfully clicked ('css selector', 'div.tbl-format:nth-child(2) > div:nth-child(4) > div:nth-child(1) > div:nth-child(1) > fieldset:nth-child(1) > label:nth-child(5) > span:nth-child(2)').
2025-06-28 11:55:22 - gst_automation - INFO - Document is in 'complete' ready state.
2025-06-28 11:55:22 - gst_automation - INFO - Successfully clicked ('css selector', 'div.tbl-format:nth-child(2) > div:nth-child(4) > div:nth-child(1) > div:nth-child(1) > fieldset:nth-child(1) > label:nth-child(7) > span:nth-child(2)').
2025-06-28 11:56:23 - gst_automation - INFO - Document is in 'complete' ready state.
2025-06-28 11:56:23 - gst_automation - INFO - Successfully clicked ('css selector', 'div.tbl-format:nth-child(2) > div:nth-child(4) > div:nth-child(1) > div:nth-child(1) > fieldset:nth-child(1) > label:nth-child(3)').
2025-06-28 12:02:21 - gst_automation - INFO - Document is in 'complete' ready state.
2025-06-28 12:02:21 - gst_automation - INFO - Successfully sent text to ('id', 'dg').
2025-06-28 12:02:21 - gst_automation - INFO - Document is in 'complete' ready state.
2025-06-28 12:02:21 - gst_automation - INFO - Successfully sent text to ('id', 'din').
2025-06-28 12:02:21 - gst_automation - INFO - Document is in 'complete' ready state.
2025-06-28 12:02:21 - gst_automation - INFO - Successfully clicked ('xpath', '/html/body/div[2]/div/div/div[3]/form/div[2]/fieldset/div[2]/div[1]/div/div[3]/label').
2025-06-28 12:02:21 - gst_automation - INFO - Document is in 'complete' ready state.
2025-06-28 12:02:21 - gst_automation - INFO - Successfully sent text to ('id', 'ppno').
2025-06-28 12:02:36 - gst_automation - INFO - Document is in 'complete' ready state.
2025-06-28 12:02:36 - gst_automation - INFO - Successfully sent text to ('id', 'dg').
2025-06-28 12:02:36 - gst_automation - INFO - Document is in 'complete' ready state.
2025-06-28 12:02:36 - gst_automation - INFO - Successfully sent text to ('id', 'din').
2025-06-28 12:02:36 - gst_automation - INFO - Document is in 'complete' ready state.
2025-06-28 12:02:36 - gst_automation - INFO - Successfully sent text to ('id', 'pan').
2025-06-28 12:03:16 - gst_automation - INFO - Document is in 'complete' ready state.
2025-06-28 12:03:17 - gst_automation - INFO - Successfully sent text to ('id', 'dg').
2025-06-28 12:03:17 - gst_automation - INFO - Document is in 'complete' ready state.
2025-06-28 12:03:17 - gst_automation - INFO - Successfully sent text to ('id', 'din').
2025-06-28 12:03:17 - gst_automation - INFO - Document is in 'complete' ready state.
2025-06-28 12:03:17 - gst_automation - INFO - Successfully sent text to ('id', 'pan').
2025-06-28 12:08:35 - gst_automation - INFO - Document is in 'complete' ready state.
2025-06-28 12:08:35 - gst_automation - INFO - Successfully sent text to ('id', 'onMapSerachId').
2025-06-28 12:08:57 - gst_automation - INFO - Document is in 'complete' ready state.
2025-06-28 12:09:04 - gst_automation - INFO - Successfully sent text to ('id', 'onMapSerachId').
2025-06-28 12:10:04 - gst_automation - INFO - Document is in 'complete' ready state.
2025-06-28 12:10:13 - gst_automation - INFO - Successfully sent text to ('id', 'onMapSerachId').
2025-06-28 12:11:12 - gst_automation - INFO - Document is in 'complete' ready state.
2025-06-28 12:11:17 - gst_automation - INFO - Successfully sent text to ('id', 'onMapSerachId').
2025-06-28 12:11:39 - gst_automation - INFO - Document is in 'complete' ready state.
2025-06-28 12:11:42 - gst_automation - INFO - Successfully sent text to ('id', 'onMapSerachId').
2025-06-28 12:11:54 - gst_automation - INFO - Document is in 'complete' ready state.
2025-06-28 12:11:56 - gst_automation - INFO - Successfully sent text to ('id', 'onMapSerachId').
2025-06-28 12:12:05 - gst_automation - INFO - Document is in 'complete' ready state.
2025-06-28 12:12:09 - gst_automation - INFO - Successfully sent text to ('id', 'onMapSerachId').
2025-06-28 12:12:10 - gst_automation - INFO - Document is in 'complete' ready state.
2025-06-28 12:12:14 - gst_automation - INFO - Successfully sent text to ('id', 'onMapSerachId').
2025-06-28 12:12:39 - gst_automation - INFO - Document is in 'complete' ready state.
2025-06-28 12:12:42 - gst_automation - INFO - Successfully sent text to ('id', 'onMapSerachId').
2025-06-28 12:12:42 - gst_automation - INFO - Document is in 'complete' ready state.
2025-06-28 12:12:42 - gst_automation - INFO - Successfully clicked ('id', 'onMapSerachId').
2025-06-28 12:14:04 - gst_automation - INFO - Document is in 'complete' ready state.
2025-06-28 12:14:07 - gst_automation - INFO - Successfully sent text to ('id', 'onMapSerachId').
2025-06-28 12:14:29 - gst_automation - INFO - Document is in 'complete' ready state.
2025-06-28 12:14:37 - gst_automation - INFO - Document is in 'complete' ready state.
2025-06-28 12:14:37 - gst_automation - INFO - Successfully clicked ('id', 'onMapSerachId').
2025-06-28 12:14:46 - gst_automation - INFO - Document is in 'complete' ready state.
2025-06-28 12:14:46 - gst_automation - INFO - Successfully clicked ('id', 'onMapSerachId').
2025-06-28 12:15:14 - gst_automation - INFO - Document is in 'complete' ready state.
2025-06-28 12:15:14 - gst_automation - INFO - Successfully clicked ('id', 'onMapSerachId').
2025-06-28 12:19:11 - gst_automation - INFO - Document is in 'complete' ready state.
2025-06-28 12:19:41 - gst_automation - ERROR - Element ('xpath', "//*[text()='Gurugram']") not clickable within 30s.
2025-06-28 12:21:47 - gst_automation - INFO - Document is in 'complete' ready state.
2025-06-28 12:32:23 - gst_automation - INFO - Document is in 'complete' ready state.
2025-06-28 12:33:02 - gst_automation - INFO - Document is in 'complete' ready state.
2025-06-28 12:33:04 - gst_automation - INFO - Successfully sent text to ('id', 'onMapSerachId').
2025-06-28 12:36:20 - gst_automation - INFO - Document is in 'complete' ready state.
2025-06-28 12:36:23 - gst_automation - INFO - Successfully sent text to ('id', 'onMapSerachId').
2025-06-28 12:36:44 - gst_automation - INFO - Document is in 'complete' ready state.
2025-06-28 12:36:45 - gst_automation - INFO - Successfully sent text to ('id', 'onMapSerachId').
2025-06-28 12:37:36 - gst_automation - INFO - Document is in 'complete' ready state.
2025-06-28 12:37:39 - gst_automation - INFO - Successfully sent text to ('id', 'onMapSerachId').
2025-06-28 12:37:39 - gst_automation - INFO - Document is in 'complete' ready state.
2025-06-28 12:37:40 - gst_automation - INFO - Successfully clicked ('xpath', "//*[text()='201301']").
2025-06-28 12:38:23 - gst_automation - INFO - Document is in 'complete' ready state.
2025-06-28 12:38:23 - gst_automation - INFO - Successfully clicked ('id', 'confirm-mapquery-btn1').
2025-06-28 12:42:19 - gst_automation - INFO - Document is in 'complete' ready state.
2025-06-28 12:42:23 - gst_automation - INFO - Successfully sent text to ('id', 'onMapSerachId').
2025-06-28 12:42:23 - gst_automation - INFO - Document is in 'complete' ready state.
2025-06-28 12:42:26 - gst_automation - INFO - Successfully clicked ('xpath', "//*[text()='201301']").
2025-06-28 12:43:39 - gst_automation - INFO - Document is in 'complete' ready state.
2025-06-28 12:43:40 - gst_automation - INFO - Successfully sent text to ('id', 'onMapSerachId').
2025-06-28 12:43:40 - gst_automation - INFO - Document is in 'complete' ready state.
2025-06-28 12:43:41 - gst_automation - INFO - Successfully clicked ('xpath', "//*[text()='474001']").
2025-06-28 12:43:53 - gst_automation - INFO - Document is in 'complete' ready state.
2025-06-28 12:43:54 - gst_automation - INFO - Successfully clicked ('id', 'confirm-mapquery-btn1').
2025-06-28 12:48:33 - gst_automation - INFO - Document is in 'complete' ready state.
2025-06-28 12:48:33 - gst_automation - INFO - Successfully sent text to ('id', 'pd_bdnum').
2025-06-28 12:58:09 - gst_automation - INFO - Document is in 'complete' ready state.
2025-06-28 12:58:09 - gst_automation - INFO - Successfully clicked ('xpath', "//*[text()='Taxpayer']").
2025-06-28 12:58:09 - gst_automation - INFO - Document is in 'complete' ready state.
2025-06-28 12:58:10 - gst_automation - INFO - Successfully clicked ('xpath', "//*[text()='Delhi']").
2025-06-28 12:58:15 - gst_automation - INFO - Document is in 'complete' ready state.
2025-06-28 12:58:15 - gst_automation - INFO - Successfully clicked ('xpath', "//*[text()='South West Delhi']").
2025-06-28 12:58:15 - gst_automation - INFO - Document is in 'complete' ready state.
2025-06-28 12:58:15 - gst_automation - INFO - Successfully sent text to ('id', 'bnm').
2025-06-28 12:58:15 - gst_automation - INFO - Document is in 'complete' ready state.
2025-06-28 12:58:15 - gst_automation - INFO - Successfully sent text to ('id', 'pan_card').
2025-06-28 12:58:15 - gst_automation - INFO - Document is in 'complete' ready state.
2025-06-28 12:58:15 - gst_automation - INFO - Successfully sent text to ('id', 'email').
2025-06-28 12:58:15 - gst_automation - INFO - Document is in 'complete' ready state.
2025-06-28 12:58:15 - gst_automation - INFO - Successfully sent text to ('id', 'mobile').
2025-06-28 12:58:15 - gst_automation - INFO - Document is in 'complete' ready state.
2025-06-28 12:58:15 - gst_automation - INFO - Solving captcha via TrueCaptcha API...
2025-06-28 12:58:15 - gst_automation - INFO - Found captcha image element with ID 'imgCaptcha'.
2025-06-28 12:58:17 - gst_automation - INFO - CAPTCHA solved by API: 692467
2025-06-28 12:58:17 - gst_automation - INFO - Document is in 'complete' ready state.
2025-06-28 12:58:17 - gst_automation - INFO - Successfully sent text to ('id', 'captcha').
2025-06-28 12:58:17 - gst_automation - INFO - CAPTCHA text entered successfully.
2025-06-28 12:58:17 - gst_automation - INFO - Document is in 'complete' ready state.
2025-06-28 12:58:18 - gst_automation - INFO - Successfully clicked ('xpath', '/html/body/div[2]/div[2]/div/div[2]/div/form/div[2]/div/div[2]/div/button').
2025-06-28 12:58:29 - gst_automation - INFO - Document is in 'complete' ready state.
2025-06-28 12:58:29 - gst_automation - INFO - Polling for mobile_otp from OTP server (timeout: 120s)...
2025-06-28 12:58:53 - gst_automation - INFO - OTP '730705' received for type 'mobile_otp'!
2025-06-28 12:58:53 - gst_automation - INFO - Document is in 'complete' ready state.
2025-06-28 12:58:53 - gst_automation - INFO - Successfully sent text to ('id', 'mobile_otp').
2025-06-28 12:59:48 - gst_automation - INFO - Document is in 'complete' ready state.
2025-06-28 12:59:48 - gst_automation - INFO - Polling for email_otp from OTP server (timeout: 120s)...
2025-06-28 12:59:48 - gst_automation - INFO - OTP '857157' received for type 'email_otp'!
2025-06-28 12:59:48 - gst_automation - INFO - Document is in 'complete' ready state.
2025-06-28 12:59:48 - gst_automation - INFO - Successfully sent text to ('id', 'email-otp').
2025-06-28 12:59:51 - gst_automation - INFO - Document is in 'complete' ready state.
2025-06-28 12:59:51 - gst_automation - INFO - Successfully clicked ('xpath', '/html/body/div[2]/div[2]/div/div[2]/div/div[2]/div/form/div/div/button').
2025-06-28 13:00:01 - gst_automation - INFO - Document is in 'complete' ready state.
2025-06-28 13:00:01 - gst_automation - INFO - Successfully clicked ('xpath', '/html/body/div[2]/div[2]/div/div[2]/div/div[2]/div/div[2]/div/a').
2025-06-28 13:00:06 - gst_automation - INFO - Document is in 'complete' ready state.
2025-06-28 13:00:06 - gst_automation - INFO - Polling for trn from OTP server (timeout: 120s)...
2025-06-28 13:00:33 - gst_automation - INFO - OTP '072500181591TRN' received for type 'trn'!
2025-06-28 13:00:33 - gst_automation - INFO - Document is in 'complete' ready state.
2025-06-28 13:00:33 - gst_automation - INFO - Successfully sent text to ('id', 'trnno').
2025-06-28 13:00:38 - gst_automation - INFO - Document is in 'complete' ready state.
2025-06-28 13:00:38 - gst_automation - INFO - Solving captcha via TrueCaptcha API...
2025-06-28 13:00:38 - gst_automation - INFO - Found visible CAPTCHA image with ID 'imgCaptcha'.
2025-06-28 13:00:40 - gst_automation - INFO - CAPTCHA solved: 279714
2025-06-28 13:00:40 - gst_automation - INFO - Document is in 'complete' ready state.
2025-06-28 13:00:40 - gst_automation - INFO - Successfully sent text to ('id', 'captchatrn').
2025-06-28 13:00:40 - gst_automation - INFO - CAPTCHA entered successfully into input with ID 'captchatrn'.
2025-06-28 13:00:42 - gst_automation - INFO - Document is in 'complete' ready state.
2025-06-28 13:00:42 - gst_automation - INFO - Successfully clicked ('xpath', '/html/body/div[2]/div[2]/div/div[2]/div/form/div[2]/div/div[2]/div/button').
2025-06-28 13:00:49 - gst_automation - INFO - Document is in 'complete' ready state.
2025-06-28 13:00:49 - gst_automation - INFO - Polling for mobile_otp from OTP server (timeout: 120s)...
2025-06-28 13:01:07 - gst_automation - INFO - OTP '170089' received for type 'mobile_otp'!
2025-06-28 13:01:07 - gst_automation - INFO - Document is in 'complete' ready state.
2025-06-28 13:01:07 - gst_automation - INFO - Successfully sent text to ('id', 'mobile_otp').
2025-06-28 13:01:10 - gst_automation - INFO - Document is in 'complete' ready state.
2025-06-28 13:01:11 - gst_automation - INFO - Successfully clicked ('xpath', '/html/body/div[2]/div[2]/div/div[2]/div/div[2]/div/form/div/div/button').
2025-06-28 13:01:12 - gst_automation - INFO - Document is in 'complete' ready state.
2025-06-28 13:01:28 - gst_automation - INFO - Document is in 'complete' ready state.
2025-06-28 13:01:28 - gst_automation - INFO - Successfully clicked ('xpath', '/html/body/div[2]/div[1]/div/div[3]/div[2]/div/div/table/tbody/tr/td[6]/button').
2025-06-28 13:01:30 - gst_automation - INFO - Document is in 'complete' ready state.
2025-06-28 13:01:52 - gst_automation - INFO - Document is in 'complete' ready state.
2025-06-28 13:01:52 - gst_automation - INFO - Successfully sent text to ('id', 'tnm').
2025-06-28 13:01:57 - gst_automation - INFO - Document is in 'complete' ready state.
2025-06-28 13:01:57 - gst_automation - INFO - Successfully clicked ('xpath', "//*[text()='Others']").
2025-06-28 13:01:58 - gst_automation - INFO - Document is in 'complete' ready state.
2025-06-28 13:01:58 - gst_automation - INFO - Successfully sent text to ('id', 'bd_ConstBuss_oth').
2025-06-28 13:01:58 - gst_automation - INFO - Document is in 'complete' ready state.
2025-06-28 13:01:58 - gst_automation - INFO - Successfully clicked ('xpath', "//*[text()='Voluntary Basis']").
2025-06-28 13:01:58 - gst_automation - INFO - Document is in 'complete' ready state.
2025-06-28 13:01:58 - gst_automation - INFO - Successfully sent text to ('id', 'bd_cmbz').
2025-06-28 13:02:00 - gst_automation - INFO - Document is in 'complete' ready state.
2025-06-28 13:02:00 - gst_automation - INFO - Successfully clicked ('xpath', "//*[text()='Others (Please specify)']").
2025-06-28 13:02:00 - gst_automation - INFO - Document is in 'complete' ready state.
2025-06-28 13:02:00 - gst_automation - INFO - Successfully clicked ('xpath', '/html/body/div[2]/div/div/div[3]/form/fieldset/div[1]/div[8]/div/div[1]/select/option[16]').
2025-06-28 13:02:00 - gst_automation - INFO - Document is in 'complete' ready state.
2025-06-28 13:02:00 - gst_automation - INFO - Successfully sent text to ('id', 'bd_othrReg').
2025-06-28 13:02:03 - gst_automation - INFO - Document is in 'complete' ready state.
2025-06-28 13:02:03 - gst_automation - INFO - Successfully sent text to ('id', 'exno').
2025-06-28 13:02:04 - gst_automation - INFO - Document is in 'complete' ready state.
2025-06-28 13:02:04 - gst_automation - INFO - Successfully sent text to ('id', 'exdt').
2025-06-28 13:02:04 - gst_automation - INFO - Document is in 'complete' ready state.
2025-06-28 13:02:04 - gst_automation - INFO - Successfully clicked ('xpath', '/html/body/div[2]/div/div/div[3]/form/fieldset/div[1]/div[8]/div/div[5]/button[1]').
2025-06-28 13:02:06 - gst_automation - INFO - Document is in 'complete' ready state.
2025-06-28 13:02:06 - gst_automation - INFO - Successfully clicked ('xpath', "//*[text()='Registration Certificate']").
2025-06-28 13:02:11 - gst_automation - INFO - Document is in 'complete' ready state.
2025-06-28 13:02:11 - gst_automation - INFO - Successfully clicked ('xpath', '/html/body/div[2]/div/div/div[3]/form/div/div/button[2]').
2025-06-28 13:02:26 - gst_automation - INFO - Document is in 'complete' ready state.
2025-06-28 13:02:26 - gst_automation - INFO - Successfully sent text to ('id', 'fnm').
2025-06-28 13:02:26 - gst_automation - INFO - Document is in 'complete' ready state.
2025-06-28 13:02:26 - gst_automation - INFO - Successfully sent text to ('id', 'pd_mname').
2025-06-28 13:02:26 - gst_automation - INFO - Document is in 'complete' ready state.
2025-06-28 13:02:26 - gst_automation - INFO - Successfully sent text to ('id', 'pd_lname').
2025-06-28 13:02:26 - gst_automation - INFO - Document is in 'complete' ready state.
2025-06-28 13:02:26 - gst_automation - INFO - Successfully sent text to ('id', 'ffname').
2025-06-28 13:02:26 - gst_automation - INFO - Document is in 'complete' ready state.
2025-06-28 13:02:26 - gst_automation - INFO - Successfully sent text to ('id', 'pd_fmname').
2025-06-28 13:02:26 - gst_automation - INFO - Document is in 'complete' ready state.
2025-06-28 13:02:26 - gst_automation - INFO - Successfully sent text to ('id', 'pd_flname').
2025-06-28 13:02:26 - gst_automation - INFO - Document is in 'complete' ready state.
2025-06-28 13:02:26 - gst_automation - INFO - Successfully sent text to ('id', 'dob').
2025-06-28 13:02:26 - gst_automation - INFO - Document is in 'complete' ready state.
2025-06-28 13:02:26 - gst_automation - INFO - Successfully sent text to ('id', 'mbno').
2025-06-28 13:02:26 - gst_automation - INFO - Document is in 'complete' ready state.
2025-06-28 13:02:26 - gst_automation - INFO - Successfully sent text to ('id', 'pd_email').
2025-06-28 13:02:32 - gst_automation - INFO - Document is in 'complete' ready state.
2025-06-28 13:02:32 - gst_automation - INFO - Successfully clicked ('css selector', 'div.tbl-format:nth-child(2) > div:nth-child(4) > div:nth-child(1) > div:nth-child(1) > fieldset:nth-child(1) > label:nth-child(3)').
2025-06-28 13:02:34 - gst_automation - INFO - Document is in 'complete' ready state.
2025-06-28 13:02:34 - gst_automation - INFO - Successfully sent text to ('id', 'dg').
2025-06-28 13:02:34 - gst_automation - INFO - Document is in 'complete' ready state.
2025-06-28 13:02:34 - gst_automation - INFO - Successfully sent text to ('id', 'din').
2025-06-28 13:02:34 - gst_automation - INFO - Document is in 'complete' ready state.
2025-06-28 13:02:34 - gst_automation - INFO - Successfully sent text to ('id', 'pan').
2025-06-28 13:02:40 - gst_automation - INFO - Document is in 'complete' ready state.
2025-06-28 13:02:40 - gst_automation - INFO - Successfully sent text to ('id', 'onMapSerachId').
2025-06-28 13:02:40 - gst_automation - INFO - Document is in 'complete' ready state.
2025-06-28 13:03:10 - gst_automation - ERROR - Element ('xpath', "//*[text()='474001']") not clickable within 30s.
2025-06-28 13:03:17 - gst_automation - INFO - Document is in 'complete' ready state.
2025-06-28 13:03:18 - gst_automation - INFO - Successfully sent text to ('id', 'onMapSerachId').
2025-06-28 13:03:18 - gst_automation - INFO - Document is in 'complete' ready state.
2025-06-28 13:03:19 - gst_automation - INFO - Successfully clicked ('xpath', "//*[text()='474001']").
2025-06-28 13:03:21 - gst_automation - INFO - Document is in 'complete' ready state.
2025-06-28 13:03:26 - gst_automation - INFO - Successfully clicked ('id', 'confirm-mapquery-btn1').
2025-06-28 13:03:28 - gst_automation - INFO - Document is in 'complete' ready state.
2025-06-28 13:03:28 - gst_automation - INFO - Successfully sent text to ('id', 'pd_bdnum').
2025-06-28 13:03:43 - gst_automation - INFO - Document is in 'complete' ready state.
2025-06-28 13:03:45 - gst_automation - INFO - Successfully sent text to ('id', 'onMapSerachId').
2025-06-28 13:03:45 - gst_automation - INFO - Document is in 'complete' ready state.
2025-06-28 13:03:45 - gst_automation - INFO - Successfully clicked ('xpath', "//*[text()='474001']").
2025-06-28 13:03:48 - gst_automation - INFO - Document is in 'complete' ready state.
2025-06-28 13:03:49 - gst_automation - INFO - Successfully clicked ('id', 'confirm-mapquery-btn1').
2025-06-28 13:03:50 - gst_automation - INFO - Document is in 'complete' ready state.
2025-06-28 13:03:50 - gst_automation - INFO - Successfully sent text to ('id', 'pd_bdnum').
2025-06-28 13:07:04 - gst_automation - INFO - Document is in 'complete' ready state.
2025-06-28 13:07:04 - gst_automation - INFO - Successfully sent text to ('id', 'pd_upload').
2025-06-28 13:07:33 - gst_automation - INFO - Document is in 'complete' ready state.
2025-06-28 13:07:33 - gst_automation - INFO - Successfully sent text to ('id', 'pd_upload').
2025-06-28 13:08:25 - gst_automation - INFO - Document is in 'complete' ready state.
2025-06-28 13:08:25 - gst_automation - INFO - Successfully sent text to ('id', 'pd_upload').
2025-06-28 13:09:20 - gst_automation - INFO - Document is in 'complete' ready state.
2025-06-28 13:09:32 - gst_automation - INFO - Document is in 'complete' ready state.
2025-06-28 13:09:32 - gst_automation - INFO - Successfully sent text to ('id', 'pd_upload').
2025-06-28 13:13:01 - gst_automation - INFO - Document is in 'complete' ready state.
2025-06-28 13:13:01 - gst_automation - INFO - Successfully sent text to ('id', 'pd_upload').
2025-06-28 13:18:00 - gst_automation - INFO - Document is in 'complete' ready state.
2025-06-28 13:18:30 - gst_automation - ERROR - Element ('id', 'pd_upload') not visible within 30s.
2025-06-28 13:18:50 - gst_automation - INFO - Document is in 'complete' ready state.
