2025-06-28 19:32:11 - gst_automation - INFO - Document is in 'complete' ready state.
2025-06-28 19:32:12 - gst_automation - INFO - Successfully clicked ('xpath', "//*[text()='Taxpayer']").
2025-06-28 19:32:12 - gst_automation - INFO - Document is in 'complete' ready state.
2025-06-28 19:32:12 - gst_automation - INFO - Successfully clicked ('xpath', "//*[text()='Delhi']").
2025-06-28 19:32:17 - gst_automation - INFO - Document is in 'complete' ready state.
2025-06-28 19:32:17 - gst_automation - INFO - Successfully clicked ('xpath', "//*[text()='South West Delhi']").
2025-06-28 19:32:17 - gst_automation - INFO - Document is in 'complete' ready state.
2025-06-28 19:32:17 - gst_automation - INFO - Successfully sent text to ('id', 'bnm').
2025-06-28 19:32:17 - gst_automation - INFO - Document is in 'complete' ready state.
2025-06-28 19:32:17 - gst_automation - INFO - Successfully sent text to ('id', 'pan_card').
2025-06-28 19:32:17 - gst_automation - INFO - Document is in 'complete' ready state.
2025-06-28 19:32:17 - gst_automation - INFO - Successfully sent text to ('id', 'email').
2025-06-28 19:32:17 - gst_automation - INFO - Document is in 'complete' ready state.
2025-06-28 19:32:17 - gst_automation - INFO - Successfully sent text to ('id', 'mobile').
2025-06-28 19:32:17 - gst_automation - INFO - Document is in 'complete' ready state.
2025-06-28 19:32:17 - gst_automation - INFO - Solving captcha via TrueCaptcha API...
2025-06-28 19:32:17 - gst_automation - INFO - Found captcha image element with ID 'imgCaptcha'.
2025-06-28 19:32:19 - gst_automation - INFO - CAPTCHA solved by API: 964829
2025-06-28 19:32:19 - gst_automation - INFO - Document is in 'complete' ready state.
2025-06-28 19:32:19 - gst_automation - INFO - Successfully sent text to ('id', 'captcha').
2025-06-28 19:32:19 - gst_automation - INFO - CAPTCHA text entered successfully.
2025-06-28 19:32:19 - gst_automation - INFO - Document is in 'complete' ready state.
2025-06-28 19:32:19 - gst_automation - INFO - Successfully clicked ('xpath', '/html/body/div[2]/div[2]/div/div[2]/div/form/div[2]/div/div[2]/div/button').
2025-06-28 19:32:19 - gst_automation - INFO - Document is in 'complete' ready state.
2025-06-28 19:32:19 - gst_automation - INFO - Polling for mobile_otp from OTP server (timeout: 120s)...
2025-06-28 19:32:34 - gst_automation - INFO - OTP '980816' received for type 'mobile_otp'!
2025-06-28 19:32:34 - gst_automation - INFO - Document is in 'complete' ready state.
2025-06-28 19:32:34 - gst_automation - INFO - Successfully sent text to ('id', 'mobile_otp').
2025-06-28 19:32:34 - gst_automation - INFO - Document is in 'complete' ready state.
2025-06-28 19:32:34 - gst_automation - INFO - Polling for email_otp from OTP server (timeout: 120s)...
2025-06-28 19:33:08 - gst_automation - INFO - OTP '017820' received for type 'email_otp'!
2025-06-28 19:33:08 - gst_automation - INFO - Document is in 'complete' ready state.
2025-06-28 19:33:08 - gst_automation - INFO - Successfully sent text to ('id', 'email-otp').
2025-06-28 19:33:10 - gst_automation - INFO - Document is in 'complete' ready state.
2025-06-28 19:33:10 - gst_automation - INFO - Successfully clicked ('xpath', '/html/body/div[2]/div[2]/div/div[2]/div/div[2]/div/form/div/div/button').
2025-06-28 19:33:15 - gst_automation - INFO - Document is in 'complete' ready state.
2025-06-28 19:33:15 - gst_automation - INFO - Successfully clicked ('xpath', '/html/body/div[2]/div[2]/div/div[2]/div/div[2]/div/div[2]/div/a').
2025-06-28 19:33:15 - gst_automation - INFO - Document is in 'complete' ready state.
2025-06-28 19:33:15 - gst_automation - INFO - Polling for trn from OTP server (timeout: 120s)...
2025-06-28 19:33:57 - gst_automation - INFO - OTP '072500182146TRN' received for type 'trn'!
2025-06-28 19:33:57 - gst_automation - INFO - Document is in 'complete' ready state.
2025-06-28 19:33:57 - gst_automation - INFO - Successfully sent text to ('id', 'trnno').
2025-06-28 19:33:57 - gst_automation - INFO - Document is in 'complete' ready state.
2025-06-28 19:33:57 - gst_automation - INFO - Solving captcha via TrueCaptcha API...
2025-06-28 19:33:57 - gst_automation - INFO - Found visible CAPTCHA image with ID 'imgCaptcha'.
2025-06-28 19:33:59 - gst_automation - INFO - CAPTCHA solved: 472311
2025-06-28 19:33:59 - gst_automation - INFO - Document is in 'complete' ready state.
2025-06-28 19:33:59 - gst_automation - INFO - Successfully sent text to ('id', 'captchatrn').
2025-06-28 19:33:59 - gst_automation - INFO - CAPTCHA entered successfully into input with ID 'captchatrn'.
2025-06-28 19:33:59 - gst_automation - INFO - Document is in 'complete' ready state.
2025-06-28 19:33:59 - gst_automation - INFO - Successfully clicked ('xpath', '/html/body/div[2]/div[2]/div/div[2]/div/form/div[2]/div/div[2]/div/button').
2025-06-28 19:33:59 - gst_automation - INFO - Document is in 'complete' ready state.
2025-06-28 19:33:59 - gst_automation - INFO - Polling for mobile_otp from OTP server (timeout: 120s)...
2025-06-28 19:34:14 - gst_automation - INFO - OTP '300202' received for type 'mobile_otp'!
2025-06-28 19:34:14 - gst_automation - INFO - Document is in 'complete' ready state.
2025-06-28 19:34:14 - gst_automation - INFO - Successfully sent text to ('id', 'mobile_otp').
2025-06-28 19:34:14 - gst_automation - INFO - Document is in 'complete' ready state.
2025-06-28 19:34:15 - gst_automation - INFO - Successfully clicked ('xpath', '/html/body/div[2]/div[2]/div/div[2]/div/div[2]/div/form/div/div/button').
2025-06-28 19:34:20 - gst_automation - INFO - Document is in 'complete' ready state.
2025-06-28 19:34:20 - gst_automation - INFO - Successfully clicked ('xpath', '/html/body/div[2]/div[1]/div/div[3]/div[2]/div/div/table/tbody/tr/td[6]/button').
2025-06-28 19:34:25 - gst_automation - INFO - Document is in 'complete' ready state.
2025-06-28 19:34:25 - gst_automation - INFO - Successfully sent text to ('id', 'tnm').
2025-06-28 19:34:27 - gst_automation - INFO - Document is in 'complete' ready state.
2025-06-28 19:34:27 - gst_automation - INFO - Successfully clicked ('xpath', "//*[text()='Others']").
2025-06-28 19:34:27 - gst_automation - INFO - Document is in 'complete' ready state.
2025-06-28 19:34:27 - gst_automation - INFO - Successfully sent text to ('id', 'bd_ConstBuss_oth').
2025-06-28 19:34:27 - gst_automation - INFO - Document is in 'complete' ready state.
2025-06-28 19:34:28 - gst_automation - INFO - Successfully clicked ('xpath', "//*[text()='Voluntary Basis']").
2025-06-28 19:34:28 - gst_automation - INFO - Document is in 'complete' ready state.
2025-06-28 19:34:28 - gst_automation - INFO - Successfully sent text to ('id', 'bd_cmbz').
2025-06-28 19:34:28 - gst_automation - INFO - Document is in 'complete' ready state.
2025-06-28 19:34:28 - gst_automation - INFO - Successfully clicked ('xpath', '/html/body/div[2]/div/div/div[3]/form/fieldset/div[1]/div[8]/div/div[1]/select/option[16]').
2025-06-28 19:34:28 - gst_automation - INFO - Document is in 'complete' ready state.
2025-06-28 19:34:28 - gst_automation - INFO - Successfully sent text to ('id', 'bd_othrReg').
2025-06-28 19:34:28 - gst_automation - INFO - Document is in 'complete' ready state.
2025-06-28 19:34:28 - gst_automation - INFO - Successfully sent text to ('id', 'exno').
2025-06-28 19:34:28 - gst_automation - INFO - Document is in 'complete' ready state.
2025-06-28 19:34:28 - gst_automation - INFO - Successfully sent text to ('id', 'exdt').
2025-06-28 19:34:28 - gst_automation - INFO - Document is in 'complete' ready state.
2025-06-28 19:34:28 - gst_automation - INFO - Successfully clicked ('xpath', '/html/body/div[2]/div/div/div[3]/form/fieldset/div[1]/div[8]/div/div[5]/button[1]').
2025-06-28 19:34:28 - gst_automation - INFO - Document is in 'complete' ready state.
2025-06-28 19:34:28 - gst_automation - INFO - Successfully clicked ('xpath', "//*[text()='Registration Certificate']").
2025-06-28 19:34:31 - gst_automation - INFO - Document is in 'complete' ready state.
2025-06-28 19:34:31 - gst_automation - INFO - Successfully clicked ('xpath', '/html/body/div[2]/div/div/div[3]/form/div/div/button[2]').
2025-06-28 19:34:33 - gst_automation - INFO - Document is in 'complete' ready state.
2025-06-28 19:35:03 - gst_automation - ERROR - Element ('id', 'fnm') not visible within 30s.
2025-06-28 19:36:05 - gst_automation - INFO - Document is in 'complete' ready state.
2025-06-28 19:36:05 - gst_automation - INFO - Successfully sent text to ('id', 'fnm').
2025-06-28 19:36:05 - gst_automation - INFO - Document is in 'complete' ready state.
2025-06-28 19:36:05 - gst_automation - INFO - Successfully sent text to ('id', 'pd_mname').
2025-06-28 19:36:05 - gst_automation - INFO - Document is in 'complete' ready state.
2025-06-28 19:36:05 - gst_automation - INFO - Successfully sent text to ('id', 'pd_lname').
2025-06-28 19:36:05 - gst_automation - INFO - Document is in 'complete' ready state.
2025-06-28 19:36:06 - gst_automation - INFO - Successfully sent text to ('id', 'ffname').
2025-06-28 19:36:06 - gst_automation - INFO - Document is in 'complete' ready state.
2025-06-28 19:36:06 - gst_automation - INFO - Successfully sent text to ('id', 'pd_fmname').
2025-06-28 19:36:06 - gst_automation - INFO - Document is in 'complete' ready state.
2025-06-28 19:36:06 - gst_automation - INFO - Successfully sent text to ('id', 'pd_flname').
2025-06-28 19:36:06 - gst_automation - INFO - Document is in 'complete' ready state.
2025-06-28 19:36:06 - gst_automation - INFO - Successfully sent text to ('id', 'dob').
2025-06-28 19:36:06 - gst_automation - INFO - Document is in 'complete' ready state.
2025-06-28 19:36:06 - gst_automation - INFO - Successfully sent text to ('id', 'mbno').
2025-06-28 19:36:06 - gst_automation - INFO - Document is in 'complete' ready state.
2025-06-28 19:36:06 - gst_automation - INFO - Successfully sent text to ('id', 'pd_email').
2025-06-28 19:36:08 - gst_automation - INFO - Document is in 'complete' ready state.
2025-06-28 19:36:08 - gst_automation - INFO - Successfully clicked ('css selector', 'div.tbl-format:nth-child(2) > div:nth-child(4) > div:nth-child(1) > div:nth-child(1) > fieldset:nth-child(1) > label:nth-child(3)').
2025-06-28 19:36:08 - gst_automation - INFO - Document is in 'complete' ready state.
2025-06-28 19:36:08 - gst_automation - INFO - Successfully sent text to ('id', 'dg').
2025-06-28 19:36:08 - gst_automation - INFO - Document is in 'complete' ready state.
2025-06-28 19:36:08 - gst_automation - INFO - Successfully sent text to ('id', 'din').
2025-06-28 19:36:08 - gst_automation - INFO - Document is in 'complete' ready state.
2025-06-28 19:36:08 - gst_automation - INFO - Successfully sent text to ('id', 'pan').
2025-06-28 19:36:10 - gst_automation - INFO - Document is in 'complete' ready state.
2025-06-28 19:36:10 - gst_automation - INFO - Successfully sent text to ('id', 'onMapSerachId').
2025-06-28 19:36:12 - gst_automation - INFO - Document is in 'complete' ready state.
2025-06-28 19:36:35 - gst_automation - INFO - Document is in 'complete' ready state.
2025-06-28 19:36:35 - gst_automation - INFO - Successfully sent text to ('id', 'onMapSerachId').
2025-06-28 19:36:37 - gst_automation - INFO - Document is in 'complete' ready state.
2025-06-28 19:36:38 - gst_automation - INFO - Successfully clicked ('xpath', "//*[text()='474001']").
2025-06-28 19:36:55 - gst_automation - INFO - Document is in 'complete' ready state.
2025-06-28 19:36:56 - gst_automation - INFO - Successfully sent text to ('id', 'onMapSerachId').
2025-06-28 19:36:58 - gst_automation - INFO - Document is in 'complete' ready state.
2025-06-28 19:36:59 - gst_automation - INFO - Successfully clicked ('xpath', "//*[text()='474001']").
2025-06-28 19:37:01 - gst_automation - INFO - Document is in 'complete' ready state.
2025-06-28 19:37:01 - gst_automation - INFO - Successfully clicked ('id', 'confirm-mapquery-btn1').
2025-06-28 19:37:01 - gst_automation - INFO - Document is in 'complete' ready state.
2025-06-28 19:37:01 - gst_automation - INFO - Successfully sent text to ('id', 'pd_bdnum').
2025-06-28 19:37:03 - gst_automation - INFO - Document is in 'complete' ready state.
2025-06-28 19:37:03 - gst_automation - INFO - Successfully sent text to ('id', 'pd_upload').
2025-06-28 19:37:03 - gst_automation - INFO - Document is in 'complete' ready state.
2025-06-28 19:37:04 - gst_automation - INFO - Successfully clicked ('xpath', '/html/body/div[2]/div/div/div[3]/form/div[2]/div[2]/div/button[3]').
2025-06-28 19:37:04 - gst_automation - INFO - Document is in 'complete' ready state.
2025-06-28 19:37:31 - gst_automation - INFO - Document is in 'complete' ready state.
2025-06-28 19:37:31 - gst_automation - INFO - Successfully clicked ('xpath', '/html/body/div[2]/div/div/div[3]/form/div[2]/fieldset[2]/div/div[2]/div/fieldset/div/select/option[2]').
2025-06-28 19:37:37 - gst_automation - INFO - Document is in 'complete' ready state.
2025-06-28 19:37:37 - gst_automation - INFO - Successfully clicked ('xpath', '/html/body/div[2]/div/div/div[3]/form/div[2]/div[3]/div/button[3]').
2025-06-28 19:37:41 - gst_automation - INFO - Document is in 'complete' ready state.
2025-06-28 19:38:16 - gst_automation - INFO - Document is in 'complete' ready state.
2025-06-28 19:38:16 - gst_automation - INFO - Successfully clicked ('xpath', '/html/body/div[2]/div/div/div[3]/form/div/div/button[2]').
2025-06-28 19:38:16 - gst_automation - INFO - Document is in 'complete' ready state.
2025-06-28 19:38:18 - gst_automation - INFO - Successfully sent text to ('id', 'onMapSerachId').
2025-06-28 19:38:18 - gst_automation - INFO - Document is in 'complete' ready state.
2025-06-28 19:38:19 - gst_automation - INFO - Successfully clicked ('xpath', "//*[text()='110071']").
2025-06-28 19:38:20 - gst_automation - INFO - Document is in 'complete' ready state.
2025-06-28 19:38:20 - gst_automation - INFO - Successfully clicked ('id', 'confirm-mapquery-btn3').
2025-06-28 19:38:20 - gst_automation - INFO - Document is in 'complete' ready state.
2025-06-28 19:38:21 - gst_automation - INFO - Successfully sent text to ('id', 'pncd').
2025-06-28 19:38:23 - gst_automation - INFO - Document is in 'complete' ready state.
2025-06-28 19:38:24 - gst_automation - INFO - Successfully sent text to ('id', 'dst').
2025-06-28 19:38:26 - gst_automation - INFO - Document is in 'complete' ready state.
2025-06-28 19:38:26 - gst_automation - INFO - Successfully sent text to ('id', 'loc').
2025-06-28 19:38:28 - gst_automation - INFO - Document is in 'complete' ready state.
2025-06-28 19:38:28 - gst_automation - INFO - Successfully sent text to ('id', 'st').
2025-06-28 19:38:30 - gst_automation - INFO - Document is in 'complete' ready state.
2025-06-28 19:38:30 - gst_automation - INFO - Successfully sent text to ('id', 'bno').
2025-06-28 19:38:32 - gst_automation - INFO - Document is in 'complete' ready state.
2025-06-28 19:38:41 - gst_automation - INFO - Document is in 'complete' ready state.
2025-06-28 19:38:43 - gst_automation - INFO - Successfully sent text to ('id', 'onMapSerachId').
2025-06-28 19:38:45 - gst_automation - INFO - Document is in 'complete' ready state.
2025-06-28 19:38:45 - gst_automation - INFO - Successfully clicked ('xpath', "//*[text()='110071']").
2025-06-28 19:38:49 - gst_automation - INFO - Document is in 'complete' ready state.
2025-06-28 19:38:49 - gst_automation - INFO - Successfully clicked ('id', 'confirm-mapquery-btn3').
2025-06-28 19:38:49 - gst_automation - INFO - Document is in 'complete' ready state.
2025-06-28 19:38:50 - gst_automation - INFO - Successfully sent text to ('id', 'pncd').
2025-06-28 19:38:52 - gst_automation - INFO - Document is in 'complete' ready state.
2025-06-28 19:38:53 - gst_automation - INFO - Successfully sent text to ('id', 'dst').
2025-06-28 19:38:55 - gst_automation - INFO - Document is in 'complete' ready state.
2025-06-28 19:38:55 - gst_automation - INFO - Successfully sent text to ('id', 'loc').
2025-06-28 19:38:57 - gst_automation - INFO - Document is in 'complete' ready state.
2025-06-28 19:38:57 - gst_automation - INFO - Successfully sent text to ('id', 'st').
2025-06-28 19:38:59 - gst_automation - INFO - Document is in 'complete' ready state.
2025-06-28 19:38:59 - gst_automation - INFO - Successfully sent text to ('id', 'bno').
2025-06-28 19:39:06 - gst_automation - INFO - Document is in 'complete' ready state.
2025-06-28 19:40:07 - gst_automation - INFO - Document is in 'complete' ready state.
2025-06-28 19:40:19 - gst_automation - INFO - Document is in 'complete' ready state.
2025-06-28 19:40:20 - gst_automation - INFO - Successfully clicked ('id', 'bp_latitude').
2025-06-28 19:40:32 - gst_automation - INFO - Document is in 'complete' ready state.
2025-06-28 19:40:33 - gst_automation - INFO - Successfully sent text to ('id', 'onMapSerachId').
2025-06-28 19:40:35 - gst_automation - INFO - Document is in 'complete' ready state.
2025-06-28 19:40:35 - gst_automation - INFO - Successfully clicked ('xpath', "//*[text()='110071']").
2025-06-28 19:40:36 - gst_automation - INFO - Document is in 'complete' ready state.
2025-06-28 19:40:43 - gst_automation - INFO - Successfully clicked ('id', 'confirm-mapquery-btn3').
2025-06-28 19:40:43 - gst_automation - INFO - Document is in 'complete' ready state.
2025-06-28 19:40:44 - gst_automation - INFO - Successfully sent text to ('id', 'pncd').
2025-06-28 19:40:46 - gst_automation - INFO - Document is in 'complete' ready state.
2025-06-28 19:40:47 - gst_automation - INFO - Successfully sent text to ('id', 'dst').
2025-06-28 19:40:49 - gst_automation - INFO - Document is in 'complete' ready state.
2025-06-28 19:40:50 - gst_automation - INFO - Successfully sent text to ('id', 'loc').
2025-06-28 19:40:52 - gst_automation - INFO - Document is in 'complete' ready state.
2025-06-28 19:40:52 - gst_automation - INFO - Successfully sent text to ('id', 'st').
2025-06-28 19:40:54 - gst_automation - INFO - Document is in 'complete' ready state.
2025-06-28 19:40:54 - gst_automation - INFO - Successfully sent text to ('id', 'bno').
2025-06-28 19:40:54 - gst_automation - INFO - Document is in 'complete' ready state.
2025-06-28 19:40:54 - gst_automation - INFO - Successfully clicked ('id', 'bp_latitude').
2025-06-28 19:40:56 - gst_automation - INFO - Document is in 'complete' ready state.
2025-06-28 19:41:39 - gst_automation - INFO - Document is in 'complete' ready state.
2025-06-28 19:41:40 - gst_automation - INFO - Successfully sent text to ('id', 'onMapSerachId').
2025-06-28 19:41:42 - gst_automation - INFO - Document is in 'complete' ready state.
2025-06-28 19:41:43 - gst_automation - INFO - Successfully clicked ('xpath', "//*[text()='110071']").
2025-06-28 19:41:44 - gst_automation - INFO - Document is in 'complete' ready state.
2025-06-28 19:41:48 - gst_automation - INFO - Successfully clicked ('id', 'confirm-mapquery-btn3').
2025-06-28 19:41:48 - gst_automation - INFO - Document is in 'complete' ready state.
2025-06-28 19:41:48 - gst_automation - INFO - Successfully sent text to ('id', 'pncd').
2025-06-28 19:41:50 - gst_automation - INFO - Document is in 'complete' ready state.
2025-06-28 19:41:52 - gst_automation - INFO - Successfully sent text to ('id', 'dst').
2025-06-28 19:41:54 - gst_automation - INFO - Document is in 'complete' ready state.
2025-06-28 19:41:54 - gst_automation - INFO - Successfully sent text to ('id', 'loc').
2025-06-28 19:41:56 - gst_automation - INFO - Document is in 'complete' ready state.
2025-06-28 19:41:56 - gst_automation - INFO - Successfully sent text to ('id', 'st').
2025-06-28 19:41:58 - gst_automation - INFO - Document is in 'complete' ready state.
2025-06-28 19:41:58 - gst_automation - INFO - Successfully sent text to ('id', 'bno').
2025-06-28 19:42:01 - gst_automation - INFO - Document is in 'complete' ready state.
2025-06-28 19:44:03 - gst_automation - INFO - Document is in 'complete' ready state.
2025-06-28 19:44:03 - gst_automation - INFO - Successfully sent text to ('id', 'onMapSerachId').
2025-06-28 19:44:05 - gst_automation - INFO - Document is in 'complete' ready state.
2025-06-28 19:44:06 - gst_automation - INFO - Successfully clicked ('xpath', "//*[text()='110071']").
2025-06-28 19:44:07 - gst_automation - INFO - Document is in 'complete' ready state.
2025-06-28 19:44:07 - gst_automation - INFO - Successfully clicked ('id', 'confirm-mapquery-btn3').
2025-06-28 19:44:07 - gst_automation - INFO - Document is in 'complete' ready state.
2025-06-28 19:44:08 - gst_automation - INFO - Successfully sent text to ('id', 'pncd').
2025-06-28 19:44:10 - gst_automation - INFO - Document is in 'complete' ready state.
2025-06-28 19:44:11 - gst_automation - INFO - Successfully sent text to ('id', 'dst').
2025-06-28 19:44:13 - gst_automation - INFO - Document is in 'complete' ready state.
2025-06-28 19:44:13 - gst_automation - INFO - Successfully sent text to ('id', 'loc').
2025-06-28 19:44:15 - gst_automation - INFO - Document is in 'complete' ready state.
2025-06-28 19:44:15 - gst_automation - INFO - Successfully sent text to ('id', 'st').
2025-06-28 19:44:17 - gst_automation - INFO - Document is in 'complete' ready state.
2025-06-28 19:44:17 - gst_automation - INFO - Successfully sent text to ('id', 'bno').
2025-06-28 19:44:19 - gst_automation - INFO - Document is in 'complete' ready state.
2025-06-28 19:44:20 - gst_automation - INFO - Successfully clicked ('id', 'bp_flrnum').
2025-06-28 19:44:22 - gst_automation - INFO - Document is in 'complete' ready state.
2025-06-28 19:44:22 - gst_automation - INFO - Successfully clicked ('xpath', "//*[text()='Ward 1']").
2025-06-28 19:44:22 - gst_automation - INFO - Document is in 'complete' ready state.
2025-06-28 19:44:22 - gst_automation - INFO - Successfully clicked ('xpath', "//*[text()='DELHI SOUTH']").
2025-06-28 19:44:24 - gst_automation - INFO - Document is in 'complete' ready state.
2025-06-28 19:44:24 - gst_automation - INFO - Successfully clicked ('xpath', "//*[text()='DWARKA']").
2025-06-28 19:44:26 - gst_automation - INFO - Document is in 'complete' ready state.
2025-06-28 19:44:27 - gst_automation - INFO - Successfully clicked ('xpath', "//*[text()='RANGE - 81']").
2025-06-28 19:44:29 - gst_automation - INFO - Document is in 'complete' ready state.
2025-06-28 19:44:29 - gst_automation - INFO - Successfully clicked ('xpath', "//*[text()='Others']").
2025-06-28 19:44:31 - gst_automation - INFO - Document is in 'complete' ready state.
2025-06-28 19:44:31 - gst_automation - INFO - Successfully clicked ('xpath', "//*[text()='Legal ownership document']").
2025-06-28 19:45:54 - gst_automation - INFO - Document is in 'complete' ready state.
2025-06-28 19:45:55 - gst_automation - INFO - Successfully sent text to ('id', 'onMapSerachId').
2025-06-28 19:45:57 - gst_automation - INFO - Document is in 'complete' ready state.
2025-06-28 19:45:57 - gst_automation - INFO - Successfully clicked ('xpath', "//*[text()='110071']").
2025-06-28 19:45:58 - gst_automation - INFO - Document is in 'complete' ready state.
2025-06-28 19:45:59 - gst_automation - INFO - Successfully clicked ('id', 'confirm-mapquery-btn3').
2025-06-28 19:45:59 - gst_automation - INFO - Document is in 'complete' ready state.
2025-06-28 19:45:59 - gst_automation - INFO - Successfully sent text to ('id', 'pncd').
2025-06-28 19:46:01 - gst_automation - INFO - Document is in 'complete' ready state.
2025-06-28 19:46:02 - gst_automation - INFO - Successfully sent text to ('id', 'dst').
2025-06-28 19:46:04 - gst_automation - INFO - Document is in 'complete' ready state.
2025-06-28 19:46:05 - gst_automation - INFO - Successfully sent text to ('id', 'loc').
2025-06-28 19:46:07 - gst_automation - INFO - Document is in 'complete' ready state.
2025-06-28 19:46:07 - gst_automation - INFO - Successfully sent text to ('id', 'st').
2025-06-28 19:46:09 - gst_automation - INFO - Document is in 'complete' ready state.
2025-06-28 19:46:09 - gst_automation - INFO - Successfully sent text to ('id', 'bno').
2025-06-28 19:46:11 - gst_automation - INFO - Document is in 'complete' ready state.
2025-06-28 19:46:11 - gst_automation - INFO - Successfully clicked ('id', 'bp_flrnum').
2025-06-28 19:46:13 - gst_automation - INFO - Document is in 'complete' ready state.
2025-06-28 19:46:13 - gst_automation - INFO - Successfully clicked ('xpath', "//*[text()='Ward 1']").
2025-06-28 19:46:13 - gst_automation - INFO - Document is in 'complete' ready state.
2025-06-28 19:46:14 - gst_automation - INFO - Successfully clicked ('xpath', "//*[text()='DELHI SOUTH']").
2025-06-28 19:46:16 - gst_automation - INFO - Document is in 'complete' ready state.
2025-06-28 19:46:16 - gst_automation - INFO - Successfully clicked ('xpath', "//*[text()='DWARKA']").
2025-06-28 19:46:18 - gst_automation - INFO - Document is in 'complete' ready state.
2025-06-28 19:46:18 - gst_automation - INFO - Successfully clicked ('xpath', "//*[text()='RANGE - 81']").
2025-06-28 19:46:20 - gst_automation - INFO - Document is in 'complete' ready state.
2025-06-28 19:46:20 - gst_automation - INFO - Successfully clicked ('xpath', "//*[text()='Others']").
2025-06-28 19:46:22 - gst_automation - INFO - Document is in 'complete' ready state.
2025-06-28 19:46:45 - gst_automation - INFO - Document is in 'complete' ready state.
2025-06-28 19:46:46 - gst_automation - INFO - Successfully sent text to ('id', 'onMapSerachId').
2025-06-28 19:46:48 - gst_automation - INFO - Document is in 'complete' ready state.
2025-06-28 19:46:48 - gst_automation - INFO - Successfully clicked ('xpath', "//*[text()='110071']").
2025-06-28 19:46:49 - gst_automation - INFO - Document is in 'complete' ready state.
2025-06-28 19:46:50 - gst_automation - INFO - Successfully clicked ('id', 'confirm-mapquery-btn3').
2025-06-28 19:46:50 - gst_automation - INFO - Document is in 'complete' ready state.
2025-06-28 19:46:50 - gst_automation - INFO - Successfully sent text to ('id', 'pncd').
2025-06-28 19:46:52 - gst_automation - INFO - Document is in 'complete' ready state.
2025-06-28 19:46:53 - gst_automation - INFO - Successfully sent text to ('id', 'dst').
2025-06-28 19:46:55 - gst_automation - INFO - Document is in 'complete' ready state.
2025-06-28 19:46:56 - gst_automation - INFO - Successfully sent text to ('id', 'loc').
2025-06-28 19:46:58 - gst_automation - INFO - Document is in 'complete' ready state.
2025-06-28 19:46:58 - gst_automation - INFO - Successfully sent text to ('id', 'st').
2025-06-28 19:47:00 - gst_automation - INFO - Document is in 'complete' ready state.
2025-06-28 19:47:00 - gst_automation - INFO - Successfully sent text to ('id', 'bno').
2025-06-28 19:47:02 - gst_automation - INFO - Document is in 'complete' ready state.
2025-06-28 19:47:02 - gst_automation - INFO - Successfully clicked ('id', 'bp_flrnum').
2025-06-28 19:47:04 - gst_automation - INFO - Document is in 'complete' ready state.
2025-06-28 19:47:05 - gst_automation - INFO - Successfully clicked ('xpath', "//*[text()='Ward 1']").
2025-06-28 19:47:05 - gst_automation - INFO - Document is in 'complete' ready state.
2025-06-28 19:47:05 - gst_automation - INFO - Successfully clicked ('xpath', "//*[text()='DELHI SOUTH']").
2025-06-28 19:47:07 - gst_automation - INFO - Document is in 'complete' ready state.
2025-06-28 19:47:07 - gst_automation - INFO - Successfully clicked ('xpath', "//*[text()='DWARKA']").
2025-06-28 19:47:09 - gst_automation - INFO - Document is in 'complete' ready state.
2025-06-28 19:47:09 - gst_automation - INFO - Successfully clicked ('xpath', "//*[text()='RANGE - 81']").
2025-06-28 19:47:11 - gst_automation - INFO - Document is in 'complete' ready state.
2025-06-28 19:47:12 - gst_automation - INFO - Successfully clicked ('xpath', "//*[text()='Others']").
2025-06-28 19:47:14 - gst_automation - INFO - Document is in 'complete' ready state.
2025-06-28 19:47:14 - gst_automation - INFO - Successfully clicked ('xpath', "//*[text()='Legal ownership document']").
2025-06-28 19:48:28 - gst_automation - INFO - Document is in 'complete' ready state.
2025-06-28 19:48:28 - gst_automation - INFO - Successfully sent text to ('id', 'onMapSerachId').
2025-06-28 19:48:30 - gst_automation - INFO - Document is in 'complete' ready state.
2025-06-28 19:48:31 - gst_automation - INFO - Successfully clicked ('xpath', "//*[text()='110071']").
2025-06-28 19:48:32 - gst_automation - INFO - Document is in 'complete' ready state.
2025-06-28 19:48:52 - gst_automation - INFO - Successfully clicked ('id', 'confirm-mapquery-btn3').
2025-06-28 19:48:52 - gst_automation - INFO - Document is in 'complete' ready state.
2025-06-28 19:48:53 - gst_automation - INFO - Successfully sent text to ('id', 'pncd').
2025-06-28 19:48:55 - gst_automation - INFO - Document is in 'complete' ready state.
2025-06-28 19:48:56 - gst_automation - INFO - Successfully sent text to ('id', 'dst').
2025-06-28 19:48:58 - gst_automation - INFO - Document is in 'complete' ready state.
2025-06-28 19:48:58 - gst_automation - INFO - Successfully sent text to ('id', 'loc').
2025-06-28 19:49:00 - gst_automation - INFO - Document is in 'complete' ready state.
2025-06-28 19:49:00 - gst_automation - INFO - Successfully sent text to ('id', 'st').
2025-06-28 19:49:02 - gst_automation - INFO - Document is in 'complete' ready state.
2025-06-28 19:49:02 - gst_automation - INFO - Successfully sent text to ('id', 'bno').
2025-06-28 19:49:04 - gst_automation - INFO - Document is in 'complete' ready state.
2025-06-28 19:49:05 - gst_automation - INFO - Successfully clicked ('id', 'bp_flrnum').
2025-06-28 19:49:07 - gst_automation - INFO - Document is in 'complete' ready state.
2025-06-28 19:49:07 - gst_automation - INFO - Successfully clicked ('xpath', "//*[text()='Ward 1']").
2025-06-28 19:49:07 - gst_automation - INFO - Document is in 'complete' ready state.
2025-06-28 19:49:07 - gst_automation - INFO - Successfully clicked ('xpath', "//*[text()='DELHI SOUTH']").
2025-06-28 19:49:09 - gst_automation - INFO - Document is in 'complete' ready state.
2025-06-28 19:49:09 - gst_automation - INFO - Successfully clicked ('xpath', "//*[text()='DWARKA']").
2025-06-28 19:49:11 - gst_automation - INFO - Document is in 'complete' ready state.
2025-06-28 19:49:12 - gst_automation - INFO - Successfully clicked ('xpath', "//*[text()='RANGE - 81']").
2025-06-28 19:49:14 - gst_automation - INFO - Document is in 'complete' ready state.
2025-06-28 19:49:14 - gst_automation - INFO - Successfully clicked ('xpath', "//*[text()='Others']").
2025-06-28 19:49:16 - gst_automation - INFO - Document is in 'complete' ready state.
2025-06-28 19:49:16 - gst_automation - INFO - Successfully clicked ('xpath', "//*[text()='Legal ownership document']").
2025-06-28 19:55:19 - gst_automation - INFO - Document is in 'complete' ready state.
2025-06-28 19:55:19 - gst_automation - INFO - Successfully clicked ('xpath', "//*[text()='Taxpayer']").
2025-06-28 19:55:19 - gst_automation - INFO - Document is in 'complete' ready state.
2025-06-28 19:55:19 - gst_automation - INFO - Successfully clicked ('xpath', "//*[text()='Delhi']").
2025-06-28 19:55:24 - gst_automation - INFO - Document is in 'complete' ready state.
2025-06-28 19:55:25 - gst_automation - INFO - Successfully clicked ('xpath', "//*[text()='South West Delhi']").
2025-06-28 19:55:25 - gst_automation - INFO - Document is in 'complete' ready state.
2025-06-28 19:55:25 - gst_automation - INFO - Successfully sent text to ('id', 'bnm').
2025-06-28 19:55:25 - gst_automation - INFO - Document is in 'complete' ready state.
2025-06-28 19:55:25 - gst_automation - INFO - Successfully sent text to ('id', 'pan_card').
2025-06-28 19:55:25 - gst_automation - INFO - Document is in 'complete' ready state.
2025-06-28 19:55:25 - gst_automation - INFO - Successfully sent text to ('id', 'email').
2025-06-28 19:55:25 - gst_automation - INFO - Document is in 'complete' ready state.
2025-06-28 19:55:25 - gst_automation - INFO - Successfully sent text to ('id', 'mobile').
2025-06-28 19:55:25 - gst_automation - INFO - Document is in 'complete' ready state.
2025-06-28 19:55:25 - gst_automation - INFO - Solving captcha via TrueCaptcha API...
2025-06-28 19:55:25 - gst_automation - INFO - Found captcha image element with ID 'imgCaptcha'.
2025-06-28 19:55:27 - gst_automation - INFO - CAPTCHA solved by API: 659796
2025-06-28 19:55:27 - gst_automation - INFO - Document is in 'complete' ready state.
2025-06-28 19:55:27 - gst_automation - INFO - Successfully sent text to ('id', 'captcha').
2025-06-28 19:55:27 - gst_automation - INFO - CAPTCHA text entered successfully.
2025-06-28 19:55:27 - gst_automation - INFO - Document is in 'complete' ready state.
2025-06-28 19:55:27 - gst_automation - INFO - Successfully clicked ('xpath', '/html/body/div[2]/div[2]/div/div[2]/div/form/div[2]/div/div[2]/div/button').
2025-06-28 19:55:27 - gst_automation - INFO - Document is in 'complete' ready state.
2025-06-28 19:55:27 - gst_automation - INFO - Polling for mobile_otp from OTP server (timeout: 120s)...
2025-06-28 19:55:45 - gst_automation - INFO - OTP '780794' received for type 'mobile_otp'!
2025-06-28 19:55:45 - gst_automation - INFO - Document is in 'complete' ready state.
2025-06-28 19:55:45 - gst_automation - INFO - Successfully sent text to ('id', 'mobile_otp').
2025-06-28 19:55:45 - gst_automation - INFO - Document is in 'complete' ready state.
2025-06-28 19:55:45 - gst_automation - INFO - Polling for email_otp from OTP server (timeout: 120s)...
2025-06-28 19:56:09 - gst_automation - INFO - OTP '300202' received for type 'email_otp'!
2025-06-28 19:56:09 - gst_automation - INFO - Document is in 'complete' ready state.
2025-06-28 19:56:09 - gst_automation - INFO - Successfully sent text to ('id', 'email-otp').
2025-06-28 19:56:11 - gst_automation - INFO - Document is in 'complete' ready state.
2025-06-28 19:56:12 - gst_automation - INFO - Successfully clicked ('xpath', '/html/body/div[2]/div[2]/div/div[2]/div/div[2]/div/form/div/div/button').
2025-06-28 19:56:17 - gst_automation - INFO - Document is in 'complete' ready state.
2025-06-28 19:56:47 - gst_automation - ERROR - Element ('xpath', '/html/body/div[2]/div[2]/div/div[2]/div/div[2]/div/div[2]/div/a') not clickable within 30s.
2025-06-28 19:57:25 - gst_automation - INFO - Document is in 'complete' ready state.
2025-06-28 19:57:25 - gst_automation - INFO - Successfully clicked ('xpath', "//*[text()='Taxpayer']").
2025-06-28 19:57:25 - gst_automation - INFO - Document is in 'complete' ready state.
2025-06-28 19:57:25 - gst_automation - INFO - Successfully clicked ('xpath', "//*[text()='Delhi']").
2025-06-28 19:57:30 - gst_automation - INFO - Document is in 'complete' ready state.
2025-06-28 19:57:30 - gst_automation - INFO - Successfully clicked ('xpath', "//*[text()='South West Delhi']").
2025-06-28 19:57:30 - gst_automation - INFO - Document is in 'complete' ready state.
2025-06-28 19:57:30 - gst_automation - INFO - Successfully sent text to ('id', 'bnm').
2025-06-28 19:57:30 - gst_automation - INFO - Document is in 'complete' ready state.
2025-06-28 19:57:30 - gst_automation - INFO - Successfully sent text to ('id', 'pan_card').
2025-06-28 19:57:30 - gst_automation - INFO - Document is in 'complete' ready state.
2025-06-28 19:57:31 - gst_automation - INFO - Successfully sent text to ('id', 'email').
2025-06-28 19:57:31 - gst_automation - INFO - Document is in 'complete' ready state.
2025-06-28 19:57:31 - gst_automation - INFO - Successfully sent text to ('id', 'mobile').
2025-06-28 19:57:31 - gst_automation - INFO - Document is in 'complete' ready state.
2025-06-28 19:57:31 - gst_automation - INFO - Solving captcha via TrueCaptcha API...
2025-06-28 19:57:31 - gst_automation - INFO - Found captcha image element with ID 'imgCaptcha'.
2025-06-28 19:57:32 - gst_automation - INFO - CAPTCHA solved by API: 625707
2025-06-28 19:57:32 - gst_automation - INFO - Document is in 'complete' ready state.
2025-06-28 19:57:32 - gst_automation - INFO - Successfully sent text to ('id', 'captcha').
2025-06-28 19:57:32 - gst_automation - INFO - CAPTCHA text entered successfully.
2025-06-28 19:57:32 - gst_automation - INFO - Document is in 'complete' ready state.
2025-06-28 19:57:33 - gst_automation - INFO - Successfully clicked ('xpath', '/html/body/div[2]/div[2]/div/div[2]/div/form/div[2]/div/div[2]/div/button').
2025-06-28 19:57:33 - gst_automation - INFO - Document is in 'complete' ready state.
2025-06-28 19:57:33 - gst_automation - INFO - Polling for mobile_otp from OTP server (timeout: 120s)...
2025-06-28 19:58:00 - gst_automation - INFO - OTP '734780' received for type 'mobile_otp'!
2025-06-28 19:58:00 - gst_automation - INFO - Document is in 'complete' ready state.
2025-06-28 19:58:00 - gst_automation - INFO - Successfully sent text to ('id', 'mobile_otp').
2025-06-28 19:58:00 - gst_automation - INFO - Document is in 'complete' ready state.
2025-06-28 19:58:00 - gst_automation - INFO - Polling for email_otp from OTP server (timeout: 120s)...
2025-06-28 19:58:00 - gst_automation - INFO - OTP '859443' received for type 'email_otp'!
2025-06-28 19:58:00 - gst_automation - INFO - Document is in 'complete' ready state.
2025-06-28 19:58:00 - gst_automation - INFO - Successfully sent text to ('id', 'email-otp').
2025-06-28 19:58:02 - gst_automation - INFO - Document is in 'complete' ready state.
2025-06-28 19:58:02 - gst_automation - INFO - Successfully clicked ('xpath', '/html/body/div[2]/div[2]/div/div[2]/div/div[2]/div/form/div/div/button').
2025-06-28 19:58:07 - gst_automation - INFO - Document is in 'complete' ready state.
