2025-06-28 20:15:59 - gst_automation - INFO - Document is in 'complete' ready state.
2025-06-28 20:15:59 - gst_automation - INFO - Successfully clicked ('xpath', "//*[text()='Taxpayer']").
2025-06-28 20:15:59 - gst_automation - INFO - Document is in 'complete' ready state.
2025-06-28 20:15:59 - gst_automation - INFO - Successfully clicked ('xpath', "//*[text()='Delhi']").
2025-06-28 20:16:04 - gst_automation - INFO - Document is in 'complete' ready state.
2025-06-28 20:16:04 - gst_automation - INFO - Successfully clicked ('xpath', "//*[text()='South West Delhi']").
2025-06-28 20:16:04 - gst_automation - INFO - Document is in 'complete' ready state.
2025-06-28 20:16:04 - gst_automation - INFO - Successfully sent text to ('id', 'bnm').
2025-06-28 20:16:04 - gst_automation - INFO - Document is in 'complete' ready state.
2025-06-28 20:16:04 - gst_automation - INFO - Successfully sent text to ('id', 'pan_card').
2025-06-28 20:16:05 - gst_automation - INFO - Document is in 'complete' ready state.
2025-06-28 20:16:05 - gst_automation - INFO - Successfully sent text to ('id', 'email').
2025-06-28 20:16:05 - gst_automation - INFO - Document is in 'complete' ready state.
2025-06-28 20:16:05 - gst_automation - INFO - Successfully sent text to ('id', 'mobile').
2025-06-28 20:16:05 - gst_automation - INFO - Document is in 'complete' ready state.
2025-06-28 20:16:05 - gst_automation - INFO - Solving captcha via TrueCaptcha API...
2025-06-28 20:16:05 - gst_automation - INFO - Found captcha image element with ID 'imgCaptcha'.
2025-06-28 20:16:06 - gst_automation - INFO - CAPTCHA solved by API: 376797
2025-06-28 20:16:06 - gst_automation - INFO - Document is in 'complete' ready state.
2025-06-28 20:16:06 - gst_automation - INFO - Successfully sent text to ('id', 'captcha').
2025-06-28 20:16:06 - gst_automation - INFO - CAPTCHA text entered successfully.
2025-06-28 20:16:06 - gst_automation - INFO - Document is in 'complete' ready state.
2025-06-28 20:16:06 - gst_automation - INFO - Successfully clicked ('xpath', '/html/body/div[2]/div[2]/div/div[2]/div/form/div[2]/div/div[2]/div/button').
2025-06-28 20:16:06 - gst_automation - INFO - Document is in 'complete' ready state.
2025-06-28 20:16:06 - gst_automation - INFO - Polling for mobile_otp from OTP server (timeout: 120s)...
2025-06-28 20:16:24 - gst_automation - INFO - OTP '089260' received for type 'mobile_otp'!
2025-06-28 20:16:24 - gst_automation - INFO - Document is in 'complete' ready state.
2025-06-28 20:16:24 - gst_automation - INFO - Successfully sent text to ('id', 'mobile_otp').
2025-06-28 20:16:24 - gst_automation - INFO - Document is in 'complete' ready state.
2025-06-28 20:16:24 - gst_automation - INFO - Polling for email_otp from OTP server (timeout: 120s)...
2025-06-28 20:16:48 - gst_automation - INFO - OTP '840393' received for type 'email_otp'!
2025-06-28 20:16:48 - gst_automation - INFO - Document is in 'complete' ready state.
2025-06-28 20:16:48 - gst_automation - INFO - Successfully sent text to ('id', 'email-otp').
2025-06-28 20:16:50 - gst_automation - INFO - Document is in 'complete' ready state.
2025-06-28 20:16:51 - gst_automation - INFO - Successfully clicked ('xpath', '/html/body/div[2]/div[2]/div/div[2]/div/div[2]/div/form/div/div/button').
2025-06-28 20:16:56 - gst_automation - INFO - Document is in 'complete' ready state.
2025-06-28 20:16:56 - gst_automation - INFO - Successfully clicked ('xpath', '/html/body/div[2]/div[2]/div/div[2]/div/div[2]/div/div[2]/div/a').
2025-06-28 20:16:56 - gst_automation - INFO - Document is in 'complete' ready state.
2025-06-28 20:16:56 - gst_automation - INFO - Polling for trn from OTP server (timeout: 120s)...
2025-06-28 20:17:11 - gst_automation - INFO - OTP '072500182160TRN' received for type 'trn'!
2025-06-28 20:17:11 - gst_automation - INFO - Document is in 'complete' ready state.
2025-06-28 20:17:11 - gst_automation - INFO - Successfully sent text to ('id', 'trnno').
2025-06-28 20:17:11 - gst_automation - INFO - Document is in 'complete' ready state.
2025-06-28 20:17:11 - gst_automation - INFO - Solving captcha via TrueCaptcha API...
2025-06-28 20:17:11 - gst_automation - INFO - Found visible CAPTCHA image with ID 'imgCaptcha'.
2025-06-28 20:17:12 - gst_automation - INFO - CAPTCHA solved: 808387
2025-06-28 20:17:13 - gst_automation - INFO - Document is in 'complete' ready state.
2025-06-28 20:17:13 - gst_automation - INFO - Successfully sent text to ('id', 'captchatrn').
2025-06-28 20:17:13 - gst_automation - INFO - CAPTCHA entered successfully into input with ID 'captchatrn'.
2025-06-28 20:17:13 - gst_automation - INFO - Document is in 'complete' ready state.
2025-06-28 20:17:13 - gst_automation - INFO - Successfully clicked ('xpath', '/html/body/div[2]/div[2]/div/div[2]/div/form/div[2]/div/div[2]/div/button').
2025-06-28 20:17:13 - gst_automation - INFO - Document is in 'complete' ready state.
2025-06-28 20:17:13 - gst_automation - INFO - Polling for mobile_otp from OTP server (timeout: 120s)...
2025-06-28 20:17:28 - gst_automation - INFO - OTP '985077' received for type 'mobile_otp'!
2025-06-28 20:17:28 - gst_automation - INFO - Document is in 'complete' ready state.
2025-06-28 20:17:28 - gst_automation - INFO - Successfully sent text to ('id', 'mobile_otp').
2025-06-28 20:17:28 - gst_automation - INFO - Document is in 'complete' ready state.
2025-06-28 20:17:28 - gst_automation - INFO - Successfully clicked ('xpath', '/html/body/div[2]/div[2]/div/div[2]/div/div[2]/div/form/div/div/button').
2025-06-28 20:17:33 - gst_automation - INFO - Document is in 'complete' ready state.
2025-06-28 20:17:34 - gst_automation - INFO - Successfully clicked ('xpath', '/html/body/div[2]/div[1]/div/div[3]/div[2]/div/div/table/tbody/tr/td[6]/button').
2025-06-28 20:17:39 - gst_automation - INFO - Document is in 'complete' ready state.
2025-06-28 20:17:39 - gst_automation - INFO - Successfully sent text to ('id', 'tnm').
2025-06-28 20:17:41 - gst_automation - INFO - Document is in 'complete' ready state.
2025-06-28 20:17:41 - gst_automation - INFO - Successfully clicked ('xpath', "//*[text()='Others']").
2025-06-28 20:17:41 - gst_automation - INFO - Document is in 'complete' ready state.
2025-06-28 20:17:41 - gst_automation - INFO - Successfully sent text to ('id', 'bd_ConstBuss_oth').
2025-06-28 20:17:41 - gst_automation - INFO - Document is in 'complete' ready state.
2025-06-28 20:17:41 - gst_automation - INFO - Successfully clicked ('xpath', "//*[text()='Voluntary Basis']").
2025-06-28 20:17:41 - gst_automation - INFO - Document is in 'complete' ready state.
2025-06-28 20:17:41 - gst_automation - INFO - Successfully sent text to ('id', 'bd_cmbz').
2025-06-28 20:17:41 - gst_automation - INFO - Document is in 'complete' ready state.
2025-06-28 20:17:41 - gst_automation - INFO - Successfully clicked ('xpath', '/html/body/div[2]/div/div/div[3]/form/fieldset/div[1]/div[8]/div/div[1]/select/option[16]').
2025-06-28 20:17:41 - gst_automation - INFO - Document is in 'complete' ready state.
2025-06-28 20:17:42 - gst_automation - INFO - Successfully sent text to ('id', 'bd_othrReg').
2025-06-28 20:17:42 - gst_automation - INFO - Document is in 'complete' ready state.
2025-06-28 20:17:42 - gst_automation - INFO - Successfully sent text to ('id', 'exno').
2025-06-28 20:17:42 - gst_automation - INFO - Document is in 'complete' ready state.
2025-06-28 20:17:42 - gst_automation - INFO - Successfully sent text to ('id', 'exdt').
2025-06-28 20:17:42 - gst_automation - INFO - Document is in 'complete' ready state.
2025-06-28 20:17:42 - gst_automation - INFO - Successfully clicked ('xpath', '/html/body/div[2]/div/div/div[3]/form/fieldset/div[1]/div[8]/div/div[5]/button[1]').
2025-06-28 20:17:42 - gst_automation - INFO - Document is in 'complete' ready state.
2025-06-28 20:17:42 - gst_automation - INFO - Successfully clicked ('xpath', "//*[text()='Registration Certificate']").
2025-06-28 20:17:46 - gst_automation - INFO - Document is in 'complete' ready state.
2025-06-28 20:17:46 - gst_automation - INFO - Successfully clicked ('xpath', '/html/body/div[2]/div/div/div[3]/form/div/div/button[2]').
2025-06-28 20:17:48 - gst_automation - INFO - Document is in 'complete' ready state.
2025-06-28 20:17:48 - gst_automation - INFO - Successfully sent text to ('id', 'fnm').
2025-06-28 20:17:48 - gst_automation - INFO - Document is in 'complete' ready state.
2025-06-28 20:17:48 - gst_automation - INFO - Successfully sent text to ('id', 'pd_mname').
2025-06-28 20:17:48 - gst_automation - INFO - Document is in 'complete' ready state.
2025-06-28 20:17:48 - gst_automation - INFO - Successfully sent text to ('id', 'pd_lname').
2025-06-28 20:17:48 - gst_automation - INFO - Document is in 'complete' ready state.
2025-06-28 20:17:48 - gst_automation - INFO - Successfully sent text to ('id', 'ffname').
2025-06-28 20:17:48 - gst_automation - INFO - Document is in 'complete' ready state.
2025-06-28 20:17:48 - gst_automation - INFO - Successfully sent text to ('id', 'pd_fmname').
2025-06-28 20:17:49 - gst_automation - INFO - Document is in 'complete' ready state.
2025-06-28 20:17:49 - gst_automation - INFO - Successfully sent text to ('id', 'pd_flname').
2025-06-28 20:17:49 - gst_automation - INFO - Document is in 'complete' ready state.
2025-06-28 20:17:49 - gst_automation - INFO - Successfully sent text to ('id', 'dob').
2025-06-28 20:17:49 - gst_automation - INFO - Document is in 'complete' ready state.
2025-06-28 20:17:49 - gst_automation - INFO - Successfully sent text to ('id', 'mbno').
2025-06-28 20:17:49 - gst_automation - INFO - Document is in 'complete' ready state.
2025-06-28 20:17:49 - gst_automation - INFO - Successfully sent text to ('id', 'pd_email').
2025-06-28 20:17:51 - gst_automation - INFO - Document is in 'complete' ready state.
2025-06-28 20:17:51 - gst_automation - INFO - Successfully clicked ('css selector', 'div.tbl-format:nth-child(2) > div:nth-child(4) > div:nth-child(1) > div:nth-child(1) > fieldset:nth-child(1) > label:nth-child(3)').
2025-06-28 20:17:51 - gst_automation - INFO - Document is in 'complete' ready state.
2025-06-28 20:17:51 - gst_automation - INFO - Successfully sent text to ('id', 'dg').
2025-06-28 20:17:51 - gst_automation - INFO - Document is in 'complete' ready state.
2025-06-28 20:17:51 - gst_automation - INFO - Successfully sent text to ('id', 'din').
2025-06-28 20:17:51 - gst_automation - INFO - Document is in 'complete' ready state.
2025-06-28 20:17:51 - gst_automation - INFO - Successfully sent text to ('id', 'pan').
2025-06-28 20:17:53 - gst_automation - INFO - Document is in 'complete' ready state.
2025-06-28 20:17:53 - gst_automation - INFO - Successfully sent text to ('id', 'onMapSerachId').
2025-06-28 20:17:55 - gst_automation - INFO - Document is in 'complete' ready state.
2025-06-28 20:18:25 - gst_automation - ERROR - Element ('xpath', "//*[text()='474001']") not clickable within 30s.
2025-06-28 20:18:33 - gst_automation - INFO - Document is in 'complete' ready state.
2025-06-28 20:18:41 - gst_automation - INFO - Document is in 'complete' ready state.
2025-06-28 20:18:42 - gst_automation - INFO - Successfully sent text to ('id', 'onMapSerachId').
2025-06-28 20:18:44 - gst_automation - INFO - Document is in 'complete' ready state.
2025-06-28 20:18:44 - gst_automation - INFO - Successfully clicked ('xpath', "//*[text()='474001']").
2025-06-28 20:18:46 - gst_automation - INFO - Document is in 'complete' ready state.
2025-06-28 20:18:46 - gst_automation - INFO - Successfully clicked ('id', 'confirm-mapquery-btn1').
2025-06-28 20:18:46 - gst_automation - INFO - Document is in 'complete' ready state.
2025-06-28 20:18:46 - gst_automation - INFO - Successfully sent text to ('id', 'pd_bdnum').
2025-06-28 20:18:48 - gst_automation - INFO - Document is in 'complete' ready state.
2025-06-28 20:18:48 - gst_automation - INFO - Successfully sent text to ('id', 'pd_upload').
2025-06-28 20:18:49 - gst_automation - INFO - Document is in 'complete' ready state.
2025-06-28 20:18:49 - gst_automation - INFO - Successfully clicked ('xpath', '/html/body/div[2]/div/div/div[3]/form/div[2]/div[2]/div/button[3]').
2025-06-28 20:18:53 - gst_automation - INFO - Document is in 'complete' ready state.
2025-06-28 20:18:54 - gst_automation - INFO - Successfully clicked ('xpath', '/html/body/div[2]/div/div/div[3]/form/div[2]/fieldset[2]/div/div[2]/div/fieldset/div/select/option[2]').
2025-06-28 20:18:56 - gst_automation - INFO - Document is in 'complete' ready state.
2025-06-28 20:18:56 - gst_automation - INFO - Successfully clicked ('xpath', '/html/body/div[2]/div/div/div[3]/form/div[2]/div[3]/div/button[3]').
2025-06-28 20:18:58 - gst_automation - INFO - Document is in 'complete' ready state.
2025-06-28 20:19:50 - gst_automation - INFO - Document is in 'complete' ready state.
2025-06-28 20:19:50 - gst_automation - INFO - Successfully clicked ('xpath', '/html/body/div[2]/div/div/div[3]/form/div/div/button[2]').
2025-06-28 20:20:05 - gst_automation - INFO - Document is in 'complete' ready state.
2025-06-28 20:20:06 - gst_automation - INFO - Successfully sent text to ('id', 'onMapSerachId').
2025-06-28 20:20:08 - gst_automation - INFO - Document is in 'complete' ready state.
2025-06-28 20:20:08 - gst_automation - INFO - Successfully clicked ('xpath', "//*[text()='110071']").
2025-06-28 20:20:09 - gst_automation - INFO - Document is in 'complete' ready state.
2025-06-28 20:20:09 - gst_automation - INFO - Successfully clicked ('id', 'confirm-mapquery-btn3').
2025-06-28 20:20:09 - gst_automation - INFO - Document is in 'complete' ready state.
2025-06-28 20:20:09 - gst_automation - INFO - Successfully sent text to ('id', 'pncd').
2025-06-28 20:20:12 - gst_automation - INFO - Document is in 'complete' ready state.
2025-06-28 20:20:13 - gst_automation - INFO - Successfully sent text to ('id', 'dst').
2025-06-28 20:20:15 - gst_automation - INFO - Document is in 'complete' ready state.
2025-06-28 20:20:15 - gst_automation - INFO - Successfully sent text to ('id', 'loc').
2025-06-28 20:20:17 - gst_automation - INFO - Document is in 'complete' ready state.
2025-06-28 20:20:17 - gst_automation - INFO - Successfully sent text to ('id', 'st').
2025-06-28 20:20:19 - gst_automation - INFO - Document is in 'complete' ready state.
2025-06-28 20:20:19 - gst_automation - INFO - Successfully sent text to ('id', 'bno').
2025-06-28 20:20:21 - gst_automation - INFO - Document is in 'complete' ready state.
2025-06-28 20:20:51 - gst_automation - INFO - Document is in 'complete' ready state.
2025-06-28 20:20:52 - gst_automation - INFO - Successfully clicked ('id', 'bp_flrnum').
2025-06-28 20:21:32 - gst_automation - INFO - Document is in 'complete' ready state.
2025-06-28 20:21:33 - gst_automation - INFO - Successfully sent text to ('id', 'onMapSerachId').
2025-06-28 20:21:36 - gst_automation - INFO - Document is in 'complete' ready state.
2025-06-28 20:21:36 - gst_automation - INFO - Successfully clicked ('xpath', "//*[text()='474001']").
2025-06-28 20:33:01 - gst_automation - INFO - Document is in 'complete' ready state.
2025-06-28 20:33:01 - gst_automation - INFO - Successfully clicked ('xpath', "//*[text()='Taxpayer']").
2025-06-28 20:33:01 - gst_automation - INFO - Document is in 'complete' ready state.
2025-06-28 20:33:02 - gst_automation - INFO - Successfully clicked ('xpath', "//*[text()='Delhi']").
2025-06-28 20:33:07 - gst_automation - INFO - Document is in 'complete' ready state.
2025-06-28 20:33:07 - gst_automation - INFO - Successfully clicked ('xpath', "//*[text()='South West Delhi']").
2025-06-28 20:33:07 - gst_automation - INFO - Document is in 'complete' ready state.
2025-06-28 20:33:07 - gst_automation - INFO - Successfully sent text to ('id', 'bnm').
2025-06-28 20:33:07 - gst_automation - INFO - Document is in 'complete' ready state.
2025-06-28 20:33:07 - gst_automation - INFO - Successfully sent text to ('id', 'pan_card').
2025-06-28 20:33:07 - gst_automation - INFO - Document is in 'complete' ready state.
2025-06-28 20:33:07 - gst_automation - INFO - Successfully sent text to ('id', 'email').
2025-06-28 20:33:07 - gst_automation - INFO - Document is in 'complete' ready state.
2025-06-28 20:33:07 - gst_automation - INFO - Successfully sent text to ('id', 'mobile').
2025-06-28 20:33:07 - gst_automation - INFO - Document is in 'complete' ready state.
2025-06-28 20:33:07 - gst_automation - INFO - Solving captcha via TrueCaptcha API...
2025-06-28 20:33:07 - gst_automation - INFO - Found captcha image element with ID 'imgCaptcha'.
2025-06-28 20:33:09 - gst_automation - INFO - CAPTCHA solved by API: 113499
2025-06-28 20:33:09 - gst_automation - INFO - Document is in 'complete' ready state.
2025-06-28 20:33:09 - gst_automation - INFO - Successfully sent text to ('id', 'captcha').
2025-06-28 20:33:09 - gst_automation - INFO - CAPTCHA text entered successfully.
2025-06-28 20:33:09 - gst_automation - INFO - Document is in 'complete' ready state.
2025-06-28 20:33:10 - gst_automation - INFO - Successfully clicked ('xpath', '/html/body/div[2]/div[2]/div/div[2]/div/form/div[2]/div/div[2]/div/button').
2025-06-28 20:33:10 - gst_automation - INFO - Document is in 'complete' ready state.
2025-06-28 20:33:10 - gst_automation - INFO - Polling for mobile_otp from OTP server (timeout: 120s)...
2025-06-28 20:33:40 - gst_automation - INFO - OTP '684221' received for type 'mobile_otp'!
2025-06-28 20:33:40 - gst_automation - INFO - Document is in 'complete' ready state.
2025-06-28 20:33:40 - gst_automation - INFO - Successfully sent text to ('id', 'mobile_otp').
2025-06-28 20:33:40 - gst_automation - INFO - Document is in 'complete' ready state.
2025-06-28 20:33:40 - gst_automation - INFO - Polling for email_otp from OTP server (timeout: 120s)...
2025-06-28 22:51:00 - gst_automation - INFO - Document is in 'complete' ready state.
2025-06-28 22:51:00 - gst_automation - INFO - Successfully clicked ('xpath', "//*[text   ()='Taxpayer']").
2025-06-28 22:51:00 - gst_automation - INFO - Document is in 'complete' ready state.
2025-06-28 22:51:01 - gst_automation - INFO - Successfully clicked ('xpath', "//*[text   ()='Delhi']").
2025-06-28 23:00:00 - gst_automation - INFO - Document is in 'complete' ready state.
2025-06-28 23:00:00 - gst_automation - INFO - Successfully clicked ('xpath', "//*[text()='South West Delhi']").
2025-06-29 08:38:05 - gst_automation - INFO - Document is in 'complete' ready state.
2025-06-29 08:38:05 - gst_automation - INFO - Successfully clicked ('xpath', "//*[text   ()='Taxpayer']").
2025-06-29 08:38:05 - gst_automation - INFO - Document is in 'complete' ready state.
2025-06-29 08:38:06 - gst_automation - INFO - Successfully clicked ('xpath', "//*[text   ()='Delhi']").
2025-06-29 08:38:12 - gst_automation - INFO - Document is in 'complete' ready state.
2025-06-29 08:38:12 - gst_automation - INFO - Successfully clicked ('xpath', "//*[text()='South West Delhi']").
2025-06-29 08:38:12 - gst_automation - INFO - Document is in 'complete' ready state.
2025-06-29 08:38:12 - gst_automation - INFO - Successfully sent text to ('id', 'bnm').
2025-06-29 08:38:12 - gst_automation - INFO - Document is in 'complete' ready state.
2025-06-29 08:38:12 - gst_automation - INFO - Successfully sent text to ('id', 'pan_card').
2025-06-29 08:38:12 - gst_automation - INFO - Document is in 'complete' ready state.
2025-06-29 08:38:12 - gst_automation - INFO - Successfully sent text to ('id', 'email').
2025-06-29 08:38:12 - gst_automation - INFO - Document is in 'complete' ready state.
2025-06-29 08:38:12 - gst_automation - INFO - Successfully sent text to ('id', 'mobile').
2025-06-29 08:38:12 - gst_automation - INFO - Document is in 'complete' ready state.
2025-06-29 08:38:12 - gst_automation - INFO - Solving captcha via TrueCaptcha API...
2025-06-29 08:38:12 - gst_automation - INFO - Found captcha image element with ID 'imgCaptcha'.
2025-06-29 08:38:14 - gst_automation - INFO - CAPTCHA solved by API: 743142
2025-06-29 08:38:14 - gst_automation - INFO - Document is in 'complete' ready state.
2025-06-29 08:38:14 - gst_automation - INFO - Successfully sent text to ('id', 'captcha').
2025-06-29 08:38:14 - gst_automation - INFO - CAPTCHA text entered successfully.
2025-06-29 08:38:14 - gst_automation - INFO - Document is in 'complete' ready state.
2025-06-29 08:38:14 - gst_automation - INFO - Successfully clicked ('xpath', '/html/body/div[2]/div[2]/div/div[2]/div/form/div[2]/div/div[2]/div/button').
2025-06-29 08:40:36 - gst_automation - INFO - Document is in 'complete' ready state.
2025-06-29 08:40:45 - gst_automation - INFO - Document is in 'complete' ready state.
2025-06-29 08:41:31 - gst_automation - INFO - Document is in 'complete' ready state.
2025-06-29 08:41:32 - gst_automation - INFO - Successfully clicked ('xpath', "//*[text   ()='Taxpayer']").
2025-06-29 08:41:32 - gst_automation - INFO - Document is in 'complete' ready state.
2025-06-29 08:41:32 - gst_automation - INFO - Successfully clicked ('xpath', "//*[text   ()='Delhi']").
2025-06-29 08:41:37 - gst_automation - INFO - Document is in 'complete' ready state.
2025-06-29 08:41:37 - gst_automation - INFO - Successfully clicked ('xpath', "//*[text()='South West Delhi']").
2025-06-29 08:41:37 - gst_automation - INFO - Document is in 'complete' ready state.
2025-06-29 08:41:37 - gst_automation - INFO - Successfully sent text to ('id', 'bnm').
2025-06-29 08:41:37 - gst_automation - INFO - Document is in 'complete' ready state.
2025-06-29 08:41:37 - gst_automation - INFO - Successfully sent text to ('id', 'pan_card').
2025-06-29 08:41:37 - gst_automation - INFO - Document is in 'complete' ready state.
2025-06-29 08:41:37 - gst_automation - INFO - Successfully sent text to ('id', 'email').
2025-06-29 08:41:37 - gst_automation - INFO - Document is in 'complete' ready state.
2025-06-29 08:41:37 - gst_automation - INFO - Successfully sent text to ('id', 'mobile').
2025-06-29 08:41:37 - gst_automation - INFO - Document is in 'complete' ready state.
2025-06-29 08:41:37 - gst_automation - INFO - Solving captcha via TrueCaptcha API...
2025-06-29 08:41:37 - gst_automation - INFO - Found captcha image element with ID 'imgCaptcha'.
2025-06-29 08:41:39 - gst_automation - INFO - CAPTCHA solved by API: 443491
2025-06-29 08:41:39 - gst_automation - INFO - Document is in 'complete' ready state.
2025-06-29 08:41:39 - gst_automation - INFO - Successfully sent text to ('id', 'captcha').
2025-06-29 08:41:39 - gst_automation - INFO - CAPTCHA text entered successfully.
2025-06-29 08:41:41 - gst_automation - INFO - Document is in 'complete' ready state.
2025-06-29 08:41:41 - gst_automation - INFO - Successfully clicked ('xpath', '/html/body/div[2]/div[2]/div/div[2]/div/form/div[2]/div/div[2]/div/button').
2025-06-29 08:42:15 - gst_automation - INFO - Document is in 'complete' ready state.
2025-06-29 08:42:15 - gst_automation - INFO - Polling for mobile_otp from OTP server (timeout: 120s)...
2025-06-29 08:42:15 - gst_automation - INFO - OTP '503814' received for type 'mobile_otp'!
2025-06-29 08:42:15 - gst_automation - INFO - Document is in 'complete' ready state.
2025-06-29 08:42:15 - gst_automation - INFO - Successfully sent text to ('id', 'mobile_otp').
2025-06-29 08:42:50 - gst_automation - INFO - Document is in 'complete' ready state.
2025-06-29 08:42:50 - gst_automation - INFO - Polling for email_otp from OTP server (timeout: 120s)...
2025-06-29 08:42:50 - gst_automation - INFO - OTP '289655' received for type 'email_otp'!
2025-06-29 08:42:50 - gst_automation - INFO - Document is in 'complete' ready state.
2025-06-29 08:42:50 - gst_automation - INFO - Successfully sent text to ('id', 'email-otp').
2025-06-29 08:42:54 - gst_automation - INFO - Document is in 'complete' ready state.
2025-06-29 08:42:54 - gst_automation - INFO - Successfully clicked ('xpath', '/html/body/div[2]/div[2]/div/div[2]/div/div[2]/div/form/div/div/button').
2025-06-29 08:43:01 - gst_automation - INFO - Document is in 'complete' ready state.
2025-06-29 08:43:01 - gst_automation - INFO - Successfully clicked ('xpath', '/html/body/div[2]/div[2]/div/div[2]/div/div[2]/div/div[2]/div/a').
2025-06-29 08:43:35 - gst_automation - INFO - Document is in 'complete' ready state.
2025-06-29 08:43:35 - gst_automation - INFO - Polling for trn from OTP server (timeout: 120s)...
2025-06-29 08:43:35 - gst_automation - INFO - OTP '072500183228TRN' received for type 'trn'!
2025-06-29 08:43:35 - gst_automation - INFO - Document is in 'complete' ready state.
2025-06-29 08:43:35 - gst_automation - INFO - Successfully sent text to ('id', 'trnno').
2025-06-29 08:43:35 - gst_automation - INFO - Document is in 'complete' ready state.
2025-06-29 08:43:35 - gst_automation - INFO - Solving captcha via TrueCaptcha API...
2025-06-29 08:43:35 - gst_automation - INFO - Found visible CAPTCHA image with ID 'imgCaptcha'.
2025-06-29 08:43:37 - gst_automation - INFO - CAPTCHA solved: 346951
2025-06-29 08:43:37 - gst_automation - INFO - Document is in 'complete' ready state.
2025-06-29 08:43:37 - gst_automation - INFO - Successfully sent text to ('id', 'captchatrn').
2025-06-29 08:43:37 - gst_automation - INFO - CAPTCHA entered successfully into input with ID 'captchatrn'.
2025-06-29 08:43:41 - gst_automation - INFO - Document is in 'complete' ready state.
2025-06-29 08:43:41 - gst_automation - INFO - Successfully clicked ('xpath', '/html/body/div[2]/div[2]/div/div[2]/div/form/div[2]/div/div[2]/div/button').
2025-06-29 08:44:01 - gst_automation - INFO - Document is in 'complete' ready state.
2025-06-29 08:44:02 - gst_automation - INFO - Successfully clicked ('xpath', '/html/body/div[2]/div[2]/div/div[2]/div/form/div[2]/div/div[2]/div/button').
