2025-06-27 19:16:53 - gst_automation - INFO - Document is in 'complete' ready state.
2025-06-27 19:16:54 - gst_automation - INFO - Successfully clicked ('xpath', "//*[text()='Taxpayer']").
2025-06-27 19:16:54 - gst_automation - INFO - Document is in 'complete' ready state.
2025-06-27 19:16:54 - gst_automation - INFO - Successfully clicked ('xpath', "//*[text()='Delhi']").
2025-06-27 19:16:57 - gst_automation - INFO - Document is in 'complete' ready state.
2025-06-27 19:16:58 - gst_automation - INFO - Successfully clicked ('xpath', "//*[text()='South West Delhi']").
2025-06-27 19:16:58 - gst_automation - INFO - Document is in 'complete' ready state.
2025-06-27 19:16:58 - gst_automation - INFO - Successfully sent text to ('id', 'bnm').
2025-06-27 19:16:59 - gst_automation - INFO - Document is in 'complete' ready state.
2025-06-27 19:16:59 - gst_automation - INFO - Successfully sent text to ('id', 'pan_card').
2025-06-27 19:17:00 - gst_automation - INFO - Document is in 'complete' ready state.
2025-06-27 19:17:00 - gst_automation - INFO - Successfully sent text to ('id', 'email').
2025-06-27 19:17:01 - gst_automation - INFO - Document is in 'complete' ready state.
2025-06-27 19:17:01 - gst_automation - INFO - Successfully sent text to ('id', 'mobile').
2025-06-27 19:17:02 - gst_automation - INFO - Document is in 'complete' ready state.
2025-06-27 19:17:02 - gst_automation - INFO - Solving captcha via TrueCaptcha API...
2025-06-27 19:17:02 - gst_automation - INFO - Found captcha image element with ID 'imgCaptcha'.
2025-06-27 19:17:04 - gst_automation - INFO - CAPTCHA solved by API: 533511
2025-06-27 19:17:04 - gst_automation - INFO - Document is in 'complete' ready state.
2025-06-27 19:17:04 - gst_automation - INFO - Successfully sent text to ('id', 'captcha').
2025-06-27 19:17:04 - gst_automation - INFO - CAPTCHA text entered successfully.
2025-06-27 19:17:04 - gst_automation - INFO - Document is in 'complete' ready state.
2025-06-27 19:17:04 - gst_automation - INFO - Successfully clicked ('xpath', '/html/body/div[2]/div[2]/div/div[2]/div/form/div[2]/div/div[2]/div/button').
2025-06-27 19:17:05 - gst_automation - INFO - Document is in 'complete' ready state.
2025-06-27 19:17:05 - gst_automation - INFO - Polling for mobile_otp from OTP server (timeout: 120s)...
2025-06-27 19:17:23 - gst_automation - INFO - OTP '121191' received for type 'mobile_otp'!
2025-06-27 19:17:23 - gst_automation - INFO - Document is in 'complete' ready state.
2025-06-27 19:17:23 - gst_automation - INFO - Successfully sent text to ('id', 'mobile_otp').
2025-06-27 19:17:28 - gst_automation - INFO - Document is in 'complete' ready state.
2025-06-27 19:17:28 - gst_automation - INFO - Polling for email_otp from OTP server (timeout: 120s)...
2025-06-27 19:17:49 - gst_automation - INFO - OTP '824528' received for type 'email_otp'!
2025-06-27 19:17:49 - gst_automation - INFO - Document is in 'complete' ready state.
2025-06-27 19:17:49 - gst_automation - INFO - Successfully sent text to ('id', 'email-otp').
2025-06-27 19:17:57 - gst_automation - INFO - Document is in 'complete' ready state.
2025-06-27 19:17:57 - gst_automation - INFO - Successfully clicked ('xpath', '/html/body/div[2]/div[2]/div/div[2]/div/div[2]/div/form/div/div/button').
2025-06-27 19:18:04 - gst_automation - INFO - Document is in 'complete' ready state.
2025-06-27 19:18:04 - gst_automation - INFO - Successfully clicked ('xpath', '/html/body/div[2]/div[2]/div/div[2]/div/div[2]/div/div[2]/div/a').
2025-06-27 19:18:29 - gst_automation - INFO - Document is in 'complete' ready state.
2025-06-27 19:18:29 - gst_automation - INFO - Successfully sent text to ('id', 'trnno').
2025-06-27 19:18:31 - gst_automation - INFO - Document is in 'complete' ready state.
2025-06-27 19:18:31 - gst_automation - INFO - Solving captcha via TrueCaptcha API...
2025-06-27 19:18:31 - gst_automation - INFO - Found visible CAPTCHA image with ID 'imgCaptcha'.
2025-06-27 19:18:32 - gst_automation - INFO - CAPTCHA solved: 548180
2025-06-27 19:18:33 - gst_automation - INFO - Document is in 'complete' ready state.
2025-06-27 19:18:33 - gst_automation - INFO - Successfully sent text to ('id', 'captchatrn').
2025-06-27 19:18:33 - gst_automation - INFO - CAPTCHA entered successfully into input with ID 'captchatrn'.
2025-06-27 19:18:34 - gst_automation - INFO - Document is in 'complete' ready state.
2025-06-27 19:18:35 - gst_automation - INFO - Successfully clicked ('xpath', '/html/body/div[2]/div[2]/div/div[2]/div/form/div[2]/div/div[2]/div/button').
2025-06-27 19:19:24 - gst_automation - INFO - Document is in 'complete' ready state.
2025-06-27 19:19:24 - gst_automation - INFO - Polling for mobile_otp from OTP server (timeout: 120s)...
2025-06-27 19:20:13 - gst_automation - INFO - OTP '875256' received for type 'mobile_otp'!
2025-06-27 19:20:13 - gst_automation - INFO - Document is in 'complete' ready state.
2025-06-27 19:20:13 - gst_automation - INFO - Successfully sent text to ('id', 'mobile_otp').
2025-06-27 19:21:17 - gst_automation - INFO - Document is in 'complete' ready state.
2025-06-27 19:21:17 - gst_automation - INFO - Successfully clicked ('xpath', '/html/body/div[2]/div[2]/div/div[2]/div/div[2]/div/form/div/div/button').
2025-06-27 19:25:41 - gst_automation - INFO - Document is in 'complete' ready state.
2025-06-27 19:25:41 - gst_automation - INFO - Successfully clicked ('xpath', '/html/body/div[2]/div[1]/div/div[3]/div[2]/div/div/table/tbody/tr/td[6]/button').
2025-06-27 19:32:08 - gst_automation - INFO - Document is in 'complete' ready state.
2025-06-27 19:32:08 - gst_automation - INFO - Successfully sent text to ('id', 'tnm').
2025-06-27 19:34:00 - gst_automation - INFO - Document is in 'complete' ready state.
2025-06-27 19:34:00 - gst_automation - INFO - Successfully clicked ('xpath', "//*[text()='Others']").
2025-06-27 19:34:07 - gst_automation - INFO - Document is in 'complete' ready state.
2025-06-27 19:34:07 - gst_automation - INFO - Successfully clicked ('xpath', "//*[text()='Others']").
2025-06-27 19:35:26 - gst_automation - INFO - Document is in 'complete' ready state.
2025-06-27 19:36:04 - gst_automation - INFO - Document is in 'complete' ready state.
2025-06-27 19:36:04 - gst_automation - INFO - Successfully sent text to ('id', 'bd_ConstBuss_oth').
2025-06-27 19:38:17 - gst_automation - INFO - Document is in 'complete' ready state.
2025-06-27 19:38:17 - gst_automation - INFO - Successfully sent text to ('id', 'tnmsec').
2025-06-27 19:38:44 - gst_automation - INFO - Document is in 'complete' ready state.
2025-06-27 19:40:56 - gst_automation - INFO - Document is in 'complete' ready state.
2025-06-27 19:40:56 - gst_automation - INFO - Successfully clicked ('xpath', "//*[text()='Voluntary Basis']").
2025-06-27 19:41:16 - gst_automation - INFO - Document is in 'complete' ready state.
2025-06-27 19:41:17 - gst_automation - INFO - Successfully clicked ('xpath', "//*[text()='Voluntary Basis']").
2025-06-27 19:44:08 - gst_automation - INFO - Document is in 'complete' ready state.
2025-06-27 19:44:14 - gst_automation - INFO - Document is in 'complete' ready state.
2025-06-27 19:44:14 - gst_automation - INFO - Successfully clicked ('xpath', "//*[text()='Taxpayer']").
2025-06-27 19:44:14 - gst_automation - INFO - Document is in 'complete' ready state.
2025-06-27 19:44:14 - gst_automation - INFO - Successfully clicked ('xpath', "//*[text()='Delhi']").
2025-06-27 19:44:18 - gst_automation - INFO - Document is in 'complete' ready state.
2025-06-27 19:44:18 - gst_automation - INFO - Successfully clicked ('xpath', "//*[text()='South West Delhi']").
2025-06-27 19:44:18 - gst_automation - INFO - Document is in 'complete' ready state.
2025-06-27 19:44:18 - gst_automation - INFO - Successfully sent text to ('id', 'bnm').
2025-06-27 19:44:18 - gst_automation - INFO - Document is in 'complete' ready state.
2025-06-27 19:44:18 - gst_automation - INFO - Successfully sent text to ('id', 'pan_card').
2025-06-27 19:44:18 - gst_automation - INFO - Document is in 'complete' ready state.
2025-06-27 19:44:18 - gst_automation - INFO - Successfully sent text to ('id', 'email').
2025-06-27 19:44:19 - gst_automation - INFO - Document is in 'complete' ready state.
2025-06-27 19:44:19 - gst_automation - INFO - Successfully sent text to ('id', 'mobile').
2025-06-27 19:44:19 - gst_automation - INFO - Document is in 'complete' ready state.
2025-06-27 19:44:19 - gst_automation - INFO - Solving captcha via TrueCaptcha API...
2025-06-27 19:44:19 - gst_automation - INFO - Found captcha image element with ID 'imgCaptcha'.
2025-06-27 19:44:21 - gst_automation - INFO - CAPTCHA solved by API: 883469
2025-06-27 19:44:21 - gst_automation - INFO - Document is in 'complete' ready state.
2025-06-27 19:44:21 - gst_automation - INFO - Successfully sent text to ('id', 'captcha').
2025-06-27 19:44:21 - gst_automation - INFO - CAPTCHA text entered successfully.
2025-06-27 19:44:21 - gst_automation - INFO - Document is in 'complete' ready state.
2025-06-27 19:44:21 - gst_automation - INFO - Successfully clicked ('xpath', '/html/body/div[2]/div[2]/div/div[2]/div/form/div[2]/div/div[2]/div/button').
2025-06-27 19:45:50 - gst_automation - INFO - Document is in 'complete' ready state.
2025-06-27 19:45:50 - gst_automation - INFO - Successfully clicked ('xpath', "//*[text()='Taxpayer']").
2025-06-27 19:45:50 - gst_automation - INFO - Document is in 'complete' ready state.
2025-06-27 19:45:50 - gst_automation - INFO - Successfully clicked ('xpath', "//*[text()='Delhi']").
2025-06-27 19:45:54 - gst_automation - INFO - Document is in 'complete' ready state.
2025-06-27 19:45:54 - gst_automation - INFO - Successfully clicked ('xpath', "//*[text()='South West Delhi']").
2025-06-27 19:45:54 - gst_automation - INFO - Document is in 'complete' ready state.
2025-06-27 19:45:54 - gst_automation - INFO - Successfully sent text to ('id', 'bnm').
2025-06-27 19:45:57 - gst_automation - INFO - Document is in 'complete' ready state.
2025-06-27 19:45:57 - gst_automation - INFO - Successfully sent text to ('id', 'pan_card').
2025-06-27 19:45:59 - gst_automation - INFO - Document is in 'complete' ready state.
2025-06-27 19:45:59 - gst_automation - INFO - Successfully sent text to ('id', 'email').
2025-06-27 19:46:02 - gst_automation - INFO - Document is in 'complete' ready state.
2025-06-27 19:46:02 - gst_automation - INFO - Successfully sent text to ('id', 'mobile').
2025-06-27 19:46:12 - gst_automation - INFO - Document is in 'complete' ready state.
2025-06-27 19:46:12 - gst_automation - INFO - Solving captcha via TrueCaptcha API...
2025-06-27 19:46:12 - gst_automation - INFO - Found captcha image element with ID 'imgCaptcha'.
2025-06-27 19:46:14 - gst_automation - INFO - CAPTCHA solved by API: 561314
2025-06-27 19:46:14 - gst_automation - INFO - Document is in 'complete' ready state.
2025-06-27 19:46:14 - gst_automation - INFO - Successfully sent text to ('id', 'captcha').
2025-06-27 19:46:14 - gst_automation - INFO - CAPTCHA text entered successfully.
2025-06-27 19:46:16 - gst_automation - INFO - Document is in 'complete' ready state.
2025-06-27 19:46:16 - gst_automation - INFO - Successfully clicked ('xpath', '/html/body/div[2]/div[2]/div/div[2]/div/form/div[2]/div/div[2]/div/button').
2025-06-27 19:46:20 - gst_automation - INFO - Document is in 'complete' ready state.
2025-06-27 19:46:20 - gst_automation - INFO - Polling for mobile_otp from OTP server (timeout: 120s)...
2025-06-27 19:46:20 - gst_automation - INFO - OTP '918895' received for type 'mobile_otp'!
2025-06-27 19:46:20 - gst_automation - INFO - Document is in 'complete' ready state.
2025-06-27 19:46:20 - gst_automation - INFO - Successfully sent text to ('id', 'mobile_otp').
2025-06-27 19:46:52 - gst_automation - INFO - Document is in 'complete' ready state.
2025-06-27 19:46:52 - gst_automation - INFO - Polling for email_otp from OTP server (timeout: 120s)...
2025-06-27 19:47:40 - gst_automation - INFO - OTP '054352' received for type 'email_otp'!
2025-06-27 19:47:40 - gst_automation - INFO - Document is in 'complete' ready state.
2025-06-27 19:47:40 - gst_automation - INFO - Successfully sent text to ('id', 'email-otp').
2025-06-27 19:47:45 - gst_automation - INFO - Document is in 'complete' ready state.
2025-06-27 19:47:45 - gst_automation - INFO - Successfully clicked ('xpath', '/html/body/div[2]/div[2]/div/div[2]/div/div[2]/div/form/div/div/button').
2025-06-27 19:47:52 - gst_automation - INFO - Document is in 'complete' ready state.
2025-06-27 19:47:52 - gst_automation - INFO - Successfully clicked ('xpath', '/html/body/div[2]/div[2]/div/div[2]/div/div[2]/div/div[2]/div/a').
2025-06-27 19:48:15 - gst_automation - INFO - Document is in 'complete' ready state.
2025-06-27 19:48:15 - gst_automation - INFO - Successfully sent text to ('id', 'trnno').
2025-06-27 19:48:18 - gst_automation - INFO - Document is in 'complete' ready state.
2025-06-27 19:48:18 - gst_automation - INFO - Solving captcha via TrueCaptcha API...
2025-06-27 19:48:18 - gst_automation - INFO - Found visible CAPTCHA image with ID 'imgCaptcha'.
2025-06-27 19:48:21 - gst_automation - INFO - CAPTCHA solved: 501114
2025-06-27 19:48:21 - gst_automation - INFO - Document is in 'complete' ready state.
2025-06-27 19:48:21 - gst_automation - INFO - Successfully sent text to ('id', 'captchatrn').
2025-06-27 19:48:21 - gst_automation - INFO - CAPTCHA entered successfully into input with ID 'captchatrn'.
2025-06-27 19:48:22 - gst_automation - INFO - Document is in 'complete' ready state.
2025-06-27 19:48:22 - gst_automation - INFO - Successfully clicked ('xpath', '/html/body/div[2]/div[2]/div/div[2]/div/form/div[2]/div/div[2]/div/button').
2025-06-27 19:48:27 - gst_automation - INFO - Document is in 'complete' ready state.
2025-06-27 19:48:27 - gst_automation - INFO - Polling for mobile_otp from OTP server (timeout: 120s)...
2025-06-27 19:48:27 - gst_automation - INFO - OTP '302398' received for type 'mobile_otp'!
2025-06-27 19:48:27 - gst_automation - INFO - Document is in 'complete' ready state.
2025-06-27 19:48:27 - gst_automation - INFO - Successfully sent text to ('id', 'mobile_otp').
2025-06-27 19:48:45 - gst_automation - INFO - Document is in 'complete' ready state.
2025-06-27 19:48:45 - gst_automation - INFO - Successfully clicked ('xpath', '/html/body/div[2]/div[2]/div/div[2]/div/div[2]/div/form/div/div/button').
2025-06-27 19:48:46 - gst_automation - INFO - Document is in 'complete' ready state.
2025-06-27 19:49:15 - gst_automation - INFO - Document is in 'complete' ready state.
2025-06-27 19:49:15 - gst_automation - INFO - Polling for mobile_otp from OTP server (timeout: 120s)...
2025-06-27 19:49:15 - gst_automation - INFO - OTP '451819' received for type 'mobile_otp'!
2025-06-27 19:49:15 - gst_automation - INFO - Document is in 'complete' ready state.
2025-06-27 19:49:15 - gst_automation - INFO - Successfully sent text to ('id', 'mobile_otp').
2025-06-27 19:49:16 - gst_automation - INFO - Document is in 'complete' ready state.
2025-06-27 19:49:16 - gst_automation - INFO - Successfully clicked ('xpath', '/html/body/div[2]/div[2]/div/div[2]/div/div[2]/div/form/div/div/button').
2025-06-27 19:49:22 - gst_automation - INFO - Document is in 'complete' ready state.
2025-06-27 19:49:22 - gst_automation - INFO - Successfully clicked ('xpath', '/html/body/div[2]/div[1]/div/div[3]/div[2]/div/div/table/tbody/tr/td[6]/button').
2025-06-27 19:49:26 - gst_automation - INFO - Document is in 'complete' ready state.
2025-06-27 19:49:26 - gst_automation - INFO - Successfully sent text to ('id', 'tnm').
2025-06-27 19:49:26 - gst_automation - INFO - Document is in 'complete' ready state.
2025-06-27 19:49:32 - gst_automation - INFO - Document is in 'complete' ready state.
2025-06-27 19:49:55 - gst_automation - INFO - Document is in 'complete' ready state.
2025-06-27 19:49:56 - gst_automation - INFO - Successfully clicked ('xpath', "//*[text()='Others']").
2025-06-27 19:50:01 - gst_automation - INFO - Document is in 'complete' ready state.
2025-06-27 19:50:01 - gst_automation - INFO - Successfully sent text to ('id', 'bd_ConstBuss_oth').
2025-06-27 19:50:03 - gst_automation - INFO - Document is in 'complete' ready state.
2025-06-27 19:50:03 - gst_automation - INFO - Successfully clicked ('xpath', "//*[text()='Voluntary Basis']").
2025-06-27 19:50:04 - gst_automation - INFO - Document is in 'complete' ready state.
2025-06-27 19:50:32 - gst_automation - INFO - Document is in 'complete' ready state.
2025-06-27 19:51:01 - gst_automation - INFO - Document is in 'complete' ready state.
2025-06-27 19:51:01 - gst_automation - INFO - Successfully sent text to ('id', 'bd_cmbz').
2025-06-27 19:52:02 - gst_automation - INFO - Document is in 'complete' ready state.
2025-06-27 19:52:02 - gst_automation - INFO - Successfully clicked ('xpath', "//*[text()='Others']").
2025-06-27 19:52:18 - gst_automation - INFO - Document is in 'complete' ready state.
2025-06-27 19:52:19 - gst_automation - INFO - Successfully clicked ('xpath', "//*[text()='Others']").
2025-06-27 19:53:14 - gst_automation - INFO - Document is in 'complete' ready state.
2025-06-27 19:53:14 - gst_automation - INFO - Successfully clicked ('xpath', "//*[text()='Others (Please specify)']").
2025-06-27 19:53:44 - gst_automation - INFO - Document is in 'complete' ready state.
2025-06-27 19:54:18 - gst_automation - INFO - Document is in 'complete' ready state.
2025-06-27 19:54:48 - gst_automation - ERROR - Element ('id', 'bd_RegType_oth') not clickable within 30s.
2025-06-27 19:55:05 - gst_automation - INFO - Document is in 'complete' ready state.
2025-06-27 19:55:05 - gst_automation - INFO - Successfully clicked ('id', 'exty').
2025-06-27 19:55:05 - gst_automation - INFO - Document is in 'complete' ready state.
2025-06-27 19:55:44 - gst_automation - INFO - Document is in 'complete' ready state.
2025-06-27 19:55:44 - gst_automation - INFO - Successfully clicked ('id', 'exty').
2025-06-27 19:55:44 - gst_automation - INFO - Document is in 'complete' ready state.
2025-06-27 20:06:37 - gst_automation - INFO - Document is in 'complete' ready state.
2025-06-27 20:07:23 - gst_automation - INFO - Document is in 'complete' ready state.
2025-06-27 20:07:23 - gst_automation - INFO - Successfully clicked ('xpath', "//*[text()='Others (Please specify)']").
2025-06-27 20:09:04 - gst_automation - INFO - Document is in 'complete' ready state.
2025-06-27 20:09:35 - gst_automation - INFO - Document is in 'complete' ready state.
2025-06-27 20:09:35 - gst_automation - INFO - Successfully clicked ('xpath', "//*[text()='Others (Please specify)']").
2025-06-27 20:09:49 - gst_automation - INFO - Document is in 'complete' ready state.
2025-06-27 20:09:49 - gst_automation - INFO - Successfully clicked ('xpath', "//*[text()='Others (Please specify)']").
2025-06-27 20:13:39 - gst_automation - INFO - Document is in 'complete' ready state.
2025-06-27 20:13:39 - gst_automation - INFO - Successfully clicked ('id', 'exty').
2025-06-27 20:13:57 - gst_automation - INFO - Document is in 'complete' ready state.
2025-06-27 20:13:57 - gst_automation - INFO - Successfully clicked ('id', 'exty').
2025-06-27 20:13:57 - gst_automation - INFO - Document is in 'complete' ready state.
2025-06-27 20:13:57 - gst_automation - INFO - Successfully clicked ('xpath', "//*[text()='Others (Please specify)']").
2025-06-27 20:14:12 - gst_automation - INFO - Document is in 'complete' ready state.
2025-06-27 20:14:12 - gst_automation - INFO - Successfully clicked ('id', 'exty').
2025-06-27 20:14:14 - gst_automation - INFO - Document is in 'complete' ready state.
2025-06-27 20:14:14 - gst_automation - INFO - Successfully clicked ('xpath', "//*[text()='Others (Please specify)']").
2025-06-27 20:16:04 - gst_automation - INFO - Document is in 'complete' ready state.
2025-06-27 20:16:22 - gst_automation - INFO - Document is in 'complete' ready state.
2025-06-27 20:16:22 - gst_automation - INFO - Successfully clicked ('id', 'exty').
2025-06-27 20:16:24 - gst_automation - INFO - Document is in 'complete' ready state.
2025-06-27 20:16:25 - gst_automation - INFO - Successfully clicked ('xpath', "//*[text()='GSTIN']").
2025-06-27 20:16:50 - gst_automation - INFO - Document is in 'complete' ready state.
2025-06-27 20:16:51 - gst_automation - INFO - Successfully clicked ('xpath', "//*[text()='GSTIN']").
2025-06-27 20:18:47 - gst_automation - INFO - Document is in 'complete' ready state.
2025-06-27 20:18:47 - gst_automation - INFO - Successfully clicked ('xpath', "(/html/body/div[2]/div/div/div[3]/form/fieldset/div[1]/div[7]/div/div[1]) | (//*[text()='Others (Please specify)'])").
2025-06-27 20:19:50 - gst_automation - INFO - Document is in 'complete' ready state.
2025-06-27 20:21:03 - gst_automation - INFO - Document is in 'complete' ready state.
2025-06-27 20:21:04 - gst_automation - INFO - Successfully clicked ('xpath', '/html/body/div[2]/div/div/div[3]/form/fieldset/div[1]/div[8]/div/div[1]/select/option[16]').
2025-06-27 20:21:41 - gst_automation - INFO - Document is in 'complete' ready state.
2025-06-27 20:21:41 - gst_automation - INFO - Successfully clicked ('xpath', '/html/body/div[2]/div/div/div[3]/form/fieldset/div[1]/div[8]/div/div[1]/select/option[16]').
2025-06-27 20:26:46 - gst_automation - INFO - Document is in 'complete' ready state.
2025-06-27 20:26:46 - gst_automation - INFO - Successfully sent text to ('id', 'bd_othrReg').
2025-06-27 20:27:27 - gst_automation - INFO - Document is in 'complete' ready state.
2025-06-27 20:27:27 - gst_automation - INFO - Successfully sent text to ('id', 'exno').
2025-06-27 20:29:10 - gst_automation - INFO - Document is in 'complete' ready state.
2025-06-27 20:29:10 - gst_automation - INFO - Successfully sent text to ('id', 'exdt').
2025-06-27 20:30:14 - gst_automation - INFO - Document is in 'complete' ready state.
2025-06-27 20:30:14 - gst_automation - INFO - Successfully clicked ('xpath', '/html/body/div[2]/div/div/div[3]/form/fieldset/div[1]/div[8]/div/div[5]/button[1]').
2025-06-27 20:30:47 - gst_automation - INFO - Document is in 'complete' ready state.
2025-06-27 20:30:47 - gst_automation - INFO - Successfully sent text to ('id', 'exno').
2025-06-27 20:30:47 - gst_automation - INFO - Document is in 'complete' ready state.
2025-06-27 20:30:47 - gst_automation - INFO - Successfully sent text to ('id', 'exdt').
2025-06-27 20:31:05 - gst_automation - INFO - Document is in 'complete' ready state.
2025-06-27 20:31:05 - gst_automation - INFO - Successfully sent text to ('id', 'exdt').
2025-06-27 20:31:08 - gst_automation - INFO - Document is in 'complete' ready state.
2025-06-27 20:31:08 - gst_automation - INFO - Successfully clicked ('xpath', '/html/body/div[2]/div/div/div[3]/form/fieldset/div[1]/div[8]/div/div[5]/button[1]').
2025-06-27 20:32:31 - gst_automation - INFO - Document is in 'complete' ready state.
2025-06-27 20:32:31 - gst_automation - INFO - Successfully clicked ('xpath', "//*[text()='Registration Certificate']").
2025-06-27 20:32:39 - gst_automation - INFO - Document is in 'complete' ready state.
2025-06-27 20:32:39 - gst_automation - INFO - Successfully clicked ('xpath', "//*[text()='Registration Certificate']").
2025-06-27 20:36:33 - gst_automation - INFO - Document is in 'complete' ready state.
2025-06-27 20:38:01 - gst_automation - INFO - Document is in 'complete' ready state.
2025-06-27 20:38:31 - gst_automation - ERROR - Element ('xpath', 'bd_upload') not visible within 30s.
2025-06-27 22:16:09 - gst_automation - INFO - Document is in 'complete' ready state.
2025-06-27 22:16:09 - gst_automation - INFO - Successfully clicked ('xpath', "//*[text()='Taxpayer']").
2025-06-27 22:16:09 - gst_automation - INFO - Document is in 'complete' ready state.
2025-06-27 22:16:09 - gst_automation - INFO - Successfully clicked ('xpath', "//*[text()='Delhi']").
2025-06-27 22:16:11 - gst_automation - INFO - Document is in 'complete' ready state.
2025-06-27 22:16:12 - gst_automation - INFO - Successfully clicked ('xpath', "//*[text()='South West Delhi']").
2025-06-27 22:16:15 - gst_automation - INFO - Document is in 'complete' ready state.
2025-06-27 22:16:15 - gst_automation - INFO - Successfully sent text to ('id', 'bnm').
2025-06-27 22:16:15 - gst_automation - INFO - Document is in 'complete' ready state.
2025-06-27 22:16:16 - gst_automation - INFO - Successfully sent text to ('id', 'pan_card').
2025-06-27 22:16:16 - gst_automation - INFO - Document is in 'complete' ready state.
2025-06-27 22:16:16 - gst_automation - INFO - Successfully sent text to ('id', 'email').
2025-06-27 22:16:16 - gst_automation - INFO - Document is in 'complete' ready state.
2025-06-27 22:16:16 - gst_automation - INFO - Successfully sent text to ('id', 'mobile').
2025-06-27 22:16:22 - gst_automation - INFO - Document is in 'complete' ready state.
2025-06-27 22:16:22 - gst_automation - INFO - Solving captcha via TrueCaptcha API...
2025-06-27 22:16:22 - gst_automation - INFO - Found captcha image element with ID 'imgCaptcha'.
2025-06-27 22:16:23 - gst_automation - INFO - CAPTCHA solved by API: 942745
2025-06-27 22:16:23 - gst_automation - INFO - Document is in 'complete' ready state.
2025-06-27 22:16:23 - gst_automation - INFO - Successfully sent text to ('id', 'captcha').
2025-06-27 22:16:23 - gst_automation - INFO - CAPTCHA text entered successfully.
2025-06-27 22:16:26 - gst_automation - INFO - Document is in 'complete' ready state.
2025-06-27 22:16:27 - gst_automation - INFO - Successfully clicked ('xpath', '/html/body/div[2]/div[2]/div/div[2]/div/form/div[2]/div/div[2]/div/button').
2025-06-27 22:34:41 - gst_automation - INFO - Document is in 'complete' ready state.
2025-06-27 22:34:41 - gst_automation - INFO - Successfully clicked ('xpath', "//*[text()='Taxpayer']").
2025-06-27 22:34:41 - gst_automation - INFO - Document is in 'complete' ready state.
2025-06-27 22:34:41 - gst_automation - INFO - Successfully clicked ('xpath', "//*[text()='Delhi']").
2025-06-27 22:34:44 - gst_automation - INFO - Document is in 'complete' ready state.
2025-06-27 22:34:44 - gst_automation - INFO - Successfully clicked ('xpath', "//*[text()='South West Delhi']").
2025-06-27 22:34:46 - gst_automation - INFO - Document is in 'complete' ready state.
2025-06-27 22:34:46 - gst_automation - INFO - Successfully sent text to ('id', 'bnm').
2025-06-27 22:34:49 - gst_automation - INFO - Document is in 'complete' ready state.
2025-06-27 22:34:49 - gst_automation - INFO - Successfully sent text to ('id', 'pan_card').
2025-06-27 22:34:52 - gst_automation - INFO - Document is in 'complete' ready state.
2025-06-27 22:34:52 - gst_automation - INFO - Successfully sent text to ('id', 'email').
2025-06-27 22:34:55 - gst_automation - INFO - Document is in 'complete' ready state.
2025-06-27 22:34:55 - gst_automation - INFO - Successfully sent text to ('id', 'mobile').
2025-06-27 22:34:58 - gst_automation - INFO - Document is in 'complete' ready state.
2025-06-27 22:34:58 - gst_automation - INFO - Solving captcha via TrueCaptcha API...
2025-06-27 22:34:58 - gst_automation - INFO - Found captcha image element with ID 'imgCaptcha'.
2025-06-27 22:35:00 - gst_automation - INFO - CAPTCHA solved by API: 231302
2025-06-27 22:35:00 - gst_automation - INFO - Document is in 'complete' ready state.
2025-06-27 22:35:00 - gst_automation - INFO - Successfully sent text to ('id', 'captcha').
2025-06-27 22:35:00 - gst_automation - INFO - CAPTCHA text entered successfully.
2025-06-27 22:35:02 - gst_automation - INFO - Document is in 'complete' ready state.
2025-06-27 22:35:02 - gst_automation - INFO - Successfully clicked ('xpath', '/html/body/div[2]/div[2]/div/div[2]/div/form/div[2]/div/div[2]/div/button').
2025-06-28 09:13:11 - gst_automation - INFO - Document is in 'complete' ready state.
2025-06-28 09:13:12 - gst_automation - INFO - Successfully clicked ('xpath', "//*[text()='Taxpayer']").
2025-06-28 09:13:12 - gst_automation - INFO - Document is in 'complete' ready state.
2025-06-28 09:13:12 - gst_automation - INFO - Successfully clicked ('xpath', "//*[text()='Delhi']").
2025-06-28 09:13:16 - gst_automation - INFO - Document is in 'complete' ready state.
2025-06-28 09:13:17 - gst_automation - INFO - Successfully clicked ('xpath', "//*[text()='South West Delhi']").
2025-06-28 09:13:18 - gst_automation - INFO - Document is in 'complete' ready state.
2025-06-28 09:13:18 - gst_automation - INFO - Successfully sent text to ('id', 'bnm').
2025-06-28 09:13:23 - gst_automation - INFO - Document is in 'complete' ready state.
2025-06-28 09:13:23 - gst_automation - INFO - Successfully sent text to ('id', 'pan_card').
2025-06-28 09:13:28 - gst_automation - INFO - Document is in 'complete' ready state.
2025-06-28 09:13:28 - gst_automation - INFO - Successfully sent text to ('id', 'email').
2025-06-28 09:13:30 - gst_automation - INFO - Document is in 'complete' ready state.
2025-06-28 09:13:31 - gst_automation - INFO - Successfully sent text to ('id', 'mobile').
2025-06-28 09:13:34 - gst_automation - INFO - Document is in 'complete' ready state.
2025-06-28 09:13:34 - gst_automation - INFO - Solving captcha via TrueCaptcha API...
2025-06-28 09:13:34 - gst_automation - INFO - Found captcha image element with ID 'imgCaptcha'.
2025-06-28 09:13:36 - gst_automation - INFO - CAPTCHA solved by API: 584947
2025-06-28 09:13:36 - gst_automation - INFO - Document is in 'complete' ready state.
2025-06-28 09:13:36 - gst_automation - INFO - Successfully sent text to ('id', 'captcha').
2025-06-28 09:13:36 - gst_automation - INFO - CAPTCHA text entered successfully.
2025-06-28 09:13:38 - gst_automation - INFO - Document is in 'complete' ready state.
2025-06-28 09:13:38 - gst_automation - INFO - Successfully clicked ('xpath', '/html/body/div[2]/div[2]/div/div[2]/div/form/div[2]/div/div[2]/div/button').
2025-06-28 09:14:08 - gst_automation - INFO - Document is in 'complete' ready state.
2025-06-28 09:14:08 - gst_automation - INFO - Polling for mobile_otp from OTP server (timeout: 120s)...
2025-06-28 09:14:47 - gst_automation - INFO - OTP '111299' received for type 'mobile_otp'!
2025-06-28 09:14:47 - gst_automation - INFO - Document is in 'complete' ready state.
2025-06-28 09:14:47 - gst_automation - INFO - Successfully sent text to ('id', 'mobile_otp').
2025-06-28 09:14:54 - gst_automation - INFO - Document is in 'complete' ready state.
2025-06-28 09:14:54 - gst_automation - INFO - Polling for email_otp from OTP server (timeout: 120s)...
2025-06-28 09:15:34 - gst_automation - INFO - OTP '331641' received for type 'email_otp'!
2025-06-28 09:15:34 - gst_automation - INFO - Document is in 'complete' ready state.
2025-06-28 09:15:34 - gst_automation - INFO - Successfully sent text to ('id', 'email-otp').
2025-06-28 09:15:44 - gst_automation - INFO - Document is in 'complete' ready state.
2025-06-28 09:15:45 - gst_automation - INFO - Successfully clicked ('xpath', '/html/body/div[2]/div[2]/div/div[2]/div/div[2]/div/form/div/div/button').
2025-06-28 09:15:52 - gst_automation - INFO - Document is in 'complete' ready state.
2025-06-28 09:15:53 - gst_automation - INFO - Successfully clicked ('xpath', '/html/body/div[2]/div[2]/div/div[2]/div/div[2]/div/div[2]/div/a').
2025-06-28 09:33:12 - gst_automation - INFO - Document is in 'complete' ready state.
2025-06-28 09:33:12 - gst_automation - INFO - Successfully clicked ('xpath', "//*[text()='Taxpayer']").
2025-06-28 09:33:12 - gst_automation - INFO - Document is in 'complete' ready state.
2025-06-28 09:33:12 - gst_automation - INFO - Successfully clicked ('xpath', "//*[text()='Delhi']").
2025-06-28 09:33:17 - gst_automation - INFO - Document is in 'complete' ready state.
2025-06-28 09:33:17 - gst_automation - INFO - Successfully clicked ('xpath', "//*[text()='South West Delhi']").
2025-06-28 09:33:17 - gst_automation - INFO - Document is in 'complete' ready state.
2025-06-28 09:33:17 - gst_automation - INFO - Successfully sent text to ('id', 'bnm').
2025-06-28 09:33:17 - gst_automation - INFO - Document is in 'complete' ready state.
2025-06-28 09:33:17 - gst_automation - INFO - Successfully sent text to ('id', 'pan_card').
2025-06-28 09:33:17 - gst_automation - INFO - Document is in 'complete' ready state.
2025-06-28 09:33:17 - gst_automation - INFO - Successfully sent text to ('id', 'email').
2025-06-28 09:33:17 - gst_automation - INFO - Document is in 'complete' ready state.
2025-06-28 09:33:17 - gst_automation - INFO - Successfully sent text to ('id', 'mobile').
2025-06-28 09:33:17 - gst_automation - INFO - Document is in 'complete' ready state.
2025-06-28 09:33:17 - gst_automation - INFO - Solving captcha via TrueCaptcha API...
2025-06-28 09:33:17 - gst_automation - INFO - Found captcha image element with ID 'imgCaptcha'.
2025-06-28 09:33:20 - gst_automation - INFO - CAPTCHA solved by API: 808504
2025-06-28 09:33:20 - gst_automation - INFO - Document is in 'complete' ready state.
2025-06-28 09:33:20 - gst_automation - INFO - Successfully sent text to ('id', 'captcha').
2025-06-28 09:33:20 - gst_automation - INFO - CAPTCHA text entered successfully.
2025-06-28 09:33:20 - gst_automation - INFO - Document is in 'complete' ready state.
2025-06-28 09:33:20 - gst_automation - INFO - Successfully clicked ('xpath', '/html/body/div[2]/div[2]/div/div[2]/div/form/div[2]/div/div[2]/div/button').
2025-06-28 09:33:20 - gst_automation - INFO - Document is in 'complete' ready state.
2025-06-28 09:33:20 - gst_automation - INFO - Polling for mobile_otp from OTP server (timeout: 120s)...
2025-06-28 09:33:44 - gst_automation - INFO - OTP '555572' received for type 'mobile_otp'!
2025-06-28 09:33:44 - gst_automation - INFO - Document is in 'complete' ready state.
2025-06-28 09:33:44 - gst_automation - INFO - Successfully sent text to ('id', 'mobile_otp').
2025-06-28 09:33:44 - gst_automation - INFO - Document is in 'complete' ready state.
2025-06-28 09:33:44 - gst_automation - INFO - Polling for email_otp from OTP server (timeout: 120s)...
2025-06-28 09:34:23 - gst_automation - INFO - OTP '899179' received for type 'email_otp'!
2025-06-28 09:34:23 - gst_automation - INFO - Document is in 'complete' ready state.
2025-06-28 09:34:23 - gst_automation - INFO - Successfully sent text to ('id', 'email-otp').
2025-06-28 09:34:23 - gst_automation - INFO - Document is in 'complete' ready state.
2025-06-28 09:34:24 - gst_automation - INFO - Successfully clicked ('xpath', '/html/body/div[2]/div[2]/div/div[2]/div/div[2]/div/form/div/div/button').
2025-06-28 09:34:29 - gst_automation - INFO - Document is in 'complete' ready state.
2025-06-28 09:34:56 - gst_automation - INFO - Document is in 'complete' ready state.
2025-06-28 09:34:57 - gst_automation - INFO - Successfully clicked ('xpath', '/html/body/div[2]/div[2]/div/div[2]/div/div[2]/div/form/div/div/button').
2025-06-28 09:35:02 - gst_automation - INFO - Document is in 'complete' ready state.
2025-06-28 09:35:24 - gst_automation - INFO - Document is in 'complete' ready state.
2025-06-28 09:35:24 - gst_automation - INFO - Successfully clicked ('xpath', "//*[text()='Taxpayer']").
2025-06-28 09:35:24 - gst_automation - INFO - Document is in 'complete' ready state.
2025-06-28 09:35:24 - gst_automation - INFO - Successfully clicked ('xpath', "//*[text()='Delhi']").
2025-06-28 09:35:29 - gst_automation - INFO - Document is in 'complete' ready state.
2025-06-28 09:35:29 - gst_automation - INFO - Successfully clicked ('xpath', "//*[text()='South West Delhi']").
2025-06-28 09:35:29 - gst_automation - INFO - Document is in 'complete' ready state.
2025-06-28 09:35:29 - gst_automation - INFO - Successfully sent text to ('id', 'bnm').
2025-06-28 09:35:29 - gst_automation - INFO - Document is in 'complete' ready state.
2025-06-28 09:35:29 - gst_automation - INFO - Successfully sent text to ('id', 'pan_card').
2025-06-28 09:35:29 - gst_automation - INFO - Document is in 'complete' ready state.
2025-06-28 09:35:29 - gst_automation - INFO - Successfully sent text to ('id', 'email').
2025-06-28 09:35:29 - gst_automation - INFO - Document is in 'complete' ready state.
2025-06-28 09:35:29 - gst_automation - INFO - Successfully sent text to ('id', 'mobile').
2025-06-28 09:35:29 - gst_automation - INFO - Document is in 'complete' ready state.
2025-06-28 09:35:30 - gst_automation - INFO - Solving captcha via TrueCaptcha API...
2025-06-28 09:35:30 - gst_automation - INFO - Found captcha image element with ID 'imgCaptcha'.
2025-06-28 09:35:32 - gst_automation - INFO - CAPTCHA solved by API: 352147
2025-06-28 09:35:32 - gst_automation - INFO - Document is in 'complete' ready state.
2025-06-28 09:35:32 - gst_automation - INFO - Successfully sent text to ('id', 'captcha').
2025-06-28 09:35:32 - gst_automation - INFO - CAPTCHA text entered successfully.
2025-06-28 09:35:32 - gst_automation - INFO - Document is in 'complete' ready state.
2025-06-28 09:35:32 - gst_automation - INFO - Successfully clicked ('xpath', '/html/body/div[2]/div[2]/div/div[2]/div/form/div[2]/div/div[2]/div/button').
2025-06-28 09:35:32 - gst_automation - INFO - Document is in 'complete' ready state.
2025-06-28 09:35:32 - gst_automation - INFO - Polling for mobile_otp from OTP server (timeout: 120s)...
2025-06-28 09:35:56 - gst_automation - INFO - OTP '340094' received for type 'mobile_otp'!
2025-06-28 09:35:56 - gst_automation - INFO - Document is in 'complete' ready state.
2025-06-28 09:35:56 - gst_automation - INFO - Successfully sent text to ('id', 'mobile_otp').
2025-06-28 09:35:56 - gst_automation - INFO - Document is in 'complete' ready state.
2025-06-28 09:35:56 - gst_automation - INFO - Polling for email_otp from OTP server (timeout: 120s)...
2025-06-28 09:35:56 - gst_automation - INFO - OTP '899170' received for type 'email_otp'!
2025-06-28 09:35:56 - gst_automation - INFO - Document is in 'complete' ready state.
2025-06-28 09:35:56 - gst_automation - INFO - Successfully sent text to ('id', 'email-otp').
2025-06-28 09:35:56 - gst_automation - INFO - Document is in 'complete' ready state.
2025-06-28 09:35:56 - gst_automation - INFO - Successfully clicked ('xpath', '/html/body/div[2]/div[2]/div/div[2]/div/div[2]/div/form/div/div/button').
2025-06-28 09:36:01 - gst_automation - INFO - Document is in 'complete' ready state.
2025-06-28 09:36:01 - gst_automation - INFO - Successfully clicked ('xpath', '/html/body/div[2]/div[2]/div/div[2]/div/div[2]/div/div[2]/div/a').
2025-06-28 09:36:02 - gst_automation - INFO - Document is in 'complete' ready state.
2025-06-28 09:36:02 - gst_automation - INFO - Successfully sent text to ('id', 'trnno').
2025-06-28 09:36:02 - gst_automation - INFO - Document is in 'complete' ready state.
2025-06-28 09:36:02 - gst_automation - INFO - Solving captcha via TrueCaptcha API...
2025-06-28 09:36:02 - gst_automation - INFO - Found visible CAPTCHA image with ID 'imgCaptcha'.
2025-06-28 09:36:03 - gst_automation - INFO - CAPTCHA solved: 944454
2025-06-28 09:36:03 - gst_automation - INFO - Document is in 'complete' ready state.
2025-06-28 09:36:03 - gst_automation - INFO - Successfully sent text to ('id', 'captchatrn').
2025-06-28 09:36:03 - gst_automation - INFO - CAPTCHA entered successfully into input with ID 'captchatrn'.
2025-06-28 09:36:03 - gst_automation - INFO - Document is in 'complete' ready state.
2025-06-28 09:36:45 - gst_automation - INFO - Document is in 'complete' ready state.
2025-06-28 09:36:45 - gst_automation - INFO - Successfully clicked ('xpath', '/html/body/div[2]/div[2]/div/div[2]/div/form/div[2]/div/div[2]/div/button').
2025-06-28 09:37:29 - gst_automation - INFO - Document is in 'complete' ready state.
2025-06-28 09:37:29 - gst_automation - INFO - Polling for mobile_otp from OTP server (timeout: 120s)...
2025-06-28 09:37:29 - gst_automation - INFO - OTP '344432' received for type 'mobile_otp'!
2025-06-28 09:37:29 - gst_automation - INFO - Document is in 'complete' ready state.
2025-06-28 09:37:29 - gst_automation - INFO - Successfully sent text to ('id', 'mobile_otp').
2025-06-28 09:37:30 - gst_automation - INFO - Document is in 'complete' ready state.
2025-06-28 09:37:31 - gst_automation - INFO - Successfully clicked ('xpath', '/html/body/div[2]/div[2]/div/div[2]/div/div[2]/div/form/div/div/button').
2025-06-28 09:37:37 - gst_automation - INFO - Document is in 'complete' ready state.
2025-06-28 09:37:37 - gst_automation - INFO - Successfully clicked ('xpath', '/html/body/div[2]/div[1]/div/div[3]/div[2]/div/div/table/tbody/tr/td[6]/button').
2025-06-28 09:37:38 - gst_automation - INFO - Document is in 'complete' ready state.
2025-06-28 09:37:40 - gst_automation - INFO - Successfully sent text to ('id', 'tnm').
2025-06-28 09:37:42 - gst_automation - INFO - Document is in 'complete' ready state.
2025-06-28 09:37:49 - gst_automation - INFO - Document is in 'complete' ready state.
2025-06-28 09:37:58 - gst_automation - INFO - Document is in 'complete' ready state.
2025-06-28 09:37:58 - gst_automation - INFO - Successfully sent text to ('id', 'tnm').
2025-06-28 09:37:59 - gst_automation - INFO - Document is in 'complete' ready state.
2025-06-28 09:37:59 - gst_automation - INFO - Successfully clicked ('xpath', "//*[text()='Others']").
2025-06-28 09:38:04 - gst_automation - INFO - Document is in 'complete' ready state.
2025-06-28 09:38:04 - gst_automation - INFO - Successfully sent text to ('id', 'bd_ConstBuss_oth').
2025-06-28 09:38:05 - gst_automation - INFO - Document is in 'complete' ready state.
2025-06-28 09:38:05 - gst_automation - INFO - Successfully clicked ('xpath', "//*[text()='Voluntary Basis']").
2025-06-28 09:38:06 - gst_automation - INFO - Document is in 'complete' ready state.
2025-06-28 09:38:06 - gst_automation - INFO - Successfully sent text to ('id', 'bd_cmbz').
2025-06-28 09:38:07 - gst_automation - INFO - Document is in 'complete' ready state.
2025-06-28 09:38:08 - gst_automation - INFO - Successfully clicked ('xpath', "//*[text()='Others (Please specify)']").
2025-06-28 09:38:08 - gst_automation - INFO - Document is in 'complete' ready state.
2025-06-28 09:38:09 - gst_automation - INFO - Successfully clicked ('xpath', '/html/body/div[2]/div/div/div[3]/form/fieldset/div[1]/div[8]/div/div[1]/select/option[16]').
2025-06-28 09:38:09 - gst_automation - INFO - Document is in 'complete' ready state.
2025-06-28 09:38:09 - gst_automation - INFO - Successfully sent text to ('id', 'bd_othrReg').
2025-06-28 09:38:09 - gst_automation - INFO - Document is in 'complete' ready state.
2025-06-28 09:38:09 - gst_automation - INFO - Polling for trn from OTP server (timeout: 120s)...
2025-06-28 09:38:55 - gst_automation - INFO - Document is in 'complete' ready state.
2025-06-28 09:38:55 - gst_automation - INFO - Successfully sent text to ('id', 'exdt').
2025-06-28 09:38:56 - gst_automation - INFO - Document is in 'complete' ready state.
2025-06-28 09:38:56 - gst_automation - INFO - Successfully clicked ('xpath', '/html/body/div[2]/div/div/div[3]/form/fieldset/div[1]/div[8]/div/div[5]/button[1]').
2025-06-28 09:38:57 - gst_automation - INFO - Document is in 'complete' ready state.
2025-06-28 09:38:57 - gst_automation - INFO - Successfully clicked ('xpath', "//*[text()='Registration Certificate']").
2025-06-28 09:39:09 - gst_automation - INFO - Document is in 'complete' ready state.
2025-06-28 09:39:09 - gst_automation - INFO - Successfully sent text to ('id', 'exdt').
2025-06-28 09:39:10 - gst_automation - INFO - Document is in 'complete' ready state.
2025-06-28 09:39:10 - gst_automation - INFO - Successfully clicked ('xpath', '/html/body/div[2]/div/div/div[3]/form/fieldset/div[1]/div[8]/div/div[5]/button[1]').
2025-06-28 09:40:25 - gst_automation - INFO - Document is in 'complete' ready state.
2025-06-28 09:40:25 - gst_automation - INFO - Successfully sent text to ('id', 'exno').
2025-06-28 09:40:28 - gst_automation - INFO - Document is in 'complete' ready state.
2025-06-28 09:40:29 - gst_automation - INFO - Successfully sent text to ('id', 'exdt').
2025-06-28 09:40:30 - gst_automation - INFO - Document is in 'complete' ready state.
2025-06-28 09:40:30 - gst_automation - INFO - Successfully clicked ('xpath', '/html/body/div[2]/div/div/div[3]/form/fieldset/div[1]/div[8]/div/div[5]/button[1]').
2025-06-28 09:40:50 - gst_automation - INFO - Document is in 'complete' ready state.
2025-06-28 09:40:50 - gst_automation - INFO - Successfully sent text to ('id', 'exdt').
2025-06-28 09:55:50 - gst_automation - INFO - Document is in 'complete' ready state.
2025-06-28 09:56:05 - gst_automation - INFO - Document is in 'complete' ready state.
2025-06-28 09:57:19 - gst_automation - INFO - Document is in 'complete' ready state.
