2025-07-01 09:52:13 - gst_automation - INFO - Document is in 'complete' ready state.
2025-07-01 09:52:13 - gst_automation - INFO - Successfully clicked ('xpath', "//*[text()='Taxpayer']").
2025-07-01 09:52:13 - gst_automation - INFO - Document is in 'complete' ready state.
2025-07-01 09:52:13 - gst_automation - INFO - Successfully clicked ('xpath', "//*[text()='Delhi']").
2025-07-01 09:52:18 - gst_automation - INFO - Document is in 'complete' ready state.
2025-07-01 09:52:19 - gst_automation - INFO - Successfully clicked ('xpath', "//*[text()='South West Delhi']").
2025-07-01 09:52:19 - gst_automation - INFO - Document is in 'complete' ready state.
2025-07-01 09:52:19 - gst_automation - INFO - Successfully sent text to ('id', 'bnm').
2025-07-01 09:52:19 - gst_automation - INFO - Document is in 'complete' ready state.
2025-07-01 09:52:19 - gst_automation - INFO - Successfully sent text to ('id', 'pan_card').
2025-07-01 09:52:19 - gst_automation - INFO - Document is in 'complete' ready state.
2025-07-01 09:52:19 - gst_automation - INFO - Successfully sent text to ('id', 'email').
2025-07-01 09:52:19 - gst_automation - INFO - Document is in 'complete' ready state.
2025-07-01 09:52:19 - gst_automation - INFO - Successfully sent text to ('id', 'mobile').
2025-07-01 09:52:19 - gst_automation - INFO - Document is in 'complete' ready state.
2025-07-01 09:52:19 - gst_automation - INFO - Solving captcha via TrueCaptcha API...
2025-07-01 09:52:19 - gst_automation - INFO - Found captcha image element with ID 'imgCaptcha'.
2025-07-01 09:52:21 - gst_automation - INFO - CAPTCHA solved by API: 279590
2025-07-01 09:52:21 - gst_automation - INFO - Document is in 'complete' ready state.
2025-07-01 09:52:21 - gst_automation - INFO - Successfully sent text to ('id', 'captcha').
2025-07-01 09:52:21 - gst_automation - INFO - CAPTCHA text entered successfully.
2025-07-01 09:52:21 - gst_automation - INFO - Document is in 'complete' ready state.
2025-07-01 09:52:21 - gst_automation - INFO - Successfully clicked ('xpath', '/html/body/div[2]/div[2]/div/div[2]/div/form/div[2]/div/div[2]/div/button').
2025-07-01 09:52:23 - gst_automation - INFO - Document is in 'complete' ready state.
2025-07-01 09:53:27 - gst_automation - INFO - Document is in 'complete' ready state.
2025-07-01 09:53:27 - gst_automation - INFO - Successfully clicked ('xpath', '/html/body/div[2]/div[2]/div/div[2]/div/div[2]/div/form/div/div/button').
2025-07-01 09:53:35 - gst_automation - INFO - Document is in 'complete' ready state.
2025-07-01 09:53:35 - gst_automation - INFO - Successfully clicked ('xpath', '/html/body/div[2]/div[2]/div/div[2]/div/div[2]/div/div[2]/div/a').
2025-07-01 09:53:54 - gst_automation - INFO - Document is in 'complete' ready state.
2025-07-01 09:53:54 - gst_automation - INFO - Solving captcha via TrueCaptcha API...
2025-07-01 09:53:54 - gst_automation - INFO - Found visible CAPTCHA image with ID 'imgCaptcha'.
2025-07-01 09:53:56 - gst_automation - INFO - CAPTCHA solved: 919590
2025-07-01 09:53:56 - gst_automation - INFO - Document is in 'complete' ready state.
2025-07-01 09:53:56 - gst_automation - INFO - Successfully sent text to ('id', 'captchatrn').
2025-07-01 09:53:56 - gst_automation - INFO - CAPTCHA entered successfully into input with ID 'captchatrn'.
2025-07-01 09:53:58 - gst_automation - INFO - Document is in 'complete' ready state.
2025-07-01 09:53:58 - gst_automation - INFO - Successfully clicked ('xpath', '/html/body/div[2]/div[2]/div/div[2]/div/form/div[2]/div/div[2]/div/button').
2025-07-01 09:54:15 - gst_automation - INFO - Document is in 'complete' ready state.
2025-07-01 09:54:15 - gst_automation - INFO - Successfully clicked ('xpath', '/html/body/div[2]/div[2]/div/div[2]/div/div[2]/div/form/div/div/button').
2025-07-01 09:54:23 - gst_automation - INFO - Document is in 'complete' ready state.
2025-07-01 09:54:23 - gst_automation - INFO - Successfully clicked ('xpath', '/html/body/div[2]/div[1]/div/div[3]/div[2]/div/div/table/tbody/tr/td[6]/button').
2025-07-01 09:54:33 - gst_automation - INFO - Document is in 'complete' ready state.
2025-07-01 09:54:33 - gst_automation - INFO - Successfully sent text to ('id', 'tnm').
2025-07-01 09:54:37 - gst_automation - INFO - Document is in 'complete' ready state.
2025-07-01 09:54:38 - gst_automation - INFO - Successfully clicked ('xpath', "//*[text()='Others']").
2025-07-01 09:54:38 - gst_automation - INFO - Document is in 'complete' ready state.
2025-07-01 09:54:38 - gst_automation - INFO - Successfully sent text to ('id', 'bd_ConstBuss_oth').
2025-07-01 09:55:15 - gst_automation - INFO - Document is in 'complete' ready state.
2025-07-01 09:55:15 - gst_automation - INFO - Successfully clicked ('xpath', "//*[text()='Voluntary Basis']").
2025-07-01 09:56:42 - gst_automation - INFO - Document is in 'complete' ready state.
2025-07-01 09:56:42 - gst_automation - INFO - Successfully sent text to ('id', 'bd_cmbz').
2025-07-01 09:56:45 - gst_automation - INFO - Document is in 'complete' ready state.
2025-07-01 09:56:45 - gst_automation - INFO - Successfully clicked ('xpath', '/html/body/div[2]/div/div/div[3]/form/fieldset/div[1]/div[8]/div/div[1]/select/option[16]').
2025-07-01 09:56:47 - gst_automation - INFO - Document is in 'complete' ready state.
2025-07-01 09:56:47 - gst_automation - INFO - Successfully sent text to ('id', 'bd_othrReg').
2025-07-01 09:56:50 - gst_automation - INFO - Document is in 'complete' ready state.
2025-07-01 09:56:50 - gst_automation - INFO - Successfully sent text to ('id', 'exno').
2025-07-01 09:56:52 - gst_automation - INFO - Document is in 'complete' ready state.
2025-07-01 09:56:52 - gst_automation - INFO - Successfully sent text to ('id', 'exdt').
2025-07-01 09:56:53 - gst_automation - INFO - Document is in 'complete' ready state.
2025-07-01 09:56:54 - gst_automation - INFO - Successfully clicked ('xpath', '/html/body/div[2]/div/div/div[3]/form/fieldset/div[1]/div[8]/div/div[5]/button[1]').
2025-07-01 09:56:56 - gst_automation - INFO - Document is in 'complete' ready state.
2025-07-01 09:56:56 - gst_automation - INFO - Successfully clicked ('xpath', "//*[text()='Registration Certificate']").
2025-07-01 09:57:03 - gst_automation - INFO - Document is in 'complete' ready state.
2025-07-01 09:57:03 - gst_automation - INFO - Successfully clicked ('xpath', '/html/body/div[2]/div/div/div[3]/form/div/div/button[2]').
2025-07-01 09:57:25 - gst_automation - INFO - Filling details for promoter: Ashish Mehra
2025-07-01 09:57:36 - gst_automation - INFO - Filling personal information...
2025-07-01 09:57:36 - gst_automation - INFO - Document is in 'complete' ready state.
2025-07-01 09:57:36 - gst_automation - INFO - Successfully sent text to ('id', 'fnm').
2025-07-01 09:57:36 - gst_automation - INFO - ✓ First name filled
2025-07-01 09:57:36 - gst_automation - INFO - Document is in 'complete' ready state.
2025-07-01 09:57:36 - gst_automation - INFO - Successfully sent text to ('id', 'pd_mname').
2025-07-01 09:57:36 - gst_automation - INFO - ✓ Middle name filled
2025-07-01 09:57:36 - gst_automation - INFO - Document is in 'complete' ready state.
2025-07-01 09:57:36 - gst_automation - INFO - Successfully sent text to ('id', 'pd_lname').
2025-07-01 09:57:36 - gst_automation - INFO - ✓ Last name filled
2025-07-01 09:57:36 - gst_automation - INFO - Filling father details...
2025-07-01 09:57:36 - gst_automation - INFO - Document is in 'complete' ready state.
2025-07-01 09:57:36 - gst_automation - INFO - Successfully sent text to ('id', 'ffname').
2025-07-01 09:57:36 - gst_automation - INFO - ✓ Father first name filled
2025-07-01 09:57:36 - gst_automation - INFO - Document is in 'complete' ready state.
2025-07-01 09:57:36 - gst_automation - INFO - Successfully sent text to ('id', 'pd_fmname').
2025-07-01 09:57:36 - gst_automation - INFO - ✓ Father middle name filled
2025-07-01 09:57:36 - gst_automation - INFO - Document is in 'complete' ready state.
2025-07-01 09:57:36 - gst_automation - INFO - Successfully sent text to ('id', 'pd_flname').
2025-07-01 09:57:36 - gst_automation - INFO - ✓ Father last name filled
2025-07-01 09:57:36 - gst_automation - INFO - Filling additional personal details...
2025-07-01 09:57:36 - gst_automation - INFO - Document is in 'complete' ready state.
2025-07-01 09:57:36 - gst_automation - INFO - Successfully sent text to ('id', 'dob').
2025-07-01 09:57:36 - gst_automation - INFO - ✓ Date of birth filled
2025-07-01 09:57:36 - gst_automation - INFO - Document is in 'complete' ready state.
2025-07-01 09:57:36 - gst_automation - INFO - Successfully sent text to ('id', 'mbno').
2025-07-01 09:57:36 - gst_automation - INFO - ✓ Mobile number filled
2025-07-01 09:57:36 - gst_automation - INFO - Document is in 'complete' ready state.
2025-07-01 09:57:36 - gst_automation - INFO - Successfully sent text to ('id', 'pd_email').
2025-07-01 09:57:36 - gst_automation - INFO - ✓ Email filled
2025-07-01 09:57:36 - gst_automation - INFO - Selecting gender...
2025-07-01 09:57:46 - gst_automation - INFO - ✓ Male gender selected
2025-07-01 09:57:46 - gst_automation - INFO - Filling professional details...
2025-07-01 09:57:46 - gst_automation - INFO - Document is in 'complete' ready state.
2025-07-01 09:57:46 - gst_automation - INFO - Successfully sent text to ('id', 'dg').
2025-07-01 09:57:46 - gst_automation - INFO - ✓ Designation filled
2025-07-01 09:57:46 - gst_automation - INFO - Document is in 'complete' ready state.
2025-07-01 09:57:46 - gst_automation - INFO - Successfully sent text to ('id', 'din').
2025-07-01 09:57:46 - gst_automation - INFO - ✓ Director ID filled
2025-07-01 09:57:46 - gst_automation - INFO - Handling citizenship details...
2025-07-01 09:57:46 - gst_automation - INFO - Document is in 'complete' ready state.
2025-07-01 09:57:46 - gst_automation - INFO - Successfully sent text to ('id', 'pan').
2025-07-01 09:57:46 - gst_automation - INFO - ✓ PAN number filled
2025-07-01 09:57:46 - gst_automation - INFO - Filling address details...
2025-07-01 09:57:46 - gst_automation - INFO - Document is in 'complete' ready state.
2025-07-01 09:57:46 - gst_automation - INFO - Successfully sent text to ('id', 'onMapSerachId').
2025-07-01 09:57:46 - gst_automation - INFO - ✓ Address search field filled
2025-07-01 09:58:01 - gst_automation - INFO - ✓ Address suggestion clicked
2025-07-01 09:58:22 - gst_automation - ERROR - Element ('id', 'confirm-mapquery-btn1') not clickable within 10 seconds
2025-07-01 09:58:22 - gst_automation - INFO - ✓ Address confirmation clicked
2025-07-01 09:58:22 - gst_automation - INFO - Filling building details...
2025-07-01 09:58:22 - gst_automation - INFO - Document is in 'complete' ready state.
2025-07-01 09:58:22 - gst_automation - ERROR - ✗ Failed to fill building number: Message: Element is disabled: <input id="pd_bdnum" class="form-control ng-pristine ng-untouched ng-empty ng-invalid ng-invalid-required ng-valid-pattern ng-valid-maxlength" name="pd_bdnum">
Stacktrace:
RemoteError@chrome://remote/content/shared/RemoteError.sys.mjs:8:8
WebDriverError@chrome://remote/content/shared/webdriver/Errors.sys.mjs:199:5
InvalidElementStateError@chrome://remote/content/shared/webdriver/Errors.sys.mjs:436:5
interaction.clearElement@chrome://remote/content/marionette/interaction.sys.mjs:360:11
clearElement@chrome://remote/content/marionette/actors/MarionetteCommandsChild.sys.mjs:288:22
receiveMessage@chrome://remote/content/marionette/actors/MarionetteCommandsChild.sys.mjs:176:16

2025-07-01 09:58:22 - gst_automation - INFO - Uploading document...
2025-07-01 09:58:22 - gst_automation - INFO - Document is in 'complete' ready state.
2025-07-01 09:58:22 - gst_automation - INFO - Successfully sent text to ('id', 'pd_upload').
2025-07-01 09:58:22 - gst_automation - INFO - ✓ Document uploaded
2025-07-01 09:58:22 - gst_automation - INFO - Handling authorized signatory option...
2025-07-01 09:58:33 - gst_automation - INFO - ✓ Authorized signatory option selected
2025-07-01 09:58:33 - gst_automation - INFO - Successfully completed filling details for Ashish Mehra
2025-07-01 09:58:33 - gst_automation - INFO - Document is in 'complete' ready state.
2025-07-01 09:58:33 - gst_automation - INFO - Successfully clicked ('xpath', '/html/body/div[2]/div/div/div[3]/form/div[2]/div[2]/div/button[3]').
2025-07-01 09:58:33 - gst_automation - INFO - Successfully clicked Save & Continue for promoter 1
2025-07-01 09:58:35 - gst_automation - INFO - All promoters processed. Clicking final Save & Continue button.
2025-07-01 09:58:47 - gst_automation - INFO - Filling details for promoter: Ashish Mehra
2025-07-01 09:58:57 - gst_automation - INFO - Filling personal information...
2025-07-01 09:58:57 - gst_automation - INFO - Document is in 'complete' ready state.
2025-07-01 09:58:57 - gst_automation - INFO - Successfully sent text to ('id', 'fnm').
2025-07-01 09:58:57 - gst_automation - INFO - ✓ First name filled
2025-07-01 09:58:57 - gst_automation - INFO - Document is in 'complete' ready state.
2025-07-01 09:58:57 - gst_automation - INFO - Successfully sent text to ('id', 'pd_mname').
2025-07-01 09:58:57 - gst_automation - INFO - ✓ Middle name filled
2025-07-01 09:58:57 - gst_automation - INFO - Document is in 'complete' ready state.
2025-07-01 09:58:57 - gst_automation - INFO - Successfully sent text to ('id', 'pd_lname').
2025-07-01 09:58:57 - gst_automation - INFO - ✓ Last name filled
2025-07-01 09:58:57 - gst_automation - INFO - Filling father details...
2025-07-01 09:58:57 - gst_automation - INFO - Document is in 'complete' ready state.
2025-07-01 09:58:57 - gst_automation - INFO - Successfully sent text to ('id', 'ffname').
2025-07-01 09:58:57 - gst_automation - INFO - ✓ Father first name filled
2025-07-01 09:58:57 - gst_automation - INFO - Document is in 'complete' ready state.
2025-07-01 09:58:57 - gst_automation - INFO - Successfully sent text to ('id', 'pd_fmname').
2025-07-01 09:58:57 - gst_automation - INFO - ✓ Father middle name filled
2025-07-01 09:58:57 - gst_automation - INFO - Document is in 'complete' ready state.
2025-07-01 09:58:57 - gst_automation - INFO - Successfully sent text to ('id', 'pd_flname').
2025-07-01 09:58:57 - gst_automation - INFO - ✓ Father last name filled
2025-07-01 09:58:57 - gst_automation - INFO - Filling additional personal details...
2025-07-01 09:58:57 - gst_automation - INFO - Document is in 'complete' ready state.
2025-07-01 09:58:57 - gst_automation - INFO - Successfully sent text to ('id', 'dob').
2025-07-01 09:58:57 - gst_automation - INFO - ✓ Date of birth filled
2025-07-01 09:58:57 - gst_automation - INFO - Document is in 'complete' ready state.
2025-07-01 09:58:57 - gst_automation - INFO - Successfully sent text to ('id', 'mbno').
2025-07-01 09:58:57 - gst_automation - INFO - ✓ Mobile number filled
2025-07-01 09:58:57 - gst_automation - INFO - Document is in 'complete' ready state.
2025-07-01 09:58:57 - gst_automation - INFO - Successfully sent text to ('id', 'pd_email').
2025-07-01 09:58:57 - gst_automation - INFO - ✓ Email filled
2025-07-01 09:58:57 - gst_automation - INFO - Selecting gender...
2025-07-01 09:59:08 - gst_automation - INFO - ✓ Male gender selected
2025-07-01 09:59:08 - gst_automation - INFO - Filling professional details...
2025-07-01 09:59:08 - gst_automation - INFO - Document is in 'complete' ready state.
2025-07-01 09:59:08 - gst_automation - INFO - Successfully sent text to ('id', 'dg').
2025-07-01 09:59:08 - gst_automation - INFO - ✓ Designation filled
2025-07-01 09:59:08 - gst_automation - INFO - Document is in 'complete' ready state.
2025-07-01 09:59:08 - gst_automation - INFO - Successfully sent text to ('id', 'din').
2025-07-01 09:59:08 - gst_automation - INFO - ✓ Director ID filled
2025-07-01 09:59:08 - gst_automation - INFO - Handling citizenship details...
2025-07-01 09:59:08 - gst_automation - INFO - Document is in 'complete' ready state.
2025-07-01 09:59:08 - gst_automation - INFO - Successfully sent text to ('id', 'pan').
2025-07-01 09:59:08 - gst_automation - INFO - ✓ PAN number filled
2025-07-01 09:59:08 - gst_automation - INFO - Filling address details...
2025-07-01 09:59:08 - gst_automation - INFO - Document is in 'complete' ready state.
2025-07-01 09:59:10 - gst_automation - INFO - Successfully sent text to ('id', 'onMapSerachId').
2025-07-01 09:59:10 - gst_automation - INFO - ✓ Address search field filled
2025-07-01 09:59:33 - gst_automation - ERROR - Element ('xpath', "//*[text()='110']") not clickable within 10 seconds
2025-07-01 09:59:33 - gst_automation - INFO - ✓ Address suggestion clicked
2025-07-01 09:59:54 - gst_automation - ERROR - Element ('id', 'confirm-mapquery-btn1') not clickable within 10 seconds
2025-07-01 09:59:54 - gst_automation - INFO - ✓ Address confirmation clicked
2025-07-01 09:59:54 - gst_automation - INFO - Filling building details...
2025-07-01 09:59:54 - gst_automation - INFO - Document is in 'complete' ready state.
2025-07-01 09:59:54 - gst_automation - ERROR - ✗ Failed to fill building number: Message: Element is disabled: <input id="pd_bdnum" class="form-control ng-pristine ng-untouched ng-empty ng-invalid ng-invalid-required ng-valid-pattern ng-valid-maxlength" name="pd_bdnum">
Stacktrace:
RemoteError@chrome://remote/content/shared/RemoteError.sys.mjs:8:8
WebDriverError@chrome://remote/content/shared/webdriver/Errors.sys.mjs:199:5
InvalidElementStateError@chrome://remote/content/shared/webdriver/Errors.sys.mjs:436:5
interaction.clearElement@chrome://remote/content/marionette/interaction.sys.mjs:360:11
clearElement@chrome://remote/content/marionette/actors/MarionetteCommandsChild.sys.mjs:288:22
receiveMessage@chrome://remote/content/marionette/actors/MarionetteCommandsChild.sys.mjs:176:16

2025-07-01 09:59:54 - gst_automation - INFO - Uploading document...
2025-07-01 09:59:54 - gst_automation - INFO - Document is in 'complete' ready state.
2025-07-01 10:00:08 - gst_automation - INFO - Filling details for promoter: Ashish Mehra
2025-07-01 10:00:18 - gst_automation - INFO - Filling personal information...
2025-07-01 10:00:18 - gst_automation - INFO - Document is in 'complete' ready state.
2025-07-01 10:00:18 - gst_automation - INFO - Successfully sent text to ('id', 'fnm').
2025-07-01 10:00:18 - gst_automation - INFO - ✓ First name filled
2025-07-01 10:00:18 - gst_automation - INFO - Document is in 'complete' ready state.
2025-07-01 10:00:18 - gst_automation - INFO - Successfully sent text to ('id', 'pd_mname').
2025-07-01 10:00:18 - gst_automation - INFO - ✓ Middle name filled
2025-07-01 10:00:18 - gst_automation - INFO - Document is in 'complete' ready state.
2025-07-01 10:00:18 - gst_automation - INFO - Successfully sent text to ('id', 'pd_lname').
2025-07-01 10:00:18 - gst_automation - INFO - ✓ Last name filled
2025-07-01 10:00:18 - gst_automation - INFO - Filling father details...
2025-07-01 10:00:18 - gst_automation - INFO - Document is in 'complete' ready state.
2025-07-01 10:00:18 - gst_automation - INFO - Successfully sent text to ('id', 'ffname').
2025-07-01 10:00:18 - gst_automation - INFO - ✓ Father first name filled
2025-07-01 10:00:18 - gst_automation - INFO - Document is in 'complete' ready state.
2025-07-01 10:00:18 - gst_automation - INFO - Successfully sent text to ('id', 'pd_fmname').
2025-07-01 10:00:18 - gst_automation - INFO - ✓ Father middle name filled
2025-07-01 10:00:18 - gst_automation - INFO - Document is in 'complete' ready state.
2025-07-01 10:00:18 - gst_automation - INFO - Successfully sent text to ('id', 'pd_flname').
2025-07-01 10:00:18 - gst_automation - INFO - ✓ Father last name filled
2025-07-01 10:00:18 - gst_automation - INFO - Filling additional personal details...
2025-07-01 10:00:18 - gst_automation - INFO - Document is in 'complete' ready state.
2025-07-01 10:00:18 - gst_automation - INFO - Successfully sent text to ('id', 'dob').
2025-07-01 10:00:18 - gst_automation - INFO - ✓ Date of birth filled
2025-07-01 10:00:18 - gst_automation - INFO - Document is in 'complete' ready state.
2025-07-01 10:00:18 - gst_automation - INFO - Successfully sent text to ('id', 'mbno').
2025-07-01 10:00:18 - gst_automation - INFO - ✓ Mobile number filled
2025-07-01 10:00:18 - gst_automation - INFO - Document is in 'complete' ready state.
2025-07-01 10:00:18 - gst_automation - INFO - Successfully sent text to ('id', 'pd_email').
2025-07-01 10:00:18 - gst_automation - INFO - ✓ Email filled
2025-07-01 10:00:18 - gst_automation - INFO - Selecting gender...
2025-07-01 10:00:29 - gst_automation - INFO - ✓ Male gender selected
2025-07-01 10:00:29 - gst_automation - INFO - Filling professional details...
2025-07-01 10:00:29 - gst_automation - INFO - Document is in 'complete' ready state.
2025-07-01 10:00:29 - gst_automation - INFO - Successfully sent text to ('id', 'dg').
2025-07-01 10:00:29 - gst_automation - INFO - ✓ Designation filled
2025-07-01 10:00:29 - gst_automation - INFO - Document is in 'complete' ready state.
2025-07-01 10:00:29 - gst_automation - INFO - Successfully sent text to ('id', 'din').
2025-07-01 10:00:29 - gst_automation - INFO - ✓ Director ID filled
2025-07-01 10:00:29 - gst_automation - INFO - Handling citizenship details...
2025-07-01 10:00:29 - gst_automation - INFO - Document is in 'complete' ready state.
2025-07-01 10:00:29 - gst_automation - INFO - Successfully sent text to ('id', 'pan').
2025-07-01 10:00:29 - gst_automation - INFO - ✓ PAN number filled
2025-07-01 10:00:29 - gst_automation - INFO - Filling address details...
2025-07-01 10:00:29 - gst_automation - INFO - Document is in 'complete' ready state.
2025-07-01 10:00:29 - gst_automation - INFO - Successfully sent text to ('id', 'onMapSerachId').
2025-07-01 10:00:29 - gst_automation - INFO - ✓ Address search field filled
2025-07-01 10:00:42 - gst_automation - INFO - ✓ Address suggestion clicked
2025-07-01 10:01:03 - gst_automation - ERROR - Element ('id', 'confirm-mapquery-btn1') not clickable within 10 seconds
2025-07-01 10:01:03 - gst_automation - INFO - ✓ Address confirmation clicked
2025-07-01 10:01:03 - gst_automation - INFO - Filling building details...
2025-07-01 10:01:03 - gst_automation - INFO - Document is in 'complete' ready state.
2025-07-01 10:01:03 - gst_automation - ERROR - ✗ Failed to fill building number: Message: Element is disabled: <input id="pd_bdnum" class="form-control ng-pristine ng-untouched ng-empty ng-invalid ng-invalid-required ng-valid-pattern ng-valid-maxlength" name="pd_bdnum">
Stacktrace:
RemoteError@chrome://remote/content/shared/RemoteError.sys.mjs:8:8
WebDriverError@chrome://remote/content/shared/webdriver/Errors.sys.mjs:199:5
InvalidElementStateError@chrome://remote/content/shared/webdriver/Errors.sys.mjs:436:5
interaction.clearElement@chrome://remote/content/marionette/interaction.sys.mjs:360:11
clearElement@chrome://remote/content/marionette/actors/MarionetteCommandsChild.sys.mjs:288:22
receiveMessage@chrome://remote/content/marionette/actors/MarionetteCommandsChild.sys.mjs:176:16

2025-07-01 10:01:03 - gst_automation - INFO - Uploading document...
2025-07-01 10:01:03 - gst_automation - INFO - Document is in 'complete' ready state.
2025-07-01 10:01:33 - gst_automation - ERROR - Element ('id', 'pd_upload') not visible within 30s.
2025-07-01 10:01:33 - gst_automation - ERROR - ✗ Failed to upload document: Message: Failed to send text to ('id', 'pd_upload') after 5 retries.

2025-07-01 10:01:33 - gst_automation - INFO - Handling authorized signatory option...
2025-07-01 10:01:44 - gst_automation - INFO - ✓ Authorized signatory option selected
2025-07-01 10:01:44 - gst_automation - INFO - Successfully completed filling details for Ashish Mehra
2025-07-01 10:01:44 - gst_automation - INFO - Document is in 'complete' ready state.
2025-07-01 10:01:44 - gst_automation - INFO - Successfully clicked ('xpath', '/html/body/div[2]/div/div/div[3]/form/div[2]/div[2]/div/button[3]').
2025-07-01 10:01:44 - gst_automation - INFO - Successfully clicked Save & Continue for promoter 1
2025-07-01 10:01:46 - gst_automation - INFO - All promoters processed. Clicking final Save & Continue button.
2025-07-01 10:02:22 - gst_automation - ERROR - Could not click the final 'Save & Continue' button: Message: 
Stacktrace:
RemoteError@chrome://remote/content/shared/RemoteError.sys.mjs:8:8
WebDriverError@chrome://remote/content/shared/webdriver/Errors.sys.mjs:199:5
NoSuchElementError@chrome://remote/content/shared/webdriver/Errors.sys.mjs:552:5
dom.find/</<@chrome://remote/content/shared/DOM.sys.mjs:136:16

2025-07-01 10:04:07 - gst_automation - INFO - Filling details for promoter: Ashish Mehra
2025-07-01 10:04:18 - gst_automation - INFO - Filling personal information...
2025-07-01 10:04:18 - gst_automation - INFO - Document is in 'complete' ready state.
2025-07-01 10:04:18 - gst_automation - INFO - Successfully sent text to ('id', 'fnm').
2025-07-01 10:04:18 - gst_automation - INFO - ✓ First name filled
2025-07-01 10:04:18 - gst_automation - INFO - Document is in 'complete' ready state.
2025-07-01 10:04:18 - gst_automation - INFO - Successfully sent text to ('id', 'pd_mname').
2025-07-01 10:04:18 - gst_automation - INFO - ✓ Middle name filled
2025-07-01 10:04:18 - gst_automation - INFO - Document is in 'complete' ready state.
2025-07-01 10:04:18 - gst_automation - INFO - Successfully sent text to ('id', 'pd_lname').
2025-07-01 10:04:18 - gst_automation - INFO - ✓ Last name filled
2025-07-01 10:04:18 - gst_automation - INFO - Filling father details...
2025-07-01 10:04:18 - gst_automation - INFO - Document is in 'complete' ready state.
2025-07-01 10:04:18 - gst_automation - INFO - Successfully sent text to ('id', 'ffname').
2025-07-01 10:04:18 - gst_automation - INFO - ✓ Father first name filled
2025-07-01 10:04:18 - gst_automation - INFO - Document is in 'complete' ready state.
2025-07-01 10:04:18 - gst_automation - INFO - Successfully sent text to ('id', 'pd_fmname').
2025-07-01 10:04:18 - gst_automation - INFO - ✓ Father middle name filled
2025-07-01 10:04:18 - gst_automation - INFO - Document is in 'complete' ready state.
2025-07-01 10:04:18 - gst_automation - INFO - Successfully sent text to ('id', 'pd_flname').
2025-07-01 10:04:18 - gst_automation - INFO - ✓ Father last name filled
2025-07-01 10:04:18 - gst_automation - INFO - Filling additional personal details...
2025-07-01 10:04:18 - gst_automation - INFO - Document is in 'complete' ready state.
2025-07-01 10:04:18 - gst_automation - INFO - Successfully sent text to ('id', 'dob').
2025-07-01 10:04:18 - gst_automation - INFO - ✓ Date of birth filled
2025-07-01 10:04:18 - gst_automation - INFO - Document is in 'complete' ready state.
2025-07-01 10:04:18 - gst_automation - INFO - Successfully sent text to ('id', 'mbno').
2025-07-01 10:04:18 - gst_automation - INFO - ✓ Mobile number filled
2025-07-01 10:04:18 - gst_automation - INFO - Document is in 'complete' ready state.
2025-07-01 10:04:18 - gst_automation - INFO - Successfully sent text to ('id', 'pd_email').
2025-07-01 10:04:18 - gst_automation - INFO - ✓ Email filled
2025-07-01 10:04:18 - gst_automation - INFO - Selecting gender...
2025-07-01 10:04:28 - gst_automation - INFO - ✓ Male gender selected
2025-07-01 10:04:28 - gst_automation - INFO - Filling professional details...
2025-07-01 10:04:28 - gst_automation - INFO - Document is in 'complete' ready state.
2025-07-01 10:04:28 - gst_automation - INFO - Successfully sent text to ('id', 'dg').
2025-07-01 10:04:28 - gst_automation - INFO - ✓ Designation filled
2025-07-01 10:04:28 - gst_automation - INFO - Document is in 'complete' ready state.
2025-07-01 10:04:28 - gst_automation - INFO - Successfully sent text to ('id', 'din').
2025-07-01 10:04:28 - gst_automation - INFO - ✓ Director ID filled
2025-07-01 10:04:28 - gst_automation - INFO - Handling citizenship details...
2025-07-01 10:04:28 - gst_automation - INFO - Document is in 'complete' ready state.
2025-07-01 10:04:28 - gst_automation - INFO - Successfully sent text to ('id', 'pan').
2025-07-01 10:04:28 - gst_automation - INFO - ✓ PAN number filled
2025-07-01 10:04:28 - gst_automation - INFO - Filling address details...
2025-07-01 10:04:28 - gst_automation - INFO - Document is in 'complete' ready state.
2025-07-01 10:04:29 - gst_automation - INFO - Successfully sent text to ('id', 'onMapSerachId').
2025-07-01 10:04:29 - gst_automation - INFO - ✓ Address search field filled
2025-07-01 10:04:42 - gst_automation - INFO - ✓ Address suggestion clicked
2025-07-01 10:04:53 - gst_automation - INFO - ✓ Address confirmation clicked
2025-07-01 10:04:53 - gst_automation - INFO - Filling building details...
2025-07-01 10:04:53 - gst_automation - INFO - Document is in 'complete' ready state.
2025-07-01 10:04:53 - gst_automation - INFO - Successfully sent text to ('id', 'pd_bdnum').
2025-07-01 10:04:53 - gst_automation - INFO - ✓ Building number filled
2025-07-01 10:04:53 - gst_automation - INFO - Uploading document...
2025-07-01 10:04:53 - gst_automation - INFO - Document is in 'complete' ready state.
2025-07-01 10:05:23 - gst_automation - ERROR - Element ('id', 'pd_upload') not visible within 30s.
2025-07-01 10:05:23 - gst_automation - ERROR - ✗ Failed to upload document: Message: Failed to send text to ('id', 'pd_upload') after 5 retries.

2025-07-01 10:05:23 - gst_automation - INFO - Handling authorized signatory option...
2025-07-01 10:05:34 - gst_automation - INFO - ✓ Authorized signatory option selected
2025-07-01 10:05:34 - gst_automation - INFO - Successfully completed filling details for Ashish Mehra
2025-07-01 10:05:34 - gst_automation - INFO - Document is in 'complete' ready state.
2025-07-01 10:05:36 - gst_automation - INFO - Successfully clicked ('xpath', '/html/body/div[2]/div/div/div[3]/form/div[2]/div[2]/div/button[3]').
2025-07-01 10:05:36 - gst_automation - INFO - Successfully clicked Save & Continue for promoter 1
2025-07-01 10:05:38 - gst_automation - INFO - All promoters processed. Clicking final Save & Continue button.
2025-07-01 10:05:55 - gst_automation - INFO - Successfully clicked final Save & Continue.
2025-07-01 10:06:50 - gst_automation - INFO - Starting to fill details for 1 authorized signatories
2025-07-01 10:06:50 - gst_automation - INFO - Processing signatory 1/1: 
2025-07-01 10:06:50 - gst_automation - INFO - Filling details for signatory:  
2025-07-01 10:06:51 - gst_automation - INFO - Document is in 'complete' ready state.
2025-07-01 10:06:51 - gst_automation - INFO - Successfully clicked ('xpath', '/html/body/div[2]/div/div/div[3]/form/div[2]/fieldset[2]/div/div[2]/div/fieldset/div/select/option[2]').
2025-07-01 10:06:51 - gst_automation - INFO - Last signatory processed. Clicking final 'Save & Continue'.
2025-07-01 10:06:52 - gst_automation - INFO - Successfully clicked final 'Save & Continue' for Authorized Signatory section.
2025-07-01 10:06:55 - gst_automation - INFO - Completed authorized signatory details filling process
2025-07-01 10:07:01 - gst_automation - INFO - Document is in 'complete' ready state.
2025-07-01 10:07:03 - gst_automation - INFO - Successfully clicked ('xpath', '/html/body/div[2]/div/div/div[3]/form/div[2]/div[3]/div/button[3]').
2025-07-01 10:07:11 - gst_automation - INFO - Document is in 'complete' ready state.
2025-07-01 10:07:11 - gst_automation - INFO - Successfully clicked ('xpath', '/html/body/div[2]/div/div/div[3]/form/div/div/button[2]').
2025-07-01 10:07:18 - gst_automation - INFO - Document is in 'complete' ready state.
2025-07-01 10:07:21 - gst_automation - INFO - Successfully sent text to ('id', 'onMapSerachId').
2025-07-01 10:07:23 - gst_automation - INFO - Document is in 'complete' ready state.
2025-07-01 10:07:25 - gst_automation - INFO - Successfully clicked ('xpath', "//*[text()='110071']").
2025-07-01 10:07:27 - gst_automation - INFO - Document is in 'complete' ready state.
2025-07-01 10:07:28 - gst_automation - INFO - Successfully clicked ('id', 'confirm-mapquery-btn3').
2025-07-01 10:07:28 - gst_automation - INFO - Document is in 'complete' ready state.
2025-07-01 10:07:29 - gst_automation - INFO - Successfully sent text to ('id', 'pncd').
2025-07-01 10:07:31 - gst_automation - INFO - Document is in 'complete' ready state.
2025-07-01 10:07:35 - gst_automation - INFO - Successfully sent text to ('id', 'dst').
2025-07-01 10:07:37 - gst_automation - INFO - Document is in 'complete' ready state.
2025-07-01 10:07:38 - gst_automation - INFO - Successfully sent text to ('id', 'loc').
2025-07-01 10:07:40 - gst_automation - INFO - Document is in 'complete' ready state.
2025-07-01 10:07:40 - gst_automation - INFO - Successfully sent text to ('id', 'st').
2025-07-01 10:07:42 - gst_automation - INFO - Document is in 'complete' ready state.
2025-07-01 10:07:42 - gst_automation - INFO - Successfully sent text to ('id', 'bno').
2025-07-01 10:07:48 - gst_automation - INFO - Document is in 'complete' ready state.
2025-07-01 10:07:48 - gst_automation - INFO - Successfully clicked ('id', 'bp_flrnum').
2025-07-01 10:07:50 - gst_automation - INFO - Document is in 'complete' ready state.
2025-07-01 10:07:50 - gst_automation - INFO - Successfully clicked ('xpath', "//*[text()='Ward 1']").
2025-07-01 10:07:51 - gst_automation - INFO - Document is in 'complete' ready state.
2025-07-01 10:07:51 - gst_automation - INFO - Successfully clicked ('xpath', "//*[text()='DELHI SOUTH']").
2025-07-01 10:07:53 - gst_automation - INFO - Document is in 'complete' ready state.
2025-07-01 10:07:54 - gst_automation - INFO - Successfully clicked ('xpath', "//*[text()='DWARKA']").
2025-07-01 10:07:56 - gst_automation - INFO - Document is in 'complete' ready state.
2025-07-01 10:07:57 - gst_automation - INFO - Successfully clicked ('xpath', "//*[text()='RANGE - 81']").
2025-07-01 10:07:59 - gst_automation - INFO - Document is in 'complete' ready state.
2025-07-01 10:07:59 - gst_automation - INFO - Successfully clicked ('xpath', "//*[text()='Others']").
2025-07-01 10:08:01 - gst_automation - INFO - Document is in 'complete' ready state.
2025-07-01 10:08:01 - gst_automation - INFO - Successfully clicked ('xpath', "//*[text()='Legal ownership document']").
2025-07-01 10:27:33 - gst_automation - INFO - Document is in 'complete' ready state.
2025-07-01 10:28:06 - gst_automation - INFO - Document is in 'complete' ready state.
2025-07-01 10:28:07 - gst_automation - INFO - Successfully clicked ('xpath', "//*[text()='Taxpayer']").
2025-07-01 10:28:07 - gst_automation - INFO - Document is in 'complete' ready state.
2025-07-01 10:28:07 - gst_automation - INFO - Successfully clicked ('xpath', "//*[text()='Delhi']").
2025-07-01 10:28:15 - gst_automation - INFO - Document is in 'complete' ready state.
2025-07-01 10:28:15 - gst_automation - INFO - Successfully clicked ('xpath', "//*[text()='South West Delhi']").
2025-07-01 10:28:15 - gst_automation - INFO - Document is in 'complete' ready state.
2025-07-01 10:28:15 - gst_automation - INFO - Successfully sent text to ('id', 'bnm').
2025-07-01 10:28:19 - gst_automation - INFO - Document is in 'complete' ready state.
2025-07-01 10:28:19 - gst_automation - INFO - Successfully sent text to ('id', 'pan_card').
2025-07-01 10:28:19 - gst_automation - INFO - Document is in 'complete' ready state.
2025-07-01 10:28:19 - gst_automation - INFO - Successfully sent text to ('id', 'email').
2025-07-01 10:28:21 - gst_automation - INFO - Document is in 'complete' ready state.
2025-07-01 10:28:21 - gst_automation - INFO - Successfully sent text to ('id', 'mobile').
2025-07-01 10:28:21 - gst_automation - INFO - Document is in 'complete' ready state.
2025-07-01 10:28:21 - gst_automation - INFO - Solving captcha via TrueCaptcha API...
2025-07-01 10:28:21 - gst_automation - INFO - Found captcha image element with ID 'imgCaptcha'.
2025-07-01 10:28:23 - gst_automation - INFO - CAPTCHA solved by API: 931086
2025-07-01 10:28:23 - gst_automation - INFO - Document is in 'complete' ready state.
2025-07-01 10:28:23 - gst_automation - INFO - Successfully sent text to ('id', 'captcha').
2025-07-01 10:28:23 - gst_automation - INFO - CAPTCHA text entered successfully.
2025-07-01 10:28:25 - gst_automation - INFO - Document is in 'complete' ready state.
2025-07-01 10:28:25 - gst_automation - INFO - Successfully clicked ('xpath', '/html/body/div[2]/div[2]/div/div[2]/div/form/div[2]/div/div[2]/div/button').
2025-07-01 10:29:14 - gst_automation - INFO - Document is in 'complete' ready state.
2025-07-01 10:29:14 - gst_automation - INFO - Successfully clicked ('xpath', '/html/body/div[2]/div[2]/div/div[2]/div/div[2]/div/form/div/div/button').
2025-07-01 10:29:22 - gst_automation - INFO - Document is in 'complete' ready state.
2025-07-01 10:29:22 - gst_automation - INFO - Successfully clicked ('xpath', '/html/body/div[2]/div[2]/div/div[2]/div/div[2]/div/div[2]/div/a').
2025-07-01 10:29:45 - gst_automation - INFO - Document is in 'complete' ready state.
2025-07-01 10:29:45 - gst_automation - INFO - Solving captcha via TrueCaptcha API...
2025-07-01 10:29:45 - gst_automation - INFO - Found visible CAPTCHA image with ID 'imgCaptcha'.
2025-07-01 10:29:47 - gst_automation - INFO - CAPTCHA solved: 484270
2025-07-01 10:29:47 - gst_automation - INFO - Document is in 'complete' ready state.
2025-07-01 10:29:47 - gst_automation - INFO - Successfully sent text to ('id', 'captchatrn').
2025-07-01 10:29:47 - gst_automation - INFO - CAPTCHA entered successfully into input with ID 'captchatrn'.
2025-07-01 10:29:49 - gst_automation - INFO - Document is in 'complete' ready state.
2025-07-01 10:29:49 - gst_automation - INFO - Successfully clicked ('xpath', '/html/body/div[2]/div[2]/div/div[2]/div/form/div[2]/div/div[2]/div/button').
2025-07-01 10:30:05 - gst_automation - INFO - Document is in 'complete' ready state.
2025-07-01 10:30:07 - gst_automation - INFO - Successfully clicked ('xpath', '/html/body/div[2]/div[2]/div/div[2]/div/div[2]/div/form/div/div/button').
2025-07-01 10:30:14 - gst_automation - INFO - Document is in 'complete' ready state.
2025-07-01 10:30:14 - gst_automation - INFO - Successfully clicked ('xpath', '/html/body/div[2]/div[1]/div/div[3]/div[2]/div/div/table/tbody/tr/td[6]/button').
2025-07-01 10:30:22 - gst_automation - INFO - Document is in 'complete' ready state.
2025-07-01 10:30:22 - gst_automation - INFO - Successfully sent text to ('id', 'tnm').
2025-07-01 10:30:26 - gst_automation - INFO - Document is in 'complete' ready state.
2025-07-01 10:30:27 - gst_automation - INFO - Successfully clicked ('xpath', "//*[text()='Others']").
2025-07-01 10:30:28 - gst_automation - INFO - Document is in 'complete' ready state.
2025-07-01 10:30:28 - gst_automation - INFO - Successfully sent text to ('id', 'bd_ConstBuss_oth').
2025-07-01 10:30:29 - gst_automation - INFO - Document is in 'complete' ready state.
2025-07-01 10:30:29 - gst_automation - INFO - Successfully clicked ('xpath', "//*[text()='Voluntary Basis']").
2025-07-01 10:30:30 - gst_automation - INFO - Document is in 'complete' ready state.
2025-07-01 10:30:30 - gst_automation - INFO - Successfully sent text to ('id', 'bd_cmbz').
2025-07-01 10:30:31 - gst_automation - INFO - Document is in 'complete' ready state.
2025-07-01 10:30:32 - gst_automation - INFO - Successfully clicked ('xpath', '/html/body/div[2]/div/div/div[3]/form/fieldset/div[1]/div[8]/div/div[1]/select/option[16]').
2025-07-01 10:30:33 - gst_automation - INFO - Document is in 'complete' ready state.
2025-07-01 10:30:33 - gst_automation - INFO - Successfully sent text to ('id', 'bd_othrReg').
2025-07-01 10:30:34 - gst_automation - INFO - Document is in 'complete' ready state.
2025-07-01 10:30:34 - gst_automation - INFO - Successfully sent text to ('id', 'exno').
2025-07-01 10:30:35 - gst_automation - INFO - Document is in 'complete' ready state.
2025-07-01 10:30:35 - gst_automation - INFO - Successfully sent text to ('id', 'exdt').
2025-07-01 10:30:37 - gst_automation - INFO - Document is in 'complete' ready state.
2025-07-01 10:30:37 - gst_automation - INFO - Successfully clicked ('xpath', '/html/body/div[2]/div/div/div[3]/form/fieldset/div[1]/div[8]/div/div[5]/button[1]').
2025-07-01 10:30:40 - gst_automation - INFO - Document is in 'complete' ready state.
2025-07-01 10:30:40 - gst_automation - INFO - Successfully clicked ('xpath', "//*[text()='Registration Certificate']").
2025-07-01 10:30:46 - gst_automation - INFO - Document is in 'complete' ready state.
2025-07-01 10:30:46 - gst_automation - INFO - Successfully clicked ('xpath', '/html/body/div[2]/div/div/div[3]/form/div/div/button[2]').
2025-07-01 10:30:49 - gst_automation - INFO - Filling details for promoter: Ashish Mehra
2025-07-01 10:30:59 - gst_automation - INFO - Filling personal information...
2025-07-01 10:30:59 - gst_automation - INFO - Document is in 'complete' ready state.
2025-07-01 10:30:59 - gst_automation - INFO - Successfully sent text to ('id', 'fnm').
2025-07-01 10:30:59 - gst_automation - INFO - ✓ First name filled
2025-07-01 10:30:59 - gst_automation - INFO - Document is in 'complete' ready state.
2025-07-01 10:30:59 - gst_automation - INFO - Successfully sent text to ('id', 'pd_mname').
2025-07-01 10:30:59 - gst_automation - INFO - ✓ Middle name filled
2025-07-01 10:30:59 - gst_automation - INFO - Document is in 'complete' ready state.
2025-07-01 10:30:59 - gst_automation - INFO - Successfully sent text to ('id', 'pd_lname').
2025-07-01 10:30:59 - gst_automation - INFO - ✓ Last name filled
2025-07-01 10:30:59 - gst_automation - INFO - Filling father details...
2025-07-01 10:30:59 - gst_automation - INFO - Document is in 'complete' ready state.
2025-07-01 10:30:59 - gst_automation - INFO - Successfully sent text to ('id', 'ffname').
2025-07-01 10:30:59 - gst_automation - INFO - ✓ Father first name filled
2025-07-01 10:30:59 - gst_automation - INFO - Document is in 'complete' ready state.
2025-07-01 10:30:59 - gst_automation - INFO - Successfully sent text to ('id', 'pd_fmname').
2025-07-01 10:30:59 - gst_automation - INFO - ✓ Father middle name filled
2025-07-01 10:30:59 - gst_automation - INFO - Document is in 'complete' ready state.
2025-07-01 10:30:59 - gst_automation - INFO - Successfully sent text to ('id', 'pd_flname').
2025-07-01 10:30:59 - gst_automation - INFO - ✓ Father last name filled
2025-07-01 10:30:59 - gst_automation - INFO - Filling additional personal details...
2025-07-01 10:30:59 - gst_automation - INFO - Document is in 'complete' ready state.
2025-07-01 10:30:59 - gst_automation - INFO - Successfully sent text to ('id', 'dob').
2025-07-01 10:30:59 - gst_automation - INFO - ✓ Date of birth filled
2025-07-01 10:30:59 - gst_automation - INFO - Document is in 'complete' ready state.
2025-07-01 10:30:59 - gst_automation - INFO - Successfully sent text to ('id', 'mbno').
2025-07-01 10:30:59 - gst_automation - INFO - ✓ Mobile number filled
2025-07-01 10:30:59 - gst_automation - INFO - Document is in 'complete' ready state.
2025-07-01 10:30:59 - gst_automation - INFO - Successfully sent text to ('id', 'pd_email').
2025-07-01 10:30:59 - gst_automation - INFO - ✓ Email filled
2025-07-01 10:30:59 - gst_automation - INFO - Selecting gender...
2025-07-01 10:31:10 - gst_automation - INFO - ✓ Male gender selected
2025-07-01 10:31:10 - gst_automation - INFO - Filling professional details...
2025-07-01 10:31:10 - gst_automation - INFO - Document is in 'complete' ready state.
2025-07-01 10:31:10 - gst_automation - INFO - Successfully sent text to ('id', 'dg').
2025-07-01 10:31:10 - gst_automation - INFO - ✓ Designation filled
2025-07-01 10:31:10 - gst_automation - INFO - Document is in 'complete' ready state.
2025-07-01 10:31:10 - gst_automation - INFO - Successfully sent text to ('id', 'din').
2025-07-01 10:31:10 - gst_automation - INFO - ✓ Director ID filled
2025-07-01 10:31:10 - gst_automation - INFO - Handling citizenship details...
2025-07-01 10:31:10 - gst_automation - INFO - Document is in 'complete' ready state.
2025-07-01 10:31:10 - gst_automation - INFO - Successfully sent text to ('id', 'pan').
2025-07-01 10:31:10 - gst_automation - INFO - ✓ PAN number filled
2025-07-01 10:31:10 - gst_automation - INFO - Filling address details...
2025-07-01 10:31:10 - gst_automation - INFO - Document is in 'complete' ready state.
2025-07-01 10:31:10 - gst_automation - INFO - Successfully sent text to ('id', 'onMapSerachId').
2025-07-01 10:31:10 - gst_automation - INFO - ✓ Address search field filled
2025-07-01 10:31:24 - gst_automation - INFO - ✓ Address suggestion clicked
2025-07-01 10:31:36 - gst_automation - INFO - ✓ Address confirmation clicked
2025-07-01 10:31:36 - gst_automation - INFO - Filling building details...
2025-07-01 10:31:36 - gst_automation - INFO - Document is in 'complete' ready state.
2025-07-01 10:31:36 - gst_automation - INFO - Successfully sent text to ('id', 'pd_bdnum').
2025-07-01 10:31:36 - gst_automation - INFO - ✓ Building number filled
2025-07-01 10:31:36 - gst_automation - INFO - Uploading document...
2025-07-01 10:31:36 - gst_automation - INFO - Document is in 'complete' ready state.
2025-07-01 10:31:36 - gst_automation - INFO - Successfully sent text to ('id', 'pd_upload').
2025-07-01 10:31:36 - gst_automation - INFO - ✓ Document uploaded
2025-07-01 10:31:36 - gst_automation - INFO - Handling authorized signatory option...
2025-07-01 10:31:46 - gst_automation - INFO - ✓ Authorized signatory option selected
2025-07-01 10:31:46 - gst_automation - INFO - Successfully completed filling details for Ashish Mehra
2025-07-01 10:31:46 - gst_automation - INFO - Document is in 'complete' ready state.
2025-07-01 10:31:49 - gst_automation - INFO - Successfully clicked ('xpath', '/html/body/div[2]/div/div/div[3]/form/div[2]/div[2]/div/button[3]').
2025-07-01 10:31:49 - gst_automation - INFO - Successfully clicked Save & Continue for promoter 1
2025-07-01 10:31:51 - gst_automation - INFO - All promoters processed. Clicking final Save & Continue button.
2025-07-01 10:32:06 - gst_automation - INFO - Successfully clicked final Save & Continue.
2025-07-01 10:32:06 - gst_automation - INFO - Starting to fill details for 1 authorized signatories
2025-07-01 10:32:06 - gst_automation - INFO - Processing signatory 1/1: 
2025-07-01 10:32:06 - gst_automation - INFO - Filling details for signatory:  
2025-07-01 10:32:08 - gst_automation - INFO - Document is in 'complete' ready state.
2025-07-01 10:32:08 - gst_automation - INFO - Successfully clicked ('xpath', '/html/body/div[2]/div/div/div[3]/form/div[2]/fieldset[2]/div/div[2]/div/fieldset/div/select/option[2]').
2025-07-01 10:32:08 - gst_automation - INFO - Last signatory processed. Clicking final 'Save & Continue'.
2025-07-01 10:32:09 - gst_automation - INFO - Successfully clicked final 'Save & Continue' for Authorized Signatory section.
2025-07-01 10:32:12 - gst_automation - INFO - Completed authorized signatory details filling process
2025-07-01 10:32:31 - gst_automation - INFO - Document is in 'complete' ready state.
2025-07-01 10:32:32 - gst_automation - INFO - Successfully clicked ('xpath', '/html/body/div[2]/div/div/div[3]/form/div[2]/div[3]/div/button[3]').
2025-07-01 10:32:39 - gst_automation - INFO - Document is in 'complete' ready state.
2025-07-01 10:32:39 - gst_automation - INFO - Successfully clicked ('xpath', '/html/body/div[2]/div/div/div[3]/form/div/div/button[2]').
2025-07-01 10:32:45 - gst_automation - INFO - Document is in 'complete' ready state.
2025-07-01 10:32:47 - gst_automation - INFO - Successfully sent text to ('id', 'onMapSerachId').
2025-07-01 10:32:49 - gst_automation - INFO - Document is in 'complete' ready state.
2025-07-01 10:32:50 - gst_automation - INFO - Successfully clicked ('xpath', "//*[text()='110071']").
2025-07-01 10:32:54 - gst_automation - INFO - Document is in 'complete' ready state.
2025-07-01 10:32:55 - gst_automation - INFO - Successfully clicked ('id', 'confirm-mapquery-btn3').
2025-07-01 10:32:55 - gst_automation - INFO - Document is in 'complete' ready state.
2025-07-01 10:32:55 - gst_automation - INFO - Successfully sent text to ('id', 'pncd').
2025-07-01 10:33:13 - gst_automation - INFO - Document is in 'complete' ready state.
2025-07-01 10:33:15 - gst_automation - INFO - Successfully sent text to ('id', 'dst').
2025-07-01 10:33:17 - gst_automation - INFO - Document is in 'complete' ready state.
2025-07-01 10:33:18 - gst_automation - INFO - Successfully sent text to ('id', 'loc').
2025-07-01 10:33:20 - gst_automation - INFO - Document is in 'complete' ready state.
2025-07-01 10:33:20 - gst_automation - INFO - Successfully sent text to ('id', 'st').
2025-07-01 10:33:22 - gst_automation - INFO - Document is in 'complete' ready state.
2025-07-01 10:33:22 - gst_automation - INFO - Successfully sent text to ('id', 'bno').
2025-07-01 10:33:27 - gst_automation - INFO - Document is in 'complete' ready state.
2025-07-01 10:33:27 - gst_automation - INFO - Successfully clicked ('id', 'bp_flrnum').
2025-07-01 10:33:29 - gst_automation - INFO - Document is in 'complete' ready state.
2025-07-01 10:33:30 - gst_automation - INFO - Successfully clicked ('xpath', "//*[text()='Ward 1']").
2025-07-01 10:33:33 - gst_automation - INFO - Document is in 'complete' ready state.
2025-07-01 10:33:33 - gst_automation - INFO - Successfully clicked ('xpath', "//*[text()='DELHI SOUTH']").
2025-07-01 10:33:35 - gst_automation - INFO - Document is in 'complete' ready state.
2025-07-01 10:33:35 - gst_automation - INFO - Successfully clicked ('xpath', "//*[text()='DWARKA']").
2025-07-01 10:33:37 - gst_automation - INFO - Document is in 'complete' ready state.
2025-07-01 10:33:37 - gst_automation - INFO - Successfully clicked ('xpath', "//*[text()='RANGE - 81']").
2025-07-01 10:33:53 - gst_automation - INFO - Document is in 'complete' ready state.
2025-07-01 10:33:53 - gst_automation - INFO - Successfully clicked ('xpath', "//*[text()='Others']").
2025-07-01 10:33:55 - gst_automation - INFO - Document is in 'complete' ready state.
2025-07-01 10:33:56 - gst_automation - INFO - Successfully clicked ('xpath', "//*[text()='Legal ownership document']").
2025-07-01 10:38:07 - gst_automation - INFO - Document is in 'complete' ready state.
2025-07-01 10:38:10 - gst_automation - INFO - Successfully clicked ('xpath', '/html/body/div[2]/div/div/div[3]/form/div/div/button[2]').
2025-07-01 10:38:16 - gst_automation - INFO - Document is in 'complete' ready state.
2025-07-01 10:38:16 - gst_automation - INFO - Successfully clicked ('xpath', '/html/body/div[2]/div/div/div[3]/form/div/div[2]/div/button[2]').
2025-07-01 10:38:32 - gst_automation - INFO - Document is in 'complete' ready state.
2025-07-01 10:38:33 - gst_automation - INFO - Successfully clicked ('xpath', '/html/body/div[2]/div/div/div[3]/form/div[2]/div/button').
2025-07-01 10:43:09 - gst_automation - INFO - Document is in 'complete' ready state.
2025-07-01 10:43:10 - gst_automation - INFO - Successfully clicked ('xpath', '/html/body/div[2]/div/div/div[3]/div[2]/div/div/div[2]/button').
2025-07-01 10:44:58 - gst_automation - INFO - Document is in 'complete' ready state.
2025-07-01 10:45:11 - gst_automation - INFO - Document is in 'complete' ready state.
2025-07-01 10:45:42 - gst_automation - ERROR - Element ('id', 'chkboxop0') not clickable within 30s.
2025-07-01 10:47:49 - gst_automation - INFO - Document is in 'complete' ready state.
2025-07-01 10:48:23 - gst_automation - INFO - Document is in 'complete' ready state.
2025-07-01 10:48:54 - gst_automation - ERROR - Element ('xpath', "//*[@id='chkboxop0']") not clickable within 30s.
2025-07-01 10:49:44 - gst_automation - INFO - Document is in 'complete' ready state.
2025-07-01 10:50:14 - gst_automation - ERROR - Element ('xpath', 'chkboxop0') not clickable within 30s.
2025-07-01 10:52:25 - gst_automation - INFO - Document is in 'complete' ready state.
2025-07-01 10:52:55 - gst_automation - ERROR - Element ('id', 'chkboxop0') not clickable within 30s.
2025-07-01 11:00:44 - gst_automation - INFO - Document is in 'complete' ready state.
2025-07-01 11:00:45 - gst_automation - INFO - Successfully clicked ('xpath', '/html/body/div[2]/div/div/div[3]/form/div/div/button').
