2025-06-29 08:49:01 - gst_automation - INFO - Document is in 'complete' ready state.
2025-06-29 08:49:02 - gst_automation - INFO - Successfully clicked ('xpath', "//*[text   ()='Taxpayer']").
2025-06-29 08:49:02 - gst_automation - INFO - Document is in 'complete' ready state.
2025-06-29 08:49:02 - gst_automation - INFO - Successfully clicked ('xpath', "//*[text   ()='Delhi']").
2025-06-29 08:49:08 - gst_automation - INFO - Document is in 'complete' ready state.
2025-06-29 08:49:09 - gst_automation - INFO - Successfully clicked ('xpath', "//*[text()='South West Delhi']").
2025-06-29 08:49:11 - gst_automation - INFO - Document is in 'complete' ready state.
2025-06-29 08:49:11 - gst_automation - INFO - Successfully sent text to ('id', 'bnm').
2025-06-29 08:49:14 - gst_automation - INFO - Document is in 'complete' ready state.
2025-06-29 08:49:14 - gst_automation - INFO - Successfully sent text to ('id', 'pan_card').
2025-06-29 08:49:15 - gst_automation - INFO - Document is in 'complete' ready state.
2025-06-29 08:49:15 - gst_automation - INFO - Successfully sent text to ('id', 'email').
2025-06-29 08:49:18 - gst_automation - INFO - Document is in 'complete' ready state.
2025-06-29 08:49:18 - gst_automation - INFO - Successfully sent text to ('id', 'mobile').
2025-06-29 08:49:21 - gst_automation - INFO - Document is in 'complete' ready state.
2025-06-29 08:49:21 - gst_automation - INFO - Solving captcha via TrueCaptcha API...
2025-06-29 08:49:21 - gst_automation - INFO - Found captcha image element with ID 'imgCaptcha'.
2025-06-29 08:49:23 - gst_automation - INFO - CAPTCHA solved by API: 350149
2025-06-29 08:49:23 - gst_automation - INFO - Document is in 'complete' ready state.
2025-06-29 08:49:23 - gst_automation - INFO - Successfully sent text to ('id', 'captcha').
2025-06-29 08:49:23 - gst_automation - INFO - CAPTCHA text entered successfully.
2025-06-29 08:49:26 - gst_automation - INFO - Document is in 'complete' ready state.
2025-06-29 08:49:26 - gst_automation - INFO - Successfully clicked ('xpath', '/html/body/div[2]/div[2]/div/div[2]/div/form/div[2]/div/div[2]/div/button').
2025-06-29 08:49:27 - gst_automation - INFO - Document is in 'complete' ready state.
2025-06-29 08:49:27 - gst_automation - INFO - Polling for mobile_otp from OTP server (timeout: 120s)...
2025-06-29 08:49:27 - gst_automation - WARNING - Could not connect to OTP server. Retrying...
2025-06-29 08:49:30 - gst_automation - WARNING - Could not connect to OTP server. Retrying...
2025-06-29 08:49:33 - gst_automation - WARNING - Could not connect to OTP server. Retrying...
2025-06-29 08:49:36 - gst_automation - WARNING - Could not connect to OTP server. Retrying...
2025-06-29 08:49:39 - gst_automation - WARNING - Could not connect to OTP server. Retrying...
2025-06-29 08:49:42 - gst_automation - WARNING - Could not connect to OTP server. Retrying...
2025-06-29 08:49:45 - gst_automation - WARNING - Could not connect to OTP server. Retrying...
2025-06-29 08:49:48 - gst_automation - WARNING - Could not connect to OTP server. Retrying...
2025-06-29 08:49:51 - gst_automation - WARNING - Could not connect to OTP server. Retrying...
2025-06-29 08:49:54 - gst_automation - WARNING - Could not connect to OTP server. Retrying...
2025-06-29 08:49:57 - gst_automation - WARNING - Could not connect to OTP server. Retrying...
2025-06-29 08:50:00 - gst_automation - WARNING - Could not connect to OTP server. Retrying...
2025-06-29 08:50:03 - gst_automation - WARNING - Could not connect to OTP server. Retrying...
2025-06-29 08:50:06 - gst_automation - WARNING - Could not connect to OTP server. Retrying...
2025-06-29 08:50:09 - gst_automation - WARNING - Could not connect to OTP server. Retrying...
2025-06-29 08:50:18 - gst_automation - INFO - OTP '079030' received for type 'mobile_otp'!
2025-06-29 08:50:18 - gst_automation - INFO - Document is in 'complete' ready state.
2025-06-29 08:50:18 - gst_automation - INFO - Successfully sent text to ('id', 'mobile_otp').
2025-06-29 08:50:51 - gst_automation - INFO - Document is in 'complete' ready state.
2025-06-29 08:50:51 - gst_automation - INFO - Polling for email_otp from OTP server (timeout: 120s)...
2025-06-29 08:50:51 - gst_automation - INFO - OTP '716019' received for type 'email_otp'!
2025-06-29 08:50:51 - gst_automation - INFO - Document is in 'complete' ready state.
2025-06-29 08:50:51 - gst_automation - INFO - Successfully sent text to ('id', 'email-otp').
2025-06-29 08:50:56 - gst_automation - INFO - Document is in 'complete' ready state.
2025-06-29 08:50:56 - gst_automation - INFO - Successfully clicked ('xpath', '/html/body/div[2]/div[2]/div/div[2]/div/div[2]/div/form/div/div/button').
2025-06-29 08:51:02 - gst_automation - INFO - Document is in 'complete' ready state.
2025-06-29 08:51:03 - gst_automation - INFO - Successfully clicked ('xpath', '/html/body/div[2]/div[2]/div/div[2]/div/div[2]/div/div[2]/div/a').
2025-06-29 08:51:44 - gst_automation - INFO - Document is in 'complete' ready state.
2025-06-29 08:51:44 - gst_automation - INFO - Polling for trn from OTP server (timeout: 120s)...
2025-06-29 08:51:44 - gst_automation - INFO - OTP '072500182329TRN' received for type 'trn'!
2025-06-29 08:51:44 - gst_automation - INFO - Document is in 'complete' ready state.
2025-06-29 08:51:44 - gst_automation - INFO - Successfully sent text to ('id', 'trnno').
2025-06-29 08:51:50 - gst_automation - INFO - Document is in 'complete' ready state.
2025-06-29 08:51:50 - gst_automation - INFO - Solving captcha via TrueCaptcha API...
2025-06-29 08:51:50 - gst_automation - INFO - Found visible CAPTCHA image with ID 'imgCaptcha'.
2025-06-29 08:51:51 - gst_automation - INFO - CAPTCHA solved: 383104
2025-06-29 08:51:51 - gst_automation - INFO - Document is in 'complete' ready state.
2025-06-29 08:51:51 - gst_automation - INFO - Successfully sent text to ('id', 'captchatrn').
2025-06-29 08:51:51 - gst_automation - INFO - CAPTCHA entered successfully into input with ID 'captchatrn'.
2025-06-29 08:51:51 - gst_automation - INFO - Document is in 'complete' ready state.
2025-06-29 08:51:51 - gst_automation - INFO - Successfully clicked ('xpath', '/html/body/div[2]/div[2]/div/div[2]/div/form/div[2]/div/div[2]/div/button').
2025-06-29 08:52:15 - gst_automation - INFO - Document is in 'complete' ready state.
2025-06-29 08:52:15 - gst_automation - INFO - Polling for mobile_otp from OTP server (timeout: 120s)...
2025-06-29 08:52:15 - gst_automation - INFO - OTP '351990' received for type 'mobile_otp'!
2025-06-29 08:52:15 - gst_automation - INFO - Document is in 'complete' ready state.
2025-06-29 08:52:16 - gst_automation - INFO - Successfully sent text to ('id', 'mobile_otp').
2025-06-29 08:52:16 - gst_automation - INFO - Document is in 'complete' ready state.
2025-06-29 08:52:18 - gst_automation - INFO - Successfully clicked ('xpath', '/html/body/div[2]/div[2]/div/div[2]/div/div[2]/div/form/div/div/button').
2025-06-29 08:52:27 - gst_automation - INFO - Document is in 'complete' ready state.
2025-06-29 08:52:27 - gst_automation - INFO - Successfully clicked ('xpath', '/html/body/div[2]/div[1]/div/div[3]/div[2]/div/div/table/tbody/tr/td[6]/button').
2025-06-29 08:54:07 - gst_automation - INFO - Document is in 'complete' ready state.
2025-06-29 08:54:07 - gst_automation - INFO - Successfully sent text to ('id', 'tnm').
2025-06-29 08:54:12 - gst_automation - INFO - Document is in 'complete' ready state.
2025-06-29 08:54:12 - gst_automation - INFO - Successfully clicked ('xpath', "//*[text()='Others']").
2025-06-29 08:54:14 - gst_automation - INFO - Document is in 'complete' ready state.
2025-06-29 08:54:14 - gst_automation - INFO - Successfully sent text to ('id', 'bd_ConstBuss_oth').
2025-06-29 08:54:16 - gst_automation - INFO - Document is in 'complete' ready state.
2025-06-29 08:54:16 - gst_automation - INFO - Successfully clicked ('xpath', "//*[text()='Voluntary Basis']").
2025-06-29 08:54:19 - gst_automation - INFO - Document is in 'complete' ready state.
2025-06-29 08:54:19 - gst_automation - INFO - Successfully sent text to ('id', 'bd_cmbz').
2025-06-29 08:54:22 - gst_automation - INFO - Document is in 'complete' ready state.
2025-06-29 08:54:22 - gst_automation - INFO - Successfully clicked ('xpath', '/html/body/div[2]/div/div/div[3]/form/fieldset/div[1]/div[8]/div/div[1]/select/option[16]').
2025-06-29 08:54:24 - gst_automation - INFO - Document is in 'complete' ready state.
2025-06-29 08:54:24 - gst_automation - INFO - Successfully sent text to ('id', 'bd_othrReg').
2025-06-29 08:54:28 - gst_automation - INFO - Document is in 'complete' ready state.
2025-06-29 08:54:28 - gst_automation - INFO - Successfully sent text to ('id', 'exno').
2025-06-29 08:54:32 - gst_automation - INFO - Document is in 'complete' ready state.
2025-06-29 08:54:32 - gst_automation - INFO - Successfully sent text to ('id', 'exdt').
2025-06-29 08:54:35 - gst_automation - INFO - Document is in 'complete' ready state.
2025-06-29 08:55:02 - gst_automation - INFO - Document is in 'complete' ready state.
2025-06-29 08:55:02 - gst_automation - INFO - Successfully clicked ('xpath', "//*[text()='Others']").
2025-06-29 08:55:04 - gst_automation - INFO - Document is in 'complete' ready state.
2025-06-29 08:55:05 - gst_automation - INFO - Successfully sent text to ('id', 'bd_ConstBuss_oth').
2025-06-29 08:55:07 - gst_automation - INFO - Document is in 'complete' ready state.
2025-06-29 08:55:07 - gst_automation - INFO - Successfully clicked ('xpath', "//*[text()='Voluntary Basis']").
2025-06-29 08:55:10 - gst_automation - INFO - Document is in 'complete' ready state.
2025-06-29 08:55:10 - gst_automation - INFO - Successfully sent text to ('id', 'bd_cmbz').
2025-06-29 08:55:13 - gst_automation - INFO - Document is in 'complete' ready state.
2025-06-29 08:55:13 - gst_automation - INFO - Successfully clicked ('xpath', '/html/body/div[2]/div/div/div[3]/form/fieldset/div[1]/div[8]/div/div[1]/select/option[16]').
2025-06-29 08:55:16 - gst_automation - INFO - Document is in 'complete' ready state.
2025-06-29 08:55:16 - gst_automation - INFO - Successfully sent text to ('id', 'bd_othrReg').
2025-06-29 08:55:19 - gst_automation - INFO - Document is in 'complete' ready state.
2025-06-29 08:55:19 - gst_automation - INFO - Successfully sent text to ('id', 'exno').
2025-06-29 08:55:22 - gst_automation - INFO - Document is in 'complete' ready state.
2025-06-29 08:55:22 - gst_automation - INFO - Successfully sent text to ('id', 'exdt').
2025-06-29 08:55:25 - gst_automation - INFO - Document is in 'complete' ready state.
2025-06-29 08:55:26 - gst_automation - INFO - Successfully clicked ('xpath', '/html/body/div[2]/div/div/div[3]/form/fieldset/div[1]/div[8]/div/div[5]/button[1]').
2025-06-29 08:55:32 - gst_automation - INFO - Document is in 'complete' ready state.
2025-06-29 08:55:32 - gst_automation - INFO - Successfully clicked ('xpath', "//*[text()='Registration Certificate']").
2025-06-29 08:56:10 - gst_automation - INFO - Document is in 'complete' ready state.
2025-06-29 08:56:10 - gst_automation - INFO - Successfully clicked ('xpath', '/html/body/div[2]/div/div/div[3]/form/div/div/button[2]').
2025-06-29 08:57:30 - gst_automation - INFO - Document is in 'complete' ready state.
2025-06-29 08:57:30 - gst_automation - INFO - Successfully sent text to ('id', 'fnm').
2025-06-29 08:57:30 - gst_automation - INFO - Document is in 'complete' ready state.
2025-06-29 08:57:30 - gst_automation - INFO - Successfully sent text to ('id', 'pd_mname').
2025-06-29 08:57:30 - gst_automation - INFO - Document is in 'complete' ready state.
2025-06-29 08:57:30 - gst_automation - INFO - Successfully sent text to ('id', 'pd_lname').
2025-06-29 08:57:30 - gst_automation - INFO - Document is in 'complete' ready state.
2025-06-29 08:57:30 - gst_automation - INFO - Successfully sent text to ('id', 'ffname').
2025-06-29 08:57:30 - gst_automation - INFO - Document is in 'complete' ready state.
2025-06-29 08:57:30 - gst_automation - INFO - Successfully sent text to ('id', 'pd_fmname').
2025-06-29 08:57:30 - gst_automation - INFO - Document is in 'complete' ready state.
2025-06-29 08:57:30 - gst_automation - INFO - Successfully sent text to ('id', 'pd_flname').
2025-06-29 08:57:30 - gst_automation - INFO - Document is in 'complete' ready state.
2025-06-29 08:57:30 - gst_automation - INFO - Successfully sent text to ('id', 'dob').
2025-06-29 08:57:30 - gst_automation - INFO - Document is in 'complete' ready state.
2025-06-29 08:57:30 - gst_automation - INFO - Successfully sent text to ('id', 'mbno').
2025-06-29 08:57:30 - gst_automation - INFO - Document is in 'complete' ready state.
2025-06-29 08:57:30 - gst_automation - INFO - Successfully sent text to ('id', 'pd_email').
2025-06-29 08:57:32 - gst_automation - INFO - Document is in 'complete' ready state.
2025-06-29 08:57:32 - gst_automation - INFO - Successfully clicked ('css selector', 'div.tbl-format:nth-child(2) > div:nth-child(4) > div:nth-child(1) > div:nth-child(1) > fieldset:nth-child(1) > label:nth-child(3)').
2025-06-29 08:57:32 - gst_automation - INFO - Document is in 'complete' ready state.
2025-06-29 08:57:32 - gst_automation - INFO - Successfully sent text to ('id', 'dg').
2025-06-29 08:57:32 - gst_automation - INFO - Document is in 'complete' ready state.
2025-06-29 08:57:32 - gst_automation - INFO - Successfully sent text to ('id', 'din').
2025-06-29 08:57:32 - gst_automation - INFO - Document is in 'complete' ready state.
2025-06-29 08:57:32 - gst_automation - INFO - Successfully sent text to ('id', 'pan').
2025-06-29 08:57:37 - gst_automation - INFO - Document is in 'complete' ready state.
2025-06-29 08:57:37 - gst_automation - INFO - Successfully sent text to ('id', 'onMapSerachId').
2025-06-29 08:57:44 - gst_automation - INFO - Document is in 'complete' ready state.
2025-06-29 08:58:01 - gst_automation - INFO - Document is in 'complete' ready state.
2025-06-29 08:59:36 - gst_automation - INFO - Document is in 'complete' ready state.
2025-06-29 08:59:38 - gst_automation - INFO - Successfully sent text to ('id', 'onMapSerachId').
2025-06-29 08:59:38 - gst_automation - INFO - Document is in 'complete' ready state.
2025-06-29 08:59:39 - gst_automation - INFO - Successfully clicked ('xpath', "//*[text()='474001']").
2025-06-29 08:59:50 - gst_automation - INFO - Document is in 'complete' ready state.
2025-06-29 08:59:54 - gst_automation - INFO - Successfully clicked ('id', 'confirm-mapquery-btn1').
2025-06-29 09:00:02 - gst_automation - INFO - Document is in 'complete' ready state.
2025-06-29 09:00:02 - gst_automation - INFO - Successfully sent text to ('id', 'pd_bdnum').
2025-06-29 09:00:06 - gst_automation - INFO - Document is in 'complete' ready state.
2025-06-29 09:00:07 - gst_automation - INFO - Successfully sent text to ('id', 'pd_upload').
2025-06-29 09:00:12 - gst_automation - INFO - Document is in 'complete' ready state.
2025-06-29 09:00:14 - gst_automation - INFO - Successfully clicked ('xpath', '/html/body/div[2]/div/div/div[3]/form/div[2]/div[2]/div/button[3]').
2025-06-29 13:09:24 - gst_automation - INFO - Document is in 'complete' ready state.
2025-06-29 13:09:24 - gst_automation - INFO - Successfully clicked ('xpath', "//*[text   ()='Taxpayer']").
2025-06-29 13:09:24 - gst_automation - INFO - Document is in 'complete' ready state.
2025-06-29 13:09:25 - gst_automation - INFO - Successfully clicked ('xpath', "//*[text   ()='Delhi']").
2025-06-29 13:09:30 - gst_automation - INFO - Document is in 'complete' ready state.
2025-06-29 13:09:30 - gst_automation - INFO - Successfully clicked ('xpath', "//*[text()='South West Delhi']").
2025-06-29 13:09:30 - gst_automation - INFO - Document is in 'complete' ready state.
2025-06-29 13:09:30 - gst_automation - INFO - Successfully sent text to ('id', 'bnm').
2025-06-29 13:09:30 - gst_automation - INFO - Document is in 'complete' ready state.
2025-06-29 13:09:30 - gst_automation - INFO - Successfully sent text to ('id', 'pan_card').
2025-06-29 13:09:30 - gst_automation - INFO - Document is in 'complete' ready state.
2025-06-29 13:09:30 - gst_automation - INFO - Successfully sent text to ('id', 'email').
2025-06-29 13:09:30 - gst_automation - INFO - Document is in 'complete' ready state.
2025-06-29 13:09:30 - gst_automation - INFO - Successfully sent text to ('id', 'mobile').
2025-06-29 13:09:30 - gst_automation - INFO - Document is in 'complete' ready state.
2025-06-29 13:09:30 - gst_automation - INFO - Solving captcha via TrueCaptcha API...
2025-06-29 13:09:30 - gst_automation - INFO - Found captcha image element with ID 'imgCaptcha'.
2025-06-29 13:09:31 - gst_automation - INFO - CAPTCHA solved by API: 658694
2025-06-29 13:09:31 - gst_automation - INFO - Document is in 'complete' ready state.
2025-06-29 13:09:32 - gst_automation - INFO - Successfully sent text to ('id', 'captcha').
2025-06-29 13:09:32 - gst_automation - INFO - CAPTCHA text entered successfully.
2025-06-29 13:09:32 - gst_automation - INFO - Document is in 'complete' ready state.
2025-06-29 13:09:32 - gst_automation - INFO - Successfully clicked ('xpath', '/html/body/div[2]/div[2]/div/div[2]/div/form/div[2]/div/div[2]/div/button').
2025-06-29 13:09:32 - gst_automation - INFO - Document is in 'complete' ready state.
2025-06-29 13:09:32 - gst_automation - INFO - Polling for mobile_otp from OTP server (timeout: 120s)...
2025-06-29 13:09:59 - gst_automation - INFO - OTP '694639' received for type 'mobile_otp'!
2025-06-29 13:09:59 - gst_automation - INFO - Document is in 'complete' ready state.
2025-06-29 13:09:59 - gst_automation - INFO - Successfully sent text to ('id', 'mobile_otp').
2025-06-29 13:09:59 - gst_automation - INFO - Document is in 'complete' ready state.
2025-06-29 13:09:59 - gst_automation - INFO - Polling for email_otp from OTP server (timeout: 120s)...
2025-06-29 13:10:23 - gst_automation - INFO - OTP '083275' received for type 'email_otp'!
2025-06-29 13:10:23 - gst_automation - INFO - Document is in 'complete' ready state.
2025-06-29 13:10:23 - gst_automation - INFO - Successfully sent text to ('id', 'email-otp').
2025-06-29 13:10:25 - gst_automation - INFO - Document is in 'complete' ready state.
2025-06-29 13:10:25 - gst_automation - INFO - Successfully clicked ('xpath', '/html/body/div[2]/div[2]/div/div[2]/div/div[2]/div/form/div/div/button').
2025-06-29 13:10:30 - gst_automation - INFO - Document is in 'complete' ready state.
2025-06-29 13:10:31 - gst_automation - INFO - Successfully clicked ('xpath', '/html/body/div[2]/div[2]/div/div[2]/div/div[2]/div/div[2]/div/a').
2025-06-29 13:10:31 - gst_automation - INFO - Document is in 'complete' ready state.
2025-06-29 13:10:31 - gst_automation - INFO - Polling for trn from OTP server (timeout: 120s)...
2025-06-29 13:10:46 - gst_automation - INFO - OTP '072500182477TRN' received for type 'trn'!
2025-06-29 13:10:46 - gst_automation - INFO - Document is in 'complete' ready state.
2025-06-29 13:10:46 - gst_automation - INFO - Successfully sent text to ('id', 'trnno').
2025-06-29 13:10:46 - gst_automation - INFO - Document is in 'complete' ready state.
2025-06-29 13:10:46 - gst_automation - INFO - Solving captcha via TrueCaptcha API...
2025-06-29 13:10:46 - gst_automation - INFO - Found visible CAPTCHA image with ID 'imgCaptcha'.
2025-06-29 13:10:47 - gst_automation - INFO - CAPTCHA solved: 765427
2025-06-29 13:10:47 - gst_automation - INFO - Document is in 'complete' ready state.
2025-06-29 13:10:47 - gst_automation - INFO - Successfully sent text to ('id', 'captchatrn').
2025-06-29 13:10:47 - gst_automation - INFO - CAPTCHA entered successfully into input with ID 'captchatrn'.
2025-06-29 13:10:47 - gst_automation - INFO - Document is in 'complete' ready state.
2025-06-29 13:10:47 - gst_automation - INFO - Successfully clicked ('xpath', '/html/body/div[2]/div[2]/div/div[2]/div/form/div[2]/div/div[2]/div/button').
2025-06-29 13:10:48 - gst_automation - INFO - Document is in 'complete' ready state.
2025-06-29 13:10:48 - gst_automation - INFO - Polling for mobile_otp from OTP server (timeout: 120s)...
2025-06-29 13:11:06 - gst_automation - INFO - OTP '506161' received for type 'mobile_otp'!
2025-06-29 13:11:06 - gst_automation - INFO - Document is in 'complete' ready state.
2025-06-29 13:11:06 - gst_automation - INFO - Successfully sent text to ('id', 'mobile_otp').
2025-06-29 13:11:06 - gst_automation - INFO - Document is in 'complete' ready state.
2025-06-29 13:11:06 - gst_automation - INFO - Successfully clicked ('xpath', '/html/body/div[2]/div[2]/div/div[2]/div/div[2]/div/form/div/div/button').
2025-06-29 13:11:11 - gst_automation - INFO - Document is in 'complete' ready state.
2025-06-29 13:11:11 - gst_automation - INFO - Successfully clicked ('xpath', '/html/body/div[2]/div[1]/div/div[3]/div[2]/div/div/table/tbody/tr/td[6]/button').
2025-06-29 13:11:16 - gst_automation - INFO - Document is in 'complete' ready state.
2025-06-29 13:11:16 - gst_automation - INFO - Successfully sent text to ('id', 'tnm').
2025-06-29 13:11:18 - gst_automation - INFO - Document is in 'complete' ready state.
2025-06-29 13:11:18 - gst_automation - INFO - Successfully clicked ('xpath', "//*[text()='Others']").
2025-06-29 13:11:18 - gst_automation - INFO - Document is in 'complete' ready state.
2025-06-29 13:11:19 - gst_automation - INFO - Successfully sent text to ('id', 'bd_ConstBuss_oth').
2025-06-29 13:11:19 - gst_automation - INFO - Document is in 'complete' ready state.
2025-06-29 13:11:19 - gst_automation - INFO - Successfully clicked ('xpath', "//*[text()='Voluntary Basis']").
2025-06-29 13:11:19 - gst_automation - INFO - Document is in 'complete' ready state.
2025-06-29 13:11:19 - gst_automation - INFO - Successfully sent text to ('id', 'bd_cmbz').
2025-06-29 13:11:19 - gst_automation - INFO - Document is in 'complete' ready state.
2025-06-29 13:11:19 - gst_automation - INFO - Successfully clicked ('xpath', '/html/body/div[2]/div/div/div[3]/form/fieldset/div[1]/div[8]/div/div[1]/select/option[16]').
2025-06-29 13:11:19 - gst_automation - INFO - Document is in 'complete' ready state.
2025-06-29 13:11:19 - gst_automation - INFO - Successfully sent text to ('id', 'bd_othrReg').
2025-06-29 13:11:19 - gst_automation - INFO - Document is in 'complete' ready state.
2025-06-29 13:11:19 - gst_automation - INFO - Successfully sent text to ('id', 'exno').
2025-06-29 13:11:19 - gst_automation - INFO - Document is in 'complete' ready state.
2025-06-29 13:11:19 - gst_automation - INFO - Successfully sent text to ('id', 'exdt').
2025-06-29 13:11:19 - gst_automation - INFO - Document is in 'complete' ready state.
2025-06-29 13:11:19 - gst_automation - INFO - Successfully clicked ('xpath', '/html/body/div[2]/div/div/div[3]/form/fieldset/div[1]/div[8]/div/div[5]/button[1]').
2025-06-29 13:11:19 - gst_automation - INFO - Document is in 'complete' ready state.
2025-06-29 13:11:20 - gst_automation - INFO - Successfully clicked ('xpath', "//*[text()='Registration Certificate']").
2025-06-29 13:11:24 - gst_automation - INFO - Document is in 'complete' ready state.
2025-06-29 13:11:24 - gst_automation - INFO - Successfully clicked ('xpath', '/html/body/div[2]/div/div/div[3]/form/div/div/button[2]').
2025-06-29 13:11:26 - gst_automation - INFO - Document is in 'complete' ready state.
2025-06-29 13:11:26 - gst_automation - INFO - Successfully sent text to ('id', 'fnm').
2025-06-29 13:11:26 - gst_automation - INFO - Document is in 'complete' ready state.
2025-06-29 13:11:26 - gst_automation - INFO - Successfully sent text to ('id', 'pd_mname').
2025-06-29 13:11:26 - gst_automation - INFO - Document is in 'complete' ready state.
2025-06-29 13:11:26 - gst_automation - INFO - Successfully sent text to ('id', 'pd_lname').
2025-06-29 13:11:26 - gst_automation - INFO - Document is in 'complete' ready state.
2025-06-29 13:11:26 - gst_automation - INFO - Successfully sent text to ('id', 'ffname').
2025-06-29 13:11:26 - gst_automation - INFO - Document is in 'complete' ready state.
2025-06-29 13:11:26 - gst_automation - INFO - Successfully sent text to ('id', 'pd_fmname').
2025-06-29 13:11:26 - gst_automation - INFO - Document is in 'complete' ready state.
2025-06-29 13:11:26 - gst_automation - INFO - Successfully sent text to ('id', 'pd_flname').
2025-06-29 13:11:26 - gst_automation - INFO - Document is in 'complete' ready state.
2025-06-29 13:11:26 - gst_automation - INFO - Successfully sent text to ('id', 'dob').
2025-06-29 13:11:26 - gst_automation - INFO - Document is in 'complete' ready state.
2025-06-29 13:11:26 - gst_automation - INFO - Successfully sent text to ('id', 'mbno').
2025-06-29 13:11:26 - gst_automation - INFO - Document is in 'complete' ready state.
2025-06-29 13:11:26 - gst_automation - INFO - Successfully sent text to ('id', 'pd_email').
2025-06-29 13:11:28 - gst_automation - INFO - Document is in 'complete' ready state.
2025-06-29 13:11:28 - gst_automation - INFO - Successfully clicked ('css selector', 'div.tbl-format:nth-child(2) > div:nth-child(4) > div:nth-child(1) > div:nth-child(1) > fieldset:nth-child(1) > label:nth-child(3)').
2025-06-29 13:11:28 - gst_automation - INFO - Document is in 'complete' ready state.
2025-06-29 13:11:28 - gst_automation - INFO - Successfully sent text to ('id', 'dg').
2025-06-29 13:11:28 - gst_automation - INFO - Document is in 'complete' ready state.
2025-06-29 13:11:28 - gst_automation - INFO - Successfully sent text to ('id', 'din').
2025-06-29 13:11:28 - gst_automation - INFO - Document is in 'complete' ready state.
2025-06-29 13:11:28 - gst_automation - INFO - Successfully sent text to ('id', 'pan').
2025-06-29 13:11:31 - gst_automation - INFO - Document is in 'complete' ready state.
2025-06-29 13:11:31 - gst_automation - INFO - Successfully sent text to ('id', 'onMapSerachId').
2025-06-29 13:11:31 - gst_automation - INFO - Document is in 'complete' ready state.
2025-06-29 13:11:53 - gst_automation - INFO - Document is in 'complete' ready state.
2025-06-29 13:12:04 - gst_automation - INFO - Document is in 'complete' ready state.
2025-06-29 13:12:05 - gst_automation - INFO - Successfully sent text to ('id', 'onMapSerachId').
2025-06-29 13:12:05 - gst_automation - INFO - Document is in 'complete' ready state.
2025-06-29 13:12:05 - gst_automation - INFO - Successfully clicked ('xpath', "//*[text()='474001']").
2025-06-29 13:12:19 - gst_automation - INFO - Document is in 'complete' ready state.
2025-06-29 13:12:19 - gst_automation - INFO - Successfully clicked ('id', 'confirm-mapquery-btn1').
2025-06-29 13:12:19 - gst_automation - INFO - Document is in 'complete' ready state.
2025-06-29 13:12:24 - gst_automation - INFO - Document is in 'complete' ready state.
2025-06-29 13:12:24 - gst_automation - INFO - Successfully sent text to ('id', 'pd_bdnum').
2025-06-29 13:12:33 - gst_automation - INFO - Document is in 'complete' ready state.
2025-06-29 13:12:33 - gst_automation - INFO - Successfully sent text to ('id', 'pd_upload').
2025-06-29 17:38:34 - gst_automation - INFO - Document is in 'complete' ready state.
2025-06-29 17:42:43 - gst_automation - ERROR - 'promoter_partner_details' not found or incomplete in config.json
2025-06-29 17:44:38 - gst_automation - ERROR - 'promoter_partner_details' not found or incomplete in config.json
2025-06-29 17:51:22 - gst_automation - ERROR - 'reason_to_obtain_registration' not found or incomplete in 'business_details' section of config.json
2025-06-29 17:51:52 - gst_automation - ERROR - 'reason_to_obtain_registration' not found or incomplete in 'business_details' section of config.json
