2025-06-27 18:54:21 - gst_automation - INFO - Document is in 'complete' ready state.
2025-06-27 18:54:22 - gst_automation - INFO - Successfully clicked ('xpath', "//*[text()='Taxpayer']").
2025-06-27 18:54:22 - gst_automation - INFO - Document is in 'complete' ready state.
2025-06-27 18:54:22 - gst_automation - INFO - Successfully clicked ('xpath', "//*[text()='Delhi']").
2025-06-27 18:54:26 - gst_automation - INFO - Document is in 'complete' ready state.
2025-06-27 18:54:27 - gst_automation - INFO - Successfully clicked ('xpath', "//*[text()='South West Delhi']").
2025-06-27 18:54:28 - gst_automation - INFO - Document is in 'complete' ready state.
2025-06-27 18:54:28 - gst_automation - INFO - Successfully sent text to ('id', 'bnm').
2025-06-27 18:54:28 - gst_automation - INFO - Document is in 'complete' ready state.
2025-06-27 18:54:28 - gst_automation - INFO - Successfully sent text to ('id', 'pan_card').
2025-06-27 18:54:30 - gst_automation - INFO - Document is in 'complete' ready state.
2025-06-27 18:54:30 - gst_automation - INFO - Successfully sent text to ('id', 'email').
2025-06-27 18:54:31 - gst_automation - INFO - Document is in 'complete' ready state.
2025-06-27 18:54:31 - gst_automation - INFO - Successfully sent text to ('id', 'mobile').
2025-06-27 18:54:33 - gst_automation - INFO - Document is in 'complete' ready state.
2025-06-27 18:54:33 - gst_automation - INFO - Solving captcha via TrueCaptcha API...
2025-06-27 18:54:33 - gst_automation - INFO - Found captcha image element with ID 'imgCaptcha'.
2025-06-27 18:54:35 - gst_automation - INFO - CAPTCHA solved by API: 404987
2025-06-27 18:54:35 - gst_automation - INFO - Document is in 'complete' ready state.
2025-06-27 18:54:35 - gst_automation - INFO - Successfully sent text to ('id', 'captcha').
2025-06-27 18:54:35 - gst_automation - INFO - CAPTCHA text entered successfully.
2025-06-27 18:55:09 - gst_automation - INFO - Document is in 'complete' ready state.
2025-06-27 18:55:09 - gst_automation - INFO - Successfully clicked ('xpath', '/html/body/div[2]/div[2]/div/div[2]/div/form/div[2]/div/div[2]/div/button').
2025-06-27 18:55:11 - gst_automation - INFO - Document is in 'complete' ready state.
2025-06-27 18:55:11 - gst_automation - INFO - Polling for mobile_otp from OTP server (timeout: 120s)...
2025-06-27 18:55:11 - gst_automation - WARNING - Could not connect to OTP server. Retrying...
2025-06-27 18:55:14 - gst_automation - WARNING - Could not connect to OTP server. Retrying...
2025-06-27 18:55:17 - gst_automation - WARNING - Could not connect to OTP server. Retrying...
2025-06-27 18:55:20 - gst_automation - WARNING - Could not connect to OTP server. Retrying...
2025-06-27 18:55:23 - gst_automation - WARNING - Could not connect to OTP server. Retrying...
2025-06-27 18:55:26 - gst_automation - WARNING - Could not connect to OTP server. Retrying...
2025-06-27 18:55:29 - gst_automation - WARNING - Could not connect to OTP server. Retrying...
2025-06-27 18:55:32 - gst_automation - WARNING - Could not connect to OTP server. Retrying...
2025-06-27 18:55:36 - gst_automation - WARNING - Could not connect to OTP server. Retrying...
2025-06-27 18:55:39 - gst_automation - WARNING - Could not connect to OTP server. Retrying...
2025-06-27 18:56:00 - gst_automation - INFO - OTP '453522' received for type 'mobile_otp'!
2025-06-27 18:56:00 - gst_automation - INFO - Document is in 'complete' ready state.
2025-06-27 18:56:00 - gst_automation - INFO - Successfully sent text to ('id', 'mobile_otp').
2025-06-27 18:56:15 - gst_automation - INFO - Document is in 'complete' ready state.
2025-06-27 18:56:15 - gst_automation - INFO - Polling for email_otp from OTP server (timeout: 120s)...
2025-06-27 18:56:39 - gst_automation - INFO - OTP '408040' received for type 'email_otp'!
2025-06-27 18:56:39 - gst_automation - INFO - Document is in 'complete' ready state.
2025-06-27 18:56:39 - gst_automation - INFO - Successfully sent text to ('id', 'email-otp').
2025-06-27 18:56:43 - gst_automation - INFO - Document is in 'complete' ready state.
2025-06-27 18:56:44 - gst_automation - INFO - Successfully clicked ('xpath', '/html/body/div[2]/div[2]/div/div[2]/div/div[2]/div/form/div/div/button').
2025-06-27 18:56:52 - gst_automation - INFO - Document is in 'complete' ready state.
2025-06-27 18:56:53 - gst_automation - INFO - Successfully clicked ('xpath', '/html/body/div[2]/div[2]/div/div[2]/div/div[2]/div/div[2]/div/a').
2025-06-27 18:57:22 - gst_automation - INFO - Document is in 'complete' ready state.
2025-06-27 18:57:22 - gst_automation - INFO - Successfully sent text to ('id', 'trnno').
2025-06-27 18:57:29 - gst_automation - INFO - Document is in 'complete' ready state.
2025-06-27 18:57:29 - gst_automation - INFO - Solving captcha via TrueCaptcha API...
2025-06-27 18:57:29 - gst_automation - INFO - Found visible CAPTCHA image with ID 'imgCaptcha'.
2025-06-27 18:57:31 - gst_automation - INFO - CAPTCHA solved: 595354
2025-06-27 18:57:31 - gst_automation - INFO - Document is in 'complete' ready state.
2025-06-27 18:57:31 - gst_automation - INFO - Successfully sent text to ('id', 'captchatrn').
2025-06-27 18:57:31 - gst_automation - INFO - CAPTCHA entered successfully into input with ID 'captchatrn'.
2025-06-27 18:58:17 - gst_automation - INFO - Document is in 'complete' ready state.
2025-06-27 18:58:47 - gst_automation - ERROR - Element ('id', '/html/body/div[2]/div[2]/div/div[2]/div/form/div[2]/div/div[2]/div/button') not clickable within 30s.
2025-06-27 18:59:05 - gst_automation - INFO - Document is in 'complete' ready state.
2025-06-27 18:59:05 - gst_automation - INFO - Successfully clicked ('xpath', '/html/body/div[2]/div[2]/div/div[2]/div/form/div[2]/div/div[2]/div/button').
2025-06-27 19:00:22 - gst_automation - INFO - Document is in 'complete' ready state.
2025-06-27 19:00:22 - gst_automation - INFO - Successfully sent text to ('id', 'trnno').
2025-06-27 19:00:25 - gst_automation - INFO - Document is in 'complete' ready state.
2025-06-27 19:00:25 - gst_automation - INFO - Solving captcha via TrueCaptcha API...
2025-06-27 19:00:25 - gst_automation - INFO - Found visible CAPTCHA image with ID 'imgCaptcha'.
2025-06-27 19:00:27 - gst_automation - INFO - CAPTCHA solved: 595354
2025-06-27 19:00:27 - gst_automation - INFO - Document is in 'complete' ready state.
2025-06-27 19:00:27 - gst_automation - INFO - Successfully sent text to ('id', 'captchatrn').
2025-06-27 19:00:27 - gst_automation - INFO - CAPTCHA entered successfully into input with ID 'captchatrn'.
2025-06-27 19:00:29 - gst_automation - INFO - Document is in 'complete' ready state.
2025-06-27 19:00:30 - gst_automation - INFO - Successfully clicked ('xpath', '/html/body/div[2]/div[2]/div/div[2]/div/form/div[2]/div/div[2]/div/button').
2025-06-27 19:00:54 - gst_automation - INFO - Document is in 'complete' ready state.
2025-06-27 19:00:54 - gst_automation - INFO - Successfully sent text to ('id', 'trnno').
2025-06-27 19:00:55 - gst_automation - INFO - Document is in 'complete' ready state.
2025-06-27 19:00:55 - gst_automation - INFO - Solving captcha via TrueCaptcha API...
2025-06-27 19:00:55 - gst_automation - INFO - Found visible CAPTCHA image with ID 'imgCaptcha'.
2025-06-27 19:00:57 - gst_automation - INFO - CAPTCHA solved: 595354
2025-06-27 19:00:57 - gst_automation - INFO - Document is in 'complete' ready state.
2025-06-27 19:00:57 - gst_automation - INFO - Successfully sent text to ('id', 'captchatrn').
2025-06-27 19:00:57 - gst_automation - INFO - CAPTCHA entered successfully into input with ID 'captchatrn'.
2025-06-27 19:01:04 - gst_automation - INFO - Document is in 'complete' ready state.
2025-06-27 19:01:04 - gst_automation - INFO - Solving captcha via TrueCaptcha API...
2025-06-27 19:01:04 - gst_automation - INFO - Found visible CAPTCHA image with ID 'imgCaptcha'.
2025-06-27 19:01:06 - gst_automation - INFO - CAPTCHA solved: 828323
2025-06-27 19:01:06 - gst_automation - INFO - Document is in 'complete' ready state.
2025-06-27 19:01:06 - gst_automation - INFO - Successfully sent text to ('id', 'captchatrn').
2025-06-27 19:01:06 - gst_automation - INFO - CAPTCHA entered successfully into input with ID 'captchatrn'.
2025-06-27 19:01:09 - gst_automation - INFO - Document is in 'complete' ready state.
2025-06-27 19:01:09 - gst_automation - INFO - Successfully clicked ('xpath', '/html/body/div[2]/div[2]/div/div[2]/div/form/div[2]/div/div[2]/div/button').
2025-06-27 19:02:26 - gst_automation - INFO - Document is in 'complete' ready state.
2025-06-27 19:02:26 - gst_automation - INFO - Successfully sent text to ('id', 'trnno').
2025-06-27 19:02:27 - gst_automation - INFO - Document is in 'complete' ready state.
2025-06-27 19:02:27 - gst_automation - INFO - Solving captcha via TrueCaptcha API...
2025-06-27 19:02:27 - gst_automation - INFO - Found visible CAPTCHA image with ID 'imgCaptcha'.
2025-06-27 19:02:29 - gst_automation - INFO - CAPTCHA solved: 828323
2025-06-27 19:02:29 - gst_automation - INFO - Document is in 'complete' ready state.
2025-06-27 19:02:29 - gst_automation - INFO - Successfully sent text to ('id', 'captchatrn').
2025-06-27 19:02:29 - gst_automation - INFO - CAPTCHA entered successfully into input with ID 'captchatrn'.
2025-06-27 19:02:29 - gst_automation - INFO - Document is in 'complete' ready state.
2025-06-27 19:02:30 - gst_automation - INFO - Successfully clicked ('xpath', '/html/body/div[2]/div[2]/div/div[2]/div/form/div[2]/div/div[2]/div/button').
2025-06-27 19:14:04 - gst_automation - INFO - Document is in 'complete' ready state.
2025-06-27 19:14:19 - gst_automation - INFO - Document is in 'complete' ready state.
2025-06-27 19:14:19 - gst_automation - INFO - Successfully clicked ('xpath', "//*[text()='Taxpayer']").
2025-06-27 19:14:19 - gst_automation - INFO - Document is in 'complete' ready state.
2025-06-27 19:14:19 - gst_automation - INFO - Successfully clicked ('xpath', "//*[text()='Delhi']").
2025-06-27 19:14:22 - gst_automation - INFO - Document is in 'complete' ready state.
2025-06-27 19:14:22 - gst_automation - INFO - Successfully clicked ('xpath', "//*[text()='South West Delhi']").
2025-06-27 19:14:22 - gst_automation - INFO - Document is in 'complete' ready state.
2025-06-27 19:14:22 - gst_automation - INFO - Successfully sent text to ('id', 'bnm').
2025-06-27 19:14:22 - gst_automation - INFO - Document is in 'complete' ready state.
2025-06-27 19:14:22 - gst_automation - INFO - Successfully sent text to ('id', 'pan_card').
2025-06-27 19:14:22 - gst_automation - INFO - Document is in 'complete' ready state.
2025-06-27 19:14:22 - gst_automation - INFO - Successfully sent text to ('id', 'email').
2025-06-27 19:14:22 - gst_automation - INFO - Document is in 'complete' ready state.
2025-06-27 19:14:22 - gst_automation - INFO - Successfully sent text to ('id', 'mobile').
2025-06-27 19:14:24 - gst_automation - INFO - Document is in 'complete' ready state.
2025-06-27 19:14:24 - gst_automation - INFO - Solving captcha via TrueCaptcha API...
2025-06-27 19:14:24 - gst_automation - INFO - Found captcha image element with ID 'imgCaptcha'.
2025-06-27 19:14:26 - gst_automation - INFO - CAPTCHA solved by API: 941077
2025-06-27 19:14:26 - gst_automation - INFO - Document is in 'complete' ready state.
2025-06-27 19:14:26 - gst_automation - INFO - Successfully sent text to ('id', 'captcha').
2025-06-27 19:14:26 - gst_automation - INFO - CAPTCHA text entered successfully.
2025-06-27 19:14:26 - gst_automation - INFO - Document is in 'complete' ready state.
2025-06-27 19:14:26 - gst_automation - INFO - Successfully clicked ('xpath', '/html/body/div[2]/div[2]/div/div[2]/div/form/div[2]/div/div[2]/div/button').
2025-06-27 19:14:31 - gst_automation - INFO - Document is in 'complete' ready state.
2025-06-27 19:14:31 - gst_automation - INFO - Polling for mobile_otp from OTP server (timeout: 120s)...
2025-06-27 19:14:53 - gst_automation - INFO - OTP '767809' received for type 'mobile_otp'!
2025-06-27 19:14:53 - gst_automation - INFO - Document is in 'complete' ready state.
2025-06-27 19:14:53 - gst_automation - INFO - Successfully sent text to ('id', 'mobile_otp').
2025-06-27 19:15:21 - gst_automation - INFO - Document is in 'complete' ready state.
2025-06-27 19:15:21 - gst_automation - INFO - Polling for email_otp from OTP server (timeout: 120s)...
2025-06-27 19:15:21 - gst_automation - INFO - OTP '363164' received for type 'email_otp'!
2025-06-27 19:15:21 - gst_automation - INFO - Document is in 'complete' ready state.
2025-06-27 19:15:21 - gst_automation - INFO - Successfully sent text to ('id', 'email-otp').
2025-06-27 19:15:26 - gst_automation - INFO - Document is in 'complete' ready state.
2025-06-27 19:15:26 - gst_automation - INFO - Successfully clicked ('xpath', '/html/body/div[2]/div[2]/div/div[2]/div/div[2]/div/form/div/div/button').
2025-06-27 19:16:11 - gst_automation - INFO - Document is in 'complete' ready state.
2025-06-27 19:16:19 - gst_automation - INFO - Document is in 'complete' ready state.
2025-06-27 19:16:19 - gst_automation - INFO - Polling for email_otp from OTP server (timeout: 120s)...
2025-06-27 19:16:19 - gst_automation - INFO - OTP '312431' received for type 'email_otp'!
2025-06-27 19:16:19 - gst_automation - INFO - Document is in 'complete' ready state.
2025-06-27 19:16:19 - gst_automation - INFO - Successfully sent text to ('id', 'email-otp').
2025-06-27 19:16:20 - gst_automation - INFO - Document is in 'complete' ready state.
2025-06-27 19:16:20 - gst_automation - INFO - Successfully clicked ('xpath', '/html/body/div[2]/div[2]/div/div[2]/div/div[2]/div/form/div/div/button').
2025-06-27 19:16:26 - gst_automation - INFO - Document is in 'complete' ready state.
