2025-06-30 14:22:33 - gst_automation - INFO - Document is in 'complete' ready state.
2025-06-30 14:22:33 - gst_automation - INFO - Successfully clicked ('xpath', "//*[text()='Taxpayer']").
2025-06-30 14:22:33 - gst_automation - INFO - Document is in 'complete' ready state.
2025-06-30 14:22:33 - gst_automation - INFO - Successfully clicked ('xpath', "//*[text()='Delhi']").
2025-06-30 14:22:38 - gst_automation - INFO - Document is in 'complete' ready state.
2025-06-30 14:22:39 - gst_automation - INFO - Successfully clicked ('xpath', "//*[text()='South West Delhi']").
2025-06-30 14:22:39 - gst_automation - INFO - Document is in 'complete' ready state.
2025-06-30 14:22:39 - gst_automation - INFO - Successfully sent text to ('id', 'bnm').
2025-06-30 14:22:39 - gst_automation - INFO - Document is in 'complete' ready state.
2025-06-30 14:22:39 - gst_automation - INFO - Successfully sent text to ('id', 'pan_card').
2025-06-30 14:22:39 - gst_automation - INFO - Document is in 'complete' ready state.
2025-06-30 14:22:39 - gst_automation - INFO - Successfully sent text to ('id', 'email').
2025-06-30 14:22:39 - gst_automation - INFO - Document is in 'complete' ready state.
2025-06-30 14:22:39 - gst_automation - INFO - Successfully sent text to ('id', 'mobile').
2025-06-30 14:22:39 - gst_automation - INFO - Document is in 'complete' ready state.
2025-06-30 14:22:39 - gst_automation - INFO - Solving captcha via TrueCaptcha API...
2025-06-30 14:22:39 - gst_automation - INFO - Found captcha image element with ID 'imgCaptcha'.
2025-06-30 14:22:41 - gst_automation - INFO - CAPTCHA solved by API: 843616
2025-06-30 14:22:41 - gst_automation - INFO - Document is in 'complete' ready state.
2025-06-30 14:22:42 - gst_automation - INFO - Successfully sent text to ('id', 'captcha').
2025-06-30 14:22:42 - gst_automation - INFO - CAPTCHA text entered successfully.
2025-06-30 14:22:42 - gst_automation - INFO - Document is in 'complete' ready state.
2025-06-30 14:22:42 - gst_automation - INFO - Successfully clicked ('xpath', '/html/body/div[2]/div[2]/div/div[2]/div/form/div[2]/div/div[2]/div/button').
2025-06-30 14:22:42 - gst_automation - INFO - Document is in 'complete' ready state.
2025-06-30 14:22:42 - gst_automation - INFO - Polling for mobile_otp from OTP server (timeout: 120s)...
2025-06-30 14:23:03 - gst_automation - INFO - OTP '416945' received for type 'mobile_otp'!
2025-06-30 14:23:03 - gst_automation - INFO - Document is in 'complete' ready state.
2025-06-30 14:23:03 - gst_automation - INFO - Successfully sent text to ('id', 'mobile_otp').
2025-06-30 14:23:03 - gst_automation - INFO - Document is in 'complete' ready state.
2025-06-30 14:23:03 - gst_automation - INFO - Polling for email_otp from OTP server (timeout: 120s)...
2025-06-30 14:23:42 - gst_automation - INFO - OTP '878060' received for type 'email_otp'!
2025-06-30 14:23:42 - gst_automation - INFO - Document is in 'complete' ready state.
2025-06-30 14:23:42 - gst_automation - INFO - Successfully sent text to ('id', 'email-otp').
2025-06-30 14:23:44 - gst_automation - INFO - Document is in 'complete' ready state.
2025-06-30 14:23:44 - gst_automation - INFO - Successfully clicked ('xpath', '/html/body/div[2]/div[2]/div/div[2]/div/div[2]/div/form/div/div/button').
2025-06-30 14:23:49 - gst_automation - INFO - Document is in 'complete' ready state.
2025-06-30 14:23:50 - gst_automation - INFO - Successfully clicked ('xpath', '/html/body/div[2]/div[2]/div/div[2]/div/div[2]/div/div[2]/div/a').
2025-06-30 14:23:50 - gst_automation - INFO - Document is in 'complete' ready state.
2025-06-30 14:23:50 - gst_automation - INFO - Polling for trn from OTP server (timeout: 120s)...
2025-06-30 14:24:29 - gst_automation - INFO - OTP '072500183194TRN' received for type 'trn'!
2025-06-30 14:24:29 - gst_automation - INFO - Document is in 'complete' ready state.
2025-06-30 14:24:29 - gst_automation - INFO - Successfully sent text to ('id', 'trnno').
2025-06-30 14:24:29 - gst_automation - INFO - Document is in 'complete' ready state.
2025-06-30 14:24:29 - gst_automation - INFO - Solving captcha via TrueCaptcha API...
2025-06-30 14:24:29 - gst_automation - INFO - Found visible CAPTCHA image with ID 'imgCaptcha'.
2025-06-30 14:24:31 - gst_automation - INFO - CAPTCHA solved: 552793
2025-06-30 14:24:31 - gst_automation - INFO - Document is in 'complete' ready state.
2025-06-30 14:24:31 - gst_automation - INFO - Successfully sent text to ('id', 'captchatrn').
2025-06-30 14:24:31 - gst_automation - INFO - CAPTCHA entered successfully into input with ID 'captchatrn'.
2025-06-30 14:24:31 - gst_automation - INFO - Document is in 'complete' ready state.
2025-06-30 14:24:31 - gst_automation - INFO - Successfully clicked ('xpath', '/html/body/div[2]/div[2]/div/div[2]/div/form/div[2]/div/div[2]/div/button').
2025-06-30 14:24:31 - gst_automation - INFO - Document is in 'complete' ready state.
2025-06-30 14:24:31 - gst_automation - INFO - Polling for mobile_otp from OTP server (timeout: 120s)...
2025-06-30 14:24:46 - gst_automation - INFO - OTP '168863' received for type 'mobile_otp'!
2025-06-30 14:24:46 - gst_automation - INFO - Document is in 'complete' ready state.
2025-06-30 14:24:46 - gst_automation - INFO - Successfully sent text to ('id', 'mobile_otp').
2025-06-30 14:24:46 - gst_automation - INFO - Document is in 'complete' ready state.
2025-06-30 14:24:47 - gst_automation - INFO - Successfully clicked ('xpath', '/html/body/div[2]/div[2]/div/div[2]/div/div[2]/div/form/div/div/button').
2025-06-30 14:24:52 - gst_automation - INFO - Document is in 'complete' ready state.
2025-06-30 14:24:52 - gst_automation - INFO - Successfully clicked ('xpath', '/html/body/div[2]/div[1]/div/div[3]/div[2]/div/div/table/tbody/tr/td[6]/button').
2025-06-30 14:24:57 - gst_automation - INFO - Document is in 'complete' ready state.
2025-06-30 14:24:57 - gst_automation - INFO - Successfully sent text to ('id', 'tnm').
2025-06-30 14:24:59 - gst_automation - INFO - Document is in 'complete' ready state.
2025-06-30 14:25:00 - gst_automation - INFO - Successfully clicked ('xpath', "//*[text()='Others']").
2025-06-30 14:25:00 - gst_automation - INFO - Document is in 'complete' ready state.
2025-06-30 14:25:00 - gst_automation - INFO - Successfully sent text to ('id', 'bd_ConstBuss_oth').
2025-06-30 14:25:00 - gst_automation - INFO - Document is in 'complete' ready state.
2025-06-30 14:25:00 - gst_automation - INFO - Successfully clicked ('xpath', "//*[text()='Voluntary Basis']").
2025-06-30 14:25:00 - gst_automation - INFO - Document is in 'complete' ready state.
2025-06-30 14:25:00 - gst_automation - INFO - Successfully sent text to ('id', 'bd_cmbz').
2025-06-30 14:25:00 - gst_automation - INFO - Document is in 'complete' ready state.
2025-06-30 14:25:00 - gst_automation - INFO - Successfully clicked ('xpath', '/html/body/div[2]/div/div/div[3]/form/fieldset/div[1]/div[8]/div/div[1]/select/option[16]').
2025-06-30 14:25:00 - gst_automation - INFO - Document is in 'complete' ready state.
2025-06-30 14:25:00 - gst_automation - INFO - Successfully sent text to ('id', 'bd_othrReg').
2025-06-30 14:25:00 - gst_automation - INFO - Document is in 'complete' ready state.
2025-06-30 14:25:00 - gst_automation - INFO - Successfully sent text to ('id', 'exno').
2025-06-30 14:25:00 - gst_automation - INFO - Document is in 'complete' ready state.
2025-06-30 14:25:00 - gst_automation - INFO - Successfully sent text to ('id', 'exdt').
2025-06-30 14:25:00 - gst_automation - INFO - Document is in 'complete' ready state.
2025-06-30 14:25:01 - gst_automation - INFO - Successfully clicked ('xpath', '/html/body/div[2]/div/div/div[3]/form/fieldset/div[1]/div[8]/div/div[5]/button[1]').
2025-06-30 14:25:01 - gst_automation - INFO - Document is in 'complete' ready state.
2025-06-30 14:25:01 - gst_automation - INFO - Successfully clicked ('xpath', "//*[text()='Registration Certificate']").
2025-06-30 14:25:05 - gst_automation - INFO - Document is in 'complete' ready state.
2025-06-30 14:25:05 - gst_automation - INFO - Successfully clicked ('xpath', '/html/body/div[2]/div/div/div[3]/form/div/div/button[2]').
2025-06-30 14:25:05 - gst_automation - INFO - Filling details for promoter: Ashish Mehra
2025-06-30 14:25:05 - gst_automation - INFO - Document is in 'complete' ready state.
2025-06-30 14:25:05 - gst_automation - INFO - Successfully sent text to ('id', 'fnm').
2025-06-30 14:25:05 - gst_automation - INFO - Document is in 'complete' ready state.
2025-06-30 14:25:05 - gst_automation - INFO - Successfully sent text to ('id', 'pd_mname').
2025-06-30 14:25:05 - gst_automation - INFO - Document is in 'complete' ready state.
2025-06-30 14:25:05 - gst_automation - INFO - Successfully sent text to ('id', 'pd_lname').
2025-06-30 14:25:05 - gst_automation - INFO - Document is in 'complete' ready state.
2025-06-30 14:25:05 - gst_automation - INFO - Successfully sent text to ('id', 'ffname').
2025-06-30 14:25:05 - gst_automation - INFO - Document is in 'complete' ready state.
2025-06-30 14:25:05 - gst_automation - INFO - Successfully sent text to ('id', 'pd_fmname').
2025-06-30 14:25:05 - gst_automation - INFO - Document is in 'complete' ready state.
2025-06-30 14:25:05 - gst_automation - INFO - Successfully sent text to ('id', 'pd_flname').
2025-06-30 14:25:05 - gst_automation - INFO - Document is in 'complete' ready state.
2025-06-30 14:25:05 - gst_automation - INFO - Successfully sent text to ('id', 'dob').
2025-06-30 14:25:05 - gst_automation - INFO - Document is in 'complete' ready state.
2025-06-30 14:25:05 - gst_automation - INFO - Successfully sent text to ('id', 'mbno').
2025-06-30 14:25:05 - gst_automation - INFO - Document is in 'complete' ready state.
2025-06-30 14:25:06 - gst_automation - INFO - Successfully sent text to ('id', 'pd_email').
2025-06-30 14:25:06 - gst_automation - INFO - Document is in 'complete' ready state.
2025-06-30 14:25:06 - gst_automation - ERROR - An unexpected error occurred for Ashish: Message: Element <label> is not clickable at point (151,691) because another element <div class="dimmer-holder"> obscures it
Stacktrace:
RemoteError@chrome://remote/content/shared/RemoteError.sys.mjs:8:8
WebDriverError@chrome://remote/content/shared/webdriver/Errors.sys.mjs:199:5
ElementClickInterceptedError@chrome://remote/content/shared/webdriver/Errors.sys.mjs:351:5
webdriverClickElement@chrome://remote/content/marionette/interaction.sys.mjs:175:11
interaction.clickElement@chrome://remote/content/marionette/interaction.sys.mjs:134:11
clickElement@chrome://remote/content/marionette/actors/MarionetteCommandsChild.sys.mjs:297:29
receiveMessage@chrome://remote/content/marionette/actors/MarionetteCommandsChild.sys.mjs:180:31

2025-06-30 14:25:06 - gst_automation - INFO - All promoters processed. Clicking final Save & Continue button.
2025-06-30 14:25:26 - gst_automation - ERROR - Could not click the final 'Save & Continue' button: Message: 
Stacktrace:
RemoteError@chrome://remote/content/shared/RemoteError.sys.mjs:8:8
WebDriverError@chrome://remote/content/shared/webdriver/Errors.sys.mjs:199:5
NoSuchElementError@chrome://remote/content/shared/webdriver/Errors.sys.mjs:552:5
dom.find/</<@chrome://remote/content/shared/DOM.sys.mjs:136:16

2025-06-30 14:34:12 - gst_automation - INFO - Filling details for promoter: Ashish Mehra
2025-06-30 14:34:12 - gst_automation - ERROR - An unexpected error occurred for Ashish: Message: Browsing context has been discarded
Stacktrace:
RemoteError@chrome://remote/content/shared/RemoteError.sys.mjs:8:8
WebDriverError@chrome://remote/content/shared/webdriver/Errors.sys.mjs:199:5
NoSuchWindowError@chrome://remote/content/shared/webdriver/Errors.sys.mjs:747:5
assert.that/<@chrome://remote/content/shared/webdriver/Assert.sys.mjs:559:13
assert.open@chrome://remote/content/shared/webdriver/Assert.sys.mjs:147:4
GeckoDriver.prototype.execute_@chrome://remote/content/marionette/driver.sys.mjs:974:15
GeckoDriver.prototype.executeScript@chrome://remote/content/marionette/driver.sys.mjs:886:15
despatch@chrome://remote/content/marionette/server.sys.mjs:318:40
execute@chrome://remote/content/marionette/server.sys.mjs:289:16
onPacket/<@chrome://remote/content/marionette/server.sys.mjs:262:20
onPacket@chrome://remote/content/marionette/server.sys.mjs:263:9
_onJSONObjectReady/<@chrome://remote/content/marionette/transport.sys.mjs:494:20

2025-06-30 14:34:12 - gst_automation - INFO - All promoters processed. Clicking final Save & Continue button.
2025-06-30 14:34:12 - gst_automation - ERROR - Could not click the final 'Save & Continue' button: Message: Browsing context has been discarded
Stacktrace:
RemoteError@chrome://remote/content/shared/RemoteError.sys.mjs:8:8
WebDriverError@chrome://remote/content/shared/webdriver/Errors.sys.mjs:199:5
NoSuchWindowError@chrome://remote/content/shared/webdriver/Errors.sys.mjs:747:5
assert.that/<@chrome://remote/content/shared/webdriver/Assert.sys.mjs:559:13
assert.open@chrome://remote/content/shared/webdriver/Assert.sys.mjs:147:4
GeckoDriver.prototype.findElement@chrome://remote/content/marionette/driver.sys.mjs:1724:15
despatch@chrome://remote/content/marionette/server.sys.mjs:318:40
execute@chrome://remote/content/marionette/server.sys.mjs:289:16
onPacket/<@chrome://remote/content/marionette/server.sys.mjs:262:20
onPacket@chrome://remote/content/marionette/server.sys.mjs:263:9
_onJSONObjectReady/<@chrome://remote/content/marionette/transport.sys.mjs:494:20

