2025-06-27 12:31:55 - gst_automation - INFO - Document is in 'complete' ready state.
2025-06-27 12:31:55 - gst_automation - INFO - Successfully clicked ('xpath', "//*[text()='Taxpayer']").
2025-06-27 12:31:56 - gst_automation - INFO - Document is in 'complete' ready state.
2025-06-27 12:31:56 - gst_automation - INFO - Successfully clicked ('xpath', "//*[text()='Taxpayer']").
2025-06-27 12:31:57 - gst_automation - INFO - Document is in 'complete' ready state.
2025-06-27 12:31:57 - gst_automation - INFO - Successfully clicked ('xpath', "//*[text()='Delhi']").
2025-06-27 12:31:58 - gst_automation - INFO - Document is in 'complete' ready state.
2025-06-27 12:31:59 - gst_automation - INFO - Successfully clicked ('xpath', "//*[text()='South West Delhi']").
2025-06-27 12:31:59 - gst_automation - INFO - Document is in 'complete' ready state.
2025-06-27 12:31:59 - gst_automation - INFO - Successfully sent text to ('id', 'bnm').
2025-06-27 12:31:59 - gst_automation - INFO - Document is in 'complete' ready state.
2025-06-27 12:31:59 - gst_automation - INFO - Successfully sent text to ('id', 'pan_card').
2025-06-27 12:31:59 - gst_automation - INFO - Document is in 'complete' ready state.
2025-06-27 12:31:59 - gst_automation - INFO - Successfully sent text to ('id', 'email').
2025-06-27 12:31:59 - gst_automation - INFO - Document is in 'complete' ready state.
2025-06-27 12:31:59 - gst_automation - INFO - Successfully sent text to ('id', 'mobile').
2025-06-27 12:53:15 - gst_automation - INFO - Document is in 'complete' ready state.
2025-06-27 12:53:15 - gst_automation - INFO - Successfully clicked ('xpath', "//*[text()='Taxpayer']").
2025-06-27 12:53:16 - gst_automation - INFO - Document is in 'complete' ready state.
2025-06-27 12:53:16 - gst_automation - INFO - Successfully clicked ('xpath', "//*[text()='Taxpayer']").
2025-06-27 12:53:17 - gst_automation - INFO - Document is in 'complete' ready state.
2025-06-27 12:53:18 - gst_automation - INFO - Successfully clicked ('xpath', "//*[text()='Delhi']").
2025-06-27 12:53:19 - gst_automation - INFO - Document is in 'complete' ready state.
2025-06-27 12:53:19 - gst_automation - INFO - Successfully clicked ('xpath', "//*[text()='South West Delhi']").
2025-06-27 12:53:19 - gst_automation - INFO - Document is in 'complete' ready state.
2025-06-27 12:53:19 - gst_automation - INFO - Successfully sent text to ('id', 'bnm').
2025-06-27 12:53:19 - gst_automation - INFO - Document is in 'complete' ready state.
2025-06-27 12:53:19 - gst_automation - INFO - Successfully sent text to ('id', 'pan_card').
2025-06-27 12:53:19 - gst_automation - INFO - Document is in 'complete' ready state.
2025-06-27 12:53:19 - gst_automation - INFO - Successfully sent text to ('id', 'email').
2025-06-27 12:53:19 - gst_automation - INFO - Document is in 'complete' ready state.
2025-06-27 12:53:19 - gst_automation - INFO - Successfully sent text to ('id', 'mobile').
2025-06-27 13:00:39 - gst_automation - INFO - Document is in 'complete' ready state.
2025-06-27 13:00:39 - gst_automation - INFO - Solving captcha via TrueCaptcha API...
2025-06-27 13:00:39 - gst_automation - INFO - Found captcha image element with ID 'imgCaptcha'.
2025-06-27 13:05:13 - gst_automation - INFO - Document is in 'complete' ready state.
2025-06-27 13:05:14 - gst_automation - INFO - Successfully clicked ('xpath', "//*[text()='Taxpayer']").
2025-06-27 13:05:15 - gst_automation - INFO - Document is in 'complete' ready state.
2025-06-27 13:05:15 - gst_automation - INFO - Successfully clicked ('xpath', "//*[text()='Taxpayer']").
2025-06-27 13:05:16 - gst_automation - INFO - Document is in 'complete' ready state.
2025-06-27 13:05:16 - gst_automation - INFO - Successfully clicked ('xpath', "//*[text()='Delhi']").
2025-06-27 13:05:17 - gst_automation - INFO - Document is in 'complete' ready state.
2025-06-27 13:05:17 - gst_automation - INFO - Successfully clicked ('xpath', "//*[text()='South West Delhi']").
2025-06-27 13:05:17 - gst_automation - INFO - Document is in 'complete' ready state.
2025-06-27 13:05:17 - gst_automation - INFO - Successfully sent text to ('id', 'bnm').
2025-06-27 13:05:17 - gst_automation - INFO - Document is in 'complete' ready state.
2025-06-27 13:05:17 - gst_automation - INFO - Successfully sent text to ('id', 'email').
2025-06-27 13:05:17 - gst_automation - INFO - Document is in 'complete' ready state.
2025-06-27 13:05:17 - gst_automation - INFO - Successfully sent text to ('id', 'mobile').
2025-06-27 13:05:17 - gst_automation - INFO - Document is in 'complete' ready state.
2025-06-27 13:05:17 - gst_automation - INFO - Solving captcha via TrueCaptcha API...
2025-06-27 13:05:17 - gst_automation - INFO - Found captcha image element with ID 'imgCaptcha'.
2025-06-27 13:06:45 - gst_automation - INFO - Document is in 'complete' ready state.
2025-06-27 13:06:46 - gst_automation - INFO - Successfully clicked ('xpath', "//*[text()='Taxpayer']").
2025-06-27 13:06:47 - gst_automation - INFO - Document is in 'complete' ready state.
2025-06-27 13:06:47 - gst_automation - INFO - Successfully clicked ('xpath', "//*[text()='Taxpayer']").
2025-06-27 13:06:48 - gst_automation - INFO - Document is in 'complete' ready state.
2025-06-27 13:06:48 - gst_automation - INFO - Successfully clicked ('xpath', "//*[text()='Delhi']").
2025-06-27 13:06:49 - gst_automation - INFO - Document is in 'complete' ready state.
2025-06-27 13:06:49 - gst_automation - INFO - Successfully clicked ('xpath', "//*[text()='South West Delhi']").
2025-06-27 13:06:49 - gst_automation - INFO - Document is in 'complete' ready state.
2025-06-27 13:06:49 - gst_automation - INFO - Successfully sent text to ('id', 'bnm').
2025-06-27 13:06:49 - gst_automation - INFO - Document is in 'complete' ready state.
2025-06-27 13:06:49 - gst_automation - INFO - Successfully sent text to ('id', 'email').
2025-06-27 13:06:49 - gst_automation - INFO - Document is in 'complete' ready state.
2025-06-27 13:06:49 - gst_automation - INFO - Successfully sent text to ('id', 'mobile').
2025-06-27 13:06:49 - gst_automation - INFO - Document is in 'complete' ready state.
2025-06-27 13:06:49 - gst_automation - INFO - Solving captcha via TrueCaptcha API...
2025-06-27 13:06:49 - gst_automation - INFO - Found captcha image element with ID 'imgCaptcha'.
2025-06-27 13:07:25 - gst_automation - INFO - Document is in 'complete' ready state.
2025-06-27 13:07:25 - gst_automation - INFO - Successfully clicked ('xpath', "//*[text()='Taxpayer']").
2025-06-27 13:07:26 - gst_automation - INFO - Document is in 'complete' ready state.
2025-06-27 13:07:26 - gst_automation - INFO - Successfully clicked ('xpath', "//*[text()='Taxpayer']").
2025-06-27 13:07:27 - gst_automation - INFO - Document is in 'complete' ready state.
2025-06-27 13:07:27 - gst_automation - INFO - Successfully clicked ('xpath', "//*[text()='Delhi']").
2025-06-27 13:07:28 - gst_automation - INFO - Document is in 'complete' ready state.
2025-06-27 13:07:29 - gst_automation - INFO - Successfully clicked ('xpath', "//*[text()='South West Delhi']").
2025-06-27 13:07:29 - gst_automation - INFO - Document is in 'complete' ready state.
2025-06-27 13:07:29 - gst_automation - INFO - Successfully sent text to ('id', 'bnm').
2025-06-27 13:07:29 - gst_automation - INFO - Document is in 'complete' ready state.
2025-06-27 13:07:29 - gst_automation - INFO - Successfully sent text to ('id', 'email').
2025-06-27 13:07:29 - gst_automation - INFO - Document is in 'complete' ready state.
2025-06-27 13:07:29 - gst_automation - INFO - Successfully sent text to ('id', 'mobile').
2025-06-27 13:07:29 - gst_automation - INFO - Document is in 'complete' ready state.
2025-06-27 13:07:29 - gst_automation - INFO - Solving captcha via TrueCaptcha API...
2025-06-27 13:07:29 - gst_automation - INFO - Found captcha image element with ID 'imgCaptcha'.
2025-06-27 13:10:40 - gst_automation - INFO - Document is in 'complete' ready state.
2025-06-27 13:11:26 - gst_automation - INFO - Document is in 'complete' ready state.
2025-06-27 13:11:26 - gst_automation - INFO - Successfully clicked ('xpath', "//*[text()='Taxpayer']").
2025-06-27 13:11:29 - gst_automation - INFO - Document is in 'complete' ready state.
2025-06-27 13:11:29 - gst_automation - INFO - Successfully clicked ('xpath', "//*[text()='Taxpayer']").
2025-06-27 13:11:30 - gst_automation - INFO - Document is in 'complete' ready state.
2025-06-27 13:11:30 - gst_automation - INFO - Successfully clicked ('xpath', "//*[text()='Delhi']").
2025-06-27 13:11:31 - gst_automation - INFO - Document is in 'complete' ready state.
2025-06-27 13:11:51 - gst_automation - INFO - Document is in 'complete' ready state.
2025-06-27 13:11:51 - gst_automation - INFO - Successfully clicked ('xpath', "//*[text()='Taxpayer']").
2025-06-27 13:11:52 - gst_automation - INFO - Document is in 'complete' ready state.
2025-06-27 13:11:53 - gst_automation - INFO - Successfully clicked ('xpath', "//*[text()='Delhi']").
2025-06-27 13:11:54 - gst_automation - INFO - Document is in 'complete' ready state.
2025-06-27 13:11:54 - gst_automation - INFO - Successfully clicked ('xpath', "//*[text()='South West Delhi']").
2025-06-27 13:11:56 - gst_automation - INFO - Document is in 'complete' ready state.
2025-06-27 13:11:56 - gst_automation - INFO - Successfully sent text to ('id', 'bnm').
2025-06-27 13:11:57 - gst_automation - INFO - Document is in 'complete' ready state.
2025-06-27 13:11:57 - gst_automation - INFO - Successfully sent text to ('id', 'pan_card').
2025-06-27 13:11:58 - gst_automation - INFO - Document is in 'complete' ready state.
2025-06-27 13:11:58 - gst_automation - INFO - Successfully sent text to ('id', 'email').
2025-06-27 13:12:00 - gst_automation - INFO - Document is in 'complete' ready state.
2025-06-27 13:12:00 - gst_automation - INFO - Successfully sent text to ('id', 'mobile').
2025-06-27 13:12:05 - gst_automation - INFO - Document is in 'complete' ready state.
2025-06-27 13:12:05 - gst_automation - INFO - Successfully sent text to ('id', 'mobile').
2025-06-27 13:12:06 - gst_automation - INFO - Document is in 'complete' ready state.
2025-06-27 13:12:06 - gst_automation - INFO - Solving captcha via TrueCaptcha API...
2025-06-27 13:12:06 - gst_automation - INFO - Found captcha image element with ID 'imgCaptcha'.
