2025-06-30 14:41:21 - gst_automation - INFO - Document is in 'complete' ready state.
2025-06-30 14:41:22 - gst_automation - INFO - Successfully clicked ('xpath', "//*[text()='Taxpayer']").
2025-06-30 14:41:22 - gst_automation - INFO - Document is in 'complete' ready state.
2025-06-30 14:41:22 - gst_automation - INFO - Successfully clicked ('xpath', "//*[text()='Delhi']").
2025-06-30 14:41:27 - gst_automation - INFO - Document is in 'complete' ready state.
2025-06-30 14:41:27 - gst_automation - INFO - Successfully clicked ('xpath', "//*[text()='South West Delhi']").
2025-06-30 14:41:27 - gst_automation - INFO - Document is in 'complete' ready state.
2025-06-30 14:41:27 - gst_automation - INFO - Successfully sent text to ('id', 'bnm').
2025-06-30 14:41:27 - gst_automation - INFO - Document is in 'complete' ready state.
2025-06-30 14:41:27 - gst_automation - INFO - Successfully sent text to ('id', 'pan_card').
2025-06-30 14:41:27 - gst_automation - INFO - Document is in 'complete' ready state.
2025-06-30 14:41:27 - gst_automation - INFO - Successfully sent text to ('id', 'email').
2025-06-30 14:41:27 - gst_automation - INFO - Document is in 'complete' ready state.
2025-06-30 14:41:27 - gst_automation - INFO - Successfully sent text to ('id', 'mobile').
2025-06-30 14:41:27 - gst_automation - INFO - Document is in 'complete' ready state.
2025-06-30 14:41:27 - gst_automation - INFO - Solving captcha via TrueCaptcha API...
2025-06-30 14:41:27 - gst_automation - INFO - Found captcha image element with ID 'imgCaptcha'.
2025-06-30 14:41:32 - gst_automation - INFO - CAPTCHA solved by API: 332660
2025-06-30 14:41:32 - gst_automation - INFO - Document is in 'complete' ready state.
2025-06-30 14:41:32 - gst_automation - INFO - Successfully sent text to ('id', 'captcha').
2025-06-30 14:41:32 - gst_automation - INFO - CAPTCHA text entered successfully.
2025-06-30 14:41:32 - gst_automation - INFO - Document is in 'complete' ready state.
2025-06-30 14:41:32 - gst_automation - INFO - Successfully clicked ('xpath', '/html/body/div[2]/div[2]/div/div[2]/div/form/div[2]/div/div[2]/div/button').
2025-06-30 14:41:32 - gst_automation - INFO - Document is in 'complete' ready state.
2025-06-30 14:41:32 - gst_automation - INFO - Polling for mobile_otp from OTP server (timeout: 120s)...
2025-06-30 14:42:27 - gst_automation - INFO - OTP '195407' received for type 'mobile_otp'!
2025-06-30 14:42:27 - gst_automation - INFO - Document is in 'complete' ready state.
2025-06-30 14:42:27 - gst_automation - INFO - Successfully sent text to ('id', 'mobile_otp').
2025-06-30 14:42:27 - gst_automation - INFO - Document is in 'complete' ready state.
2025-06-30 14:42:27 - gst_automation - INFO - Polling for email_otp from OTP server (timeout: 120s)...
2025-06-30 14:42:51 - gst_automation - INFO - OTP '372483' received for type 'email_otp'!
2025-06-30 14:42:51 - gst_automation - INFO - Document is in 'complete' ready state.
2025-06-30 14:42:51 - gst_automation - INFO - Successfully sent text to ('id', 'email-otp').
2025-06-30 14:42:53 - gst_automation - INFO - Document is in 'complete' ready state.
2025-06-30 14:42:53 - gst_automation - INFO - Successfully clicked ('xpath', '/html/body/div[2]/div[2]/div/div[2]/div/div[2]/div/form/div/div/button').
2025-06-30 14:42:58 - gst_automation - INFO - Document is in 'complete' ready state.
2025-06-30 14:42:58 - gst_automation - INFO - Successfully clicked ('xpath', '/html/body/div[2]/div[2]/div/div[2]/div/div[2]/div/div[2]/div/a').
2025-06-30 14:42:58 - gst_automation - INFO - Document is in 'complete' ready state.
2025-06-30 14:42:58 - gst_automation - INFO - Polling for trn from OTP server (timeout: 120s)...
2025-06-30 14:43:41 - gst_automation - INFO - OTP '072500183239TRN' received for type 'trn'!
2025-06-30 14:43:41 - gst_automation - INFO - Document is in 'complete' ready state.
2025-06-30 14:43:41 - gst_automation - INFO - Successfully sent text to ('id', 'trnno').
2025-06-30 14:43:41 - gst_automation - INFO - Document is in 'complete' ready state.
2025-06-30 14:43:41 - gst_automation - INFO - Solving captcha via TrueCaptcha API...
2025-06-30 14:43:41 - gst_automation - INFO - Found visible CAPTCHA image with ID 'imgCaptcha'.
2025-06-30 14:43:43 - gst_automation - INFO - CAPTCHA solved: 649495
2025-06-30 14:43:43 - gst_automation - INFO - Document is in 'complete' ready state.
2025-06-30 14:43:43 - gst_automation - INFO - Successfully sent text to ('id', 'captchatrn').
2025-06-30 14:43:43 - gst_automation - INFO - CAPTCHA entered successfully into input with ID 'captchatrn'.
2025-06-30 14:43:43 - gst_automation - INFO - Document is in 'complete' ready state.
2025-06-30 14:43:43 - gst_automation - INFO - Successfully clicked ('xpath', '/html/body/div[2]/div[2]/div/div[2]/div/form/div[2]/div/div[2]/div/button').
2025-06-30 14:43:43 - gst_automation - INFO - Document is in 'complete' ready state.
2025-06-30 14:43:43 - gst_automation - INFO - Polling for mobile_otp from OTP server (timeout: 120s)...
2025-06-30 14:43:56 - gst_automation - INFO - OTP '129316' received for type 'mobile_otp'!
2025-06-30 14:43:56 - gst_automation - INFO - Document is in 'complete' ready state.
2025-06-30 14:43:56 - gst_automation - INFO - Successfully sent text to ('id', 'mobile_otp').
2025-06-30 14:43:56 - gst_automation - INFO - Document is in 'complete' ready state.
2025-06-30 14:43:56 - gst_automation - INFO - Successfully clicked ('xpath', '/html/body/div[2]/div[2]/div/div[2]/div/div[2]/div/form/div/div/button').
2025-06-30 14:44:01 - gst_automation - INFO - Document is in 'complete' ready state.
2025-06-30 14:44:01 - gst_automation - INFO - Successfully clicked ('xpath', '/html/body/div[2]/div[1]/div/div[3]/div[2]/div/div/table/tbody/tr/td[6]/button').
2025-06-30 14:44:06 - gst_automation - INFO - Document is in 'complete' ready state.
2025-06-30 14:44:06 - gst_automation - INFO - Successfully sent text to ('id', 'tnm').
2025-06-30 14:44:08 - gst_automation - INFO - Document is in 'complete' ready state.
2025-06-30 14:44:08 - gst_automation - INFO - Successfully clicked ('xpath', "//*[text()='Others']").
2025-06-30 14:44:08 - gst_automation - INFO - Document is in 'complete' ready state.
2025-06-30 14:44:09 - gst_automation - INFO - Successfully sent text to ('id', 'bd_ConstBuss_oth').
2025-06-30 14:44:09 - gst_automation - INFO - Document is in 'complete' ready state.
2025-06-30 14:44:09 - gst_automation - INFO - Successfully clicked ('xpath', "//*[text()='Voluntary Basis']").
2025-06-30 14:44:09 - gst_automation - INFO - Document is in 'complete' ready state.
2025-06-30 14:44:09 - gst_automation - INFO - Successfully sent text to ('id', 'bd_cmbz').
2025-06-30 14:44:09 - gst_automation - INFO - Document is in 'complete' ready state.
2025-06-30 14:44:09 - gst_automation - INFO - Successfully clicked ('xpath', '/html/body/div[2]/div/div/div[3]/form/fieldset/div[1]/div[8]/div/div[1]/select/option[16]').
2025-06-30 14:44:09 - gst_automation - INFO - Document is in 'complete' ready state.
2025-06-30 14:44:09 - gst_automation - INFO - Successfully sent text to ('id', 'bd_othrReg').
2025-06-30 14:44:09 - gst_automation - INFO - Document is in 'complete' ready state.
2025-06-30 14:44:09 - gst_automation - INFO - Successfully sent text to ('id', 'exno').
2025-06-30 14:44:09 - gst_automation - INFO - Document is in 'complete' ready state.
2025-06-30 14:44:09 - gst_automation - INFO - Successfully sent text to ('id', 'exdt').
2025-06-30 14:44:09 - gst_automation - INFO - Document is in 'complete' ready state.
2025-06-30 14:44:09 - gst_automation - INFO - Successfully clicked ('xpath', '/html/body/div[2]/div/div/div[3]/form/fieldset/div[1]/div[8]/div/div[5]/button[1]').
2025-06-30 14:44:09 - gst_automation - INFO - Document is in 'complete' ready state.
2025-06-30 14:44:10 - gst_automation - INFO - Successfully clicked ('xpath', "//*[text()='Registration Certificate']").
2025-06-30 14:44:14 - gst_automation - INFO - Document is in 'complete' ready state.
2025-06-30 14:44:14 - gst_automation - INFO - Successfully clicked ('xpath', '/html/body/div[2]/div/div/div[3]/form/div/div/button[2]').
2025-06-30 14:44:14 - gst_automation - INFO - Filling details for promoter: Ashish Mehra
2025-06-30 14:44:14 - gst_automation - INFO - Document is in 'complete' ready state.
2025-06-30 14:44:14 - gst_automation - INFO - Successfully sent text to ('id', 'fnm').
2025-06-30 14:44:14 - gst_automation - INFO - Document is in 'complete' ready state.
2025-06-30 14:44:14 - gst_automation - INFO - Successfully sent text to ('id', 'pd_mname').
2025-06-30 14:44:14 - gst_automation - INFO - Document is in 'complete' ready state.
2025-06-30 14:44:14 - gst_automation - INFO - Successfully sent text to ('id', 'pd_lname').
2025-06-30 14:44:15 - gst_automation - INFO - Document is in 'complete' ready state.
2025-06-30 14:44:15 - gst_automation - INFO - Successfully sent text to ('id', 'ffname').
2025-06-30 14:44:15 - gst_automation - INFO - Document is in 'complete' ready state.
2025-06-30 14:44:15 - gst_automation - INFO - Successfully sent text to ('id', 'pd_fmname').
2025-06-30 14:44:15 - gst_automation - INFO - Document is in 'complete' ready state.
2025-06-30 14:44:15 - gst_automation - INFO - Successfully sent text to ('id', 'pd_flname').
2025-06-30 14:44:15 - gst_automation - INFO - Document is in 'complete' ready state.
2025-06-30 14:44:15 - gst_automation - INFO - Successfully sent text to ('id', 'dob').
2025-06-30 14:44:15 - gst_automation - INFO - Document is in 'complete' ready state.
2025-06-30 14:44:15 - gst_automation - INFO - Successfully sent text to ('id', 'mbno').
2025-06-30 14:44:15 - gst_automation - INFO - Document is in 'complete' ready state.
2025-06-30 14:44:15 - gst_automation - INFO - Successfully sent text to ('id', 'pd_email').
2025-06-30 14:44:15 - gst_automation - INFO - Document is in 'complete' ready state.
2025-06-30 14:44:15 - gst_automation - ERROR - An unexpected error occurred for Ashish: Message: Element <label> is not clickable at point (151,691) because another element <div class="dimmer-holder"> obscures it
Stacktrace:
RemoteError@chrome://remote/content/shared/RemoteError.sys.mjs:8:8
WebDriverError@chrome://remote/content/shared/webdriver/Errors.sys.mjs:199:5
ElementClickInterceptedError@chrome://remote/content/shared/webdriver/Errors.sys.mjs:351:5
webdriverClickElement@chrome://remote/content/marionette/interaction.sys.mjs:175:11
interaction.clickElement@chrome://remote/content/marionette/interaction.sys.mjs:134:11
clickElement@chrome://remote/content/marionette/actors/MarionetteCommandsChild.sys.mjs:297:29
receiveMessage@chrome://remote/content/marionette/actors/MarionetteCommandsChild.sys.mjs:180:31

2025-06-30 14:44:15 - gst_automation - INFO - All promoters processed. Clicking final Save & Continue button.
2025-06-30 14:44:35 - gst_automation - ERROR - Could not click the final 'Save & Continue' button: Message: 
Stacktrace:
RemoteError@chrome://remote/content/shared/RemoteError.sys.mjs:8:8
WebDriverError@chrome://remote/content/shared/webdriver/Errors.sys.mjs:199:5
NoSuchElementError@chrome://remote/content/shared/webdriver/Errors.sys.mjs:552:5
dom.find/</<@chrome://remote/content/shared/DOM.sys.mjs:136:16

2025-06-30 14:50:06 - gst_automation - INFO - Filling details for promoter: Ashish Mehra
2025-06-30 14:50:06 - gst_automation - INFO - Document is in 'complete' ready state.
2025-06-30 14:50:06 - gst_automation - INFO - Successfully sent text to ('id', 'fnm').
2025-06-30 14:50:06 - gst_automation - INFO - Document is in 'complete' ready state.
2025-06-30 14:50:06 - gst_automation - INFO - Successfully sent text to ('id', 'pd_mname').
2025-06-30 14:50:06 - gst_automation - INFO - Document is in 'complete' ready state.
2025-06-30 14:50:06 - gst_automation - INFO - Successfully sent text to ('id', 'pd_lname').
2025-06-30 14:50:06 - gst_automation - INFO - Document is in 'complete' ready state.
2025-06-30 14:50:06 - gst_automation - INFO - Successfully sent text to ('id', 'ffname').
2025-06-30 14:50:06 - gst_automation - INFO - Document is in 'complete' ready state.
2025-06-30 14:50:06 - gst_automation - INFO - Successfully sent text to ('id', 'pd_fmname').
2025-06-30 14:50:06 - gst_automation - INFO - Document is in 'complete' ready state.
2025-06-30 14:50:06 - gst_automation - INFO - Successfully sent text to ('id', 'pd_flname').
2025-06-30 14:50:06 - gst_automation - INFO - Document is in 'complete' ready state.
2025-06-30 14:50:06 - gst_automation - INFO - Successfully sent text to ('id', 'dob').
2025-06-30 14:50:06 - gst_automation - INFO - Document is in 'complete' ready state.
2025-06-30 14:50:06 - gst_automation - INFO - Successfully sent text to ('id', 'mbno').
2025-06-30 14:50:06 - gst_automation - INFO - Document is in 'complete' ready state.
2025-06-30 14:50:06 - gst_automation - INFO - Successfully sent text to ('id', 'pd_email').
2025-06-30 14:50:06 - gst_automation - INFO - Document is in 'complete' ready state.
2025-06-30 14:50:06 - gst_automation - INFO - Successfully clicked ('css selector', 'div.tbl-format:nth-child(2) > div:nth-child(4) > div:nth-child(1) > div:nth-child(1) > fieldset:nth-child(1) > label:nth-child(3)').
2025-06-30 14:50:06 - gst_automation - INFO - Document is in 'complete' ready state.
2025-06-30 14:50:06 - gst_automation - INFO - Successfully sent text to ('id', 'dg').
2025-06-30 14:50:06 - gst_automation - INFO - Document is in 'complete' ready state.
2025-06-30 14:50:06 - gst_automation - INFO - Successfully sent text to ('id', 'din').
2025-06-30 14:50:06 - gst_automation - INFO - Document is in 'complete' ready state.
2025-06-30 14:50:06 - gst_automation - INFO - Successfully sent text to ('id', 'pan').
2025-06-30 14:50:06 - gst_automation - INFO - Document is in 'complete' ready state.
2025-06-30 14:50:09 - gst_automation - INFO - Successfully sent text to ('id', 'onMapSerachId').
2025-06-30 14:50:10 - gst_automation - INFO - Document is in 'complete' ready state.
2025-06-30 14:50:10 - gst_automation - INFO - Successfully clicked ('xpath', "//*[text()='474001']").
2025-06-30 14:50:11 - gst_automation - INFO - Document is in 'complete' ready state.
2025-06-30 14:50:12 - gst_automation - INFO - Successfully clicked ('id', 'confirm-mapquery-btn1').
2025-06-30 14:50:12 - gst_automation - INFO - Document is in 'complete' ready state.
2025-06-30 14:50:12 - gst_automation - INFO - Successfully sent text to ('id', 'pd_bdnum').
2025-06-30 14:50:12 - gst_automation - INFO - Document is in 'complete' ready state.
2025-06-30 14:50:12 - gst_automation - INFO - Successfully sent text to ('id', 'pd_upload').
2025-06-30 14:50:12 - gst_automation - INFO - All promoters processed. Clicking final Save & Continue button.
2025-06-30 14:50:32 - gst_automation - ERROR - Could not click the final 'Save & Continue' button: Message: 
Stacktrace:
RemoteError@chrome://remote/content/shared/RemoteError.sys.mjs:8:8
WebDriverError@chrome://remote/content/shared/webdriver/Errors.sys.mjs:199:5
NoSuchElementError@chrome://remote/content/shared/webdriver/Errors.sys.mjs:552:5
dom.find/</<@chrome://remote/content/shared/DOM.sys.mjs:136:16

2025-06-30 14:50:45 - gst_automation - INFO - Document is in 'complete' ready state.
2025-06-30 14:50:45 - gst_automation - INFO - Successfully clicked ('xpath', '/html/body/div[2]/div/div/div[3]/form/div[2]/div[2]/div/button[3]').
2025-06-30 14:50:48 - gst_automation - INFO - Filling authorized signatory details
2025-06-30 14:50:48 - gst_automation - INFO - Document is in 'complete' ready state.
2025-06-30 14:50:48 - gst_automation - INFO - Successfully sent text to ('id', 'fnm').
2025-06-30 14:50:48 - gst_automation - INFO - Document is in 'complete' ready state.
2025-06-30 14:51:16 - gst_automation - ERROR - An unexpected error occurred for authorized signatory: Message: Browsing context has been discarded
Stacktrace:
RemoteError@chrome://remote/content/shared/RemoteError.sys.mjs:8:8
WebDriverError@chrome://remote/content/shared/webdriver/Errors.sys.mjs:199:5
NoSuchWindowError@chrome://remote/content/shared/webdriver/Errors.sys.mjs:747:5
assert.that/<@chrome://remote/content/shared/webdriver/Assert.sys.mjs:559:13
assert.open@chrome://remote/content/shared/webdriver/Assert.sys.mjs:147:4
GeckoDriver.prototype.findElement@chrome://remote/content/marionette/driver.sys.mjs:1724:15
despatch@chrome://remote/content/marionette/server.sys.mjs:318:40
execute@chrome://remote/content/marionette/server.sys.mjs:289:16
onPacket/<@chrome://remote/content/marionette/server.sys.mjs:262:20
onPacket@chrome://remote/content/marionette/server.sys.mjs:263:9
_onJSONObjectReady/<@chrome://remote/content/marionette/transport.sys.mjs:494:20

2025-06-30 14:51:16 - gst_automation - INFO - Clicking final Save & Continue button for authorized signatory section.
2025-06-30 14:51:16 - gst_automation - ERROR - Could not click the final 'Save & Continue' button: Message: Browsing context has been discarded
Stacktrace:
RemoteError@chrome://remote/content/shared/RemoteError.sys.mjs:8:8
WebDriverError@chrome://remote/content/shared/webdriver/Errors.sys.mjs:199:5
NoSuchWindowError@chrome://remote/content/shared/webdriver/Errors.sys.mjs:747:5
assert.that/<@chrome://remote/content/shared/webdriver/Assert.sys.mjs:559:13
assert.open@chrome://remote/content/shared/webdriver/Assert.sys.mjs:147:4
GeckoDriver.prototype.findElement@chrome://remote/content/marionette/driver.sys.mjs:1724:15
despatch@chrome://remote/content/marionette/server.sys.mjs:318:40
execute@chrome://remote/content/marionette/server.sys.mjs:289:16
onPacket/<@chrome://remote/content/marionette/server.sys.mjs:262:20
onPacket@chrome://remote/content/marionette/server.sys.mjs:263:9
_onJSONObjectReady/<@chrome://remote/content/marionette/transport.sys.mjs:494:20

2025-06-30 14:52:10 - gst_automation - INFO - Document is in 'complete' ready state.
2025-06-30 14:52:10 - gst_automation - INFO - Successfully clicked ('xpath', "//*[text()='Taxpayer']").
2025-06-30 14:52:10 - gst_automation - INFO - Document is in 'complete' ready state.
2025-06-30 14:52:10 - gst_automation - INFO - Successfully clicked ('xpath', "//*[text()='Delhi']").
2025-06-30 14:52:15 - gst_automation - INFO - Document is in 'complete' ready state.
2025-06-30 14:52:16 - gst_automation - INFO - Successfully clicked ('xpath', "//*[text()='South West Delhi']").
2025-06-30 14:52:16 - gst_automation - INFO - Document is in 'complete' ready state.
2025-06-30 14:52:16 - gst_automation - INFO - Successfully sent text to ('id', 'bnm').
2025-06-30 14:52:32 - gst_automation - INFO - Document is in 'complete' ready state.
2025-06-30 14:52:32 - gst_automation - INFO - Successfully sent text to ('id', 'pan_card').
2025-06-30 14:52:33 - gst_automation - INFO - Document is in 'complete' ready state.
2025-06-30 14:52:33 - gst_automation - INFO - Successfully sent text to ('id', 'email').
2025-06-30 14:52:33 - gst_automation - INFO - Document is in 'complete' ready state.
2025-06-30 14:52:33 - gst_automation - INFO - Successfully sent text to ('id', 'mobile').
2025-06-30 14:52:34 - gst_automation - INFO - Document is in 'complete' ready state.
2025-06-30 14:52:34 - gst_automation - INFO - Solving captcha via TrueCaptcha API...
2025-06-30 14:52:34 - gst_automation - INFO - Found captcha image element with ID 'imgCaptcha'.
2025-06-30 14:52:36 - gst_automation - INFO - CAPTCHA solved by API: 217432
2025-06-30 14:52:36 - gst_automation - INFO - Document is in 'complete' ready state.
2025-06-30 14:52:36 - gst_automation - INFO - Successfully sent text to ('id', 'captcha').
2025-06-30 14:52:36 - gst_automation - INFO - CAPTCHA text entered successfully.
2025-06-30 14:52:36 - gst_automation - INFO - Document is in 'complete' ready state.
2025-06-30 14:52:37 - gst_automation - INFO - Successfully clicked ('xpath', '/html/body/div[2]/div[2]/div/div[2]/div/form/div[2]/div/div[2]/div/button').
2025-06-30 14:52:37 - gst_automation - INFO - Document is in 'complete' ready state.
2025-06-30 14:52:37 - gst_automation - INFO - Polling for mobile_otp from OTP server (timeout: 120s)...
2025-06-30 14:52:58 - gst_automation - INFO - OTP '403985' received for type 'mobile_otp'!
2025-06-30 14:52:58 - gst_automation - INFO - Document is in 'complete' ready state.
2025-06-30 14:52:58 - gst_automation - INFO - Successfully sent text to ('id', 'mobile_otp').
2025-06-30 14:53:28 - gst_automation - INFO - Document is in 'complete' ready state.
2025-06-30 14:53:28 - gst_automation - INFO - Polling for email_otp from OTP server (timeout: 120s)...
2025-06-30 14:53:28 - gst_automation - INFO - OTP '956847' received for type 'email_otp'!
2025-06-30 14:53:28 - gst_automation - INFO - Document is in 'complete' ready state.
2025-06-30 14:53:28 - gst_automation - INFO - Successfully sent text to ('id', 'email-otp').
2025-06-30 14:53:31 - gst_automation - INFO - Document is in 'complete' ready state.
2025-06-30 14:53:31 - gst_automation - INFO - Successfully clicked ('xpath', '/html/body/div[2]/div[2]/div/div[2]/div/div[2]/div/form/div/div/button').
2025-06-30 14:53:41 - gst_automation - INFO - Document is in 'complete' ready state.
2025-06-30 14:53:41 - gst_automation - INFO - Successfully clicked ('xpath', '/html/body/div[2]/div[2]/div/div[2]/div/div[2]/div/div[2]/div/a').
2025-06-30 14:53:41 - gst_automation - INFO - Document is in 'complete' ready state.
2025-06-30 14:53:41 - gst_automation - INFO - Polling for trn from OTP server (timeout: 120s)...
2025-06-30 14:53:59 - gst_automation - INFO - OTP '072500183263TRN' received for type 'trn'!
2025-06-30 14:53:59 - gst_automation - INFO - Document is in 'complete' ready state.
2025-06-30 14:53:59 - gst_automation - INFO - Successfully sent text to ('id', 'trnno').
2025-06-30 14:54:07 - gst_automation - INFO - Document is in 'complete' ready state.
2025-06-30 14:54:07 - gst_automation - INFO - Solving captcha via TrueCaptcha API...
2025-06-30 14:54:07 - gst_automation - INFO - Found visible CAPTCHA image with ID 'imgCaptcha'.
2025-06-30 14:54:10 - gst_automation - INFO - CAPTCHA solved: 618321
2025-06-30 14:54:10 - gst_automation - INFO - Document is in 'complete' ready state.
2025-06-30 14:54:10 - gst_automation - INFO - Successfully sent text to ('id', 'captchatrn').
2025-06-30 14:54:10 - gst_automation - INFO - CAPTCHA entered successfully into input with ID 'captchatrn'.
2025-06-30 14:54:10 - gst_automation - INFO - Document is in 'complete' ready state.
2025-06-30 14:54:11 - gst_automation - INFO - Successfully clicked ('xpath', '/html/body/div[2]/div[2]/div/div[2]/div/form/div[2]/div/div[2]/div/button').
2025-06-30 14:54:14 - gst_automation - INFO - Document is in 'complete' ready state.
2025-06-30 14:54:14 - gst_automation - INFO - Polling for mobile_otp from OTP server (timeout: 120s)...
2025-06-30 14:54:29 - gst_automation - INFO - OTP '762431' received for type 'mobile_otp'!
2025-06-30 14:54:29 - gst_automation - INFO - Document is in 'complete' ready state.
2025-06-30 14:54:29 - gst_automation - INFO - Successfully sent text to ('id', 'mobile_otp').
2025-06-30 14:54:34 - gst_automation - INFO - Document is in 'complete' ready state.
2025-06-30 14:54:35 - gst_automation - INFO - Successfully clicked ('xpath', '/html/body/div[2]/div[2]/div/div[2]/div/div[2]/div/form/div/div/button').
2025-06-30 14:54:40 - gst_automation - INFO - Document is in 'complete' ready state.
2025-06-30 14:54:52 - gst_automation - INFO - Document is in 'complete' ready state.
2025-06-30 14:54:53 - gst_automation - INFO - Successfully clicked ('xpath', '/html/body/div[2]/div[1]/div/div[3]/div[2]/div/div/table/tbody/tr/td[6]/button').
2025-06-30 14:55:03 - gst_automation - INFO - Document is in 'complete' ready state.
2025-06-30 14:55:03 - gst_automation - INFO - Successfully sent text to ('id', 'tnm').
2025-06-30 14:55:05 - gst_automation - INFO - Document is in 'complete' ready state.
2025-06-30 14:55:12 - gst_automation - INFO - Document is in 'complete' ready state.
2025-06-30 14:55:13 - gst_automation - INFO - Successfully clicked ('xpath', "//*[text()='Others']").
2025-06-30 14:55:23 - gst_automation - INFO - Document is in 'complete' ready state.
2025-06-30 14:55:23 - gst_automation - INFO - Successfully sent text to ('id', 'bd_ConstBuss_oth').
2025-06-30 14:55:23 - gst_automation - INFO - Document is in 'complete' ready state.
2025-06-30 14:55:24 - gst_automation - INFO - Successfully clicked ('xpath', "//*[text()='Voluntary Basis']").
2025-06-30 14:55:24 - gst_automation - INFO - Document is in 'complete' ready state.
2025-06-30 14:55:24 - gst_automation - INFO - Successfully sent text to ('id', 'bd_cmbz').
2025-06-30 14:55:25 - gst_automation - INFO - Document is in 'complete' ready state.
2025-06-30 14:55:26 - gst_automation - INFO - Successfully clicked ('xpath', '/html/body/div[2]/div/div/div[3]/form/fieldset/div[1]/div[8]/div/div[1]/select/option[16]').
2025-06-30 14:55:27 - gst_automation - INFO - Document is in 'complete' ready state.
2025-06-30 14:55:27 - gst_automation - INFO - Successfully sent text to ('id', 'bd_othrReg').
2025-06-30 14:55:28 - gst_automation - INFO - Document is in 'complete' ready state.
2025-06-30 14:55:28 - gst_automation - INFO - Successfully sent text to ('id', 'exno').
2025-06-30 14:55:29 - gst_automation - INFO - Document is in 'complete' ready state.
2025-06-30 14:55:29 - gst_automation - INFO - Successfully sent text to ('id', 'exdt').
2025-06-30 14:55:30 - gst_automation - INFO - Document is in 'complete' ready state.
2025-06-30 14:55:30 - gst_automation - INFO - Successfully clicked ('xpath', '/html/body/div[2]/div/div/div[3]/form/fieldset/div[1]/div[8]/div/div[5]/button[1]').
2025-06-30 14:55:31 - gst_automation - INFO - Document is in 'complete' ready state.
2025-06-30 14:55:31 - gst_automation - INFO - Successfully clicked ('xpath', "//*[text()='Registration Certificate']").
2025-06-30 14:55:38 - gst_automation - INFO - Document is in 'complete' ready state.
2025-06-30 14:55:38 - gst_automation - INFO - Successfully clicked ('xpath', '/html/body/div[2]/div/div/div[3]/form/div/div/button[2]').
2025-06-30 14:55:44 - gst_automation - INFO - Filling details for promoter: Ashish Mehra
2025-06-30 14:55:44 - gst_automation - INFO - Document is in 'complete' ready state.
2025-06-30 14:55:44 - gst_automation - INFO - Successfully sent text to ('id', 'fnm').
2025-06-30 14:55:44 - gst_automation - INFO - Document is in 'complete' ready state.
2025-06-30 14:55:44 - gst_automation - INFO - Successfully sent text to ('id', 'pd_mname').
2025-06-30 14:55:44 - gst_automation - INFO - Document is in 'complete' ready state.
2025-06-30 14:55:44 - gst_automation - INFO - Successfully sent text to ('id', 'pd_lname').
2025-06-30 14:55:44 - gst_automation - INFO - Document is in 'complete' ready state.
2025-06-30 14:55:44 - gst_automation - INFO - Successfully sent text to ('id', 'ffname').
2025-06-30 14:55:44 - gst_automation - INFO - Document is in 'complete' ready state.
2025-06-30 14:55:44 - gst_automation - INFO - Successfully sent text to ('id', 'pd_fmname').
2025-06-30 14:55:44 - gst_automation - INFO - Document is in 'complete' ready state.
2025-06-30 14:55:44 - gst_automation - INFO - Successfully sent text to ('id', 'pd_flname').
2025-06-30 14:55:44 - gst_automation - INFO - Document is in 'complete' ready state.
2025-06-30 14:55:44 - gst_automation - INFO - Successfully sent text to ('id', 'dob').
2025-06-30 14:55:44 - gst_automation - INFO - Document is in 'complete' ready state.
2025-06-30 14:55:44 - gst_automation - INFO - Successfully sent text to ('id', 'mbno').
2025-06-30 14:55:44 - gst_automation - INFO - Document is in 'complete' ready state.
2025-06-30 14:55:44 - gst_automation - INFO - Successfully sent text to ('id', 'pd_email').
2025-06-30 14:55:44 - gst_automation - INFO - Document is in 'complete' ready state.
2025-06-30 14:55:44 - gst_automation - INFO - Successfully clicked ('css selector', 'div.tbl-format:nth-child(2) > div:nth-child(4) > div:nth-child(1) > div:nth-child(1) > fieldset:nth-child(1) > label:nth-child(3)').
2025-06-30 14:55:44 - gst_automation - INFO - Document is in 'complete' ready state.
2025-06-30 14:55:45 - gst_automation - INFO - Successfully sent text to ('id', 'dg').
2025-06-30 14:55:45 - gst_automation - INFO - Document is in 'complete' ready state.
2025-06-30 14:55:45 - gst_automation - INFO - Successfully sent text to ('id', 'din').
2025-06-30 14:55:45 - gst_automation - INFO - Document is in 'complete' ready state.
2025-06-30 14:55:45 - gst_automation - INFO - Successfully sent text to ('id', 'pan').
2025-06-30 14:55:45 - gst_automation - INFO - Document is in 'complete' ready state.
2025-06-30 14:55:45 - gst_automation - INFO - Successfully sent text to ('id', 'onMapSerachId').
2025-06-30 14:55:46 - gst_automation - INFO - Document is in 'complete' ready state.
2025-06-30 14:56:16 - gst_automation - ERROR - Element ('xpath', "//*[text()='474001']") not clickable within 30s.
2025-06-30 14:56:16 - gst_automation - ERROR - An unexpected error occurred for Ashish: Message: Failed to click ('xpath', "//*[text()='474001']") after 5 retries.

2025-06-30 14:56:16 - gst_automation - INFO - All promoters processed. Clicking final Save & Continue button.
2025-06-30 14:56:36 - gst_automation - ERROR - Could not click the final 'Save & Continue' button: Message: 
Stacktrace:
RemoteError@chrome://remote/content/shared/RemoteError.sys.mjs:8:8
WebDriverError@chrome://remote/content/shared/webdriver/Errors.sys.mjs:199:5
NoSuchElementError@chrome://remote/content/shared/webdriver/Errors.sys.mjs:552:5
dom.find/</<@chrome://remote/content/shared/DOM.sys.mjs:136:16

2025-06-30 14:58:30 - gst_automation - INFO - Filling details for promoter: Ashish Mehra
2025-06-30 14:58:30 - gst_automation - INFO - Document is in 'complete' ready state.
2025-06-30 14:58:30 - gst_automation - INFO - Successfully sent text to ('id', 'fnm').
2025-06-30 14:58:30 - gst_automation - INFO - Document is in 'complete' ready state.
2025-06-30 14:58:30 - gst_automation - INFO - Successfully sent text to ('id', 'pd_mname').
2025-06-30 14:58:30 - gst_automation - INFO - Document is in 'complete' ready state.
2025-06-30 14:58:30 - gst_automation - INFO - Successfully sent text to ('id', 'pd_lname').
2025-06-30 14:58:30 - gst_automation - INFO - Document is in 'complete' ready state.
2025-06-30 14:58:30 - gst_automation - INFO - Successfully sent text to ('id', 'ffname').
2025-06-30 14:58:30 - gst_automation - INFO - Document is in 'complete' ready state.
2025-06-30 14:58:30 - gst_automation - INFO - Successfully sent text to ('id', 'pd_fmname').
2025-06-30 14:58:30 - gst_automation - INFO - Document is in 'complete' ready state.
2025-06-30 14:58:30 - gst_automation - INFO - Successfully sent text to ('id', 'pd_flname').
2025-06-30 14:58:30 - gst_automation - INFO - Document is in 'complete' ready state.
2025-06-30 14:58:30 - gst_automation - INFO - Successfully sent text to ('id', 'dob').
2025-06-30 14:58:30 - gst_automation - INFO - Document is in 'complete' ready state.
2025-06-30 14:58:30 - gst_automation - INFO - Successfully sent text to ('id', 'mbno').
2025-06-30 14:58:30 - gst_automation - INFO - Document is in 'complete' ready state.
2025-06-30 14:58:30 - gst_automation - INFO - Successfully sent text to ('id', 'pd_email').
2025-06-30 14:58:30 - gst_automation - INFO - Document is in 'complete' ready state.
2025-06-30 14:58:30 - gst_automation - INFO - Successfully clicked ('css selector', 'div.tbl-format:nth-child(2) > div:nth-child(4) > div:nth-child(1) > div:nth-child(1) > fieldset:nth-child(1) > label:nth-child(3)').
2025-06-30 14:58:30 - gst_automation - INFO - Document is in 'complete' ready state.
2025-06-30 14:58:30 - gst_automation - INFO - Successfully sent text to ('id', 'dg').
2025-06-30 14:58:30 - gst_automation - INFO - Document is in 'complete' ready state.
2025-06-30 14:58:30 - gst_automation - INFO - Successfully sent text to ('id', 'din').
2025-06-30 14:58:30 - gst_automation - INFO - Document is in 'complete' ready state.
2025-06-30 14:58:30 - gst_automation - INFO - Successfully sent text to ('id', 'pan').
2025-06-30 14:58:30 - gst_automation - INFO - Document is in 'complete' ready state.
2025-06-30 14:58:31 - gst_automation - INFO - Successfully sent text to ('id', 'onMapSerachId').
2025-06-30 14:58:32 - gst_automation - INFO - Document is in 'complete' ready state.
2025-06-30 14:58:33 - gst_automation - INFO - Successfully clicked ('xpath', "//*[text()='110071']").
2025-06-30 14:58:34 - gst_automation - INFO - Document is in 'complete' ready state.
2025-06-30 14:58:37 - gst_automation - INFO - Successfully clicked ('id', 'confirm-mapquery-btn1').
2025-06-30 14:58:37 - gst_automation - INFO - Document is in 'complete' ready state.
2025-06-30 14:58:37 - gst_automation - INFO - Successfully sent text to ('id', 'pd_bdnum').
2025-06-30 14:58:37 - gst_automation - INFO - Document is in 'complete' ready state.
2025-06-30 14:58:37 - gst_automation - INFO - Successfully sent text to ('id', 'pd_upload').
2025-06-30 14:58:37 - gst_automation - INFO - All promoters processed. Clicking final Save & Continue button.
2025-06-30 14:58:57 - gst_automation - ERROR - Could not click the final 'Save & Continue' button: Message: 
Stacktrace:
RemoteError@chrome://remote/content/shared/RemoteError.sys.mjs:8:8
WebDriverError@chrome://remote/content/shared/webdriver/Errors.sys.mjs:199:5
NoSuchElementError@chrome://remote/content/shared/webdriver/Errors.sys.mjs:552:5
dom.find/</<@chrome://remote/content/shared/DOM.sys.mjs:136:16

2025-06-30 15:03:48 - gst_automation - INFO - Filling details for promoter: Ashish Mehra
2025-06-30 15:03:48 - gst_automation - INFO - Document is in 'complete' ready state.
2025-06-30 15:03:48 - gst_automation - INFO - Successfully sent text to ('id', 'fnm').
2025-06-30 15:03:48 - gst_automation - INFO - Document is in 'complete' ready state.
2025-06-30 15:03:48 - gst_automation - INFO - Successfully sent text to ('id', 'pd_mname').
2025-06-30 15:03:48 - gst_automation - INFO - Document is in 'complete' ready state.
2025-06-30 15:03:48 - gst_automation - INFO - Successfully sent text to ('id', 'pd_lname').
2025-06-30 15:03:48 - gst_automation - INFO - Document is in 'complete' ready state.
2025-06-30 15:03:48 - gst_automation - INFO - Successfully sent text to ('id', 'ffname').
2025-06-30 15:03:48 - gst_automation - INFO - Document is in 'complete' ready state.
2025-06-30 15:03:48 - gst_automation - INFO - Successfully sent text to ('id', 'pd_fmname').
2025-06-30 15:03:48 - gst_automation - INFO - Document is in 'complete' ready state.
2025-06-30 15:03:48 - gst_automation - INFO - Successfully sent text to ('id', 'pd_flname').
2025-06-30 15:03:48 - gst_automation - INFO - Document is in 'complete' ready state.
2025-06-30 15:03:48 - gst_automation - INFO - Successfully sent text to ('id', 'dob').
2025-06-30 15:03:48 - gst_automation - INFO - Document is in 'complete' ready state.
2025-06-30 15:03:48 - gst_automation - INFO - Successfully sent text to ('id', 'mbno').
2025-06-30 15:03:48 - gst_automation - INFO - Document is in 'complete' ready state.
2025-06-30 15:03:48 - gst_automation - INFO - Successfully sent text to ('id', 'pd_email').
2025-06-30 15:03:48 - gst_automation - INFO - Document is in 'complete' ready state.
2025-06-30 15:03:48 - gst_automation - INFO - Successfully clicked ('css selector', 'div.tbl-format:nth-child(2) > div:nth-child(4) > div:nth-child(1) > div:nth-child(1) > fieldset:nth-child(1) > label:nth-child(3)').
2025-06-30 15:03:48 - gst_automation - INFO - Document is in 'complete' ready state.
2025-06-30 15:03:48 - gst_automation - INFO - Successfully sent text to ('id', 'dg').
2025-06-30 15:03:48 - gst_automation - INFO - Document is in 'complete' ready state.
2025-06-30 15:03:48 - gst_automation - INFO - Successfully sent text to ('id', 'din').
2025-06-30 15:03:48 - gst_automation - INFO - Document is in 'complete' ready state.
2025-06-30 15:03:48 - gst_automation - INFO - Successfully sent text to ('id', 'pan').
2025-06-30 15:03:48 - gst_automation - INFO - Document is in 'complete' ready state.
2025-06-30 15:03:49 - gst_automation - INFO - Successfully sent text to ('id', 'onMapSerachId').
2025-06-30 15:03:50 - gst_automation - INFO - Document is in 'complete' ready state.
2025-06-30 15:03:51 - gst_automation - INFO - Successfully clicked ('xpath', "//*[text()='110071']").
2025-06-30 15:03:52 - gst_automation - INFO - Document is in 'complete' ready state.
2025-06-30 15:03:52 - gst_automation - INFO - Successfully clicked ('id', 'confirm-mapquery-btn1').
2025-06-30 15:03:52 - gst_automation - INFO - Document is in 'complete' ready state.
2025-06-30 15:03:52 - gst_automation - INFO - Successfully sent text to ('id', 'pd_bdnum').
2025-06-30 15:03:52 - gst_automation - INFO - Document is in 'complete' ready state.
2025-06-30 15:04:23 - gst_automation - ERROR - Element ('id', 'pd_upload') not visible within 30s.
2025-06-30 15:04:23 - gst_automation - ERROR - An unexpected error occurred for Ashish: Message: Failed to send text to ('id', 'pd_upload') after 5 retries.

2025-06-30 15:04:23 - gst_automation - INFO - All promoters processed. Clicking final Save & Continue button.
2025-06-30 15:04:43 - gst_automation - ERROR - Could not click the final 'Save & Continue' button: Message: 
Stacktrace:
RemoteError@chrome://remote/content/shared/RemoteError.sys.mjs:8:8
WebDriverError@chrome://remote/content/shared/webdriver/Errors.sys.mjs:199:5
NoSuchElementError@chrome://remote/content/shared/webdriver/Errors.sys.mjs:552:5
dom.find/</<@chrome://remote/content/shared/DOM.sys.mjs:136:16

2025-06-30 15:04:49 - gst_automation - INFO - Document is in 'complete' ready state.
2025-06-30 15:04:50 - gst_automation - INFO - Successfully clicked ('xpath', '/html/body/div[2]/div/div/div[3]/form/div[2]/div[2]/div/button[3]').
2025-06-30 15:04:56 - gst_automation - INFO - Filling authorized signatory details
2025-06-30 15:04:56 - gst_automation - INFO - Document is in 'complete' ready state.
2025-06-30 15:04:56 - gst_automation - ERROR - An unexpected error occurred for authorized signatory: Message: Element is disabled: <input id="fnm" class="form-control ng-pristine ng-valid ng-not-empty ng-valid-required ng-valid-pattern ng-valid-maxlength ng-touched" name="fnm" type="text">
Stacktrace:
RemoteError@chrome://remote/content/shared/RemoteError.sys.mjs:8:8
WebDriverError@chrome://remote/content/shared/webdriver/Errors.sys.mjs:199:5
InvalidElementStateError@chrome://remote/content/shared/webdriver/Errors.sys.mjs:436:5
interaction.clearElement@chrome://remote/content/marionette/interaction.sys.mjs:360:11
clearElement@chrome://remote/content/marionette/actors/MarionetteCommandsChild.sys.mjs:288:22
receiveMessage@chrome://remote/content/marionette/actors/MarionetteCommandsChild.sys.mjs:176:16

2025-06-30 15:04:56 - gst_automation - INFO - Clicking final Save & Continue button for authorized signatory section.
2025-06-30 15:04:56 - gst_automation - INFO - Successfully clicked final Save & Continue for authorized signatory.
2025-06-30 15:08:41 - gst_automation - INFO - Filling authorized signatory details
2025-06-30 15:08:41 - gst_automation - INFO - Document is in 'complete' ready state.
2025-06-30 15:08:41 - gst_automation - ERROR - An unexpected error occurred for authorized signatory: Message: Element is disabled: <input id="fnm" class="form-control ng-pristine ng-valid ng-not-empty ng-valid-required ng-valid-pattern ng-valid-maxlength ng-touched ng-valid-text" name="fnm" type="text">
Stacktrace:
RemoteError@chrome://remote/content/shared/RemoteError.sys.mjs:8:8
WebDriverError@chrome://remote/content/shared/webdriver/Errors.sys.mjs:199:5
InvalidElementStateError@chrome://remote/content/shared/webdriver/Errors.sys.mjs:436:5
interaction.clearElement@chrome://remote/content/marionette/interaction.sys.mjs:360:11
clearElement@chrome://remote/content/marionette/actors/MarionetteCommandsChild.sys.mjs:288:22
receiveMessage@chrome://remote/content/marionette/actors/MarionetteCommandsChild.sys.mjs:176:16

2025-06-30 15:08:41 - gst_automation - INFO - Clicking final Save & Continue button for authorized signatory section.
2025-06-30 15:08:41 - gst_automation - INFO - Successfully clicked final Save & Continue for authorized signatory.
2025-06-30 15:16:40 - gst_automation - INFO - Filling authorized signatory details
2025-06-30 15:16:40 - gst_automation - INFO - Document is in 'complete' ready state.
2025-06-30 15:16:40 - gst_automation - ERROR - An unexpected error occurred for authorized signatory: Message: Element is disabled: <input id="fnm" class="form-control ng-pristine ng-valid ng-not-empty ng-valid-required ng-valid-pattern ng-valid-maxlength ng-touched ng-valid-text" name="fnm" type="text">
Stacktrace:
RemoteError@chrome://remote/content/shared/RemoteError.sys.mjs:8:8
WebDriverError@chrome://remote/content/shared/webdriver/Errors.sys.mjs:199:5
InvalidElementStateError@chrome://remote/content/shared/webdriver/Errors.sys.mjs:436:5
interaction.clearElement@chrome://remote/content/marionette/interaction.sys.mjs:360:11
clearElement@chrome://remote/content/marionette/actors/MarionetteCommandsChild.sys.mjs:288:22
receiveMessage@chrome://remote/content/marionette/actors/MarionetteCommandsChild.sys.mjs:176:16

2025-06-30 15:16:40 - gst_automation - INFO - Clicking final Save & Continue button for authorized signatory section.
2025-06-30 15:16:41 - gst_automation - INFO - Successfully clicked final Save & Continue for authorized signatory.
2025-06-30 15:21:03 - gst_automation - INFO - Filling authorized signatory details
2025-06-30 15:21:04 - gst_automation - INFO - Document is in 'complete' ready state.
2025-06-30 15:21:04 - gst_automation - ERROR - An unexpected error occurred for authorized signatory: Message: Element is disabled: <input id="fnm" class="form-control ng-pristine ng-valid ng-not-empty ng-valid-required ng-valid-pattern ng-valid-maxlength ng-touched ng-valid-text" name="fnm" type="text">
Stacktrace:
RemoteError@chrome://remote/content/shared/RemoteError.sys.mjs:8:8
WebDriverError@chrome://remote/content/shared/webdriver/Errors.sys.mjs:199:5
InvalidElementStateError@chrome://remote/content/shared/webdriver/Errors.sys.mjs:436:5
interaction.clearElement@chrome://remote/content/marionette/interaction.sys.mjs:360:11
clearElement@chrome://remote/content/marionette/actors/MarionetteCommandsChild.sys.mjs:288:22
receiveMessage@chrome://remote/content/marionette/actors/MarionetteCommandsChild.sys.mjs:176:16

2025-06-30 15:21:04 - gst_automation - INFO - Clicking final Save & Continue button for authorized signatory section.
2025-06-30 15:21:05 - gst_automation - INFO - Successfully clicked final Save & Continue for authorized signatory.
2025-06-30 15:22:29 - gst_automation - INFO - Filling authorized signatory details
2025-06-30 15:22:29 - gst_automation - INFO - Document is in 'complete' ready state.
2025-06-30 15:22:29 - gst_automation - ERROR - An unexpected error occurred for authorized signatory: Message: Element is disabled: <input id="fnm" class="form-control ng-pristine ng-valid ng-not-empty ng-valid-required ng-valid-pattern ng-valid-maxlength ng-touched ng-valid-text" name="fnm" type="text">
Stacktrace:
RemoteError@chrome://remote/content/shared/RemoteError.sys.mjs:8:8
WebDriverError@chrome://remote/content/shared/webdriver/Errors.sys.mjs:199:5
InvalidElementStateError@chrome://remote/content/shared/webdriver/Errors.sys.mjs:436:5
interaction.clearElement@chrome://remote/content/marionette/interaction.sys.mjs:360:11
clearElement@chrome://remote/content/marionette/actors/MarionetteCommandsChild.sys.mjs:288:22
receiveMessage@chrome://remote/content/marionette/actors/MarionetteCommandsChild.sys.mjs:176:16

2025-06-30 15:22:29 - gst_automation - INFO - Clicking final Save & Continue button for authorized signatory section.
2025-06-30 15:22:29 - gst_automation - INFO - Successfully clicked final Save & Continue for authorized signatory.
2025-06-30 15:33:48 - gst_automation - INFO - Document is in 'complete' ready state.
2025-06-30 15:33:48 - gst_automation - INFO - Successfully clicked ('xpath', "//*[text()='Taxpayer']").
2025-06-30 15:33:48 - gst_automation - INFO - Document is in 'complete' ready state.
2025-06-30 15:33:48 - gst_automation - INFO - Successfully clicked ('xpath', "//*[text()='Delhi']").
2025-06-30 15:33:54 - gst_automation - INFO - Document is in 'complete' ready state.
2025-06-30 15:33:55 - gst_automation - INFO - Successfully clicked ('xpath', "//*[text()='South West Delhi']").
2025-06-30 15:33:57 - gst_automation - INFO - Document is in 'complete' ready state.
2025-06-30 15:33:57 - gst_automation - INFO - Successfully sent text to ('id', 'bnm').
2025-06-30 15:33:57 - gst_automation - INFO - Document is in 'complete' ready state.
2025-06-30 15:33:57 - gst_automation - INFO - Successfully sent text to ('id', 'pan_card').
2025-06-30 15:33:57 - gst_automation - INFO - Document is in 'complete' ready state.
2025-06-30 15:33:57 - gst_automation - INFO - Successfully sent text to ('id', 'email').
2025-06-30 15:33:59 - gst_automation - INFO - Document is in 'complete' ready state.
2025-06-30 15:33:59 - gst_automation - INFO - Successfully sent text to ('id', 'mobile').
2025-06-30 15:33:59 - gst_automation - INFO - Document is in 'complete' ready state.
2025-06-30 15:33:59 - gst_automation - INFO - Solving captcha via TrueCaptcha API...
2025-06-30 15:33:59 - gst_automation - INFO - Found captcha image element with ID 'imgCaptcha'.
2025-06-30 15:34:01 - gst_automation - INFO - CAPTCHA solved by API: 279798
2025-06-30 15:34:01 - gst_automation - INFO - Document is in 'complete' ready state.
2025-06-30 15:34:01 - gst_automation - INFO - Successfully sent text to ('id', 'captcha').
2025-06-30 15:34:01 - gst_automation - INFO - CAPTCHA text entered successfully.
2025-06-30 15:34:01 - gst_automation - INFO - Document is in 'complete' ready state.
2025-06-30 15:34:01 - gst_automation - INFO - Successfully clicked ('xpath', '/html/body/div[2]/div[2]/div/div[2]/div/form/div[2]/div/div[2]/div/button').
2025-06-30 15:34:36 - gst_automation - INFO - Document is in 'complete' ready state.
2025-06-30 15:34:48 - gst_automation - INFO - Document is in 'complete' ready state.
2025-06-30 15:34:48 - gst_automation - INFO - Successfully clicked ('xpath', '/html/body/div[2]/div[2]/div/div[2]/div/div[2]/div/div[2]/div/a').
2025-06-30 15:35:17 - gst_automation - INFO - Document is in 'complete' ready state.
2025-06-30 15:35:17 - gst_automation - INFO - Solving captcha via TrueCaptcha API...
2025-06-30 15:35:17 - gst_automation - INFO - Found visible CAPTCHA image with ID 'imgCaptcha'.
2025-06-30 15:35:19 - gst_automation - INFO - CAPTCHA solved: 709717
2025-06-30 15:35:19 - gst_automation - INFO - Document is in 'complete' ready state.
2025-06-30 15:35:19 - gst_automation - INFO - Successfully sent text to ('id', 'captchatrn').
2025-06-30 15:35:19 - gst_automation - INFO - CAPTCHA entered successfully into input with ID 'captchatrn'.
2025-06-30 15:35:21 - gst_automation - INFO - Document is in 'complete' ready state.
2025-06-30 15:35:21 - gst_automation - INFO - Successfully clicked ('xpath', '/html/body/div[2]/div[2]/div/div[2]/div/form/div[2]/div/div[2]/div/button').
2025-06-30 15:35:33 - gst_automation - INFO - Document is in 'complete' ready state.
2025-06-30 15:35:34 - gst_automation - INFO - Successfully clicked ('xpath', '/html/body/div[2]/div[2]/div/div[2]/div/div[2]/div/form/div/div/button').
2025-06-30 15:35:42 - gst_automation - INFO - Document is in 'complete' ready state.
2025-06-30 15:35:42 - gst_automation - INFO - Successfully clicked ('xpath', '/html/body/div[2]/div[1]/div/div[3]/div[2]/div/div/table/tbody/tr/td[6]/button').
2025-06-30 15:35:50 - gst_automation - INFO - Document is in 'complete' ready state.
2025-06-30 15:35:51 - gst_automation - INFO - Successfully sent text to ('id', 'tnm').
2025-06-30 15:35:54 - gst_automation - INFO - Document is in 'complete' ready state.
2025-06-30 15:35:54 - gst_automation - INFO - Successfully clicked ('xpath', "//*[text()='Others']").
2025-06-30 15:35:54 - gst_automation - INFO - Document is in 'complete' ready state.
2025-06-30 15:35:54 - gst_automation - INFO - Successfully sent text to ('id', 'bd_ConstBuss_oth').
2025-06-30 15:35:56 - gst_automation - INFO - Document is in 'complete' ready state.
2025-06-30 15:35:56 - gst_automation - INFO - Successfully clicked ('xpath', "//*[text()='Voluntary Basis']").
2025-06-30 15:35:56 - gst_automation - INFO - Document is in 'complete' ready state.
2025-06-30 15:35:56 - gst_automation - INFO - Successfully sent text to ('id', 'bd_cmbz').
2025-06-30 15:35:57 - gst_automation - INFO - Document is in 'complete' ready state.
2025-06-30 15:35:57 - gst_automation - INFO - Successfully clicked ('xpath', '/html/body/div[2]/div/div/div[3]/form/fieldset/div[1]/div[8]/div/div[1]/select/option[16]').
2025-06-30 15:35:59 - gst_automation - INFO - Document is in 'complete' ready state.
2025-06-30 15:35:59 - gst_automation - INFO - Successfully sent text to ('id', 'bd_othrReg').
2025-06-30 15:35:59 - gst_automation - INFO - Document is in 'complete' ready state.
2025-06-30 15:35:59 - gst_automation - INFO - Successfully sent text to ('id', 'exno').
2025-06-30 15:36:00 - gst_automation - INFO - Document is in 'complete' ready state.
2025-06-30 15:36:00 - gst_automation - INFO - Successfully sent text to ('id', 'exdt').
2025-06-30 15:36:02 - gst_automation - INFO - Document is in 'complete' ready state.
2025-06-30 15:36:03 - gst_automation - INFO - Successfully clicked ('xpath', '/html/body/div[2]/div/div/div[3]/form/fieldset/div[1]/div[8]/div/div[5]/button[1]').
2025-06-30 15:36:03 - gst_automation - INFO - Document is in 'complete' ready state.
2025-06-30 15:36:03 - gst_automation - INFO - Successfully clicked ('xpath', "//*[text()='Registration Certificate']").
2025-06-30 15:36:09 - gst_automation - INFO - Document is in 'complete' ready state.
2025-06-30 15:36:09 - gst_automation - INFO - Successfully clicked ('xpath', '/html/body/div[2]/div/div/div[3]/form/div/div/button[2]').
2025-06-30 15:36:14 - gst_automation - INFO - Filling details for promoter: Ashish Mehra
2025-06-30 15:36:14 - gst_automation - INFO - Document is in 'complete' ready state.
2025-06-30 15:36:14 - gst_automation - INFO - Successfully sent text to ('id', 'fnm').
2025-06-30 15:36:14 - gst_automation - INFO - Document is in 'complete' ready state.
2025-06-30 15:36:14 - gst_automation - INFO - Successfully sent text to ('id', 'pd_mname').
2025-06-30 15:36:14 - gst_automation - INFO - Document is in 'complete' ready state.
2025-06-30 15:36:14 - gst_automation - INFO - Successfully sent text to ('id', 'pd_lname').
2025-06-30 15:36:14 - gst_automation - INFO - Document is in 'complete' ready state.
2025-06-30 15:36:14 - gst_automation - INFO - Successfully sent text to ('id', 'ffname').
2025-06-30 15:36:14 - gst_automation - INFO - Document is in 'complete' ready state.
2025-06-30 15:36:14 - gst_automation - INFO - Successfully sent text to ('id', 'pd_fmname').
2025-06-30 15:36:14 - gst_automation - INFO - Document is in 'complete' ready state.
2025-06-30 15:36:14 - gst_automation - INFO - Successfully sent text to ('id', 'pd_flname').
2025-06-30 15:36:14 - gst_automation - INFO - Document is in 'complete' ready state.
2025-06-30 15:36:14 - gst_automation - INFO - Successfully sent text to ('id', 'dob').
2025-06-30 15:36:14 - gst_automation - INFO - Document is in 'complete' ready state.
2025-06-30 15:36:14 - gst_automation - INFO - Successfully sent text to ('id', 'mbno').
2025-06-30 15:36:14 - gst_automation - INFO - Document is in 'complete' ready state.
2025-06-30 15:36:14 - gst_automation - INFO - Successfully sent text to ('id', 'pd_email').
2025-06-30 15:36:14 - gst_automation - INFO - Document is in 'complete' ready state.
2025-06-30 15:36:14 - gst_automation - INFO - Successfully clicked ('css selector', 'div.tbl-format:nth-child(2) > div:nth-child(4) > div:nth-child(1) > div:nth-child(1) > fieldset:nth-child(1) > label:nth-child(3)').
2025-06-30 15:36:14 - gst_automation - INFO - Document is in 'complete' ready state.
2025-06-30 15:36:14 - gst_automation - INFO - Successfully sent text to ('id', 'dg').
2025-06-30 15:36:14 - gst_automation - INFO - Document is in 'complete' ready state.
2025-06-30 15:36:14 - gst_automation - INFO - Successfully sent text to ('id', 'din').
2025-06-30 15:36:14 - gst_automation - INFO - Document is in 'complete' ready state.
2025-06-30 15:36:14 - gst_automation - INFO - Successfully sent text to ('id', 'pan').
2025-06-30 15:36:14 - gst_automation - INFO - Document is in 'complete' ready state.
2025-06-30 15:36:14 - gst_automation - INFO - Successfully sent text to ('id', 'onMapSerachId').
2025-06-30 15:36:15 - gst_automation - INFO - Document is in 'complete' ready state.
2025-06-30 15:36:46 - gst_automation - ERROR - Element ('xpath', "//*[text()='110071']") not clickable within 30s.
2025-06-30 15:36:46 - gst_automation - ERROR - An unexpected error occurred for Ashish: Message: Failed to click ('xpath', "//*[text()='110071']") after 5 retries.

2025-06-30 15:36:46 - gst_automation - INFO - All promoters processed. Clicking final Save & Continue button.
2025-06-30 15:37:06 - gst_automation - INFO - Filling details for promoter: Ashish Mehra
2025-06-30 15:37:06 - gst_automation - INFO - Document is in 'complete' ready state.
2025-06-30 15:37:06 - gst_automation - INFO - Successfully sent text to ('id', 'fnm').
2025-06-30 15:37:06 - gst_automation - INFO - Document is in 'complete' ready state.
2025-06-30 15:37:06 - gst_automation - INFO - Successfully sent text to ('id', 'pd_mname').
2025-06-30 15:37:06 - gst_automation - INFO - Document is in 'complete' ready state.
2025-06-30 15:37:06 - gst_automation - INFO - Successfully sent text to ('id', 'pd_lname').
2025-06-30 15:37:06 - gst_automation - INFO - Document is in 'complete' ready state.
2025-06-30 15:37:06 - gst_automation - INFO - Successfully sent text to ('id', 'ffname').
2025-06-30 15:37:06 - gst_automation - INFO - Document is in 'complete' ready state.
2025-06-30 15:37:06 - gst_automation - INFO - Successfully sent text to ('id', 'pd_fmname').
2025-06-30 15:37:06 - gst_automation - INFO - Document is in 'complete' ready state.
2025-06-30 15:37:06 - gst_automation - INFO - Successfully sent text to ('id', 'pd_flname').
2025-06-30 15:37:06 - gst_automation - INFO - Document is in 'complete' ready state.
2025-06-30 15:37:06 - gst_automation - INFO - Successfully sent text to ('id', 'dob').
2025-06-30 15:37:06 - gst_automation - INFO - Document is in 'complete' ready state.
2025-06-30 15:37:06 - gst_automation - INFO - Successfully sent text to ('id', 'mbno').
2025-06-30 15:37:06 - gst_automation - INFO - Document is in 'complete' ready state.
2025-06-30 15:37:06 - gst_automation - INFO - Successfully sent text to ('id', 'pd_email').
2025-06-30 15:37:06 - gst_automation - INFO - Document is in 'complete' ready state.
2025-06-30 15:37:06 - gst_automation - INFO - Successfully clicked ('css selector', 'div.tbl-format:nth-child(2) > div:nth-child(4) > div:nth-child(1) > div:nth-child(1) > fieldset:nth-child(1) > label:nth-child(3)').
2025-06-30 15:37:06 - gst_automation - INFO - Document is in 'complete' ready state.
2025-06-30 15:37:06 - gst_automation - INFO - Successfully sent text to ('id', 'dg').
2025-06-30 15:37:06 - gst_automation - INFO - Document is in 'complete' ready state.
2025-06-30 15:37:06 - gst_automation - INFO - Successfully sent text to ('id', 'din').
2025-06-30 15:37:06 - gst_automation - INFO - Document is in 'complete' ready state.
2025-06-30 15:37:06 - gst_automation - INFO - Successfully sent text to ('id', 'pan').
2025-06-30 15:37:06 - gst_automation - INFO - Document is in 'complete' ready state.
2025-06-30 15:37:07 - gst_automation - INFO - Successfully sent text to ('id', 'onMapSerachId').
2025-06-30 15:37:08 - gst_automation - INFO - Document is in 'complete' ready state.
2025-06-30 15:37:09 - gst_automation - INFO - Successfully clicked ('xpath', "//*[text()='110071']").
2025-06-30 15:37:10 - gst_automation - INFO - Document is in 'complete' ready state.
2025-06-30 15:37:10 - gst_automation - INFO - Successfully clicked ('id', 'confirm-mapquery-btn1').
2025-06-30 15:37:10 - gst_automation - INFO - Document is in 'complete' ready state.
2025-06-30 15:37:10 - gst_automation - INFO - Successfully sent text to ('id', 'pd_bdnum').
2025-06-30 15:37:10 - gst_automation - INFO - Document is in 'complete' ready state.
2025-06-30 15:37:10 - gst_automation - INFO - Successfully sent text to ('id', 'pd_upload').
2025-06-30 15:37:10 - gst_automation - INFO - All promoters processed. Clicking final Save & Continue button.
2025-06-30 15:37:31 - gst_automation - ERROR - Could not click the final 'Save & Continue' button: Message: 
Stacktrace:
RemoteError@chrome://remote/content/shared/RemoteError.sys.mjs:8:8
WebDriverError@chrome://remote/content/shared/webdriver/Errors.sys.mjs:199:5
NoSuchElementError@chrome://remote/content/shared/webdriver/Errors.sys.mjs:552:5
dom.find/</<@chrome://remote/content/shared/DOM.sys.mjs:136:16

2025-06-30 15:37:31 - gst_automation - INFO - Document is in 'complete' ready state.
2025-06-30 15:37:32 - gst_automation - INFO - Successfully clicked ('xpath', '/html/body/div[2]/div/div/div[3]/form/div[2]/div[2]/div/button[3]').
2025-06-30 15:37:56 - gst_automation - INFO - Filling authorized signatory details
2025-06-30 15:37:56 - gst_automation - INFO - Document is in 'complete' ready state.
2025-06-30 15:37:56 - gst_automation - ERROR - An unexpected error occurred for authorized signatory: Message: Element is disabled: <input id="fnm" class="form-control ng-pristine ng-valid ng-not-empty ng-valid-required ng-valid-pattern ng-valid-maxlength ng-touched" name="fnm" type="text">
Stacktrace:
RemoteError@chrome://remote/content/shared/RemoteError.sys.mjs:8:8
WebDriverError@chrome://remote/content/shared/webdriver/Errors.sys.mjs:199:5
InvalidElementStateError@chrome://remote/content/shared/webdriver/Errors.sys.mjs:436:5
interaction.clearElement@chrome://remote/content/marionette/interaction.sys.mjs:360:11
clearElement@chrome://remote/content/marionette/actors/MarionetteCommandsChild.sys.mjs:288:22
receiveMessage@chrome://remote/content/marionette/actors/MarionetteCommandsChild.sys.mjs:176:16

2025-06-30 15:37:56 - gst_automation - INFO - Clicking final Save & Continue button for authorized signatory section.
2025-06-30 15:37:56 - gst_automation - INFO - Successfully clicked final Save & Continue for authorized signatory.
2025-06-30 15:48:00 - gst_automation - INFO - Filling authorized signatory details
2025-06-30 15:48:00 - gst_automation - INFO - Document is in 'complete' ready state.
2025-06-30 15:48:00 - gst_automation - ERROR - An unexpected error occurred for authorized signatory: Message: Element is disabled: <input id="fnm" class="form-control ng-pristine ng-valid ng-not-empty ng-valid-required ng-valid-pattern ng-valid-maxlength ng-touched ng-valid-text" name="fnm" type="text">
Stacktrace:
RemoteError@chrome://remote/content/shared/RemoteError.sys.mjs:8:8
WebDriverError@chrome://remote/content/shared/webdriver/Errors.sys.mjs:199:5
InvalidElementStateError@chrome://remote/content/shared/webdriver/Errors.sys.mjs:436:5
interaction.clearElement@chrome://remote/content/marionette/interaction.sys.mjs:360:11
clearElement@chrome://remote/content/marionette/actors/MarionetteCommandsChild.sys.mjs:288:22
receiveMessage@chrome://remote/content/marionette/actors/MarionetteCommandsChild.sys.mjs:176:16

2025-06-30 15:48:00 - gst_automation - INFO - Clicking final Save & Continue button for authorized signatory section.
2025-06-30 15:48:01 - gst_automation - INFO - Successfully clicked final Save & Continue for authorized signatory.
2025-06-30 15:51:59 - gst_automation - INFO - Filling authorized signatory details
2025-06-30 15:51:59 - gst_automation - INFO - Document is in 'complete' ready state.
2025-06-30 15:51:59 - gst_automation - ERROR - An unexpected error occurred for authorized signatory: Message: Element is disabled: <input id="fnm" class="form-control ng-pristine ng-valid ng-not-empty ng-valid-required ng-valid-pattern ng-valid-maxlength ng-touched ng-valid-text" name="fnm" type="text">
Stacktrace:
RemoteError@chrome://remote/content/shared/RemoteError.sys.mjs:8:8
WebDriverError@chrome://remote/content/shared/webdriver/Errors.sys.mjs:199:5
InvalidElementStateError@chrome://remote/content/shared/webdriver/Errors.sys.mjs:436:5
interaction.clearElement@chrome://remote/content/marionette/interaction.sys.mjs:360:11
clearElement@chrome://remote/content/marionette/actors/MarionetteCommandsChild.sys.mjs:288:22
receiveMessage@chrome://remote/content/marionette/actors/MarionetteCommandsChild.sys.mjs:176:16

2025-06-30 15:51:59 - gst_automation - INFO - Clicking final Save & Continue button for authorized signatory section.
2025-06-30 15:51:59 - gst_automation - INFO - Successfully clicked final Save & Continue for authorized signatory.
2025-06-30 15:59:44 - gst_automation - INFO - Filling authorized signatory details
2025-06-30 15:59:44 - gst_automation - INFO - Document is in 'complete' ready state.
2025-06-30 15:59:44 - gst_automation - ERROR - An unexpected error occurred for authorized signatory: Message: Element is disabled: <input id="fnm" class="form-control ng-pristine ng-valid ng-not-empty ng-valid-required ng-valid-pattern ng-valid-maxlength ng-touched ng-valid-text" name="fnm" type="text">
Stacktrace:
RemoteError@chrome://remote/content/shared/RemoteError.sys.mjs:8:8
WebDriverError@chrome://remote/content/shared/webdriver/Errors.sys.mjs:199:5
InvalidElementStateError@chrome://remote/content/shared/webdriver/Errors.sys.mjs:436:5
interaction.clearElement@chrome://remote/content/marionette/interaction.sys.mjs:360:11
clearElement@chrome://remote/content/marionette/actors/MarionetteCommandsChild.sys.mjs:288:22
receiveMessage@chrome://remote/content/marionette/actors/MarionetteCommandsChild.sys.mjs:176:16

2025-06-30 15:59:44 - gst_automation - INFO - Clicking final Save & Continue button for authorized signatory section.
2025-06-30 15:59:45 - gst_automation - INFO - Successfully clicked final Save & Continue for authorized signatory.
2025-06-30 16:00:48 - gst_automation - INFO - Filling authorized signatory details
2025-06-30 16:00:48 - gst_automation - INFO - Document is in 'complete' ready state.
2025-06-30 16:00:48 - gst_automation - ERROR - An unexpected error occurred for authorized signatory: Message: Element is disabled: <input id="fnm" class="form-control ng-pristine ng-valid ng-not-empty ng-valid-required ng-valid-pattern ng-valid-maxlength ng-touched ng-valid-text" name="fnm" type="text">
Stacktrace:
RemoteError@chrome://remote/content/shared/RemoteError.sys.mjs:8:8
WebDriverError@chrome://remote/content/shared/webdriver/Errors.sys.mjs:199:5
InvalidElementStateError@chrome://remote/content/shared/webdriver/Errors.sys.mjs:436:5
interaction.clearElement@chrome://remote/content/marionette/interaction.sys.mjs:360:11
clearElement@chrome://remote/content/marionette/actors/MarionetteCommandsChild.sys.mjs:288:22
receiveMessage@chrome://remote/content/marionette/actors/MarionetteCommandsChild.sys.mjs:176:16

2025-06-30 16:00:48 - gst_automation - INFO - Clicking final Save & Continue button for authorized signatory section.
2025-06-30 16:00:48 - gst_automation - INFO - Successfully clicked final Save & Continue for authorized signatory.
2025-06-30 16:01:28 - gst_automation - INFO - Document is in 'complete' ready state.
2025-06-30 16:01:28 - gst_automation - INFO - Successfully clicked ('xpath', "//*[text()='Taxpayer']").
2025-06-30 16:01:28 - gst_automation - INFO - Document is in 'complete' ready state.
2025-06-30 16:01:29 - gst_automation - INFO - Successfully clicked ('xpath', "//*[text()='Delhi']").
2025-06-30 16:01:34 - gst_automation - INFO - Document is in 'complete' ready state.
2025-06-30 16:01:34 - gst_automation - INFO - Successfully clicked ('xpath', "//*[text()='South West Delhi']").
2025-06-30 16:01:34 - gst_automation - INFO - Document is in 'complete' ready state.
2025-06-30 16:01:34 - gst_automation - INFO - Successfully sent text to ('id', 'bnm').
2025-06-30 16:01:34 - gst_automation - INFO - Document is in 'complete' ready state.
2025-06-30 16:01:34 - gst_automation - INFO - Successfully sent text to ('id', 'pan_card').
2025-06-30 16:01:34 - gst_automation - INFO - Document is in 'complete' ready state.
2025-06-30 16:01:34 - gst_automation - INFO - Successfully sent text to ('id', 'email').
2025-06-30 16:01:34 - gst_automation - INFO - Document is in 'complete' ready state.
2025-06-30 16:01:34 - gst_automation - INFO - Successfully sent text to ('id', 'mobile').
2025-06-30 16:01:34 - gst_automation - INFO - Document is in 'complete' ready state.
2025-06-30 16:01:34 - gst_automation - INFO - Solving captcha via TrueCaptcha API...
2025-06-30 16:01:34 - gst_automation - INFO - Found captcha image element with ID 'imgCaptcha'.
2025-06-30 16:01:36 - gst_automation - INFO - CAPTCHA solved by API: 335701
2025-06-30 16:01:36 - gst_automation - INFO - Document is in 'complete' ready state.
2025-06-30 16:01:36 - gst_automation - INFO - Successfully sent text to ('id', 'captcha').
2025-06-30 16:01:36 - gst_automation - INFO - CAPTCHA text entered successfully.
2025-06-30 16:01:36 - gst_automation - INFO - Document is in 'complete' ready state.
2025-06-30 16:01:36 - gst_automation - INFO - Successfully clicked ('xpath', '/html/body/div[2]/div[2]/div/div[2]/div/form/div[2]/div/div[2]/div/button').
2025-06-30 16:01:39 - gst_automation - INFO - Document is in 'complete' ready state.
