2025-06-27 17:42:14 - gst_automation - INFO - Document is in 'complete' ready state.
2025-06-27 17:42:14 - gst_automation - INFO - Successfully clicked ('xpath', "//*[text()='Taxpayer']").
2025-06-27 17:42:14 - gst_automation - INFO - Document is in 'complete' ready state.
2025-06-27 17:42:14 - gst_automation - INFO - Successfully clicked ('xpath', "//*[text()='Delhi']").
2025-06-27 17:42:16 - gst_automation - INFO - Document is in 'complete' ready state.
2025-06-27 17:42:17 - gst_automation - INFO - Successfully clicked ('xpath', "//*[text()='South West Delhi']").
2025-06-27 17:42:17 - gst_automation - INFO - Document is in 'complete' ready state.
2025-06-27 17:42:17 - gst_automation - INFO - Successfully sent text to ('id', 'bnm').
2025-06-27 17:42:17 - gst_automation - INFO - Document is in 'complete' ready state.
2025-06-27 17:42:17 - gst_automation - INFO - Successfully sent text to ('id', 'pan_card').
2025-06-27 17:42:17 - gst_automation - INFO - Document is in 'complete' ready state.
2025-06-27 17:42:17 - gst_automation - INFO - Successfully sent text to ('id', 'email').
2025-06-27 17:42:17 - gst_automation - INFO - Document is in 'complete' ready state.
2025-06-27 17:42:17 - gst_automation - INFO - Successfully sent text to ('id', 'mobile').
2025-06-27 17:42:17 - gst_automation - INFO - Document is in 'complete' ready state.
2025-06-27 17:42:17 - gst_automation - INFO - Solving captcha via TrueCaptcha API...
2025-06-27 17:42:17 - gst_automation - INFO - Found captcha image element with ID 'imgCaptcha'.
2025-06-27 17:42:19 - gst_automation - INFO - CAPTCHA solved by API: 628084
2025-06-27 17:42:19 - gst_automation - INFO - Document is in 'complete' ready state.
2025-06-27 17:42:19 - gst_automation - INFO - Successfully sent text to ('id', 'captcha').
2025-06-27 17:42:19 - gst_automation - INFO - CAPTCHA text entered successfully.
2025-06-27 17:42:19 - gst_automation - INFO - Document is in 'complete' ready state.
2025-06-27 17:42:19 - gst_automation - INFO - Successfully clicked ('xpath', '/html/body/div[2]/div[2]/div/div[2]/div/form/div[2]/div/div[2]/div/button').
2025-06-27 17:42:19 - gst_automation - INFO - Document is in 'complete' ready state.
2025-06-27 17:42:19 - gst_automation - INFO - Polling for mobile_otp from OTP server (timeout: 120s)...
2025-06-27 17:42:43 - gst_automation - INFO - OTP '612074' received for type 'mobile_otp'!
2025-06-27 17:42:43 - gst_automation - INFO - Document is in 'complete' ready state.
2025-06-27 17:42:43 - gst_automation - INFO - Successfully sent text to ('id', 'mobile_otp').
2025-06-27 17:42:43 - gst_automation - INFO - Document is in 'complete' ready state.
2025-06-27 17:42:43 - gst_automation - INFO - Polling for email_otp from OTP server (timeout: 120s)...
2025-06-27 17:43:04 - gst_automation - INFO - OTP '400886' received for type 'email_otp'!
2025-06-27 17:43:04 - gst_automation - INFO - Document is in 'complete' ready state.
2025-06-27 17:43:34 - gst_automation - ERROR - Element ('id', 'email_otp') not visible within 30s.
2025-06-27 17:48:58 - gst_automation - INFO - Document is in 'complete' ready state.
2025-06-27 17:48:58 - gst_automation - INFO - Successfully clicked ('xpath', "//*[text()='Taxpayer']").
2025-06-27 17:48:58 - gst_automation - INFO - Document is in 'complete' ready state.
2025-06-27 17:48:59 - gst_automation - INFO - Successfully clicked ('xpath', "//*[text()='Delhi']").
2025-06-27 17:49:01 - gst_automation - INFO - Document is in 'complete' ready state.
2025-06-27 17:49:01 - gst_automation - INFO - Successfully clicked ('xpath', "//*[text()='South West Delhi']").
2025-06-27 17:49:01 - gst_automation - INFO - Document is in 'complete' ready state.
2025-06-27 17:49:01 - gst_automation - INFO - Successfully sent text to ('id', 'bnm').
2025-06-27 17:49:01 - gst_automation - INFO - Document is in 'complete' ready state.
2025-06-27 17:49:01 - gst_automation - INFO - Successfully sent text to ('id', 'pan_card').
2025-06-27 17:49:01 - gst_automation - INFO - Document is in 'complete' ready state.
2025-06-27 17:49:01 - gst_automation - INFO - Successfully sent text to ('id', 'email').
2025-06-27 17:49:01 - gst_automation - INFO - Document is in 'complete' ready state.
2025-06-27 17:49:01 - gst_automation - INFO - Successfully sent text to ('id', 'mobile').
2025-06-27 17:49:01 - gst_automation - INFO - Document is in 'complete' ready state.
2025-06-27 17:49:01 - gst_automation - INFO - Solving captcha via TrueCaptcha API...
2025-06-27 17:49:01 - gst_automation - INFO - Found captcha image element with ID 'imgCaptcha'.
2025-06-27 17:49:03 - gst_automation - INFO - CAPTCHA solved by API: 945086
2025-06-27 17:49:03 - gst_automation - INFO - Document is in 'complete' ready state.
2025-06-27 17:49:03 - gst_automation - INFO - Successfully sent text to ('id', 'captcha').
2025-06-27 17:49:03 - gst_automation - INFO - CAPTCHA text entered successfully.
2025-06-27 17:49:03 - gst_automation - INFO - Document is in 'complete' ready state.
2025-06-27 17:49:03 - gst_automation - INFO - Successfully clicked ('xpath', '/html/body/div[2]/div[2]/div/div[2]/div/form/div[2]/div/div[2]/div/button').
2025-06-27 17:49:03 - gst_automation - INFO - Document is in 'complete' ready state.
2025-06-27 17:49:03 - gst_automation - INFO - Polling for mobile_otp from OTP server (timeout: 120s)...
2025-06-27 17:49:27 - gst_automation - INFO - OTP '405185' received for type 'mobile_otp'!
2025-06-27 17:49:27 - gst_automation - INFO - Document is in 'complete' ready state.
2025-06-27 17:49:27 - gst_automation - INFO - Successfully sent text to ('id', 'mobile_otp').
2025-06-27 17:49:27 - gst_automation - INFO - Document is in 'complete' ready state.
2025-06-27 17:49:27 - gst_automation - INFO - Polling for email_otp from OTP server (timeout: 120s)...
2025-06-27 17:50:03 - gst_automation - INFO - OTP '593925' received for type 'email_otp'!
2025-06-27 17:50:03 - gst_automation - INFO - Document is in 'complete' ready state.
2025-06-27 17:50:33 - gst_automation - ERROR - Element ('id', 'email_otp') not visible within 30s.
2025-06-27 17:54:46 - gst_automation - INFO - Document is in 'complete' ready state.
2025-06-27 17:54:46 - gst_automation - INFO - Successfully clicked ('xpath', "//*[text()='Taxpayer']").
2025-06-27 17:54:46 - gst_automation - INFO - Document is in 'complete' ready state.
2025-06-27 17:54:47 - gst_automation - INFO - Successfully clicked ('xpath', "//*[text()='Delhi']").
2025-06-27 17:54:49 - gst_automation - INFO - Document is in 'complete' ready state.
2025-06-27 17:54:49 - gst_automation - INFO - Successfully clicked ('xpath', "//*[text()='South West Delhi']").
2025-06-27 17:54:49 - gst_automation - INFO - Document is in 'complete' ready state.
2025-06-27 17:54:49 - gst_automation - INFO - Successfully sent text to ('id', 'bnm').
2025-06-27 17:54:49 - gst_automation - INFO - Document is in 'complete' ready state.
2025-06-27 17:54:49 - gst_automation - INFO - Successfully sent text to ('id', 'pan_card').
2025-06-27 17:54:49 - gst_automation - INFO - Document is in 'complete' ready state.
2025-06-27 17:54:49 - gst_automation - INFO - Successfully sent text to ('id', 'email').
2025-06-27 17:54:49 - gst_automation - INFO - Document is in 'complete' ready state.
2025-06-27 17:54:49 - gst_automation - INFO - Successfully sent text to ('id', 'mobile').
2025-06-27 17:54:49 - gst_automation - INFO - Document is in 'complete' ready state.
2025-06-27 17:54:49 - gst_automation - INFO - Solving captcha via TrueCaptcha API...
2025-06-27 17:54:49 - gst_automation - INFO - Found captcha image element with ID 'imgCaptcha'.
2025-06-27 17:54:51 - gst_automation - INFO - CAPTCHA solved by API: 193413
2025-06-27 17:54:51 - gst_automation - INFO - Document is in 'complete' ready state.
2025-06-27 17:54:51 - gst_automation - INFO - Successfully sent text to ('id', 'captcha').
2025-06-27 17:54:51 - gst_automation - INFO - CAPTCHA text entered successfully.
2025-06-27 17:54:51 - gst_automation - INFO - Document is in 'complete' ready state.
2025-06-27 17:54:52 - gst_automation - INFO - Successfully clicked ('xpath', '/html/body/div[2]/div[2]/div/div[2]/div/form/div[2]/div/div[2]/div/button').
2025-06-27 17:54:52 - gst_automation - INFO - Document is in 'complete' ready state.
2025-06-27 17:54:52 - gst_automation - INFO - Polling for mobile_otp from OTP server (timeout: 120s)...
2025-06-27 17:55:37 - gst_automation - INFO - OTP '690459' received for type 'mobile_otp'!
2025-06-27 17:55:37 - gst_automation - INFO - Document is in 'complete' ready state.
2025-06-27 17:55:37 - gst_automation - INFO - Successfully sent text to ('id', 'mobile_otp').
2025-06-27 17:55:37 - gst_automation - INFO - Document is in 'complete' ready state.
2025-06-27 17:55:37 - gst_automation - INFO - Polling for email_otp from OTP server (timeout: 120s)...
2025-06-27 17:55:58 - gst_automation - INFO - OTP '511879' received for type 'email_otp'!
2025-06-27 17:55:58 - gst_automation - INFO - Document is in 'complete' ready state.
2025-06-27 17:55:58 - gst_automation - INFO - Successfully sent text to ('id', 'email-otp').
2025-06-27 17:55:58 - gst_automation - INFO - Document is in 'complete' ready state.
2025-06-27 17:55:58 - gst_automation - INFO - Successfully clicked ('xpath', '/html/body/div[2]/div[2]/div/div[2]/div/div[2]/div/form/div/div/button').
2025-06-27 17:56:55 - gst_automation - INFO - Document is in 'complete' ready state.
2025-06-27 17:56:55 - gst_automation - INFO - Successfully clicked ('xpath', '/html/body/div[2]/div[2]/div/div[2]/div/div[2]/div/div[2]/div/a').
2025-06-27 17:58:26 - gst_automation - INFO - Document is in 'complete' ready state.
2025-06-27 17:58:26 - gst_automation - INFO - Successfully clicked ('xpath', "//*[text()='Taxpayer']").
2025-06-27 17:58:26 - gst_automation - INFO - Document is in 'complete' ready state.
2025-06-27 17:58:27 - gst_automation - INFO - Successfully clicked ('xpath', "//*[text()='Delhi']").
2025-06-27 17:58:29 - gst_automation - INFO - Document is in 'complete' ready state.
2025-06-27 17:58:29 - gst_automation - INFO - Successfully clicked ('xpath', "//*[text()='South West Delhi']").
2025-06-27 17:58:29 - gst_automation - INFO - Document is in 'complete' ready state.
2025-06-27 17:58:29 - gst_automation - INFO - Successfully sent text to ('id', 'bnm').
2025-06-27 17:58:29 - gst_automation - INFO - Document is in 'complete' ready state.
2025-06-27 17:58:29 - gst_automation - INFO - Successfully sent text to ('id', 'pan_card').
2025-06-27 17:58:29 - gst_automation - INFO - Document is in 'complete' ready state.
2025-06-27 17:58:29 - gst_automation - INFO - Successfully sent text to ('id', 'email').
2025-06-27 17:58:29 - gst_automation - INFO - Document is in 'complete' ready state.
2025-06-27 17:58:29 - gst_automation - INFO - Successfully sent text to ('id', 'mobile').
2025-06-27 17:58:29 - gst_automation - INFO - Document is in 'complete' ready state.
2025-06-27 17:58:29 - gst_automation - INFO - Solving captcha via TrueCaptcha API...
2025-06-27 17:58:29 - gst_automation - INFO - Found captcha image element with ID 'imgCaptcha'.
2025-06-27 17:58:32 - gst_automation - INFO - CAPTCHA solved by API: 738122
2025-06-27 17:58:32 - gst_automation - INFO - Document is in 'complete' ready state.
2025-06-27 17:58:32 - gst_automation - INFO - Successfully sent text to ('id', 'captcha').
2025-06-27 17:58:32 - gst_automation - INFO - CAPTCHA text entered successfully.
2025-06-27 17:58:32 - gst_automation - INFO - Document is in 'complete' ready state.
2025-06-27 17:58:32 - gst_automation - INFO - Successfully clicked ('xpath', '/html/body/div[2]/div[2]/div/div[2]/div/form/div[2]/div/div[2]/div/button').
2025-06-27 17:58:32 - gst_automation - INFO - Document is in 'complete' ready state.
2025-06-27 17:58:32 - gst_automation - INFO - Polling for mobile_otp from OTP server (timeout: 120s)...
2025-06-27 17:58:50 - gst_automation - INFO - OTP '566268' received for type 'mobile_otp'!
2025-06-27 17:58:50 - gst_automation - INFO - Document is in 'complete' ready state.
2025-06-27 17:58:50 - gst_automation - INFO - Successfully sent text to ('id', 'mobile_otp').
2025-06-27 17:58:50 - gst_automation - INFO - Document is in 'complete' ready state.
2025-06-27 17:58:50 - gst_automation - INFO - Polling for email_otp from OTP server (timeout: 120s)...
2025-06-27 17:59:11 - gst_automation - INFO - OTP '966325' received for type 'email_otp'!
2025-06-27 17:59:11 - gst_automation - INFO - Document is in 'complete' ready state.
2025-06-27 17:59:11 - gst_automation - INFO - Successfully sent text to ('id', 'email-otp').
2025-06-27 17:59:11 - gst_automation - INFO - Document is in 'complete' ready state.
2025-06-27 17:59:11 - gst_automation - INFO - Successfully clicked ('xpath', '/html/body/div[2]/div[2]/div/div[2]/div/div[2]/div/form/div/div/button').
2025-06-27 17:59:11 - gst_automation - INFO - Document is in 'complete' ready state.
2025-06-27 18:00:01 - gst_automation - INFO - Document is in 'complete' ready state.
2025-06-27 18:00:01 - gst_automation - INFO - Successfully clicked ('xpath', '/html/body/div[2]/div[2]/div/div[2]/div/div[2]/div/div[2]/div/a').
2025-06-27 18:00:12 - gst_automation - INFO - Document is in 'complete' ready state.
2025-06-27 18:02:33 - gst_automation - INFO - Document is in 'complete' ready state.
2025-06-27 18:02:33 - gst_automation - INFO - Successfully sent text to ('id', 'trnno').
2025-06-27 18:03:32 - gst_automation - INFO - Document is in 'complete' ready state.
2025-06-27 18:03:32 - gst_automation - INFO - Solving captcha via TrueCaptcha API...
2025-06-27 18:03:32 - gst_automation - INFO - Found captcha image element with ID 'imgCaptcha'.
2025-06-27 18:03:33 - gst_automation - INFO - CAPTCHA solved by API: 165569
2025-06-27 18:03:33 - gst_automation - INFO - Document is in 'complete' ready state.
2025-06-27 18:04:04 - gst_automation - ERROR - Element ('id', 'captcha') not visible within 30s.
2025-06-27 18:12:56 - gst_automation - INFO - --- Starting Second Form CAPTCHA: Attempt 1/15 ---
2025-06-27 18:12:56 - gst_automation - INFO - Document is in 'complete' ready state.
2025-06-27 18:12:56 - gst_automation - INFO - Solving captcha via TrueCaptcha API...
2025-06-27 18:12:56 - gst_automation - INFO - Found captcha image element with ID 'imgCaptcha'.
2025-06-27 18:12:58 - gst_automation - INFO - CAPTCHA solved by API: 165569
2025-06-27 18:12:58 - gst_automation - INFO - Document is in 'complete' ready state.
2025-06-27 18:13:28 - gst_automation - ERROR - Element ('id', 'captcha') not visible within 30s.
2025-06-27 18:13:28 - gst_automation - WARNING - Caught exception during Second Form CAPTCHA attempt 1: AutomationError. Retrying...
2025-06-27 18:13:30 - gst_automation - INFO - --- Starting Second Form CAPTCHA: Attempt 2/15 ---
2025-06-27 18:13:30 - gst_automation - INFO - Performing recovery action for Second Form CAPTCHA...
2025-06-27 18:13:30 - gst_automation - INFO - Document is in 'complete' ready state.
2025-06-27 18:14:00 - gst_automation - ERROR - Element ('id', 'pan-number-input-id') not visible within 30s.
2025-06-27 18:14:00 - gst_automation - WARNING - Caught exception during Second Form CAPTCHA attempt 2: ElementNotInteractableException. Retrying...
2025-06-27 18:14:02 - gst_automation - INFO - --- Starting Second Form CAPTCHA: Attempt 3/15 ---
2025-06-27 18:14:02 - gst_automation - INFO - Performing recovery action for Second Form CAPTCHA...
2025-06-27 18:14:02 - gst_automation - INFO - Document is in 'complete' ready state.
2025-06-27 18:14:33 - gst_automation - ERROR - Element ('id', 'pan-number-input-id') not visible within 30s.
2025-06-27 18:14:33 - gst_automation - WARNING - Caught exception during Second Form CAPTCHA attempt 3: ElementNotInteractableException. Retrying...
2025-06-27 18:14:35 - gst_automation - INFO - --- Starting Second Form CAPTCHA: Attempt 4/15 ---
2025-06-27 18:14:35 - gst_automation - INFO - Performing recovery action for Second Form CAPTCHA...
2025-06-27 18:14:35 - gst_automation - INFO - Document is in 'complete' ready state.
2025-06-27 18:15:05 - gst_automation - ERROR - Element ('id', 'pan-number-input-id') not visible within 30s.
2025-06-27 18:15:05 - gst_automation - WARNING - Caught exception during Second Form CAPTCHA attempt 4: ElementNotInteractableException. Retrying...
2025-06-27 18:15:07 - gst_automation - INFO - --- Starting Second Form CAPTCHA: Attempt 5/15 ---
2025-06-27 18:15:07 - gst_automation - INFO - Performing recovery action for Second Form CAPTCHA...
2025-06-27 18:15:07 - gst_automation - INFO - Document is in 'complete' ready state.
2025-06-27 18:15:38 - gst_automation - ERROR - Element ('id', 'pan-number-input-id') not visible within 30s.
2025-06-27 18:15:38 - gst_automation - WARNING - Caught exception during Second Form CAPTCHA attempt 5: ElementNotInteractableException. Retrying...
2025-06-27 18:15:40 - gst_automation - INFO - --- Starting Second Form CAPTCHA: Attempt 6/15 ---
2025-06-27 18:15:40 - gst_automation - INFO - Performing recovery action for Second Form CAPTCHA...
2025-06-27 18:15:40 - gst_automation - INFO - Document is in 'complete' ready state.
2025-06-27 18:16:10 - gst_automation - ERROR - Element ('id', 'pan-number-input-id') not visible within 30s.
2025-06-27 18:16:10 - gst_automation - WARNING - Caught exception during Second Form CAPTCHA attempt 6: ElementNotInteractableException. Retrying...
2025-06-27 18:16:12 - gst_automation - INFO - --- Starting Second Form CAPTCHA: Attempt 7/15 ---
2025-06-27 18:16:12 - gst_automation - INFO - Performing recovery action for Second Form CAPTCHA...
2025-06-27 18:16:12 - gst_automation - INFO - Document is in 'complete' ready state.
2025-06-27 18:20:50 - gst_automation - INFO - --- Starting Initial Login CAPTCHA: Attempt 1/15 ---
2025-06-27 18:20:50 - gst_automation - INFO - Document is in 'complete' ready state.
2025-06-27 18:20:50 - gst_automation - INFO - Solving captcha via TrueCaptcha API...
2025-06-27 18:20:50 - gst_automation - INFO - Found captcha image element with ID 'imgCaptcha'.
2025-06-27 18:20:52 - gst_automation - INFO - CAPTCHA solved by API: 165569
2025-06-27 18:20:52 - gst_automation - INFO - Document is in 'complete' ready state.
2025-06-27 18:21:22 - gst_automation - ERROR - Element ('id', 'captcha') not visible within 30s.
2025-06-27 18:21:22 - gst_automation - WARNING - Caught exception during Initial Login CAPTCHA attempt 1: AutomationError. Retrying...
2025-06-27 18:21:24 - gst_automation - INFO - --- Starting Initial Login CAPTCHA: Attempt 2/15 ---
2025-06-27 18:21:24 - gst_automation - INFO - Document is in 'complete' ready state.
2025-06-27 18:21:24 - gst_automation - INFO - Solving captcha via TrueCaptcha API...
2025-06-27 18:21:24 - gst_automation - INFO - Found captcha image element with ID 'imgCaptcha'.
2025-06-27 18:21:26 - gst_automation - INFO - CAPTCHA solved by API: 165569
2025-06-27 18:21:26 - gst_automation - INFO - Document is in 'complete' ready state.
2025-06-27 18:21:56 - gst_automation - ERROR - Element ('id', 'captcha') not visible within 30s.
2025-06-27 18:21:56 - gst_automation - WARNING - Caught exception during Initial Login CAPTCHA attempt 2: AutomationError. Retrying...
2025-06-27 18:21:58 - gst_automation - INFO - --- Starting Initial Login CAPTCHA: Attempt 3/15 ---
2025-06-27 18:21:58 - gst_automation - INFO - Document is in 'complete' ready state.
2025-06-27 18:21:58 - gst_automation - INFO - Solving captcha via TrueCaptcha API...
2025-06-27 18:21:58 - gst_automation - INFO - Found captcha image element with ID 'imgCaptcha'.
2025-06-27 18:21:59 - gst_automation - INFO - CAPTCHA solved by API: 165569
2025-06-27 18:21:59 - gst_automation - INFO - Document is in 'complete' ready state.
2025-06-27 18:22:30 - gst_automation - ERROR - Element ('id', 'captcha') not visible within 30s.
2025-06-27 18:22:30 - gst_automation - WARNING - Caught exception during Initial Login CAPTCHA attempt 3: AutomationError. Retrying...
2025-06-27 18:22:32 - gst_automation - INFO - --- Starting Initial Login CAPTCHA: Attempt 4/15 ---
2025-06-27 18:22:32 - gst_automation - INFO - Document is in 'complete' ready state.
2025-06-27 18:22:32 - gst_automation - INFO - Solving captcha via TrueCaptcha API...
2025-06-27 18:22:32 - gst_automation - INFO - Found captcha image element with ID 'imgCaptcha'.
2025-06-27 18:22:33 - gst_automation - INFO - CAPTCHA solved by API: 165569
2025-06-27 18:22:33 - gst_automation - INFO - Document is in 'complete' ready state.
2025-06-27 18:23:03 - gst_automation - ERROR - Element ('id', 'captcha') not visible within 30s.
2025-06-27 18:23:03 - gst_automation - WARNING - Caught exception during Initial Login CAPTCHA attempt 4: AutomationError. Retrying...
2025-06-27 18:23:05 - gst_automation - INFO - --- Starting Initial Login CAPTCHA: Attempt 5/15 ---
2025-06-27 18:23:05 - gst_automation - INFO - Document is in 'complete' ready state.
2025-06-27 18:23:05 - gst_automation - INFO - Solving captcha via TrueCaptcha API...
2025-06-27 18:23:05 - gst_automation - INFO - Found captcha image element with ID 'imgCaptcha'.
2025-06-27 18:23:07 - gst_automation - INFO - CAPTCHA solved by API: 165569
2025-06-27 18:23:07 - gst_automation - INFO - Document is in 'complete' ready state.
2025-06-27 18:23:37 - gst_automation - ERROR - Element ('id', 'captcha') not visible within 30s.
2025-06-27 18:23:37 - gst_automation - WARNING - Caught exception during Initial Login CAPTCHA attempt 5: AutomationError. Retrying...
2025-06-27 18:23:39 - gst_automation - INFO - --- Starting Initial Login CAPTCHA: Attempt 6/15 ---
2025-06-27 18:23:39 - gst_automation - INFO - Document is in 'complete' ready state.
2025-06-27 18:23:39 - gst_automation - INFO - Solving captcha via TrueCaptcha API...
2025-06-27 18:23:39 - gst_automation - INFO - Found captcha image element with ID 'imgCaptcha'.
2025-06-27 18:23:41 - gst_automation - INFO - CAPTCHA solved by API: 165569
2025-06-27 18:23:41 - gst_automation - INFO - Document is in 'complete' ready state.
2025-06-27 18:24:11 - gst_automation - ERROR - Element ('id', 'captcha') not visible within 30s.
2025-06-27 18:24:11 - gst_automation - WARNING - Caught exception during Initial Login CAPTCHA attempt 6: AutomationError. Retrying...
2025-06-27 18:24:13 - gst_automation - INFO - --- Starting Initial Login CAPTCHA: Attempt 7/15 ---
2025-06-27 18:24:13 - gst_automation - INFO - Document is in 'complete' ready state.
2025-06-27 18:24:13 - gst_automation - INFO - Solving captcha via TrueCaptcha API...
2025-06-27 18:24:13 - gst_automation - INFO - Found captcha image element with ID 'imgCaptcha'.
2025-06-27 18:24:15 - gst_automation - INFO - CAPTCHA solved by API: 165569
2025-06-27 18:24:15 - gst_automation - INFO - Document is in 'complete' ready state.
2025-06-27 18:24:45 - gst_automation - ERROR - Element ('id', 'captcha') not visible within 30s.
2025-06-27 18:24:45 - gst_automation - WARNING - Caught exception during Initial Login CAPTCHA attempt 7: AutomationError. Retrying...
2025-06-27 18:24:47 - gst_automation - INFO - --- Starting Initial Login CAPTCHA: Attempt 8/15 ---
2025-06-27 18:24:47 - gst_automation - INFO - Document is in 'complete' ready state.
2025-06-27 18:24:47 - gst_automation - INFO - Solving captcha via TrueCaptcha API...
2025-06-27 18:24:47 - gst_automation - INFO - Found captcha image element with ID 'imgCaptcha'.
2025-06-27 18:24:49 - gst_automation - INFO - CAPTCHA solved by API: 165569
2025-06-27 18:24:49 - gst_automation - INFO - Document is in 'complete' ready state.
2025-06-27 18:25:19 - gst_automation - ERROR - Element ('id', 'captcha') not visible within 30s.
2025-06-27 18:25:19 - gst_automation - WARNING - Caught exception during Initial Login CAPTCHA attempt 8: AutomationError. Retrying...
2025-06-27 18:25:21 - gst_automation - INFO - --- Starting Initial Login CAPTCHA: Attempt 9/15 ---
2025-06-27 18:25:21 - gst_automation - INFO - Document is in 'complete' ready state.
2025-06-27 18:25:21 - gst_automation - INFO - Solving captcha via TrueCaptcha API...
2025-06-27 18:25:21 - gst_automation - INFO - Found captcha image element with ID 'imgCaptcha'.
2025-06-27 18:25:23 - gst_automation - INFO - CAPTCHA solved by API: 165569
2025-06-27 18:25:23 - gst_automation - INFO - Document is in 'complete' ready state.
2025-06-27 18:25:58 - gst_automation - INFO - --- Starting Initial Login CAPTCHA: Attempt 1/15 ---
2025-06-27 18:25:58 - gst_automation - INFO - Document is in 'complete' ready state.
2025-06-27 18:25:58 - gst_automation - INFO - Solving captcha via TrueCaptcha API...
2025-06-27 18:25:58 - gst_automation - INFO - Found captcha image element with ID 'imgCaptcha'.
2025-06-27 18:26:00 - gst_automation - INFO - CAPTCHA solved by API: 165569
2025-06-27 18:26:00 - gst_automation - INFO - Document is in 'complete' ready state.
2025-06-27 18:26:30 - gst_automation - ERROR - Element ('id', 'captcha') not visible within 30s.
2025-06-27 18:26:30 - gst_automation - WARNING - Caught exception during Initial Login CAPTCHA attempt 1: AutomationError. Retrying...
2025-06-27 18:26:32 - gst_automation - INFO - --- Starting Initial Login CAPTCHA: Attempt 2/15 ---
2025-06-27 18:26:32 - gst_automation - INFO - Document is in 'complete' ready state.
2025-06-27 18:26:32 - gst_automation - INFO - Solving captcha via TrueCaptcha API...
2025-06-27 18:26:32 - gst_automation - INFO - Found captcha image element with ID 'imgCaptcha'.
2025-06-27 18:26:34 - gst_automation - INFO - CAPTCHA solved by API: 165569
2025-06-27 18:26:34 - gst_automation - INFO - Document is in 'complete' ready state.
2025-06-27 18:27:04 - gst_automation - ERROR - Element ('id', 'captcha') not visible within 30s.
2025-06-27 18:27:04 - gst_automation - WARNING - Caught exception during Initial Login CAPTCHA attempt 2: AutomationError. Retrying...
2025-06-27 18:27:06 - gst_automation - INFO - --- Starting Initial Login CAPTCHA: Attempt 3/15 ---
2025-06-27 18:27:06 - gst_automation - INFO - Document is in 'complete' ready state.
2025-06-27 18:27:06 - gst_automation - INFO - Solving captcha via TrueCaptcha API...
2025-06-27 18:27:06 - gst_automation - INFO - Found captcha image element with ID 'imgCaptcha'.
2025-06-27 18:27:07 - gst_automation - INFO - CAPTCHA solved by API: 165569
2025-06-27 18:27:07 - gst_automation - INFO - Document is in 'complete' ready state.
2025-06-27 18:27:37 - gst_automation - ERROR - Element ('id', 'captcha') not visible within 30s.
2025-06-27 18:27:38 - gst_automation - WARNING - Caught exception during Initial Login CAPTCHA attempt 3: AutomationError. Retrying...
2025-06-27 18:27:40 - gst_automation - INFO - --- Starting Initial Login CAPTCHA: Attempt 4/15 ---
2025-06-27 18:27:40 - gst_automation - INFO - Document is in 'complete' ready state.
2025-06-27 18:27:40 - gst_automation - INFO - Solving captcha via TrueCaptcha API...
2025-06-27 18:27:40 - gst_automation - INFO - Found captcha image element with ID 'imgCaptcha'.
2025-06-27 18:27:42 - gst_automation - INFO - CAPTCHA solved by API: 165569
2025-06-27 18:27:42 - gst_automation - INFO - Document is in 'complete' ready state.
2025-06-27 18:28:12 - gst_automation - ERROR - Element ('id', 'captcha') not visible within 30s.
2025-06-27 18:28:12 - gst_automation - WARNING - Caught exception during Initial Login CAPTCHA attempt 4: AutomationError. Retrying...
2025-06-27 18:28:14 - gst_automation - INFO - --- Starting Initial Login CAPTCHA: Attempt 5/15 ---
2025-06-27 18:28:14 - gst_automation - INFO - Document is in 'complete' ready state.
2025-06-27 18:28:14 - gst_automation - INFO - Solving captcha via TrueCaptcha API...
2025-06-27 18:28:14 - gst_automation - INFO - Found captcha image element with ID 'imgCaptcha'.
2025-06-27 18:28:16 - gst_automation - INFO - CAPTCHA solved by API: 165569
2025-06-27 18:28:16 - gst_automation - INFO - Document is in 'complete' ready state.
2025-06-27 18:28:46 - gst_automation - ERROR - Element ('id', 'captcha') not visible within 30s.
2025-06-27 18:28:46 - gst_automation - WARNING - Caught exception during Initial Login CAPTCHA attempt 5: AutomationError. Retrying...
2025-06-27 18:28:48 - gst_automation - INFO - --- Starting Initial Login CAPTCHA: Attempt 6/15 ---
2025-06-27 18:28:48 - gst_automation - INFO - Document is in 'complete' ready state.
2025-06-27 18:28:48 - gst_automation - INFO - Solving captcha via TrueCaptcha API...
2025-06-27 18:28:48 - gst_automation - INFO - Found captcha image element with ID 'imgCaptcha'.
2025-06-27 18:28:50 - gst_automation - INFO - CAPTCHA solved by API: 165569
2025-06-27 18:28:50 - gst_automation - INFO - Document is in 'complete' ready state.
2025-06-27 18:29:20 - gst_automation - ERROR - Element ('id', 'captcha') not visible within 30s.
2025-06-27 18:29:20 - gst_automation - WARNING - Caught exception during Initial Login CAPTCHA attempt 6: AutomationError. Retrying...
2025-06-27 18:29:22 - gst_automation - INFO - --- Starting Initial Login CAPTCHA: Attempt 7/15 ---
2025-06-27 18:29:22 - gst_automation - INFO - Document is in 'complete' ready state.
2025-06-27 18:29:22 - gst_automation - INFO - Solving captcha via TrueCaptcha API...
2025-06-27 18:29:22 - gst_automation - INFO - Found captcha image element with ID 'imgCaptcha'.
2025-06-27 18:29:24 - gst_automation - INFO - CAPTCHA solved by API: 165569
2025-06-27 18:29:24 - gst_automation - INFO - Document is in 'complete' ready state.
2025-06-27 18:29:55 - gst_automation - ERROR - Element ('id', 'captcha') not visible within 30s.
2025-06-27 18:29:55 - gst_automation - WARNING - Caught exception during Initial Login CAPTCHA attempt 7: AutomationError. Retrying...
2025-06-27 18:29:57 - gst_automation - INFO - --- Starting Initial Login CAPTCHA: Attempt 8/15 ---
2025-06-27 18:29:57 - gst_automation - INFO - Document is in 'complete' ready state.
2025-06-27 18:29:57 - gst_automation - INFO - Solving captcha via TrueCaptcha API...
2025-06-27 18:29:57 - gst_automation - INFO - Found captcha image element with ID 'imgCaptcha'.
2025-06-27 18:29:58 - gst_automation - INFO - CAPTCHA solved by API: 165569
2025-06-27 18:29:58 - gst_automation - INFO - Document is in 'complete' ready state.
2025-06-27 18:30:29 - gst_automation - ERROR - Element ('id', 'captcha') not visible within 30s.
2025-06-27 18:30:29 - gst_automation - WARNING - Caught exception during Initial Login CAPTCHA attempt 8: AutomationError. Retrying...
2025-06-27 18:30:31 - gst_automation - INFO - --- Starting Initial Login CAPTCHA: Attempt 9/15 ---
2025-06-27 18:30:31 - gst_automation - INFO - Document is in 'complete' ready state.
2025-06-27 18:30:31 - gst_automation - INFO - Solving captcha via TrueCaptcha API...
2025-06-27 18:30:31 - gst_automation - INFO - Found captcha image element with ID 'imgCaptcha'.
2025-06-27 18:30:32 - gst_automation - INFO - CAPTCHA solved by API: 165569
2025-06-27 18:30:32 - gst_automation - INFO - Document is in 'complete' ready state.
2025-06-27 18:31:03 - gst_automation - ERROR - Element ('id', 'captcha') not visible within 30s.
2025-06-27 18:31:03 - gst_automation - WARNING - Caught exception during Initial Login CAPTCHA attempt 9: AutomationError. Retrying...
2025-06-27 18:31:05 - gst_automation - INFO - --- Starting Initial Login CAPTCHA: Attempt 10/15 ---
2025-06-27 18:31:05 - gst_automation - INFO - Document is in 'complete' ready state.
2025-06-27 18:31:05 - gst_automation - INFO - Solving captcha via TrueCaptcha API...
2025-06-27 18:31:05 - gst_automation - INFO - Found captcha image element with ID 'imgCaptcha'.
2025-06-27 18:31:07 - gst_automation - INFO - CAPTCHA solved by API: 165569
2025-06-27 18:31:07 - gst_automation - INFO - Document is in 'complete' ready state.
2025-06-27 18:31:37 - gst_automation - ERROR - Element ('id', 'captcha') not visible within 30s.
2025-06-27 18:31:37 - gst_automation - WARNING - Caught exception during Initial Login CAPTCHA attempt 10: AutomationError. Retrying...
2025-06-27 18:31:39 - gst_automation - INFO - --- Starting Initial Login CAPTCHA: Attempt 11/15 ---
2025-06-27 18:31:39 - gst_automation - INFO - Document is in 'complete' ready state.
2025-06-27 18:31:39 - gst_automation - INFO - Solving captcha via TrueCaptcha API...
2025-06-27 18:31:39 - gst_automation - INFO - Found captcha image element with ID 'imgCaptcha'.
2025-06-27 18:31:41 - gst_automation - INFO - CAPTCHA solved by API: 165569
2025-06-27 18:31:41 - gst_automation - INFO - Document is in 'complete' ready state.
2025-06-27 18:32:11 - gst_automation - ERROR - Element ('id', 'captcha') not visible within 30s.
2025-06-27 18:32:11 - gst_automation - WARNING - Caught exception during Initial Login CAPTCHA attempt 11: AutomationError. Retrying...
2025-06-27 18:32:13 - gst_automation - INFO - --- Starting Initial Login CAPTCHA: Attempt 12/15 ---
2025-06-27 18:32:13 - gst_automation - INFO - Document is in 'complete' ready state.
2025-06-27 18:32:13 - gst_automation - INFO - Solving captcha via TrueCaptcha API...
2025-06-27 18:32:13 - gst_automation - INFO - Found captcha image element with ID 'imgCaptcha'.
2025-06-27 18:32:14 - gst_automation - INFO - CAPTCHA solved by API: 165569
2025-06-27 18:32:14 - gst_automation - INFO - Document is in 'complete' ready state.
2025-06-27 18:32:44 - gst_automation - ERROR - Element ('id', 'captcha') not visible within 30s.
2025-06-27 18:32:44 - gst_automation - WARNING - Caught exception during Initial Login CAPTCHA attempt 12: AutomationError. Retrying...
2025-06-27 18:32:46 - gst_automation - INFO - --- Starting Initial Login CAPTCHA: Attempt 13/15 ---
2025-06-27 18:32:46 - gst_automation - INFO - Document is in 'complete' ready state.
2025-06-27 18:32:46 - gst_automation - INFO - Solving captcha via TrueCaptcha API...
2025-06-27 18:32:46 - gst_automation - INFO - Found captcha image element with ID 'imgCaptcha'.
2025-06-27 18:32:51 - gst_automation - INFO - Document is in 'complete' ready state.
2025-06-27 18:32:51 - gst_automation - INFO - Solving captcha via TrueCaptcha API...
2025-06-27 18:32:51 - gst_automation - INFO - Found captcha image element with ID 'imgCaptcha'.
2025-06-27 18:32:53 - gst_automation - INFO - CAPTCHA solved by API: 165569
2025-06-27 18:32:53 - gst_automation - INFO - Document is in 'complete' ready state.
2025-06-27 18:33:23 - gst_automation - ERROR - Element ('id', 'captcha') not visible within 30s.
2025-06-27 18:33:57 - gst_automation - INFO - --- Starting Initial Login CAPTCHA: Attempt 1/15 ---
2025-06-27 18:33:57 - gst_automation - INFO - Document is in 'complete' ready state.
2025-06-27 18:33:57 - gst_automation - INFO - Solving captcha via TrueCaptcha API...
2025-06-27 18:33:57 - gst_automation - INFO - Found captcha image element with ID 'imgCaptcha'.
2025-06-27 18:33:59 - gst_automation - INFO - CAPTCHA solved by API: 165569
2025-06-27 18:33:59 - gst_automation - INFO - Document is in 'complete' ready state.
2025-06-27 18:34:29 - gst_automation - ERROR - Element ('id', 'captcha') not visible within 30s.
2025-06-27 18:34:29 - gst_automation - WARNING - Caught exception during Initial Login CAPTCHA attempt 1: AutomationError. Retrying...
2025-06-27 18:34:31 - gst_automation - INFO - --- Starting Initial Login CAPTCHA: Attempt 2/15 ---
2025-06-27 18:34:31 - gst_automation - INFO - Document is in 'complete' ready state.
2025-06-27 18:34:31 - gst_automation - INFO - Solving captcha via TrueCaptcha API...
2025-06-27 18:34:31 - gst_automation - INFO - Found captcha image element with ID 'imgCaptcha'.
2025-06-27 18:34:33 - gst_automation - INFO - CAPTCHA solved by API: 165569
2025-06-27 18:34:33 - gst_automation - INFO - Document is in 'complete' ready state.
2025-06-27 18:38:35 - gst_automation - INFO - --- Starting Initial Login CAPTCHA: Attempt 1/15 ---
2025-06-27 18:38:35 - gst_automation - INFO - Document is in 'complete' ready state.
2025-06-27 18:38:35 - gst_automation - INFO - Solving captcha via TrueCaptcha API...
2025-06-27 18:38:35 - gst_automation - INFO - Found captcha image element with ID 'imgCaptcha'.
2025-06-27 18:38:37 - gst_automation - INFO - CAPTCHA solved by API: 165569
2025-06-27 18:38:37 - gst_automation - INFO - Document is in 'complete' ready state.
2025-06-27 18:39:07 - gst_automation - ERROR - Element ('id', 'captcha') not visible within 30s.
2025-06-27 18:39:07 - gst_automation - WARNING - Caught exception during Initial Login CAPTCHA attempt 1: AutomationError. Retrying...
2025-06-27 18:39:09 - gst_automation - INFO - --- Starting Initial Login CAPTCHA: Attempt 2/15 ---
2025-06-27 18:39:09 - gst_automation - INFO - Document is in 'complete' ready state.
2025-06-27 18:39:09 - gst_automation - INFO - Solving captcha via TrueCaptcha API...
2025-06-27 18:39:09 - gst_automation - INFO - Found captcha image element with ID 'imgCaptcha'.
2025-06-27 18:39:11 - gst_automation - INFO - CAPTCHA solved by API: 165569
2025-06-27 18:39:11 - gst_automation - INFO - Document is in 'complete' ready state.
