2025-06-30 16:03:39 - gst_automation - INFO - Document is in 'complete' ready state.
2025-06-30 16:03:40 - gst_automation - INFO - Successfully clicked ('xpath', "//*[text()='Taxpayer']").
2025-06-30 16:03:40 - gst_automation - INFO - Document is in 'complete' ready state.
2025-06-30 16:03:40 - gst_automation - INFO - Successfully clicked ('xpath', "//*[text()='Delhi']").
2025-06-30 16:03:45 - gst_automation - INFO - Document is in 'complete' ready state.
2025-06-30 16:03:45 - gst_automation - INFO - Successfully clicked ('xpath', "//*[text()='South West Delhi']").
2025-06-30 16:03:45 - gst_automation - INFO - Document is in 'complete' ready state.
2025-06-30 16:03:45 - gst_automation - INFO - Successfully sent text to ('id', 'bnm').
2025-06-30 16:03:45 - gst_automation - INFO - Document is in 'complete' ready state.
2025-06-30 16:03:45 - gst_automation - INFO - Successfully sent text to ('id', 'pan_card').
2025-06-30 16:03:45 - gst_automation - INFO - Document is in 'complete' ready state.
2025-06-30 16:03:45 - gst_automation - INFO - Successfully sent text to ('id', 'email').
2025-06-30 16:03:45 - gst_automation - INFO - Document is in 'complete' ready state.
2025-06-30 16:03:45 - gst_automation - INFO - Successfully sent text to ('id', 'mobile').
2025-06-30 16:03:45 - gst_automation - INFO - Document is in 'complete' ready state.
2025-06-30 16:03:45 - gst_automation - INFO - Solving captcha via TrueCaptcha API...
2025-06-30 16:03:45 - gst_automation - INFO - Found captcha image element with ID 'imgCaptcha'.
2025-06-30 16:03:47 - gst_automation - INFO - CAPTCHA solved by API: 683263
2025-06-30 16:03:47 - gst_automation - INFO - Document is in 'complete' ready state.
2025-06-30 16:03:47 - gst_automation - INFO - Successfully sent text to ('id', 'captcha').
2025-06-30 16:03:47 - gst_automation - INFO - CAPTCHA text entered successfully.
2025-06-30 16:03:47 - gst_automation - INFO - Document is in 'complete' ready state.
2025-06-30 16:03:47 - gst_automation - INFO - Successfully clicked ('xpath', '/html/body/div[2]/div[2]/div/div[2]/div/form/div[2]/div/div[2]/div/button').
2025-06-30 16:03:49 - gst_automation - INFO - Document is in 'complete' ready state.
2025-06-30 16:04:45 - gst_automation - INFO - Document is in 'complete' ready state.
2025-06-30 16:04:45 - gst_automation - INFO - Successfully clicked ('xpath', "//*[text()='Taxpayer']").
2025-06-30 16:04:45 - gst_automation - INFO - Document is in 'complete' ready state.
2025-06-30 16:04:46 - gst_automation - INFO - Successfully clicked ('xpath', "//*[text()='Delhi']").
2025-06-30 16:04:51 - gst_automation - INFO - Document is in 'complete' ready state.
2025-06-30 16:04:51 - gst_automation - INFO - Successfully clicked ('xpath', "//*[text()='South West Delhi']").
2025-06-30 16:04:51 - gst_automation - INFO - Document is in 'complete' ready state.
2025-06-30 16:04:51 - gst_automation - INFO - Successfully sent text to ('id', 'bnm').
2025-06-30 16:04:51 - gst_automation - INFO - Document is in 'complete' ready state.
2025-06-30 16:04:51 - gst_automation - INFO - Successfully sent text to ('id', 'pan_card').
2025-06-30 16:04:51 - gst_automation - INFO - Document is in 'complete' ready state.
2025-06-30 16:04:51 - gst_automation - INFO - Successfully sent text to ('id', 'email').
2025-06-30 16:04:52 - gst_automation - INFO - Document is in 'complete' ready state.
2025-06-30 16:04:52 - gst_automation - INFO - Successfully sent text to ('id', 'mobile').
2025-06-30 16:04:52 - gst_automation - INFO - Document is in 'complete' ready state.
2025-06-30 16:04:52 - gst_automation - INFO - Solving captcha via TrueCaptcha API...
2025-06-30 16:04:52 - gst_automation - INFO - Found captcha image element with ID 'imgCaptcha'.
2025-06-30 16:04:54 - gst_automation - INFO - CAPTCHA solved by API: 762693
2025-06-30 16:04:54 - gst_automation - INFO - Document is in 'complete' ready state.
2025-06-30 16:04:54 - gst_automation - INFO - Successfully sent text to ('id', 'captcha').
2025-06-30 16:04:54 - gst_automation - INFO - CAPTCHA text entered successfully.
2025-06-30 16:04:54 - gst_automation - INFO - Document is in 'complete' ready state.
2025-06-30 16:04:54 - gst_automation - INFO - Successfully clicked ('xpath', '/html/body/div[2]/div[2]/div/div[2]/div/form/div[2]/div/div[2]/div/button').
2025-06-30 16:05:31 - gst_automation - INFO - Document is in 'complete' ready state.
2025-06-30 16:05:53 - gst_automation - INFO - Document is in 'complete' ready state.
2025-06-30 16:05:53 - gst_automation - INFO - Successfully clicked ('xpath', '/html/body/div[2]/div[2]/div/div[2]/div/div[2]/div/div[2]/div/a').
2025-06-30 16:06:20 - gst_automation - INFO - Document is in 'complete' ready state.
2025-06-30 16:06:20 - gst_automation - INFO - Solving captcha via TrueCaptcha API...
2025-06-30 16:06:20 - gst_automation - INFO - Found visible CAPTCHA image with ID 'imgCaptcha'.
2025-06-30 16:06:23 - gst_automation - INFO - CAPTCHA solved: 103614
2025-06-30 16:06:23 - gst_automation - INFO - Document is in 'complete' ready state.
2025-06-30 16:06:23 - gst_automation - INFO - Successfully sent text to ('id', 'captchatrn').
2025-06-30 16:06:23 - gst_automation - INFO - CAPTCHA entered successfully into input with ID 'captchatrn'.
2025-06-30 16:06:24 - gst_automation - INFO - Document is in 'complete' ready state.
2025-06-30 16:06:24 - gst_automation - INFO - Successfully clicked ('xpath', '/html/body/div[2]/div[2]/div/div[2]/div/form/div[2]/div/div[2]/div/button').
2025-06-30 16:06:43 - gst_automation - INFO - Document is in 'complete' ready state.
2025-06-30 16:07:14 - gst_automation - INFO - Document is in 'complete' ready state.
2025-06-30 16:07:14 - gst_automation - INFO - Successfully clicked ('xpath', '/html/body/div[2]/div[1]/div/div[3]/div[2]/div/div/table/tbody/tr/td[6]/button').
2025-06-30 16:07:25 - gst_automation - INFO - Document is in 'complete' ready state.
2025-06-30 16:07:25 - gst_automation - INFO - Successfully sent text to ('id', 'tnm').
2025-06-30 16:07:29 - gst_automation - INFO - Document is in 'complete' ready state.
2025-06-30 16:07:29 - gst_automation - INFO - Successfully clicked ('xpath', "//*[text()='Others']").
2025-06-30 16:07:29 - gst_automation - INFO - Document is in 'complete' ready state.
2025-06-30 16:07:29 - gst_automation - INFO - Successfully sent text to ('id', 'bd_ConstBuss_oth').
2025-06-30 16:07:29 - gst_automation - INFO - Document is in 'complete' ready state.
2025-06-30 16:07:29 - gst_automation - INFO - Successfully clicked ('xpath', "//*[text()='Voluntary Basis']").
2025-06-30 16:07:29 - gst_automation - INFO - Document is in 'complete' ready state.
2025-06-30 16:07:29 - gst_automation - INFO - Successfully sent text to ('id', 'bd_cmbz').
2025-06-30 16:07:31 - gst_automation - INFO - Document is in 'complete' ready state.
2025-06-30 16:07:31 - gst_automation - INFO - Successfully clicked ('xpath', '/html/body/div[2]/div/div/div[3]/form/fieldset/div[1]/div[8]/div/div[1]/select/option[16]').
2025-06-30 16:07:31 - gst_automation - INFO - Document is in 'complete' ready state.
2025-06-30 16:07:31 - gst_automation - INFO - Successfully sent text to ('id', 'bd_othrReg').
2025-06-30 16:07:31 - gst_automation - INFO - Document is in 'complete' ready state.
2025-06-30 16:07:31 - gst_automation - INFO - Successfully sent text to ('id', 'exno').
2025-06-30 16:07:33 - gst_automation - INFO - Document is in 'complete' ready state.
2025-06-30 16:07:33 - gst_automation - INFO - Successfully sent text to ('id', 'exdt').
2025-06-30 16:07:33 - gst_automation - INFO - Document is in 'complete' ready state.
2025-06-30 16:07:33 - gst_automation - INFO - Successfully clicked ('xpath', '/html/body/div[2]/div/div/div[3]/form/fieldset/div[1]/div[8]/div/div[5]/button[1]').
2025-06-30 16:07:34 - gst_automation - INFO - Document is in 'complete' ready state.
2025-06-30 16:07:35 - gst_automation - INFO - Successfully clicked ('xpath', "//*[text()='Registration Certificate']").
2025-06-30 16:07:42 - gst_automation - INFO - Document is in 'complete' ready state.
2025-06-30 16:07:42 - gst_automation - INFO - Successfully clicked ('xpath', '/html/body/div[2]/div/div/div[3]/form/div/div/button[2]').
2025-06-30 16:07:47 - gst_automation - INFO - Filling details for promoter: Ashish Mehra
2025-06-30 16:07:57 - gst_automation - INFO - Filling personal information...
2025-06-30 16:07:57 - gst_automation - INFO - Document is in 'complete' ready state.
2025-06-30 16:07:57 - gst_automation - INFO - Successfully sent text to ('id', 'fnm').
2025-06-30 16:07:57 - gst_automation - INFO - ✓ First name filled
2025-06-30 16:07:57 - gst_automation - INFO - Document is in 'complete' ready state.
2025-06-30 16:07:57 - gst_automation - INFO - Successfully sent text to ('id', 'pd_mname').
2025-06-30 16:07:57 - gst_automation - INFO - ✓ Middle name filled
2025-06-30 16:07:57 - gst_automation - INFO - Document is in 'complete' ready state.
2025-06-30 16:07:57 - gst_automation - INFO - Successfully sent text to ('id', 'pd_lname').
2025-06-30 16:07:57 - gst_automation - INFO - ✓ Last name filled
2025-06-30 16:07:57 - gst_automation - INFO - Filling father details...
2025-06-30 16:07:57 - gst_automation - INFO - Document is in 'complete' ready state.
2025-06-30 16:07:57 - gst_automation - INFO - Successfully sent text to ('id', 'ffname').
2025-06-30 16:07:57 - gst_automation - INFO - ✓ Father first name filled
2025-06-30 16:07:57 - gst_automation - INFO - Document is in 'complete' ready state.
2025-06-30 16:07:57 - gst_automation - INFO - Successfully sent text to ('id', 'pd_fmname').
2025-06-30 16:07:57 - gst_automation - INFO - ✓ Father middle name filled
2025-06-30 16:07:57 - gst_automation - INFO - Document is in 'complete' ready state.
2025-06-30 16:07:57 - gst_automation - INFO - Successfully sent text to ('id', 'pd_flname').
2025-06-30 16:07:57 - gst_automation - INFO - ✓ Father last name filled
2025-06-30 16:07:57 - gst_automation - INFO - Filling additional personal details...
2025-06-30 16:07:57 - gst_automation - INFO - Document is in 'complete' ready state.
2025-06-30 16:07:57 - gst_automation - INFO - Successfully sent text to ('id', 'dob').
2025-06-30 16:07:57 - gst_automation - INFO - ✓ Date of birth filled
2025-06-30 16:07:57 - gst_automation - INFO - Document is in 'complete' ready state.
2025-06-30 16:07:57 - gst_automation - INFO - Successfully sent text to ('id', 'mbno').
2025-06-30 16:07:57 - gst_automation - INFO - ✓ Mobile number filled
2025-06-30 16:07:57 - gst_automation - INFO - Document is in 'complete' ready state.
2025-06-30 16:07:57 - gst_automation - INFO - Successfully sent text to ('id', 'pd_email').
2025-06-30 16:07:57 - gst_automation - INFO - ✓ Email filled
2025-06-30 16:07:57 - gst_automation - INFO - Selecting gender...
2025-06-30 16:08:07 - gst_automation - INFO - ✓ Male gender selected
2025-06-30 16:08:07 - gst_automation - INFO - Filling professional details...
2025-06-30 16:08:07 - gst_automation - INFO - Document is in 'complete' ready state.
2025-06-30 16:08:07 - gst_automation - INFO - Successfully sent text to ('id', 'dg').
2025-06-30 16:08:08 - gst_automation - INFO - ✓ Designation filled
2025-06-30 16:08:08 - gst_automation - INFO - Document is in 'complete' ready state.
2025-06-30 16:08:08 - gst_automation - INFO - Successfully sent text to ('id', 'din').
2025-06-30 16:08:08 - gst_automation - INFO - ✓ Director ID filled
2025-06-30 16:08:08 - gst_automation - INFO - Handling citizenship details...
2025-06-30 16:08:08 - gst_automation - INFO - Document is in 'complete' ready state.
2025-06-30 16:08:08 - gst_automation - INFO - Successfully sent text to ('id', 'pan').
2025-06-30 16:08:08 - gst_automation - INFO - ✓ PAN number filled
2025-06-30 16:08:08 - gst_automation - INFO - Filling address details...
2025-06-30 16:08:08 - gst_automation - INFO - Document is in 'complete' ready state.
2025-06-30 16:08:08 - gst_automation - INFO - Successfully sent text to ('id', 'onMapSerachId').
2025-06-30 16:08:08 - gst_automation - INFO - ✓ Address search field filled
2025-06-30 16:08:30 - gst_automation - ERROR - Element ('xpath', "//*[text()='110071']") not clickable within 10 seconds
2025-06-30 16:08:30 - gst_automation - INFO - ✓ Address suggestion clicked
2025-06-30 16:08:40 - gst_automation - INFO - Filling details for promoter: Ashish Mehra
2025-06-30 16:08:51 - gst_automation - INFO - Filling personal information...
2025-06-30 16:08:51 - gst_automation - INFO - Document is in 'complete' ready state.
2025-06-30 16:08:51 - gst_automation - INFO - Successfully sent text to ('id', 'fnm').
2025-06-30 16:08:51 - gst_automation - INFO - ✓ First name filled
2025-06-30 16:08:51 - gst_automation - INFO - Document is in 'complete' ready state.
2025-06-30 16:08:51 - gst_automation - INFO - Successfully sent text to ('id', 'pd_mname').
2025-06-30 16:08:51 - gst_automation - INFO - ✓ Middle name filled
2025-06-30 16:08:51 - gst_automation - INFO - Document is in 'complete' ready state.
2025-06-30 16:08:51 - gst_automation - INFO - Successfully sent text to ('id', 'pd_lname').
2025-06-30 16:08:51 - gst_automation - INFO - ✓ Last name filled
2025-06-30 16:08:51 - gst_automation - INFO - Filling father details...
2025-06-30 16:08:51 - gst_automation - INFO - Document is in 'complete' ready state.
2025-06-30 16:08:51 - gst_automation - INFO - Successfully sent text to ('id', 'ffname').
2025-06-30 16:08:51 - gst_automation - INFO - ✓ Father first name filled
2025-06-30 16:08:51 - gst_automation - INFO - Document is in 'complete' ready state.
2025-06-30 16:08:51 - gst_automation - INFO - Successfully sent text to ('id', 'pd_fmname').
2025-06-30 16:08:51 - gst_automation - INFO - ✓ Father middle name filled
2025-06-30 16:08:51 - gst_automation - INFO - Document is in 'complete' ready state.
2025-06-30 16:08:51 - gst_automation - INFO - Successfully sent text to ('id', 'pd_flname').
2025-06-30 16:08:51 - gst_automation - INFO - ✓ Father last name filled
2025-06-30 16:08:51 - gst_automation - INFO - Filling additional personal details...
2025-06-30 16:08:51 - gst_automation - INFO - Document is in 'complete' ready state.
2025-06-30 16:08:51 - gst_automation - INFO - Successfully sent text to ('id', 'dob').
2025-06-30 16:08:51 - gst_automation - INFO - ✓ Date of birth filled
2025-06-30 16:08:51 - gst_automation - INFO - Document is in 'complete' ready state.
2025-06-30 16:08:51 - gst_automation - INFO - Successfully sent text to ('id', 'mbno').
2025-06-30 16:08:51 - gst_automation - INFO - ✓ Mobile number filled
2025-06-30 16:08:51 - gst_automation - INFO - Document is in 'complete' ready state.
2025-06-30 16:08:51 - gst_automation - INFO - Successfully sent text to ('id', 'pd_email').
2025-06-30 16:08:51 - gst_automation - INFO - ✓ Email filled
2025-06-30 16:08:51 - gst_automation - INFO - Selecting gender...
2025-06-30 16:09:01 - gst_automation - INFO - ✓ Male gender selected
2025-06-30 16:09:01 - gst_automation - INFO - Filling professional details...
2025-06-30 16:09:01 - gst_automation - INFO - Document is in 'complete' ready state.
2025-06-30 16:09:01 - gst_automation - INFO - Successfully sent text to ('id', 'dg').
2025-06-30 16:09:01 - gst_automation - INFO - ✓ Designation filled
2025-06-30 16:09:01 - gst_automation - INFO - Document is in 'complete' ready state.
2025-06-30 16:09:01 - gst_automation - INFO - Successfully sent text to ('id', 'din').
2025-06-30 16:09:01 - gst_automation - INFO - ✓ Director ID filled
2025-06-30 16:09:01 - gst_automation - INFO - Handling citizenship details...
2025-06-30 16:09:01 - gst_automation - INFO - Document is in 'complete' ready state.
2025-06-30 16:09:01 - gst_automation - INFO - Successfully sent text to ('id', 'pan').
2025-06-30 16:09:01 - gst_automation - INFO - ✓ PAN number filled
2025-06-30 16:09:01 - gst_automation - INFO - Filling address details...
2025-06-30 16:09:01 - gst_automation - INFO - Document is in 'complete' ready state.
2025-06-30 16:09:02 - gst_automation - INFO - Successfully sent text to ('id', 'onMapSerachId').
2025-06-30 16:09:02 - gst_automation - INFO - ✓ Address search field filled
2025-06-30 16:09:14 - gst_automation - INFO - ✓ Address suggestion clicked
2025-06-30 16:09:26 - gst_automation - INFO - ✓ Address confirmation clicked
2025-06-30 16:09:26 - gst_automation - INFO - Filling building details...
2025-06-30 16:09:26 - gst_automation - INFO - Document is in 'complete' ready state.
2025-06-30 16:09:26 - gst_automation - INFO - Successfully sent text to ('id', 'pd_bdnum').
2025-06-30 16:09:26 - gst_automation - INFO - ✓ Building number filled
2025-06-30 16:09:26 - gst_automation - INFO - Uploading document...
2025-06-30 16:09:26 - gst_automation - INFO - Document is in 'complete' ready state.
2025-06-30 16:09:26 - gst_automation - INFO - Successfully sent text to ('id', 'pd_upload').
2025-06-30 16:09:26 - gst_automation - INFO - ✓ Document uploaded
2025-06-30 16:09:26 - gst_automation - INFO - Handling authorized signatory option...
2025-06-30 16:09:36 - gst_automation - INFO - ✓ Authorized signatory option selected
2025-06-30 16:09:36 - gst_automation - INFO - Successfully completed filling details for Ashish Mehra
2025-06-30 16:09:36 - gst_automation - INFO - All promoters processed. Clicking final Save & Continue button.
2025-06-30 16:10:12 - gst_automation - ERROR - Could not click the final 'Save & Continue' button: Message: 
Stacktrace:
RemoteError@chrome://remote/content/shared/RemoteError.sys.mjs:8:8
WebDriverError@chrome://remote/content/shared/webdriver/Errors.sys.mjs:199:5
NoSuchElementError@chrome://remote/content/shared/webdriver/Errors.sys.mjs:552:5
dom.find/</<@chrome://remote/content/shared/DOM.sys.mjs:136:16

2025-06-30 16:12:56 - gst_automation - INFO - Document is in 'complete' ready state.
2025-06-30 16:12:57 - gst_automation - INFO - Successfully clicked ('xpath', '/html/body/div[2]/div/div/div[3]/form/div[2]/div[2]/div/button[3]').
2025-06-30 16:13:25 - gst_automation - INFO - Starting to fill details for 19 authorized signatories
2025-06-30 16:24:29 - gst_automation - INFO - Starting to fill details for 19 authorized signatories
2025-06-30 16:33:25 - gst_automation - INFO - Document is in 'complete' ready state.
2025-06-30 16:33:25 - gst_automation - INFO - Successfully clicked ('xpath', "//*[text()='Taxpayer']").
2025-06-30 16:33:25 - gst_automation - INFO - Document is in 'complete' ready state.
2025-06-30 16:33:25 - gst_automation - INFO - Successfully clicked ('xpath', "//*[text()='Delhi']").
2025-06-30 16:33:33 - gst_automation - INFO - Document is in 'complete' ready state.
2025-06-30 16:33:33 - gst_automation - INFO - Successfully clicked ('xpath', "//*[text()='South West Delhi']").
2025-06-30 16:33:35 - gst_automation - INFO - Document is in 'complete' ready state.
2025-06-30 16:33:35 - gst_automation - INFO - Successfully sent text to ('id', 'bnm').
2025-06-30 16:33:36 - gst_automation - INFO - Document is in 'complete' ready state.
2025-06-30 16:33:36 - gst_automation - INFO - Successfully sent text to ('id', 'pan_card').
2025-06-30 16:33:38 - gst_automation - INFO - Document is in 'complete' ready state.
2025-06-30 16:33:38 - gst_automation - INFO - Successfully sent text to ('id', 'email').
2025-06-30 16:33:39 - gst_automation - INFO - Document is in 'complete' ready state.
2025-06-30 16:33:39 - gst_automation - INFO - Successfully sent text to ('id', 'mobile').
2025-06-30 16:33:40 - gst_automation - INFO - Document is in 'complete' ready state.
2025-06-30 16:33:40 - gst_automation - INFO - Solving captcha via TrueCaptcha API...
2025-06-30 16:33:40 - gst_automation - INFO - Found captcha image element with ID 'imgCaptcha'.
2025-06-30 16:33:42 - gst_automation - INFO - CAPTCHA solved by API: 735656
2025-06-30 16:33:42 - gst_automation - INFO - Document is in 'complete' ready state.
2025-06-30 16:33:42 - gst_automation - INFO - Successfully sent text to ('id', 'captcha').
2025-06-30 16:33:42 - gst_automation - INFO - CAPTCHA text entered successfully.
2025-06-30 16:33:58 - gst_automation - INFO - Document is in 'complete' ready state.
2025-06-30 16:33:58 - gst_automation - INFO - Successfully clicked ('xpath', '/html/body/div[2]/div[2]/div/div[2]/div/form/div[2]/div/div[2]/div/button').
2025-06-30 16:34:37 - gst_automation - INFO - Document is in 'complete' ready state.
2025-06-30 16:34:37 - gst_automation - INFO - Successfully clicked ('xpath', '/html/body/div[2]/div[2]/div/div[2]/div/div[2]/div/form/div/div/button').
2025-06-30 16:34:44 - gst_automation - INFO - Document is in 'complete' ready state.
2025-06-30 16:34:44 - gst_automation - INFO - Successfully clicked ('xpath', '/html/body/div[2]/div[2]/div/div[2]/div/div[2]/div/div[2]/div/a').
2025-06-30 16:34:48 - gst_automation - INFO - Document is in 'complete' ready state.
2025-06-30 16:34:48 - gst_automation - INFO - Solving captcha via TrueCaptcha API...
2025-06-30 16:34:48 - gst_automation - INFO - Found visible CAPTCHA image with ID 'imgCaptcha'.
2025-06-30 16:34:50 - gst_automation - INFO - CAPTCHA solved: 187877
2025-06-30 16:34:50 - gst_automation - INFO - Document is in 'complete' ready state.
2025-06-30 16:34:50 - gst_automation - INFO - Successfully sent text to ('id', 'captchatrn').
2025-06-30 16:34:50 - gst_automation - INFO - CAPTCHA entered successfully into input with ID 'captchatrn'.
2025-06-30 16:35:07 - gst_automation - INFO - Document is in 'complete' ready state.
2025-06-30 16:35:07 - gst_automation - INFO - Successfully clicked ('xpath', '/html/body/div[2]/div[2]/div/div[2]/div/form/div[2]/div/div[2]/div/button').
2025-06-30 16:35:16 - gst_automation - INFO - Document is in 'complete' ready state.
2025-06-30 16:35:16 - gst_automation - INFO - Successfully clicked ('xpath', '/html/body/div[2]/div[2]/div/div[2]/div/form/div[2]/div/div[2]/div/button').
2025-06-30 16:35:33 - gst_automation - INFO - Document is in 'complete' ready state.
2025-06-30 16:35:34 - gst_automation - INFO - Successfully clicked ('xpath', '/html/body/div[2]/div[2]/div/div[2]/div/div[2]/div/form/div/div/button').
2025-06-30 16:35:41 - gst_automation - INFO - Document is in 'complete' ready state.
2025-06-30 16:35:41 - gst_automation - INFO - Successfully clicked ('xpath', '/html/body/div[2]/div[1]/div/div[3]/div[2]/div/div/table/tbody/tr/td[6]/button').
2025-06-30 16:35:50 - gst_automation - INFO - Document is in 'complete' ready state.
2025-06-30 16:35:51 - gst_automation - INFO - Successfully sent text to ('id', 'tnm').
2025-06-30 16:35:55 - gst_automation - INFO - Document is in 'complete' ready state.
2025-06-30 16:35:56 - gst_automation - INFO - Successfully clicked ('xpath', "//*[text()='Others']").
2025-06-30 16:35:58 - gst_automation - INFO - Document is in 'complete' ready state.
2025-06-30 16:35:58 - gst_automation - INFO - Successfully sent text to ('id', 'bd_ConstBuss_oth').
2025-06-30 16:35:59 - gst_automation - INFO - Document is in 'complete' ready state.
2025-06-30 16:35:59 - gst_automation - INFO - Successfully clicked ('xpath', "//*[text()='Voluntary Basis']").
2025-06-30 16:36:00 - gst_automation - INFO - Document is in 'complete' ready state.
2025-06-30 16:36:00 - gst_automation - INFO - Successfully sent text to ('id', 'bd_cmbz').
2025-06-30 16:36:01 - gst_automation - INFO - Document is in 'complete' ready state.
2025-06-30 16:36:01 - gst_automation - INFO - Successfully clicked ('xpath', '/html/body/div[2]/div/div/div[3]/form/fieldset/div[1]/div[8]/div/div[1]/select/option[16]').
2025-06-30 16:36:02 - gst_automation - INFO - Document is in 'complete' ready state.
2025-06-30 16:36:02 - gst_automation - INFO - Successfully sent text to ('id', 'bd_othrReg').
2025-06-30 16:36:03 - gst_automation - INFO - Document is in 'complete' ready state.
2025-06-30 16:36:03 - gst_automation - INFO - Successfully sent text to ('id', 'exno').
2025-06-30 16:36:04 - gst_automation - INFO - Document is in 'complete' ready state.
2025-06-30 16:36:04 - gst_automation - INFO - Successfully sent text to ('id', 'exdt').
2025-06-30 16:36:04 - gst_automation - INFO - Document is in 'complete' ready state.
2025-06-30 16:36:05 - gst_automation - INFO - Successfully clicked ('xpath', '/html/body/div[2]/div/div/div[3]/form/fieldset/div[1]/div[8]/div/div[5]/button[1]').
2025-06-30 16:36:05 - gst_automation - INFO - Document is in 'complete' ready state.
2025-06-30 16:36:06 - gst_automation - INFO - Successfully clicked ('xpath', "//*[text()='Registration Certificate']").
2025-06-30 16:36:10 - gst_automation - INFO - Document is in 'complete' ready state.
2025-06-30 16:36:11 - gst_automation - INFO - Successfully clicked ('xpath', '/html/body/div[2]/div/div/div[3]/form/div/div/button[2]').
2025-06-30 16:36:11 - gst_automation - INFO - Filling details for promoter: Ashish Mehra
2025-06-30 16:36:21 - gst_automation - INFO - Filling personal information...
2025-06-30 16:36:21 - gst_automation - INFO - Document is in 'complete' ready state.
2025-06-30 16:36:21 - gst_automation - INFO - Successfully sent text to ('id', 'fnm').
2025-06-30 16:36:21 - gst_automation - INFO - ✓ First name filled
2025-06-30 16:36:21 - gst_automation - INFO - Document is in 'complete' ready state.
2025-06-30 16:36:22 - gst_automation - INFO - Successfully sent text to ('id', 'pd_mname').
2025-06-30 16:36:22 - gst_automation - INFO - ✓ Middle name filled
2025-06-30 16:36:22 - gst_automation - INFO - Document is in 'complete' ready state.
2025-06-30 16:36:22 - gst_automation - INFO - Successfully sent text to ('id', 'pd_lname').
2025-06-30 16:36:22 - gst_automation - INFO - ✓ Last name filled
2025-06-30 16:36:22 - gst_automation - INFO - Filling father details...
2025-06-30 16:36:22 - gst_automation - INFO - Document is in 'complete' ready state.
2025-06-30 16:36:22 - gst_automation - INFO - Successfully sent text to ('id', 'ffname').
2025-06-30 16:36:22 - gst_automation - INFO - ✓ Father first name filled
2025-06-30 16:36:22 - gst_automation - INFO - Document is in 'complete' ready state.
2025-06-30 16:36:22 - gst_automation - INFO - Successfully sent text to ('id', 'pd_fmname').
2025-06-30 16:36:22 - gst_automation - INFO - ✓ Father middle name filled
2025-06-30 16:36:22 - gst_automation - INFO - Document is in 'complete' ready state.
2025-06-30 16:36:22 - gst_automation - INFO - Successfully sent text to ('id', 'pd_flname').
2025-06-30 16:36:22 - gst_automation - INFO - ✓ Father last name filled
2025-06-30 16:36:22 - gst_automation - INFO - Filling additional personal details...
2025-06-30 16:36:22 - gst_automation - INFO - Document is in 'complete' ready state.
2025-06-30 16:36:22 - gst_automation - INFO - Successfully sent text to ('id', 'dob').
2025-06-30 16:36:22 - gst_automation - INFO - ✓ Date of birth filled
2025-06-30 16:36:22 - gst_automation - INFO - Document is in 'complete' ready state.
2025-06-30 16:36:22 - gst_automation - INFO - Successfully sent text to ('id', 'mbno').
2025-06-30 16:36:22 - gst_automation - INFO - ✓ Mobile number filled
2025-06-30 16:36:22 - gst_automation - INFO - Document is in 'complete' ready state.
2025-06-30 16:36:22 - gst_automation - INFO - Successfully sent text to ('id', 'pd_email').
2025-06-30 16:36:22 - gst_automation - INFO - ✓ Email filled
2025-06-30 16:36:22 - gst_automation - INFO - Selecting gender...
2025-06-30 16:36:32 - gst_automation - INFO - ✓ Male gender selected
2025-06-30 16:36:32 - gst_automation - INFO - Filling professional details...
2025-06-30 16:36:32 - gst_automation - INFO - Document is in 'complete' ready state.
2025-06-30 16:36:32 - gst_automation - INFO - Successfully sent text to ('id', 'dg').
2025-06-30 16:36:32 - gst_automation - INFO - ✓ Designation filled
2025-06-30 16:36:32 - gst_automation - INFO - Document is in 'complete' ready state.
2025-06-30 16:36:32 - gst_automation - INFO - Successfully sent text to ('id', 'din').
2025-06-30 16:36:32 - gst_automation - INFO - ✓ Director ID filled
2025-06-30 16:36:32 - gst_automation - INFO - Handling citizenship details...
2025-06-30 16:36:32 - gst_automation - INFO - Document is in 'complete' ready state.
2025-06-30 16:36:32 - gst_automation - INFO - Successfully sent text to ('id', 'pan').
2025-06-30 16:36:32 - gst_automation - INFO - ✓ PAN number filled
2025-06-30 16:36:32 - gst_automation - INFO - Filling address details...
2025-06-30 16:36:32 - gst_automation - INFO - Document is in 'complete' ready state.
2025-06-30 16:36:32 - gst_automation - INFO - Successfully sent text to ('id', 'onMapSerachId').
2025-06-30 16:36:32 - gst_automation - INFO - ✓ Address search field filled
2025-06-30 16:36:45 - gst_automation - INFO - ✓ Address suggestion clicked
2025-06-30 16:36:56 - gst_automation - INFO - ✓ Address confirmation clicked
2025-06-30 16:36:56 - gst_automation - INFO - Filling building details...
2025-06-30 16:36:56 - gst_automation - INFO - Document is in 'complete' ready state.
2025-06-30 16:36:56 - gst_automation - INFO - Successfully sent text to ('id', 'pd_bdnum').
2025-06-30 16:36:56 - gst_automation - INFO - ✓ Building number filled
2025-06-30 16:36:56 - gst_automation - INFO - Uploading document...
2025-06-30 16:36:56 - gst_automation - INFO - Document is in 'complete' ready state.
2025-06-30 16:36:56 - gst_automation - INFO - Successfully sent text to ('id', 'pd_upload').
2025-06-30 16:36:56 - gst_automation - INFO - ✓ Document uploaded
2025-06-30 16:36:56 - gst_automation - INFO - Handling authorized signatory option...
2025-06-30 16:37:07 - gst_automation - INFO - ✓ Authorized signatory option selected
2025-06-30 16:37:07 - gst_automation - INFO - Successfully completed filling details for Ashish Mehra
2025-06-30 16:37:07 - gst_automation - INFO - All promoters processed. Clicking final Save & Continue button.
2025-06-30 16:37:42 - gst_automation - ERROR - Could not click the final 'Save & Continue' button: Message: 
Stacktrace:
RemoteError@chrome://remote/content/shared/RemoteError.sys.mjs:8:8
WebDriverError@chrome://remote/content/shared/webdriver/Errors.sys.mjs:199:5
NoSuchElementError@chrome://remote/content/shared/webdriver/Errors.sys.mjs:552:5
dom.find/</<@chrome://remote/content/shared/DOM.sys.mjs:136:16

2025-06-30 16:49:36 - gst_automation - INFO - Filling details for promoter: Ashish Mehra
2025-06-30 16:49:47 - gst_automation - INFO - Filling personal information...
2025-06-30 16:49:47 - gst_automation - INFO - Document is in 'complete' ready state.
2025-06-30 16:49:47 - gst_automation - INFO - Successfully sent text to ('id', 'fnm').
2025-06-30 16:49:47 - gst_automation - INFO - ✓ First name filled
2025-06-30 16:49:47 - gst_automation - INFO - Document is in 'complete' ready state.
2025-06-30 16:49:47 - gst_automation - INFO - Successfully sent text to ('id', 'pd_mname').
2025-06-30 16:49:47 - gst_automation - INFO - ✓ Middle name filled
2025-06-30 16:49:47 - gst_automation - INFO - Document is in 'complete' ready state.
2025-06-30 16:49:47 - gst_automation - INFO - Successfully sent text to ('id', 'pd_lname').
2025-06-30 16:49:47 - gst_automation - INFO - ✓ Last name filled
2025-06-30 16:49:47 - gst_automation - INFO - Filling father details...
2025-06-30 16:49:47 - gst_automation - INFO - Document is in 'complete' ready state.
2025-06-30 16:49:47 - gst_automation - INFO - Successfully sent text to ('id', 'ffname').
2025-06-30 16:49:47 - gst_automation - INFO - ✓ Father first name filled
2025-06-30 16:49:47 - gst_automation - INFO - Document is in 'complete' ready state.
2025-06-30 16:49:47 - gst_automation - INFO - Successfully sent text to ('id', 'pd_fmname').
2025-06-30 16:49:47 - gst_automation - INFO - ✓ Father middle name filled
2025-06-30 16:49:47 - gst_automation - INFO - Document is in 'complete' ready state.
2025-06-30 16:49:47 - gst_automation - INFO - Successfully sent text to ('id', 'pd_flname').
2025-06-30 16:49:47 - gst_automation - INFO - ✓ Father last name filled
2025-06-30 16:49:47 - gst_automation - INFO - Filling additional personal details...
2025-06-30 16:49:47 - gst_automation - INFO - Document is in 'complete' ready state.
2025-06-30 16:49:47 - gst_automation - INFO - Successfully sent text to ('id', 'dob').
2025-06-30 16:49:47 - gst_automation - INFO - ✓ Date of birth filled
2025-06-30 16:49:47 - gst_automation - INFO - Document is in 'complete' ready state.
2025-06-30 16:49:47 - gst_automation - INFO - Successfully sent text to ('id', 'mbno').
2025-06-30 16:49:47 - gst_automation - INFO - ✓ Mobile number filled
2025-06-30 16:49:47 - gst_automation - INFO - Document is in 'complete' ready state.
2025-06-30 16:49:47 - gst_automation - INFO - Successfully sent text to ('id', 'pd_email').
2025-06-30 16:49:47 - gst_automation - INFO - ✓ Email filled
2025-06-30 16:49:47 - gst_automation - INFO - Selecting gender...
2025-06-30 16:49:57 - gst_automation - INFO - ✓ Male gender selected
2025-06-30 16:49:57 - gst_automation - INFO - Filling professional details...
2025-06-30 16:49:57 - gst_automation - INFO - Document is in 'complete' ready state.
2025-06-30 16:49:57 - gst_automation - INFO - Successfully sent text to ('id', 'dg').
2025-06-30 16:49:57 - gst_automation - INFO - ✓ Designation filled
2025-06-30 16:49:57 - gst_automation - INFO - Document is in 'complete' ready state.
2025-06-30 16:49:57 - gst_automation - INFO - Successfully sent text to ('id', 'din').
2025-06-30 16:49:57 - gst_automation - INFO - ✓ Director ID filled
2025-06-30 16:49:57 - gst_automation - INFO - Handling citizenship details...
2025-06-30 16:49:57 - gst_automation - INFO - Document is in 'complete' ready state.
2025-06-30 16:49:57 - gst_automation - INFO - Successfully sent text to ('id', 'pan').
2025-06-30 16:49:57 - gst_automation - INFO - ✓ PAN number filled
2025-06-30 16:49:57 - gst_automation - INFO - Filling address details...
2025-06-30 16:49:57 - gst_automation - INFO - Document is in 'complete' ready state.
2025-06-30 16:49:59 - gst_automation - INFO - Successfully sent text to ('id', 'onMapSerachId').
2025-06-30 16:49:59 - gst_automation - INFO - ✓ Address search field filled
2025-06-30 16:50:22 - gst_automation - ERROR - Element ('xpath', "//*[text()='110']") not clickable within 10 seconds
2025-06-30 16:50:22 - gst_automation - INFO - ✓ Address suggestion clicked
2025-06-30 16:50:43 - gst_automation - ERROR - Element ('id', 'confirm-mapquery-btn1') not clickable within 10 seconds
2025-06-30 16:50:43 - gst_automation - INFO - ✓ Address confirmation clicked
2025-06-30 16:50:43 - gst_automation - INFO - Filling building details...
2025-06-30 16:50:43 - gst_automation - INFO - Document is in 'complete' ready state.
2025-06-30 16:50:43 - gst_automation - INFO - Successfully sent text to ('id', 'pd_bdnum').
2025-06-30 16:50:43 - gst_automation - INFO - ✓ Building number filled
2025-06-30 16:50:43 - gst_automation - INFO - Uploading document...
2025-06-30 16:50:43 - gst_automation - INFO - Document is in 'complete' ready state.
2025-06-30 16:51:13 - gst_automation - ERROR - Element ('id', 'pd_upload') not visible within 30s.
2025-06-30 16:51:13 - gst_automation - ERROR - ✗ Failed to upload document: Message: Failed to send text to ('id', 'pd_upload') after 5 retries.

2025-06-30 16:51:13 - gst_automation - INFO - Handling authorized signatory option...
2025-06-30 16:51:24 - gst_automation - INFO - ✓ Authorized signatory option selected
2025-06-30 16:51:24 - gst_automation - INFO - Successfully completed filling details for Ashish Mehra
2025-06-30 16:51:24 - gst_automation - INFO - All promoters processed. Clicking final Save & Continue button.
2025-06-30 16:51:43 - gst_automation - INFO - Document is in 'complete' ready state.
2025-06-30 16:51:44 - gst_automation - INFO - Successfully clicked ('xpath', '/html/body/div[2]/div/div/div[3]/form/div[2]/div[2]/div/button[3]').
2025-06-30 16:53:32 - gst_automation - INFO - Starting to fill details for 19 authorized signatories
2025-06-30 16:57:16 - gst_automation - INFO - Starting to fill details for 1 authorized signatories
2025-06-30 16:57:16 - gst_automation - INFO - Processing signatory 1/1: 
2025-06-30 16:57:16 - gst_automation - INFO - Filling details for signatory:  
2025-06-30 16:57:25 - gst_automation - INFO - Last signatory processed. Clicking final 'Save & Continue'.
2025-06-30 16:57:27 - gst_automation - INFO - Successfully clicked final 'Save & Continue' for Authorized Signatory section.
2025-06-30 16:57:30 - gst_automation - INFO - Completed authorized signatory details filling process
2025-06-30 17:09:09 - gst_automation - INFO - Starting to fill details for 1 authorized signatories
2025-06-30 17:09:09 - gst_automation - INFO - Processing signatory 1/1: 
2025-06-30 17:09:09 - gst_automation - INFO - Filling details for signatory:  
2025-06-30 17:09:16 - gst_automation - INFO - Last signatory processed. Clicking final 'Save & Continue'.
2025-06-30 17:09:32 - gst_automation - ERROR - Could not click the final 'Save & Continue' button: Message: Browsing context has been discarded
Stacktrace:
RemoteError@chrome://remote/content/shared/RemoteError.sys.mjs:8:8
WebDriverError@chrome://remote/content/shared/webdriver/Errors.sys.mjs:199:5
NoSuchWindowError@chrome://remote/content/shared/webdriver/Errors.sys.mjs:747:5
assert.that/<@chrome://remote/content/shared/webdriver/Assert.sys.mjs:559:13
assert.open@chrome://remote/content/shared/webdriver/Assert.sys.mjs:147:4
GeckoDriver.prototype.findElement@chrome://remote/content/marionette/driver.sys.mjs:1724:15
despatch@chrome://remote/content/marionette/server.sys.mjs:318:40
execute@chrome://remote/content/marionette/server.sys.mjs:289:16
onPacket/<@chrome://remote/content/marionette/server.sys.mjs:262:20
onPacket@chrome://remote/content/marionette/server.sys.mjs:263:9
_onJSONObjectReady/<@chrome://remote/content/marionette/transport.sys.mjs:494:20

2025-06-30 17:09:32 - gst_automation - INFO - Completed authorized signatory details filling process
