2025-06-27 13:21:05 - gst_automation - INFO - Document is in 'complete' ready state.
2025-06-27 13:21:23 - gst_automation - INFO - Document is in 'complete' ready state.
2025-06-27 13:21:23 - gst_automation - INFO - Successfully clicked ('xpath', "//*[text()='Taxpayer']").
2025-06-27 13:21:24 - gst_automation - INFO - Document is in 'complete' ready state.
2025-06-27 13:21:24 - gst_automation - INFO - Successfully clicked ('xpath', "//*[text()='Delhi']").
2025-06-27 13:21:25 - gst_automation - INFO - Document is in 'complete' ready state.
2025-06-27 13:21:42 - gst_automation - INFO - Document is in 'complete' ready state.
2025-06-27 13:21:42 - gst_automation - INFO - Successfully clicked ('xpath', "//*[text()='Taxpayer']").
2025-06-27 13:21:43 - gst_automation - INFO - Document is in 'complete' ready state.
2025-06-27 13:21:43 - gst_automation - INFO - Successfully clicked ('xpath', "//*[text()='Delhi']").
2025-06-27 13:21:44 - gst_automation - INFO - Document is in 'complete' ready state.
2025-06-27 13:21:45 - gst_automation - INFO - Successfully clicked ('xpath', "//*[text()='South West Delhi']").
2025-06-27 13:21:50 - gst_automation - INFO - Document is in 'complete' ready state.
2025-06-27 13:21:50 - gst_automation - INFO - Successfully sent text to ('id', 'bnm').
2025-06-27 13:21:50 - gst_automation - INFO - Document is in 'complete' ready state.
2025-06-27 13:21:50 - gst_automation - INFO - Successfully sent text to ('id', 'pan_card').
2025-06-27 13:21:50 - gst_automation - INFO - Document is in 'complete' ready state.
2025-06-27 13:21:50 - gst_automation - INFO - Successfully sent text to ('id', 'email').
2025-06-27 13:21:50 - gst_automation - INFO - Document is in 'complete' ready state.
2025-06-27 13:21:50 - gst_automation - INFO - Successfully sent text to ('id', 'mobile').
2025-06-27 13:21:50 - gst_automation - INFO - Document is in 'complete' ready state.
2025-06-27 13:21:50 - gst_automation - INFO - Solving captcha via TrueCaptcha API...
2025-06-27 13:21:50 - gst_automation - INFO - Found captcha image element with ID 'imgCaptcha'.
2025-06-27 13:21:53 - gst_automation - INFO - CAPTCHA solved by API: 619242
2025-06-27 13:21:53 - gst_automation - INFO - Document is in 'complete' ready state.
2025-06-27 13:21:53 - gst_automation - INFO - Successfully sent text to ('id', 'captcha').
2025-06-27 13:21:53 - gst_automation - INFO - CAPTCHA text entered successfully.
2025-06-27 13:24:20 - gst_automation - INFO - Document is in 'complete' ready state.
2025-06-27 13:24:37 - gst_automation - INFO - Document is in 'complete' ready state.
